<?xml version="1.0" encoding="UTF-8"?>
<testsuites name="TS01 MenuCheck" time="249.863" tests="13" failures="2" errors="0">
   <testsuite name="TS01 MenuCheck" tests="13" failures="2" errors="0" time="249.863" skipped="0" timestamp="2023-12-18 13:58:52" hostname="maart - 192.168.1.100" id="Test Suites/TS01 MenuCheck">
      <properties>
         <property name="deviceName" value=""/>
         <property name="devicePlatform" value=""/>
         <property name="logFolder" value="C:\\Users\\maart\\Katalon Studio\\RisQIT Website\\Reports\\20231218_135846\\TS01 MenuCheck\\20231218_135846"/>
         <property name="logFiles" value="C:\\Users\\maart\\Katalon Studio\\RisQIT Website\\Reports\\20231218_135846\\TS01 MenuCheck\\20231218_135846\\execution0.log"/>
         <property name="attachments" value="C:\\Users\\maart\\Katalon Studio\\RisQIT Website\\Reports\\20231218_135846\\TS01 MenuCheck\\20231218_135846\\1702904361860.png, C:\\Users\\maart\\Katalon Studio\\RisQIT Website\\Reports\\20231218_135846\\TS01 MenuCheck\\20231218_135846\\1702904490693.png"/>
         <property name="hostName" value="maart - 192.168.1.100"/>
         <property name="os" value="Windows 11 64bit"/>
         <property name="katalonVersion" value="9.0.0.212"/>
         <property name="browser" value="Chrome 120.0.0.0"/>
         <property name="hostAddress" value="192.168.1.100"/>
         <property name="sessionId" value="6c53dea04b8d88724e956f7a4abcb9b5"/>
         <property name="seleniumVersion" value="3.141.59"/>
         <property name="proxyInformation" value="ProxyInformation { proxyOption=NO_PROXY, proxyServerType=HTTP, username=, password=********, proxyServerAddress=, proxyServerPort=0, executionList=&quot;&quot;, isApplyToDesiredCapabilities=true }"/>
         <property name="platform" value="Windows 11"/>
      </properties>
      <testcase name="Test Cases/Menu/RT001 MenuClicks - Homepage" time="24.879" classname="Test Cases/Menu/RT001 MenuClicks - Homepage" status="PASSED">
         <system-out><![CDATA[2023-12-18 13:58:52 - [TEST_CASE][PASSED] - Test Cases/Menu/RT001 MenuClicks - Homepage: Test Cases/Menu/RT001 MenuClicks - Homepage

2023-12-18 13:58:52 - [TEST_STEP][PASSED] - openBrowser(""): Browser is opened with url: ''

2023-12-18 13:58:52 - [MESSAGE][INFO] - Starting 'Chrome' driver

2023-12-18 13:58:52 - [MESSAGE][INFO] - Action delay is set to 0 milliseconds

2023-12-18 13:58:53 - [MESSAGE][PASSED] - Browser is opened with url: ''

2023-12-18 13:58:53 - [TEST_STEP][PASSED] - maximizeWindow(): Current window maximized

2023-12-18 13:58:53 - [MESSAGE][PASSED] - Current window maximized

2023-12-18 13:58:53 - [TEST_STEP][PASSED] - navigateToUrl(URL): Navigate to 'https://nlrisqitww-chaca.savviihq.com/' successfully

2023-12-18 13:58:55 - [MESSAGE][PASSED] - Navigate to 'https://nlrisqitww-chaca.savviihq.com/' successfully

2023-12-18 13:58:55 - [TEST_STEP][PASSED] - callTestCase(findTestCase("Menu/RT000 MenuClicks"), [:], STOP_ON_FAILURE): Call Test Case 'Test Cases/Menu/RT000 MenuClicks' successfully

2023-12-18 13:58:55 - [TEST_CASE][PASSED] - Test Cases/Menu/RT000 MenuClicks: Test Cases/Menu/RT000 MenuClicks

2023-12-18 13:58:55 - [TEST_STEP][PASSED] - actual_url = getUrl(): Current window's url is: 'https://nlrisqitww-chaca.savviihq.com/'

2023-12-18 13:58:55 - [MESSAGE][PASSED] - Current window's url is: 'https://nlrisqitww-chaca.savviihq.com/'

2023-12-18 13:58:55 - [TEST_STEP][PASSED] - mouseOver(findTestObject("MenuTopbar/btn_Menu_Diensten")): Object: 'Object Repository/MenuTopbar/btn_Menu_Diensten' is hovered

2023-12-18 13:58:56 - [MESSAGE][PASSED] - Object: 'Object Repository/MenuTopbar/btn_Menu_Diensten' is hovered

2023-12-18 13:58:56 - [TEST_STEP][PASSED] - click(findTestObject("MenuTopbar/btn_Menu_Diensten_SoftwareTesting")): Object: 'Object Repository/MenuTopbar/btn_Menu_Diensten_SoftwareTesting' is clicked on

2023-12-18 13:58:57 - [MESSAGE][PASSED] - Object: 'Object Repository/MenuTopbar/btn_Menu_Diensten_SoftwareTesting' is clicked on

2023-12-18 13:58:57 - [TEST_STEP][PASSED] - verifyElementText(findTestObject("Object Repository/Page_Software Testing - RisQIT/h1_Software Testing"), "Software Testing"): Actual text and expected text of test object 'Object Repository/Page_Software Testing - RisQIT/h1_Software Testing' are matched.

2023-12-18 13:58:58 - [MESSAGE][PASSED] - Actual text and expected text of test object 'Object Repository/Page_Software Testing - RisQIT/h1_Software Testing' are matched.

2023-12-18 13:58:58 - [TEST_STEP][PASSED] - navigateToUrl(actual_url): Navigate to 'https://nlrisqitww-chaca.savviihq.com/' successfully

2023-12-18 13:58:58 - [MESSAGE][PASSED] - Navigate to 'https://nlrisqitww-chaca.savviihq.com/' successfully

2023-12-18 13:58:58 - [TEST_STEP][PASSED] - mouseOver(findTestObject("MenuTopbar/btn_Menu_Diensten")): Object: 'Object Repository/MenuTopbar/btn_Menu_Diensten' is hovered

2023-12-18 13:58:59 - [MESSAGE][PASSED] - Object: 'Object Repository/MenuTopbar/btn_Menu_Diensten' is hovered

2023-12-18 13:58:59 - [TEST_STEP][PASSED] - click(findTestObject("MenuTopbar/btn_Menu_Diensten_SHT")): Object: 'Object Repository/MenuTopbar/btn_Menu_Diensten_SHT' is clicked on

2023-12-18 13:59:00 - [MESSAGE][PASSED] - Object: 'Object Repository/MenuTopbar/btn_Menu_Diensten_SHT' is clicked on

2023-12-18 13:59:00 - [TEST_STEP][PASSED] - verifyElementText(findTestObject("Page_Security en HackersTest (SHT) - RisQIT/h1_Security en HackersTest (SHT)"), "Security En HackersTest (SHT)"): Actual text and expected text of test object 'Object Repository/Page_Security en HackersTest (SHT) - RisQIT/h1_Security en HackersTest (SHT)' are matched.

2023-12-18 13:59:00 - [MESSAGE][PASSED] - Actual text and expected text of test object 'Object Repository/Page_Security en HackersTest (SHT) - RisQIT/h1_Security en HackersTest (SHT)' are matched.

2023-12-18 13:59:00 - [TEST_STEP][PASSED] - navigateToUrl(actual_url): Navigate to 'https://nlrisqitww-chaca.savviihq.com/' successfully

2023-12-18 13:59:00 - [MESSAGE][PASSED] - Navigate to 'https://nlrisqitww-chaca.savviihq.com/' successfully

2023-12-18 13:59:00 - [TEST_STEP][PASSED] - mouseOver(findTestObject("MenuTopbar/btn_Menu_Diensten")): Object: 'Object Repository/MenuTopbar/btn_Menu_Diensten' is hovered

2023-12-18 13:59:01 - [MESSAGE][PASSED] - Object: 'Object Repository/MenuTopbar/btn_Menu_Diensten' is hovered

2023-12-18 13:59:01 - [TEST_STEP][PASSED] - click(findTestObject("MenuTopbar/btn_Menu_Diensten_UXLab")): Object: 'Object Repository/MenuTopbar/btn_Menu_Diensten_UXLab' is clicked on

2023-12-18 13:59:02 - [MESSAGE][PASSED] - Object: 'Object Repository/MenuTopbar/btn_Menu_Diensten_UXLab' is clicked on

2023-12-18 13:59:02 - [TEST_STEP][PASSED] - verifyElementText(findTestObject("Object Repository/Page_UX Lab - RisQIT/h1_UX Lab"), "UX Lab"): Actual text and expected text of test object 'Object Repository/Page_UX Lab - RisQIT/h1_UX Lab' are matched.

2023-12-18 13:59:03 - [MESSAGE][PASSED] - Actual text and expected text of test object 'Object Repository/Page_UX Lab - RisQIT/h1_UX Lab' are matched.

2023-12-18 13:59:03 - [TEST_STEP][PASSED] - navigateToUrl(actual_url): Navigate to 'https://nlrisqitww-chaca.savviihq.com/' successfully

2023-12-18 13:59:03 - [MESSAGE][PASSED] - Navigate to 'https://nlrisqitww-chaca.savviihq.com/' successfully

2023-12-18 13:59:03 - [TEST_STEP][PASSED] - click(findTestObject("MenuTopbar/btn_Menu_OverOns")): Object: 'Object Repository/MenuTopbar/btn_Menu_OverOns' is clicked on

2023-12-18 13:59:03 - [MESSAGE][PASSED] - Object: 'Object Repository/MenuTopbar/btn_Menu_OverOns' is clicked on

2023-12-18 13:59:03 - [TEST_STEP][PASSED] - verifyElementText(findTestObject("Object Repository/Page_Over ons - RisQIT/h1_Over ons"), "Over Ons"): Actual text and expected text of test object 'Object Repository/Page_Over ons - RisQIT/h1_Over ons' are matched.

2023-12-18 13:59:05 - [MESSAGE][PASSED] - Actual text and expected text of test object 'Object Repository/Page_Over ons - RisQIT/h1_Over ons' are matched.

2023-12-18 13:59:05 - [TEST_STEP][PASSED] - navigateToUrl(actual_url): Navigate to 'https://nlrisqitww-chaca.savviihq.com/' successfully

2023-12-18 13:59:05 - [MESSAGE][PASSED] - Navigate to 'https://nlrisqitww-chaca.savviihq.com/' successfully

2023-12-18 13:59:05 - [TEST_STEP][PASSED] - mouseOver(findTestObject("MenuTopbar/btn_Menu_OverOns")): Object: 'Object Repository/MenuTopbar/btn_Menu_OverOns' is hovered

2023-12-18 13:59:06 - [MESSAGE][PASSED] - Object: 'Object Repository/MenuTopbar/btn_Menu_OverOns' is hovered

2023-12-18 13:59:06 - [TEST_STEP][PASSED] - click(findTestObject("MenuTopbar/btn_Menu_OverOns_MissieVisie")): Object: 'Object Repository/MenuTopbar/btn_Menu_OverOns_MissieVisie' is clicked on

2023-12-18 13:59:07 - [MESSAGE][PASSED] - Object: 'Object Repository/MenuTopbar/btn_Menu_OverOns_MissieVisie' is clicked on

2023-12-18 13:59:07 - [TEST_STEP][PASSED] - verifyElementText(findTestObject("Object Repository/Page_Missie  Visie - RisQIT/h1_Missie  Visie"), "Missie & Visie"): Actual text and expected text of test object 'Object Repository/Page_Missie  Visie - RisQIT/h1_Missie  Visie' are matched.

2023-12-18 13:59:07 - [MESSAGE][PASSED] - Actual text and expected text of test object 'Object Repository/Page_Missie  Visie - RisQIT/h1_Missie  Visie' are matched.

2023-12-18 13:59:07 - [TEST_STEP][PASSED] - navigateToUrl(actual_url): Navigate to 'https://nlrisqitww-chaca.savviihq.com/' successfully

2023-12-18 13:59:07 - [MESSAGE][PASSED] - Navigate to 'https://nlrisqitww-chaca.savviihq.com/' successfully

2023-12-18 13:59:07 - [TEST_STEP][PASSED] - mouseOver(findTestObject("MenuTopbar/btn_Menu_OverOns")): Object: 'Object Repository/MenuTopbar/btn_Menu_OverOns' is hovered

2023-12-18 13:59:08 - [MESSAGE][PASSED] - Object: 'Object Repository/MenuTopbar/btn_Menu_OverOns' is hovered

2023-12-18 13:59:08 - [TEST_STEP][PASSED] - click(findTestObject("MenuTopbar/btn_Menu_OverOns_HetGilde")): Object: 'Object Repository/MenuTopbar/btn_Menu_OverOns_HetGilde' is clicked on

2023-12-18 13:59:09 - [MESSAGE][PASSED] - Object: 'Object Repository/MenuTopbar/btn_Menu_OverOns_HetGilde' is clicked on

2023-12-18 13:59:09 - [TEST_STEP][PASSED] - verifyElementText(findTestObject("Object Repository/Page_Het Gilde - RisQIT/h1_Het Gilde"), "Het Gilde"): Actual text and expected text of test object 'Object Repository/Page_Het Gilde - RisQIT/h1_Het Gilde' are matched.

2023-12-18 13:59:10 - [MESSAGE][PASSED] - Actual text and expected text of test object 'Object Repository/Page_Het Gilde - RisQIT/h1_Het Gilde' are matched.

2023-12-18 13:59:10 - [TEST_STEP][PASSED] - navigateToUrl(actual_url): Navigate to 'https://nlrisqitww-chaca.savviihq.com/' successfully

2023-12-18 13:59:10 - [MESSAGE][PASSED] - Navigate to 'https://nlrisqitww-chaca.savviihq.com/' successfully

2023-12-18 13:59:10 - [TEST_STEP][PASSED] - mouseOver(findTestObject("MenuTopbar/btn_Menu_OverOns")): Object: 'Object Repository/MenuTopbar/btn_Menu_OverOns' is hovered

2023-12-18 13:59:10 - [MESSAGE][PASSED] - Object: 'Object Repository/MenuTopbar/btn_Menu_OverOns' is hovered

2023-12-18 13:59:10 - [TEST_STEP][PASSED] - click(findTestObject("MenuTopbar/btn_Menu_OverOns_SuperTester")): Object: 'Object Repository/MenuTopbar/btn_Menu_OverOns_SuperTester' is clicked on

2023-12-18 13:59:11 - [MESSAGE][PASSED] - Object: 'Object Repository/MenuTopbar/btn_Menu_OverOns_SuperTester' is clicked on

2023-12-18 13:59:11 - [TEST_STEP][PASSED] - verifyElementText(findTestObject("Object Repository/Page_SuperTester - RisQIT/h1_Whitepaper SuperTester"), "Whitepaper SuperTester"): Actual text and expected text of test object 'Object Repository/Page_SuperTester - RisQIT/h1_Whitepaper SuperTester' are matched.

2023-12-18 13:59:11 - [MESSAGE][PASSED] - Actual text and expected text of test object 'Object Repository/Page_SuperTester - RisQIT/h1_Whitepaper SuperTester' are matched.

2023-12-18 13:59:11 - [TEST_STEP][PASSED] - navigateToUrl(actual_url): Navigate to 'https://nlrisqitww-chaca.savviihq.com/' successfully

2023-12-18 13:59:11 - [MESSAGE][PASSED] - Navigate to 'https://nlrisqitww-chaca.savviihq.com/' successfully

2023-12-18 13:59:12 - [TEST_STEP][PASSED] - click(findTestObject("MenuTopbar/btn_Menu_Blog")): Object: 'Object Repository/MenuTopbar/btn_Menu_Blog' is clicked on

2023-12-18 13:59:12 - [MESSAGE][PASSED] - Object: 'Object Repository/MenuTopbar/btn_Menu_Blog' is clicked on

2023-12-18 13:59:12 - [TEST_STEP][PASSED] - verifyElementText(findTestObject("Object Repository/Page_Blog - RisQIT/h1_Blog"), "Blog"): Actual text and expected text of test object 'Object Repository/Page_Blog - RisQIT/h1_Blog' are matched.

2023-12-18 13:59:13 - [MESSAGE][PASSED] - Actual text and expected text of test object 'Object Repository/Page_Blog - RisQIT/h1_Blog' are matched.

2023-12-18 13:59:13 - [TEST_STEP][PASSED] - click(findTestObject("MenuTopbar/btn_Menu_Vacatures")): Object: 'Object Repository/MenuTopbar/btn_Menu_Vacatures' is clicked on

2023-12-18 13:59:14 - [MESSAGE][PASSED] - Object: 'Object Repository/MenuTopbar/btn_Menu_Vacatures' is clicked on

2023-12-18 13:59:14 - [TEST_STEP][PASSED] - verifyElementText(findTestObject("Object Repository/Page_Vacatures - RisQIT/h1_Vacatures"), "Vacatures"): Actual text and expected text of test object 'Object Repository/Page_Vacatures - RisQIT/h1_Vacatures' are matched.

2023-12-18 13:59:14 - [MESSAGE][PASSED] - Actual text and expected text of test object 'Object Repository/Page_Vacatures - RisQIT/h1_Vacatures' are matched.

2023-12-18 13:59:14 - [TEST_STEP][PASSED] - navigateToUrl(actual_url): Navigate to 'https://nlrisqitww-chaca.savviihq.com/' successfully

2023-12-18 13:59:15 - [MESSAGE][PASSED] - Navigate to 'https://nlrisqitww-chaca.savviihq.com/' successfully

2023-12-18 13:59:15 - [TEST_STEP][PASSED] - click(findTestObject("Object Repository/MenuTopbar/Page_Vacatures - RisQIT/div_Contact opnemen")): Object: 'Object Repository/MenuTopbar/Page_Vacatures - RisQIT/div_Contact opnemen' is clicked on

2023-12-18 13:59:15 - [MESSAGE][PASSED] - Object: 'Object Repository/MenuTopbar/Page_Vacatures - RisQIT/div_Contact opnemen' is clicked on

2023-12-18 13:59:15 - [TEST_STEP][PASSED] - verifyElementText(findTestObject("Object Repository/Page_Contact - RisQIT/h1_Contact"), "Contact"): Actual text and expected text of test object 'Object Repository/Page_Contact - RisQIT/h1_Contact' are matched.

2023-12-18 13:59:16 - [MESSAGE][PASSED] - Actual text and expected text of test object 'Object Repository/Page_Contact - RisQIT/h1_Contact' are matched.

2023-12-18 13:59:16 - [TEST_STEP][PASSED] - click(findTestObject("MenuTopbar/img_Logo")): Object: 'Object Repository/MenuTopbar/img_Logo' is clicked on

2023-12-18 13:59:16 - [MESSAGE][PASSED] - Object: 'Object Repository/MenuTopbar/img_Logo' is clicked on

2023-12-18 13:59:16 - [TEST_STEP][PASSED] - verifyElementText(findTestObject("Object Repository/Page_Home - RisQIT/h1_Ga voor duurzaamheid en vertrouwen, same_4bc4a8"), "Ga voor duurzaamheid en vertrouwen, samen met ons!"): Actual text and expected text of test object 'Object Repository/Page_Home - RisQIT/h1_Ga voor duurzaamheid en vertrouwen, same_4bc4a8' are matched.

2023-12-18 13:59:17 - [MESSAGE][PASSED] - Actual text and expected text of test object 'Object Repository/Page_Home - RisQIT/h1_Ga voor duurzaamheid en vertrouwen, same_4bc4a8' are matched.

2023-12-18 13:59:17 - [MESSAGE][PASSED] - Call Test Case 'Test Cases/Menu/RT000 MenuClicks' successfully

2023-12-18 13:59:17 - [TEST_STEP][PASSED] - closeBrowser(): Browser is closed

2023-12-18 13:59:17 - [MESSAGE][PASSED] - Browser is closed]]></system-out>
         <system-err><![CDATA[]]></system-err>
      </testcase>
      <testcase name="Test Cases/Menu/RT002 MenuClicks - SoftwareTesting" time="4.801" classname="Test Cases/Menu/RT002 MenuClicks - SoftwareTesting" status="FAILED">
         <failure type="FAILED" message="Test Cases/Menu/RT002 MenuClicks - SoftwareTesting FAILED.&#xa;Reason:&#xa;com.kms.katalon.core.exception.StepFailedException: Call Test Case 'Test Cases/Menu/RT000 MenuClicks' failed&#xa;	at com.kms.katalon.core.keyword.builtin.CallTestCaseKeyword$_callTestCase_closure1.doCall(CallTestCaseKeyword.groovy:63)&#xa;	at com.kms.katalon.core.keyword.builtin.CallTestCaseKeyword$_callTestCase_closure1.call(CallTestCaseKeyword.groovy)&#xa;	at com.kms.katalon.core.keyword.internal.KeywordMain.runKeyword(KeywordMain.groovy:75)&#xa;	at com.kms.katalon.core.keyword.builtin.CallTestCaseKeyword.callTestCase(CallTestCaseKeyword.groovy:81)&#xa;	at com.kms.katalon.core.keyword.builtin.CallTestCaseKeyword.execute(CallTestCaseKeyword.groovy:44)&#xa;	at com.kms.katalon.core.keyword.internal.KeywordExecutor.executeKeywordForPlatform(KeywordExecutor.groovy:74)&#xa;	at com.kms.katalon.core.keyword.BuiltinKeywords.callTestCase(BuiltinKeywords.groovy:310)&#xa;	at java.base/jdk.internal.reflect.NativeMethodAccessorImpl.invoke0(Native Method)&#xa;	at java.base/jdk.internal.reflect.NativeMethodAccessorImpl.invoke(NativeMethodAccessorImpl.java:77)&#xa;	at java.base/jdk.internal.reflect.DelegatingMethodAccessorImpl.invoke(DelegatingMethodAccessorImpl.java:43)&#xa;	at RT002 MenuClicks - SoftwareTesting.run(RT002 MenuClicks - SoftwareTesting:26)&#xa;	at com.kms.katalon.core.main.ScriptEngine.run(ScriptEngine.java:194)&#xa;	at com.kms.katalon.core.main.ScriptEngine.runScriptAsRawText(ScriptEngine.java:119)&#xa;	at com.kms.katalon.core.main.TestCaseExecutor.runScript(TestCaseExecutor.java:448)&#xa;	at com.kms.katalon.core.main.TestCaseExecutor.doExecute(TestCaseExecutor.java:439)&#xa;	at com.kms.katalon.core.main.TestCaseExecutor.processExecutionPhase(TestCaseExecutor.java:418)&#xa;	at com.kms.katalon.core.main.TestCaseExecutor.accessMainPhase(TestCaseExecutor.java:410)&#xa;	at com.kms.katalon.core.main.TestCaseExecutor.execute(TestCaseExecutor.java:285)&#xa;	at com.kms.katalon.core.common.CommonExecutor.accessTestCaseMainPhase(CommonExecutor.java:65)&#xa;	at com.kms.katalon.core.main.TestSuiteExecutor.accessTestSuiteMainPhase(TestSuiteExecutor.java:148)&#xa;	at com.kms.katalon.core.main.TestSuiteExecutor.execute(TestSuiteExecutor.java:106)&#xa;	at com.kms.katalon.core.main.TestCaseMain.startTestSuite(TestCaseMain.java:187)&#xa;	at TempTestSuite1702904326304.run(TempTestSuite1702904326304.groovy:36)&#xa;	at java.base/jdk.internal.reflect.NativeMethodAccessorImpl.invoke0(Native Method)&#xa;	at java.base/jdk.internal.reflect.NativeMethodAccessorImpl.invoke(NativeMethodAccessorImpl.java:77)&#xa;	at java.base/jdk.internal.reflect.DelegatingMethodAccessorImpl.invoke(DelegatingMethodAccessorImpl.java:43)&#xa;Caused by: com.kms.katalon.core.exception.StepFailedException: Unable to click on object 'Object Repository/MenuTopbar/btn_Menu_Diensten_SHT'&#xa;	at com.kms.katalon.core.webui.keyword.internal.WebUIKeywordMain.stepFailed(WebUIKeywordMain.groovy:64)&#xa;	at com.kms.katalon.core.webui.keyword.internal.WebUIKeywordMain.runKeyword(WebUIKeywordMain.groovy:26)&#xa;	at com.kms.katalon.core.webui.keyword.builtin.ClickKeyword.click(ClickKeyword.groovy:74)&#xa;	at com.kms.katalon.core.webui.keyword.builtin.ClickKeyword.execute(ClickKeyword.groovy:40)&#xa;	at com.kms.katalon.core.keyword.internal.KeywordExecutor.executeKeywordForPlatform(KeywordExecutor.groovy:74)&#xa;	at com.kms.katalon.core.webui.keyword.WebUiBuiltInKeywords.click(WebUiBuiltInKeywords.groovy:620)&#xa;	at RT000 MenuClicks.run(RT000 MenuClicks:32)&#xa;	at com.kms.katalon.core.main.ScriptEngine.run(ScriptEngine.java:194)&#xa;	at com.kms.katalon.core.main.ScriptEngine.runScriptAsRawText(ScriptEngine.java:119)&#xa;	at com.kms.katalon.core.main.TestCaseExecutor.runScript(TestCaseExecutor.java:448)&#xa;	at com.kms.katalon.core.main.TestCaseExecutor.doExecute(TestCaseExecutor.java:439)&#xa;	at com.kms.katalon.core.main.TestCaseExecutor.processExecutionPhase(TestCaseExecutor.java:418)&#xa;	at com.kms.katalon.core.main.TestCaseExecutor.accessMainPhase(TestCaseExecutor.java:410)&#xa;	at com.kms.katalon.core.main.TestCaseExecutor.execute(TestCaseExecutor.java:285)&#xa;	at com.kms.katalon.core.main.TestCaseMain.runTestCase(TestCaseMain.java:144)&#xa;	at com.kms.katalon.core.keyword.builtin.CallTestCaseKeyword$_callTestCase_closure1.doCall(CallTestCaseKeyword.groovy:59)&#xa;	... 25 more&#xa;Caused by: org.openqa.selenium.ElementNotInteractableException: element not interactable&#xa;  (Session info: chrome=120.0.6099.72)&#xa;Build info: version: '3.141.59', revision: 'e82be7d358', time: '2018-11-14T08:25:53'&#xa;System info: host: 'BERGTOP', ip: '192.168.1.100', os.name: 'Windows 11', os.arch: 'amd64', os.version: '10.0', java.version: '17.0.7'&#xa;Driver info: com.kms.katalon.selenium.driver.CChromeDriver&#xa;Capabilities {acceptInsecureCerts: false, browserName: chrome, browserVersion: 120.0.6099.72, chrome: {chromedriverVersion: 119.0.6045.105 (38c72552c5e..., userDataDir: C:\Users\maart\AppData\Loca...}, fedcm:accounts: true, goog:chromeOptions: {debuggerAddress: localhost:55492}, javascriptEnabled: true, networkConnectionEnabled: false, pageLoadStrategy: normal, platform: WINDOWS, platformName: WINDOWS, proxy: Proxy(), setWindowRect: true, strictFileInteractability: false, timeouts: {implicit: 0, pageLoad: 300000, script: 30000}, unhandledPromptBehavior: dismiss and notify, webauthn:extension:credBlob: true, webauthn:extension:largeBlob: true, webauthn:extension:minPinLength: true, webauthn:extension:prf: true, webauthn:virtualAuthenticators: true}&#xa;Session ID: 7eaff2ee90ec5dafd0e94eb3c95adcec&#xa;	at java.base/jdk.internal.reflect.NativeConstructorAccessorImpl.newInstance0(Native Method)&#xa;	at java.base/jdk.internal.reflect.NativeConstructorAccessorImpl.newInstance(NativeConstructorAccessorImpl.java:77)&#xa;	at java.base/jdk.internal.reflect.DelegatingConstructorAccessorImpl.newInstance(DelegatingConstructorAccessorImpl.java:45)&#xa;	at org.openqa.selenium.remote.http.W3CHttpResponseCodec.createException(W3CHttpResponseCodec.java:187)&#xa;	at org.openqa.selenium.remote.http.W3CHttpResponseCodec.decode(W3CHttpResponseCodec.java:122)&#xa;	at org.openqa.selenium.remote.http.W3CHttpResponseCodec.decode(W3CHttpResponseCodec.java:49)&#xa;	at org.openqa.selenium.remote.HttpCommandExecutor.execute(HttpCommandExecutor.java:158)&#xa;	at org.openqa.selenium.remote.service.DriverCommandExecutor.execute(DriverCommandExecutor.java:83)&#xa;	at org.openqa.selenium.remote.RemoteWebDriver.execute(RemoteWebDriver.java:552)&#xa;	at com.kms.katalon.selenium.driver.CChromeDriver.execute(CChromeDriver.java:19)&#xa;	at org.openqa.selenium.remote.RemoteWebElement.execute(RemoteWebElement.java:285)&#xa;	at org.openqa.selenium.remote.RemoteWebElement.click(RemoteWebElement.java:84)&#xa;	at java.base/jdk.internal.reflect.NativeMethodAccessorImpl.invoke0(Native Method)&#xa;	at java.base/jdk.internal.reflect.NativeMethodAccessorImpl.invoke(NativeMethodAccessorImpl.java:77)&#xa;	at java.base/jdk.internal.reflect.DelegatingMethodAccessorImpl.invoke(DelegatingMethodAccessorImpl.java:43)&#xa;	at org.openqa.selenium.support.events.EventFiringWebDriver$EventFiringWebElement.lambda$new$0(EventFiringWebDriver.java:404)&#xa;	at jdk.proxy2/jdk.proxy2.$Proxy24.click(Unknown Source)&#xa;	at org.openqa.selenium.support.events.EventFiringWebDriver$EventFiringWebElement.click(EventFiringWebDriver.java:417)&#xa;	at org.openqa.selenium.WebElement$click.call(Unknown Source)&#xa;	at com.kms.katalon.core.webui.keyword.builtin.ClickKeyword.clickUntilSuccessWithTimeout(ClickKeyword.groovy:81)&#xa;	at com.kms.katalon.core.webui.keyword.builtin.ClickKeyword.clickUntilSuccessWithTimeout(ClickKeyword.groovy)&#xa;	at java.base/jdk.internal.reflect.NativeMethodAccessorImpl.invoke0(Native Method)&#xa;	at java.base/jdk.internal.reflect.NativeMethodAccessorImpl.invoke(NativeMethodAccessorImpl.java:77)&#xa;	at java.base/jdk.internal.reflect.DelegatingMethodAccessorImpl.invoke(DelegatingMethodAccessorImpl.java:43)&#xa;	at com.kms.katalon.core.webui.keyword.builtin.ClickKeyword$_click_closure1.doCall(ClickKeyword.groovy:67)&#xa;	at com.kms.katalon.core.webui.keyword.builtin.ClickKeyword$_click_closure1.call(ClickKeyword.groovy)&#xa;	at com.kms.katalon.core.webui.keyword.internal.WebUIKeywordMain.runKeyword(WebUIKeywordMain.groovy:20)&#xa;	... 39 more&#xa;"/>
         <system-out><![CDATA[2023-12-18 13:59:17 - [TEST_CASE][FAILED] - Test Cases/Menu/RT002 MenuClicks - SoftwareTesting: Test Cases/Menu/RT002 MenuClicks - SoftwareTesting FAILED.
Reason:
com.kms.katalon.core.exception.StepFailedException: Call Test Case 'Test Cases/Menu/RT000 MenuClicks' failed
	at com.kms.katalon.core.keyword.builtin.CallTestCaseKeyword$_callTestCase_closure1.doCall(CallTestCaseKeyword.groovy:63)
	at com.kms.katalon.core.keyword.builtin.CallTestCaseKeyword$_callTestCase_closure1.call(CallTestCaseKeyword.groovy)
	at com.kms.katalon.core.keyword.internal.KeywordMain.runKeyword(KeywordMain.groovy:75)
	at com.kms.katalon.core.keyword.builtin.CallTestCaseKeyword.callTestCase(CallTestCaseKeyword.groovy:81)
	at com.kms.katalon.core.keyword.builtin.CallTestCaseKeyword.execute(CallTestCaseKeyword.groovy:44)
	at com.kms.katalon.core.keyword.internal.KeywordExecutor.executeKeywordForPlatform(KeywordExecutor.groovy:74)
	at com.kms.katalon.core.keyword.BuiltinKeywords.callTestCase(BuiltinKeywords.groovy:310)
	at java.base/jdk.internal.reflect.NativeMethodAccessorImpl.invoke0(Native Method)
	at java.base/jdk.internal.reflect.NativeMethodAccessorImpl.invoke(NativeMethodAccessorImpl.java:77)
	at java.base/jdk.internal.reflect.DelegatingMethodAccessorImpl.invoke(DelegatingMethodAccessorImpl.java:43)
	at RT002 MenuClicks - SoftwareTesting.run(RT002 MenuClicks - SoftwareTesting:26)
	at com.kms.katalon.core.main.ScriptEngine.run(ScriptEngine.java:194)
	at com.kms.katalon.core.main.ScriptEngine.runScriptAsRawText(ScriptEngine.java:119)
	at com.kms.katalon.core.main.TestCaseExecutor.runScript(TestCaseExecutor.java:448)
	at com.kms.katalon.core.main.TestCaseExecutor.doExecute(TestCaseExecutor.java:439)
	at com.kms.katalon.core.main.TestCaseExecutor.processExecutionPhase(TestCaseExecutor.java:418)
	at com.kms.katalon.core.main.TestCaseExecutor.accessMainPhase(TestCaseExecutor.java:410)
	at com.kms.katalon.core.main.TestCaseExecutor.execute(TestCaseExecutor.java:285)
	at com.kms.katalon.core.common.CommonExecutor.accessTestCaseMainPhase(CommonExecutor.java:65)
	at com.kms.katalon.core.main.TestSuiteExecutor.accessTestSuiteMainPhase(TestSuiteExecutor.java:148)
	at com.kms.katalon.core.main.TestSuiteExecutor.execute(TestSuiteExecutor.java:106)
	at com.kms.katalon.core.main.TestCaseMain.startTestSuite(TestCaseMain.java:187)
	at TempTestSuite1702904326304.run(TempTestSuite1702904326304.groovy:36)
	at java.base/jdk.internal.reflect.NativeMethodAccessorImpl.invoke0(Native Method)
	at java.base/jdk.internal.reflect.NativeMethodAccessorImpl.invoke(NativeMethodAccessorImpl.java:77)
	at java.base/jdk.internal.reflect.DelegatingMethodAccessorImpl.invoke(DelegatingMethodAccessorImpl.java:43)
Caused by: com.kms.katalon.core.exception.StepFailedException: Unable to click on object 'Object Repository/MenuTopbar/btn_Menu_Diensten_SHT'
	at com.kms.katalon.core.webui.keyword.internal.WebUIKeywordMain.stepFailed(WebUIKeywordMain.groovy:64)
	at com.kms.katalon.core.webui.keyword.internal.WebUIKeywordMain.runKeyword(WebUIKeywordMain.groovy:26)
	at com.kms.katalon.core.webui.keyword.builtin.ClickKeyword.click(ClickKeyword.groovy:74)
	at com.kms.katalon.core.webui.keyword.builtin.ClickKeyword.execute(ClickKeyword.groovy:40)
	at com.kms.katalon.core.keyword.internal.KeywordExecutor.executeKeywordForPlatform(KeywordExecutor.groovy:74)
	at com.kms.katalon.core.webui.keyword.WebUiBuiltInKeywords.click(WebUiBuiltInKeywords.groovy:620)
	at RT000 MenuClicks.run(RT000 MenuClicks:32)
	at com.kms.katalon.core.main.ScriptEngine.run(ScriptEngine.java:194)
	at com.kms.katalon.core.main.ScriptEngine.runScriptAsRawText(ScriptEngine.java:119)
	at com.kms.katalon.core.main.TestCaseExecutor.runScript(TestCaseExecutor.java:448)
	at com.kms.katalon.core.main.TestCaseExecutor.doExecute(TestCaseExecutor.java:439)
	at com.kms.katalon.core.main.TestCaseExecutor.processExecutionPhase(TestCaseExecutor.java:418)
	at com.kms.katalon.core.main.TestCaseExecutor.accessMainPhase(TestCaseExecutor.java:410)
	at com.kms.katalon.core.main.TestCaseExecutor.execute(TestCaseExecutor.java:285)
	at com.kms.katalon.core.main.TestCaseMain.runTestCase(TestCaseMain.java:144)
	at com.kms.katalon.core.keyword.builtin.CallTestCaseKeyword$_callTestCase_closure1.doCall(CallTestCaseKeyword.groovy:59)
	... 25 more
Caused by: org.openqa.selenium.ElementNotInteractableException: element not interactable
  (Session info: chrome=120.0.6099.72)
Build info: version: '3.141.59', revision: 'e82be7d358', time: '2018-11-14T08:25:53'
System info: host: 'BERGTOP', ip: '192.168.1.100', os.name: 'Windows 11', os.arch: 'amd64', os.version: '10.0', java.version: '17.0.7'
Driver info: com.kms.katalon.selenium.driver.CChromeDriver
Capabilities {acceptInsecureCerts: false, browserName: chrome, browserVersion: 120.0.6099.72, chrome: {chromedriverVersion: 119.0.6045.105 (38c72552c5e..., userDataDir: C:\Users\maart\AppData\Loca...}, fedcm:accounts: true, goog:chromeOptions: {debuggerAddress: localhost:55492}, javascriptEnabled: true, networkConnectionEnabled: false, pageLoadStrategy: normal, platform: WINDOWS, platformName: WINDOWS, proxy: Proxy(), setWindowRect: true, strictFileInteractability: false, timeouts: {implicit: 0, pageLoad: 300000, script: 30000}, unhandledPromptBehavior: dismiss and notify, webauthn:extension:credBlob: true, webauthn:extension:largeBlob: true, webauthn:extension:minPinLength: true, webauthn:extension:prf: true, webauthn:virtualAuthenticators: true}
Session ID: 7eaff2ee90ec5dafd0e94eb3c95adcec
	at java.base/jdk.internal.reflect.NativeConstructorAccessorImpl.newInstance0(Native Method)
	at java.base/jdk.internal.reflect.NativeConstructorAccessorImpl.newInstance(NativeConstructorAccessorImpl.java:77)
	at java.base/jdk.internal.reflect.DelegatingConstructorAccessorImpl.newInstance(DelegatingConstructorAccessorImpl.java:45)
	at org.openqa.selenium.remote.http.W3CHttpResponseCodec.createException(W3CHttpResponseCodec.java:187)
	at org.openqa.selenium.remote.http.W3CHttpResponseCodec.decode(W3CHttpResponseCodec.java:122)
	at org.openqa.selenium.remote.http.W3CHttpResponseCodec.decode(W3CHttpResponseCodec.java:49)
	at org.openqa.selenium.remote.HttpCommandExecutor.execute(HttpCommandExecutor.java:158)
	at org.openqa.selenium.remote.service.DriverCommandExecutor.execute(DriverCommandExecutor.java:83)
	at org.openqa.selenium.remote.RemoteWebDriver.execute(RemoteWebDriver.java:552)
	at com.kms.katalon.selenium.driver.CChromeDriver.execute(CChromeDriver.java:19)
	at org.openqa.selenium.remote.RemoteWebElement.execute(RemoteWebElement.java:285)
	at org.openqa.selenium.remote.RemoteWebElement.click(RemoteWebElement.java:84)
	at java.base/jdk.internal.reflect.NativeMethodAccessorImpl.invoke0(Native Method)
	at java.base/jdk.internal.reflect.NativeMethodAccessorImpl.invoke(NativeMethodAccessorImpl.java:77)
	at java.base/jdk.internal.reflect.DelegatingMethodAccessorImpl.invoke(DelegatingMethodAccessorImpl.java:43)
	at org.openqa.selenium.support.events.EventFiringWebDriver$EventFiringWebElement.lambda$new$0(EventFiringWebDriver.java:404)
	at jdk.proxy2/jdk.proxy2.$Proxy24.click(Unknown Source)
	at org.openqa.selenium.support.events.EventFiringWebDriver$EventFiringWebElement.click(EventFiringWebDriver.java:417)
	at org.openqa.selenium.WebElement$click.call(Unknown Source)
	at com.kms.katalon.core.webui.keyword.builtin.ClickKeyword.clickUntilSuccessWithTimeout(ClickKeyword.groovy:81)
	at com.kms.katalon.core.webui.keyword.builtin.ClickKeyword.clickUntilSuccessWithTimeout(ClickKeyword.groovy)
	at java.base/jdk.internal.reflect.NativeMethodAccessorImpl.invoke0(Native Method)
	at java.base/jdk.internal.reflect.NativeMethodAccessorImpl.invoke(NativeMethodAccessorImpl.java:77)
	at java.base/jdk.internal.reflect.DelegatingMethodAccessorImpl.invoke(DelegatingMethodAccessorImpl.java:43)
	at com.kms.katalon.core.webui.keyword.builtin.ClickKeyword$_click_closure1.doCall(ClickKeyword.groovy:67)
	at com.kms.katalon.core.webui.keyword.builtin.ClickKeyword$_click_closure1.call(ClickKeyword.groovy)
	at com.kms.katalon.core.webui.keyword.internal.WebUIKeywordMain.runKeyword(WebUIKeywordMain.groovy:20)
	... 39 more


2023-12-18 13:59:17 - [TEST_STEP][PASSED] - openBrowser(""): Browser is opened with url: ''

2023-12-18 13:59:17 - [MESSAGE][INFO] - Starting 'Chrome' driver

2023-12-18 13:59:17 - [MESSAGE][INFO] - Action delay is set to 0 milliseconds

2023-12-18 13:59:17 - [MESSAGE][PASSED] - Browser is opened with url: ''

2023-12-18 13:59:17 - [TEST_STEP][PASSED] - maximizeWindow(): Current window maximized

2023-12-18 13:59:18 - [MESSAGE][PASSED] - Current window maximized

2023-12-18 13:59:18 - [TEST_STEP][PASSED] - navigateToUrl(URL + SOFTWARETESTING): Navigate to 'https://nlrisqitww-chaca.savviihq.com/software-testing/' successfully

2023-12-18 13:59:18 - [MESSAGE][PASSED] - Navigate to 'https://nlrisqitww-chaca.savviihq.com/software-testing/' successfully

2023-12-18 13:59:18 - [TEST_STEP][FAILED] - callTestCase(findTestCase("Menu/RT000 MenuClicks"), [:], STOP_ON_FAILURE): Unable to call Test Case 'Test Cases/Menu/RT000 MenuClicks' (Root cause: com.kms.katalon.core.exception.StepFailedException: Call Test Case 'Test Cases/Menu/RT000 MenuClicks' failed
	at com.kms.katalon.core.keyword.builtin.CallTestCaseKeyword$_callTestCase_closure1.doCall(CallTestCaseKeyword.groovy:63)
	at com.kms.katalon.core.keyword.builtin.CallTestCaseKeyword$_callTestCase_closure1.call(CallTestCaseKeyword.groovy)
	at com.kms.katalon.core.keyword.internal.KeywordMain.runKeyword(KeywordMain.groovy:75)
	at com.kms.katalon.core.keyword.builtin.CallTestCaseKeyword.callTestCase(CallTestCaseKeyword.groovy:81)
	at com.kms.katalon.core.keyword.builtin.CallTestCaseKeyword.execute(CallTestCaseKeyword.groovy:44)
	at com.kms.katalon.core.keyword.internal.KeywordExecutor.executeKeywordForPlatform(KeywordExecutor.groovy:74)
	at com.kms.katalon.core.keyword.BuiltinKeywords.callTestCase(BuiltinKeywords.groovy:310)
	at java.base/jdk.internal.reflect.NativeMethodAccessorImpl.invoke0(Native Method)
	at java.base/jdk.internal.reflect.NativeMethodAccessorImpl.invoke(NativeMethodAccessorImpl.java:77)
	at java.base/jdk.internal.reflect.DelegatingMethodAccessorImpl.invoke(DelegatingMethodAccessorImpl.java:43)
	at RT002 MenuClicks - SoftwareTesting.run(RT002 MenuClicks - SoftwareTesting:26)
	at com.kms.katalon.core.main.ScriptEngine.run(ScriptEngine.java:194)
	at com.kms.katalon.core.main.ScriptEngine.runScriptAsRawText(ScriptEngine.java:119)
	at com.kms.katalon.core.main.TestCaseExecutor.runScript(TestCaseExecutor.java:448)
	at com.kms.katalon.core.main.TestCaseExecutor.doExecute(TestCaseExecutor.java:439)
	at com.kms.katalon.core.main.TestCaseExecutor.processExecutionPhase(TestCaseExecutor.java:418)
	at com.kms.katalon.core.main.TestCaseExecutor.accessMainPhase(TestCaseExecutor.java:410)
	at com.kms.katalon.core.main.TestCaseExecutor.execute(TestCaseExecutor.java:285)
	at com.kms.katalon.core.common.CommonExecutor.accessTestCaseMainPhase(CommonExecutor.java:65)
	at com.kms.katalon.core.main.TestSuiteExecutor.accessTestSuiteMainPhase(TestSuiteExecutor.java:148)
	at com.kms.katalon.core.main.TestSuiteExecutor.execute(TestSuiteExecutor.java:106)
	at com.kms.katalon.core.main.TestCaseMain.startTestSuite(TestCaseMain.java:187)
	at TempTestSuite1702904326304.run(TempTestSuite1702904326304.groovy:36)
	at java.base/jdk.internal.reflect.NativeMethodAccessorImpl.invoke0(Native Method)
	at java.base/jdk.internal.reflect.NativeMethodAccessorImpl.invoke(NativeMethodAccessorImpl.java:77)
	at java.base/jdk.internal.reflect.DelegatingMethodAccessorImpl.invoke(DelegatingMethodAccessorImpl.java:43)
Caused by: com.kms.katalon.core.exception.StepFailedException: Unable to click on object 'Object Repository/MenuTopbar/btn_Menu_Diensten_SHT'
	at com.kms.katalon.core.webui.keyword.internal.WebUIKeywordMain.stepFailed(WebUIKeywordMain.groovy:64)
	at com.kms.katalon.core.webui.keyword.internal.WebUIKeywordMain.runKeyword(WebUIKeywordMain.groovy:26)
	at com.kms.katalon.core.webui.keyword.builtin.ClickKeyword.click(ClickKeyword.groovy:74)
	at com.kms.katalon.core.webui.keyword.builtin.ClickKeyword.execute(ClickKeyword.groovy:40)
	at com.kms.katalon.core.keyword.internal.KeywordExecutor.executeKeywordForPlatform(KeywordExecutor.groovy:74)
	at com.kms.katalon.core.webui.keyword.WebUiBuiltInKeywords.click(WebUiBuiltInKeywords.groovy:620)
	at RT000 MenuClicks.run(RT000 MenuClicks:32)
	at com.kms.katalon.core.main.ScriptEngine.run(ScriptEngine.java:194)
	at com.kms.katalon.core.main.ScriptEngine.runScriptAsRawText(ScriptEngine.java:119)
	at com.kms.katalon.core.main.TestCaseExecutor.runScript(TestCaseExecutor.java:448)
	at com.kms.katalon.core.main.TestCaseExecutor.doExecute(TestCaseExecutor.java:439)
	at com.kms.katalon.core.main.TestCaseExecutor.processExecutionPhase(TestCaseExecutor.java:418)
	at com.kms.katalon.core.main.TestCaseExecutor.accessMainPhase(TestCaseExecutor.java:410)
	at com.kms.katalon.core.main.TestCaseExecutor.execute(TestCaseExecutor.java:285)
	at com.kms.katalon.core.main.TestCaseMain.runTestCase(TestCaseMain.java:144)
	at com.kms.katalon.core.keyword.builtin.CallTestCaseKeyword$_callTestCase_closure1.doCall(CallTestCaseKeyword.groovy:59)
	... 25 more
Caused by: org.openqa.selenium.ElementNotInteractableException: element not interactable
  (Session info: chrome=120.0.6099.72)
Build info: version: '3.141.59', revision: 'e82be7d358', time: '2018-11-14T08:25:53'
System info: host: 'BERGTOP', ip: '192.168.1.100', os.name: 'Windows 11', os.arch: 'amd64', os.version: '10.0', java.version: '17.0.7'
Driver info: com.kms.katalon.selenium.driver.CChromeDriver
Capabilities {acceptInsecureCerts: false, browserName: chrome, browserVersion: 120.0.6099.72, chrome: {chromedriverVersion: 119.0.6045.105 (38c72552c5e..., userDataDir: C:\Users\maart\AppData\Loca...}, fedcm:accounts: true, goog:chromeOptions: {debuggerAddress: localhost:55492}, javascriptEnabled: true, networkConnectionEnabled: false, pageLoadStrategy: normal, platform: WINDOWS, platformName: WINDOWS, proxy: Proxy(), setWindowRect: true, strictFileInteractability: false, timeouts: {implicit: 0, pageLoad: 300000, script: 30000}, unhandledPromptBehavior: dismiss and notify, webauthn:extension:credBlob: true, webauthn:extension:largeBlob: true, webauthn:extension:minPinLength: true, webauthn:extension:prf: true, webauthn:virtualAuthenticators: true}
Session ID: 7eaff2ee90ec5dafd0e94eb3c95adcec
	at java.base/jdk.internal.reflect.NativeConstructorAccessorImpl.newInstance0(Native Method)
	at java.base/jdk.internal.reflect.NativeConstructorAccessorImpl.newInstance(NativeConstructorAccessorImpl.java:77)
	at java.base/jdk.internal.reflect.DelegatingConstructorAccessorImpl.newInstance(DelegatingConstructorAccessorImpl.java:45)
	at org.openqa.selenium.remote.http.W3CHttpResponseCodec.createException(W3CHttpResponseCodec.java:187)
	at org.openqa.selenium.remote.http.W3CHttpResponseCodec.decode(W3CHttpResponseCodec.java:122)
	at org.openqa.selenium.remote.http.W3CHttpResponseCodec.decode(W3CHttpResponseCodec.java:49)
	at org.openqa.selenium.remote.HttpCommandExecutor.execute(HttpCommandExecutor.java:158)
	at org.openqa.selenium.remote.service.DriverCommandExecutor.execute(DriverCommandExecutor.java:83)
	at org.openqa.selenium.remote.RemoteWebDriver.execute(RemoteWebDriver.java:552)
	at com.kms.katalon.selenium.driver.CChromeDriver.execute(CChromeDriver.java:19)
	at org.openqa.selenium.remote.RemoteWebElement.execute(RemoteWebElement.java:285)
	at org.openqa.selenium.remote.RemoteWebElement.click(RemoteWebElement.java:84)
	at java.base/jdk.internal.reflect.NativeMethodAccessorImpl.invoke0(Native Method)
	at java.base/jdk.internal.reflect.NativeMethodAccessorImpl.invoke(NativeMethodAccessorImpl.java:77)
	at java.base/jdk.internal.reflect.DelegatingMethodAccessorImpl.invoke(DelegatingMethodAccessorImpl.java:43)
	at org.openqa.selenium.support.events.EventFiringWebDriver$EventFiringWebElement.lambda$new$0(EventFiringWebDriver.java:404)
	at jdk.proxy2/jdk.proxy2.$Proxy24.click(Unknown Source)
	at org.openqa.selenium.support.events.EventFiringWebDriver$EventFiringWebElement.click(EventFiringWebDriver.java:417)
	at org.openqa.selenium.WebElement$click.call(Unknown Source)
	at com.kms.katalon.core.webui.keyword.builtin.ClickKeyword.clickUntilSuccessWithTimeout(ClickKeyword.groovy:81)
	at com.kms.katalon.core.webui.keyword.builtin.ClickKeyword.clickUntilSuccessWithTimeout(ClickKeyword.groovy)
	at java.base/jdk.internal.reflect.NativeMethodAccessorImpl.invoke0(Native Method)
	at java.base/jdk.internal.reflect.NativeMethodAccessorImpl.invoke(NativeMethodAccessorImpl.java:77)
	at java.base/jdk.internal.reflect.DelegatingMethodAccessorImpl.invoke(DelegatingMethodAccessorImpl.java:43)
	at com.kms.katalon.core.webui.keyword.builtin.ClickKeyword$_click_closure1.doCall(ClickKeyword.groovy:67)
	at com.kms.katalon.core.webui.keyword.builtin.ClickKeyword$_click_closure1.call(ClickKeyword.groovy)
	at com.kms.katalon.core.webui.keyword.internal.WebUIKeywordMain.runKeyword(WebUIKeywordMain.groovy:20)
	... 39 more
)

2023-12-18 13:59:18 - [TEST_CASE][FAILED] - Test Cases/Menu/RT000 MenuClicks: Test Cases/Menu/RT000 MenuClicks FAILED.
Reason:
com.kms.katalon.core.exception.StepFailedException: Unable to click on object 'Object Repository/MenuTopbar/btn_Menu_Diensten_SHT'
	at com.kms.katalon.core.webui.keyword.internal.WebUIKeywordMain.stepFailed(WebUIKeywordMain.groovy:64)
	at com.kms.katalon.core.webui.keyword.internal.WebUIKeywordMain.runKeyword(WebUIKeywordMain.groovy:26)
	at com.kms.katalon.core.webui.keyword.builtin.ClickKeyword.click(ClickKeyword.groovy:74)
	at com.kms.katalon.core.webui.keyword.builtin.ClickKeyword.execute(ClickKeyword.groovy:40)
	at com.kms.katalon.core.keyword.internal.KeywordExecutor.executeKeywordForPlatform(KeywordExecutor.groovy:74)
	at com.kms.katalon.core.webui.keyword.WebUiBuiltInKeywords.click(WebUiBuiltInKeywords.groovy:620)
	at RT000 MenuClicks.run(RT000 MenuClicks:32)
	at com.kms.katalon.core.main.ScriptEngine.run(ScriptEngine.java:194)
	at com.kms.katalon.core.main.ScriptEngine.runScriptAsRawText(ScriptEngine.java:119)
	at com.kms.katalon.core.main.TestCaseExecutor.runScript(TestCaseExecutor.java:448)
	at com.kms.katalon.core.main.TestCaseExecutor.doExecute(TestCaseExecutor.java:439)
	at com.kms.katalon.core.main.TestCaseExecutor.processExecutionPhase(TestCaseExecutor.java:418)
	at com.kms.katalon.core.main.TestCaseExecutor.accessMainPhase(TestCaseExecutor.java:410)
	at com.kms.katalon.core.main.TestCaseExecutor.execute(TestCaseExecutor.java:285)
	at com.kms.katalon.core.main.TestCaseMain.runTestCase(TestCaseMain.java:144)
	at com.kms.katalon.core.keyword.builtin.CallTestCaseKeyword$_callTestCase_closure1.doCall(CallTestCaseKeyword.groovy:59)
	at com.kms.katalon.core.keyword.builtin.CallTestCaseKeyword$_callTestCase_closure1.call(CallTestCaseKeyword.groovy)
	at com.kms.katalon.core.keyword.internal.KeywordMain.runKeyword(KeywordMain.groovy:75)
	at com.kms.katalon.core.keyword.builtin.CallTestCaseKeyword.callTestCase(CallTestCaseKeyword.groovy:81)
	at com.kms.katalon.core.keyword.builtin.CallTestCaseKeyword.execute(CallTestCaseKeyword.groovy:44)
	at com.kms.katalon.core.keyword.internal.KeywordExecutor.executeKeywordForPlatform(KeywordExecutor.groovy:74)
	at com.kms.katalon.core.keyword.BuiltinKeywords.callTestCase(BuiltinKeywords.groovy:310)
	at java.base/jdk.internal.reflect.NativeMethodAccessorImpl.invoke0(Native Method)
	at java.base/jdk.internal.reflect.NativeMethodAccessorImpl.invoke(NativeMethodAccessorImpl.java:77)
	at java.base/jdk.internal.reflect.DelegatingMethodAccessorImpl.invoke(DelegatingMethodAccessorImpl.java:43)
	at RT002 MenuClicks - SoftwareTesting.run(RT002 MenuClicks - SoftwareTesting:26)
	at com.kms.katalon.core.main.ScriptEngine.run(ScriptEngine.java:194)
	at com.kms.katalon.core.main.ScriptEngine.runScriptAsRawText(ScriptEngine.java:119)
	at com.kms.katalon.core.main.TestCaseExecutor.runScript(TestCaseExecutor.java:448)
	at com.kms.katalon.core.main.TestCaseExecutor.doExecute(TestCaseExecutor.java:439)
	at com.kms.katalon.core.main.TestCaseExecutor.processExecutionPhase(TestCaseExecutor.java:418)
	at com.kms.katalon.core.main.TestCaseExecutor.accessMainPhase(TestCaseExecutor.java:410)
	at com.kms.katalon.core.main.TestCaseExecutor.execute(TestCaseExecutor.java:285)
	at com.kms.katalon.core.common.CommonExecutor.accessTestCaseMainPhase(CommonExecutor.java:65)
	at com.kms.katalon.core.main.TestSuiteExecutor.accessTestSuiteMainPhase(TestSuiteExecutor.java:148)
	at com.kms.katalon.core.main.TestSuiteExecutor.execute(TestSuiteExecutor.java:106)
	at com.kms.katalon.core.main.TestCaseMain.startTestSuite(TestCaseMain.java:187)
	at TempTestSuite1702904326304.run(TempTestSuite1702904326304.groovy:36)
	at java.base/jdk.internal.reflect.NativeMethodAccessorImpl.invoke0(Native Method)
	at java.base/jdk.internal.reflect.NativeMethodAccessorImpl.invoke(NativeMethodAccessorImpl.java:77)
	at java.base/jdk.internal.reflect.DelegatingMethodAccessorImpl.invoke(DelegatingMethodAccessorImpl.java:43)
Caused by: org.openqa.selenium.ElementNotInteractableException: element not interactable
  (Session info: chrome=120.0.6099.72)
Build info: version: '3.141.59', revision: 'e82be7d358', time: '2018-11-14T08:25:53'
System info: host: 'BERGTOP', ip: '192.168.1.100', os.name: 'Windows 11', os.arch: 'amd64', os.version: '10.0', java.version: '17.0.7'
Driver info: com.kms.katalon.selenium.driver.CChromeDriver
Capabilities {acceptInsecureCerts: false, browserName: chrome, browserVersion: 120.0.6099.72, chrome: {chromedriverVersion: 119.0.6045.105 (38c72552c5e..., userDataDir: C:\Users\maart\AppData\Loca...}, fedcm:accounts: true, goog:chromeOptions: {debuggerAddress: localhost:55492}, javascriptEnabled: true, networkConnectionEnabled: false, pageLoadStrategy: normal, platform: WINDOWS, platformName: WINDOWS, proxy: Proxy(), setWindowRect: true, strictFileInteractability: false, timeouts: {implicit: 0, pageLoad: 300000, script: 30000}, unhandledPromptBehavior: dismiss and notify, webauthn:extension:credBlob: true, webauthn:extension:largeBlob: true, webauthn:extension:minPinLength: true, webauthn:extension:prf: true, webauthn:virtualAuthenticators: true}
Session ID: 7eaff2ee90ec5dafd0e94eb3c95adcec
	at java.base/jdk.internal.reflect.NativeConstructorAccessorImpl.newInstance0(Native Method)
	at java.base/jdk.internal.reflect.NativeConstructorAccessorImpl.newInstance(NativeConstructorAccessorImpl.java:77)
	at java.base/jdk.internal.reflect.DelegatingConstructorAccessorImpl.newInstance(DelegatingConstructorAccessorImpl.java:45)
	at org.openqa.selenium.remote.http.W3CHttpResponseCodec.createException(W3CHttpResponseCodec.java:187)
	at org.openqa.selenium.remote.http.W3CHttpResponseCodec.decode(W3CHttpResponseCodec.java:122)
	at org.openqa.selenium.remote.http.W3CHttpResponseCodec.decode(W3CHttpResponseCodec.java:49)
	at org.openqa.selenium.remote.HttpCommandExecutor.execute(HttpCommandExecutor.java:158)
	at org.openqa.selenium.remote.service.DriverCommandExecutor.execute(DriverCommandExecutor.java:83)
	at org.openqa.selenium.remote.RemoteWebDriver.execute(RemoteWebDriver.java:552)
	at com.kms.katalon.selenium.driver.CChromeDriver.execute(CChromeDriver.java:19)
	at org.openqa.selenium.remote.RemoteWebElement.execute(RemoteWebElement.java:285)
	at org.openqa.selenium.remote.RemoteWebElement.click(RemoteWebElement.java:84)
	at java.base/jdk.internal.reflect.NativeMethodAccessorImpl.invoke0(Native Method)
	at java.base/jdk.internal.reflect.NativeMethodAccessorImpl.invoke(NativeMethodAccessorImpl.java:77)
	at java.base/jdk.internal.reflect.DelegatingMethodAccessorImpl.invoke(DelegatingMethodAccessorImpl.java:43)
	at org.openqa.selenium.support.events.EventFiringWebDriver$EventFiringWebElement.lambda$new$0(EventFiringWebDriver.java:404)
	at jdk.proxy2/jdk.proxy2.$Proxy24.click(Unknown Source)
	at org.openqa.selenium.support.events.EventFiringWebDriver$EventFiringWebElement.click(EventFiringWebDriver.java:417)
	at org.openqa.selenium.WebElement$click.call(Unknown Source)
	at com.kms.katalon.core.webui.keyword.builtin.ClickKeyword.clickUntilSuccessWithTimeout(ClickKeyword.groovy:81)
	at com.kms.katalon.core.webui.keyword.builtin.ClickKeyword.clickUntilSuccessWithTimeout(ClickKeyword.groovy)
	at java.base/jdk.internal.reflect.NativeMethodAccessorImpl.invoke0(Native Method)
	at java.base/jdk.internal.reflect.NativeMethodAccessorImpl.invoke(NativeMethodAccessorImpl.java:77)
	at java.base/jdk.internal.reflect.DelegatingMethodAccessorImpl.invoke(DelegatingMethodAccessorImpl.java:43)
	at com.kms.katalon.core.webui.keyword.builtin.ClickKeyword$_click_closure1.doCall(ClickKeyword.groovy:67)
	at com.kms.katalon.core.webui.keyword.builtin.ClickKeyword$_click_closure1.call(ClickKeyword.groovy)
	at com.kms.katalon.core.webui.keyword.internal.WebUIKeywordMain.runKeyword(WebUIKeywordMain.groovy:20)
	... 39 more


2023-12-18 13:59:18 - [TEST_STEP][PASSED] - actual_url = getUrl(): Current window's url is: 'https://nlrisqitww-chaca.savviihq.com/software-testing/'

2023-12-18 13:59:18 - [MESSAGE][PASSED] - Current window's url is: 'https://nlrisqitww-chaca.savviihq.com/software-testing/'

2023-12-18 13:59:18 - [TEST_STEP][PASSED] - mouseOver(findTestObject("MenuTopbar/btn_Menu_Diensten")): Object: 'Object Repository/MenuTopbar/btn_Menu_Diensten' is hovered

2023-12-18 13:59:19 - [MESSAGE][PASSED] - Object: 'Object Repository/MenuTopbar/btn_Menu_Diensten' is hovered

2023-12-18 13:59:19 - [TEST_STEP][PASSED] - click(findTestObject("MenuTopbar/btn_Menu_Diensten_SoftwareTesting")): Object: 'Object Repository/MenuTopbar/btn_Menu_Diensten_SoftwareTesting' is clicked on

2023-12-18 13:59:19 - [MESSAGE][PASSED] - Object: 'Object Repository/MenuTopbar/btn_Menu_Diensten_SoftwareTesting' is clicked on

2023-12-18 13:59:19 - [TEST_STEP][PASSED] - verifyElementText(findTestObject("Object Repository/Page_Software Testing - RisQIT/h1_Software Testing"), "Software Testing"): Actual text and expected text of test object 'Object Repository/Page_Software Testing - RisQIT/h1_Software Testing' are matched.

2023-12-18 13:59:20 - [MESSAGE][PASSED] - Actual text and expected text of test object 'Object Repository/Page_Software Testing - RisQIT/h1_Software Testing' are matched.

2023-12-18 13:59:20 - [TEST_STEP][PASSED] - navigateToUrl(actual_url): Navigate to 'https://nlrisqitww-chaca.savviihq.com/software-testing/' successfully

2023-12-18 13:59:20 - [MESSAGE][PASSED] - Navigate to 'https://nlrisqitww-chaca.savviihq.com/software-testing/' successfully

2023-12-18 13:59:20 - [TEST_STEP][PASSED] - mouseOver(findTestObject("MenuTopbar/btn_Menu_Diensten")): Object: 'Object Repository/MenuTopbar/btn_Menu_Diensten' is hovered

2023-12-18 13:59:21 - [MESSAGE][PASSED] - Object: 'Object Repository/MenuTopbar/btn_Menu_Diensten' is hovered

2023-12-18 13:59:21 - [TEST_STEP][FAILED] - click(findTestObject("MenuTopbar/btn_Menu_Diensten_SHT")): Unable to click on object 'Object Repository/MenuTopbar/btn_Menu_Diensten_SHT' (Root cause: com.kms.katalon.core.exception.StepFailedException: Unable to click on object 'Object Repository/MenuTopbar/btn_Menu_Diensten_SHT'
	at com.kms.katalon.core.webui.keyword.internal.WebUIKeywordMain.stepFailed(WebUIKeywordMain.groovy:64)
	at com.kms.katalon.core.webui.keyword.internal.WebUIKeywordMain.runKeyword(WebUIKeywordMain.groovy:26)
	at com.kms.katalon.core.webui.keyword.builtin.ClickKeyword.click(ClickKeyword.groovy:74)
	at com.kms.katalon.core.webui.keyword.builtin.ClickKeyword.execute(ClickKeyword.groovy:40)
	at com.kms.katalon.core.keyword.internal.KeywordExecutor.executeKeywordForPlatform(KeywordExecutor.groovy:74)
	at com.kms.katalon.core.webui.keyword.WebUiBuiltInKeywords.click(WebUiBuiltInKeywords.groovy:620)
	at RT000 MenuClicks.run(RT000 MenuClicks:32)
	at com.kms.katalon.core.main.ScriptEngine.run(ScriptEngine.java:194)
	at com.kms.katalon.core.main.ScriptEngine.runScriptAsRawText(ScriptEngine.java:119)
	at com.kms.katalon.core.main.TestCaseExecutor.runScript(TestCaseExecutor.java:448)
	at com.kms.katalon.core.main.TestCaseExecutor.doExecute(TestCaseExecutor.java:439)
	at com.kms.katalon.core.main.TestCaseExecutor.processExecutionPhase(TestCaseExecutor.java:418)
	at com.kms.katalon.core.main.TestCaseExecutor.accessMainPhase(TestCaseExecutor.java:410)
	at com.kms.katalon.core.main.TestCaseExecutor.execute(TestCaseExecutor.java:285)
	at com.kms.katalon.core.main.TestCaseMain.runTestCase(TestCaseMain.java:144)
	at com.kms.katalon.core.keyword.builtin.CallTestCaseKeyword$_callTestCase_closure1.doCall(CallTestCaseKeyword.groovy:59)
	at com.kms.katalon.core.keyword.builtin.CallTestCaseKeyword$_callTestCase_closure1.call(CallTestCaseKeyword.groovy)
	at com.kms.katalon.core.keyword.internal.KeywordMain.runKeyword(KeywordMain.groovy:75)
	at com.kms.katalon.core.keyword.builtin.CallTestCaseKeyword.callTestCase(CallTestCaseKeyword.groovy:81)
	at com.kms.katalon.core.keyword.builtin.CallTestCaseKeyword.execute(CallTestCaseKeyword.groovy:44)
	at com.kms.katalon.core.keyword.internal.KeywordExecutor.executeKeywordForPlatform(KeywordExecutor.groovy:74)
	at com.kms.katalon.core.keyword.BuiltinKeywords.callTestCase(BuiltinKeywords.groovy:310)
	at java.base/jdk.internal.reflect.NativeMethodAccessorImpl.invoke0(Native Method)
	at java.base/jdk.internal.reflect.NativeMethodAccessorImpl.invoke(NativeMethodAccessorImpl.java:77)
	at java.base/jdk.internal.reflect.DelegatingMethodAccessorImpl.invoke(DelegatingMethodAccessorImpl.java:43)
	at RT002 MenuClicks - SoftwareTesting.run(RT002 MenuClicks - SoftwareTesting:26)
	at com.kms.katalon.core.main.ScriptEngine.run(ScriptEngine.java:194)
	at com.kms.katalon.core.main.ScriptEngine.runScriptAsRawText(ScriptEngine.java:119)
	at com.kms.katalon.core.main.TestCaseExecutor.runScript(TestCaseExecutor.java:448)
	at com.kms.katalon.core.main.TestCaseExecutor.doExecute(TestCaseExecutor.java:439)
	at com.kms.katalon.core.main.TestCaseExecutor.processExecutionPhase(TestCaseExecutor.java:418)
	at com.kms.katalon.core.main.TestCaseExecutor.accessMainPhase(TestCaseExecutor.java:410)
	at com.kms.katalon.core.main.TestCaseExecutor.execute(TestCaseExecutor.java:285)
	at com.kms.katalon.core.common.CommonExecutor.accessTestCaseMainPhase(CommonExecutor.java:65)
	at com.kms.katalon.core.main.TestSuiteExecutor.accessTestSuiteMainPhase(TestSuiteExecutor.java:148)
	at com.kms.katalon.core.main.TestSuiteExecutor.execute(TestSuiteExecutor.java:106)
	at com.kms.katalon.core.main.TestCaseMain.startTestSuite(TestCaseMain.java:187)
	at TempTestSuite1702904326304.run(TempTestSuite1702904326304.groovy:36)
	at java.base/jdk.internal.reflect.NativeMethodAccessorImpl.invoke0(Native Method)
	at java.base/jdk.internal.reflect.NativeMethodAccessorImpl.invoke(NativeMethodAccessorImpl.java:77)
	at java.base/jdk.internal.reflect.DelegatingMethodAccessorImpl.invoke(DelegatingMethodAccessorImpl.java:43)
Caused by: org.openqa.selenium.ElementNotInteractableException: element not interactable
  (Session info: chrome=120.0.6099.72)
Build info: version: '3.141.59', revision: 'e82be7d358', time: '2018-11-14T08:25:53'
System info: host: 'BERGTOP', ip: '192.168.1.100', os.name: 'Windows 11', os.arch: 'amd64', os.version: '10.0', java.version: '17.0.7'
Driver info: com.kms.katalon.selenium.driver.CChromeDriver
Capabilities {acceptInsecureCerts: false, browserName: chrome, browserVersion: 120.0.6099.72, chrome: {chromedriverVersion: 119.0.6045.105 (38c72552c5e..., userDataDir: C:\Users\maart\AppData\Loca...}, fedcm:accounts: true, goog:chromeOptions: {debuggerAddress: localhost:55492}, javascriptEnabled: true, networkConnectionEnabled: false, pageLoadStrategy: normal, platform: WINDOWS, platformName: WINDOWS, proxy: Proxy(), setWindowRect: true, strictFileInteractability: false, timeouts: {implicit: 0, pageLoad: 300000, script: 30000}, unhandledPromptBehavior: dismiss and notify, webauthn:extension:credBlob: true, webauthn:extension:largeBlob: true, webauthn:extension:minPinLength: true, webauthn:extension:prf: true, webauthn:virtualAuthenticators: true}
Session ID: 7eaff2ee90ec5dafd0e94eb3c95adcec
	at java.base/jdk.internal.reflect.NativeConstructorAccessorImpl.newInstance0(Native Method)
	at java.base/jdk.internal.reflect.NativeConstructorAccessorImpl.newInstance(NativeConstructorAccessorImpl.java:77)
	at java.base/jdk.internal.reflect.DelegatingConstructorAccessorImpl.newInstance(DelegatingConstructorAccessorImpl.java:45)
	at org.openqa.selenium.remote.http.W3CHttpResponseCodec.createException(W3CHttpResponseCodec.java:187)
	at org.openqa.selenium.remote.http.W3CHttpResponseCodec.decode(W3CHttpResponseCodec.java:122)
	at org.openqa.selenium.remote.http.W3CHttpResponseCodec.decode(W3CHttpResponseCodec.java:49)
	at org.openqa.selenium.remote.HttpCommandExecutor.execute(HttpCommandExecutor.java:158)
	at org.openqa.selenium.remote.service.DriverCommandExecutor.execute(DriverCommandExecutor.java:83)
	at org.openqa.selenium.remote.RemoteWebDriver.execute(RemoteWebDriver.java:552)
	at com.kms.katalon.selenium.driver.CChromeDriver.execute(CChromeDriver.java:19)
	at org.openqa.selenium.remote.RemoteWebElement.execute(RemoteWebElement.java:285)
	at org.openqa.selenium.remote.RemoteWebElement.click(RemoteWebElement.java:84)
	at java.base/jdk.internal.reflect.NativeMethodAccessorImpl.invoke0(Native Method)
	at java.base/jdk.internal.reflect.NativeMethodAccessorImpl.invoke(NativeMethodAccessorImpl.java:77)
	at java.base/jdk.internal.reflect.DelegatingMethodAccessorImpl.invoke(DelegatingMethodAccessorImpl.java:43)
	at org.openqa.selenium.support.events.EventFiringWebDriver$EventFiringWebElement.lambda$new$0(EventFiringWebDriver.java:404)
	at jdk.proxy2/jdk.proxy2.$Proxy24.click(Unknown Source)
	at org.openqa.selenium.support.events.EventFiringWebDriver$EventFiringWebElement.click(EventFiringWebDriver.java:417)
	at org.openqa.selenium.WebElement$click.call(Unknown Source)
	at com.kms.katalon.core.webui.keyword.builtin.ClickKeyword.clickUntilSuccessWithTimeout(ClickKeyword.groovy:81)
	at com.kms.katalon.core.webui.keyword.builtin.ClickKeyword.clickUntilSuccessWithTimeout(ClickKeyword.groovy)
	at java.base/jdk.internal.reflect.NativeMethodAccessorImpl.invoke0(Native Method)
	at java.base/jdk.internal.reflect.NativeMethodAccessorImpl.invoke(NativeMethodAccessorImpl.java:77)
	at java.base/jdk.internal.reflect.DelegatingMethodAccessorImpl.invoke(DelegatingMethodAccessorImpl.java:43)
	at com.kms.katalon.core.webui.keyword.builtin.ClickKeyword$_click_closure1.doCall(ClickKeyword.groovy:67)
	at com.kms.katalon.core.webui.keyword.builtin.ClickKeyword$_click_closure1.call(ClickKeyword.groovy)
	at com.kms.katalon.core.webui.keyword.internal.WebUIKeywordMain.runKeyword(WebUIKeywordMain.groovy:20)
	at com.kms.katalon.core.webui.keyword.builtin.ClickKeyword.click(ClickKeyword.groovy:74)
	at com.kms.katalon.core.webui.keyword.builtin.ClickKeyword.execute(ClickKeyword.groovy:40)
	at com.kms.katalon.core.keyword.internal.KeywordExecutor.executeKeywordForPlatform(KeywordExecutor.groovy:74)
	at com.kms.katalon.core.webui.keyword.WebUiBuiltInKeywords.click(WebUiBuiltInKeywords.groovy:620)
	at Script1702900670673.run(Script1702900670673.groovy:32)
	at com.kms.katalon.core.main.ScriptEngine.run(ScriptEngine.java:194)
	at com.kms.katalon.core.main.ScriptEngine.runScriptAsRawText(ScriptEngine.java:119)
	at com.kms.katalon.core.main.TestCaseExecutor.runScript(TestCaseExecutor.java:448)
	at com.kms.katalon.core.main.TestCaseExecutor.doExecute(TestCaseExecutor.java:439)
	at com.kms.katalon.core.main.TestCaseExecutor.processExecutionPhase(TestCaseExecutor.java:418)
	at com.kms.katalon.core.main.TestCaseExecutor.accessMainPhase(TestCaseExecutor.java:410)
	at com.kms.katalon.core.main.TestCaseExecutor.execute(TestCaseExecutor.java:285)
	at com.kms.katalon.core.main.TestCaseMain.runTestCase(TestCaseMain.java:144)
	at com.kms.katalon.core.keyword.builtin.CallTestCaseKeyword$_callTestCase_closure1.doCall(CallTestCaseKeyword.groovy:59)
	at com.kms.katalon.core.keyword.builtin.CallTestCaseKeyword$_callTestCase_closure1.call(CallTestCaseKeyword.groovy)
	at com.kms.katalon.core.keyword.internal.KeywordMain.runKeyword(KeywordMain.groovy:75)
	at com.kms.katalon.core.keyword.builtin.CallTestCaseKeyword.callTestCase(CallTestCaseKeyword.groovy:81)
	at com.kms.katalon.core.keyword.builtin.CallTestCaseKeyword.execute(CallTestCaseKeyword.groovy:44)
	at com.kms.katalon.core.keyword.internal.KeywordExecutor.executeKeywordForPlatform(KeywordExecutor.groovy:74)
	at com.kms.katalon.core.keyword.BuiltinKeywords.callTestCase(BuiltinKeywords.groovy:310)
	at java.base/jdk.internal.reflect.NativeMethodAccessorImpl.invoke0(Native Method)
	at java.base/jdk.internal.reflect.NativeMethodAccessorImpl.invoke(NativeMethodAccessorImpl.java:77)
	at java.base/jdk.internal.reflect.DelegatingMethodAccessorImpl.invoke(DelegatingMethodAccessorImpl.java:43)
	at Script1702897804237.run(Script1702897804237.groovy:26)
	... 15 more
)

2023-12-18 13:59:22 - [MESSAGE][FAILED] - Unable to click on object 'Object Repository/MenuTopbar/btn_Menu_Diensten_SHT' (Root cause: com.kms.katalon.core.exception.StepFailedException: Unable to click on object 'Object Repository/MenuTopbar/btn_Menu_Diensten_SHT'
	at com.kms.katalon.core.webui.keyword.internal.WebUIKeywordMain.stepFailed(WebUIKeywordMain.groovy:64)
	at com.kms.katalon.core.webui.keyword.internal.WebUIKeywordMain.runKeyword(WebUIKeywordMain.groovy:26)
	at com.kms.katalon.core.webui.keyword.builtin.ClickKeyword.click(ClickKeyword.groovy:74)
	at com.kms.katalon.core.webui.keyword.builtin.ClickKeyword.execute(ClickKeyword.groovy:40)
	at com.kms.katalon.core.keyword.internal.KeywordExecutor.executeKeywordForPlatform(KeywordExecutor.groovy:74)
	at com.kms.katalon.core.webui.keyword.WebUiBuiltInKeywords.click(WebUiBuiltInKeywords.groovy:620)
	at RT000 MenuClicks.run(RT000 MenuClicks:32)
	at com.kms.katalon.core.main.ScriptEngine.run(ScriptEngine.java:194)
	at com.kms.katalon.core.main.ScriptEngine.runScriptAsRawText(ScriptEngine.java:119)
	at com.kms.katalon.core.main.TestCaseExecutor.runScript(TestCaseExecutor.java:448)
	at com.kms.katalon.core.main.TestCaseExecutor.doExecute(TestCaseExecutor.java:439)
	at com.kms.katalon.core.main.TestCaseExecutor.processExecutionPhase(TestCaseExecutor.java:418)
	at com.kms.katalon.core.main.TestCaseExecutor.accessMainPhase(TestCaseExecutor.java:410)
	at com.kms.katalon.core.main.TestCaseExecutor.execute(TestCaseExecutor.java:285)
	at com.kms.katalon.core.main.TestCaseMain.runTestCase(TestCaseMain.java:144)
	at com.kms.katalon.core.keyword.builtin.CallTestCaseKeyword$_callTestCase_closure1.doCall(CallTestCaseKeyword.groovy:59)
	at com.kms.katalon.core.keyword.builtin.CallTestCaseKeyword$_callTestCase_closure1.call(CallTestCaseKeyword.groovy)
	at com.kms.katalon.core.keyword.internal.KeywordMain.runKeyword(KeywordMain.groovy:75)
	at com.kms.katalon.core.keyword.builtin.CallTestCaseKeyword.callTestCase(CallTestCaseKeyword.groovy:81)
	at com.kms.katalon.core.keyword.builtin.CallTestCaseKeyword.execute(CallTestCaseKeyword.groovy:44)
	at com.kms.katalon.core.keyword.internal.KeywordExecutor.executeKeywordForPlatform(KeywordExecutor.groovy:74)
	at com.kms.katalon.core.keyword.BuiltinKeywords.callTestCase(BuiltinKeywords.groovy:310)
	at java.base/jdk.internal.reflect.NativeMethodAccessorImpl.invoke0(Native Method)
	at java.base/jdk.internal.reflect.NativeMethodAccessorImpl.invoke(NativeMethodAccessorImpl.java:77)
	at java.base/jdk.internal.reflect.DelegatingMethodAccessorImpl.invoke(DelegatingMethodAccessorImpl.java:43)
	at RT002 MenuClicks - SoftwareTesting.run(RT002 MenuClicks - SoftwareTesting:26)
	at com.kms.katalon.core.main.ScriptEngine.run(ScriptEngine.java:194)
	at com.kms.katalon.core.main.ScriptEngine.runScriptAsRawText(ScriptEngine.java:119)
	at com.kms.katalon.core.main.TestCaseExecutor.runScript(TestCaseExecutor.java:448)
	at com.kms.katalon.core.main.TestCaseExecutor.doExecute(TestCaseExecutor.java:439)
	at com.kms.katalon.core.main.TestCaseExecutor.processExecutionPhase(TestCaseExecutor.java:418)
	at com.kms.katalon.core.main.TestCaseExecutor.accessMainPhase(TestCaseExecutor.java:410)
	at com.kms.katalon.core.main.TestCaseExecutor.execute(TestCaseExecutor.java:285)
	at com.kms.katalon.core.common.CommonExecutor.accessTestCaseMainPhase(CommonExecutor.java:65)
	at com.kms.katalon.core.main.TestSuiteExecutor.accessTestSuiteMainPhase(TestSuiteExecutor.java:148)
	at com.kms.katalon.core.main.TestSuiteExecutor.execute(TestSuiteExecutor.java:106)
	at com.kms.katalon.core.main.TestCaseMain.startTestSuite(TestCaseMain.java:187)
	at TempTestSuite1702904326304.run(TempTestSuite1702904326304.groovy:36)
	at java.base/jdk.internal.reflect.NativeMethodAccessorImpl.invoke0(Native Method)
	at java.base/jdk.internal.reflect.NativeMethodAccessorImpl.invoke(NativeMethodAccessorImpl.java:77)
	at java.base/jdk.internal.reflect.DelegatingMethodAccessorImpl.invoke(DelegatingMethodAccessorImpl.java:43)
Caused by: org.openqa.selenium.ElementNotInteractableException: element not interactable
  (Session info: chrome=120.0.6099.72)
Build info: version: '3.141.59', revision: 'e82be7d358', time: '2018-11-14T08:25:53'
System info: host: 'BERGTOP', ip: '192.168.1.100', os.name: 'Windows 11', os.arch: 'amd64', os.version: '10.0', java.version: '17.0.7'
Driver info: com.kms.katalon.selenium.driver.CChromeDriver
Capabilities {acceptInsecureCerts: false, browserName: chrome, browserVersion: 120.0.6099.72, chrome: {chromedriverVersion: 119.0.6045.105 (38c72552c5e..., userDataDir: C:\Users\maart\AppData\Loca...}, fedcm:accounts: true, goog:chromeOptions: {debuggerAddress: localhost:55492}, javascriptEnabled: true, networkConnectionEnabled: false, pageLoadStrategy: normal, platform: WINDOWS, platformName: WINDOWS, proxy: Proxy(), setWindowRect: true, strictFileInteractability: false, timeouts: {implicit: 0, pageLoad: 300000, script: 30000}, unhandledPromptBehavior: dismiss and notify, webauthn:extension:credBlob: true, webauthn:extension:largeBlob: true, webauthn:extension:minPinLength: true, webauthn:extension:prf: true, webauthn:virtualAuthenticators: true}
Session ID: 7eaff2ee90ec5dafd0e94eb3c95adcec
	at java.base/jdk.internal.reflect.NativeConstructorAccessorImpl.newInstance0(Native Method)
	at java.base/jdk.internal.reflect.NativeConstructorAccessorImpl.newInstance(NativeConstructorAccessorImpl.java:77)
	at java.base/jdk.internal.reflect.DelegatingConstructorAccessorImpl.newInstance(DelegatingConstructorAccessorImpl.java:45)
	at org.openqa.selenium.remote.http.W3CHttpResponseCodec.createException(W3CHttpResponseCodec.java:187)
	at org.openqa.selenium.remote.http.W3CHttpResponseCodec.decode(W3CHttpResponseCodec.java:122)
	at org.openqa.selenium.remote.http.W3CHttpResponseCodec.decode(W3CHttpResponseCodec.java:49)
	at org.openqa.selenium.remote.HttpCommandExecutor.execute(HttpCommandExecutor.java:158)
	at org.openqa.selenium.remote.service.DriverCommandExecutor.execute(DriverCommandExecutor.java:83)
	at org.openqa.selenium.remote.RemoteWebDriver.execute(RemoteWebDriver.java:552)
	at com.kms.katalon.selenium.driver.CChromeDriver.execute(CChromeDriver.java:19)
	at org.openqa.selenium.remote.RemoteWebElement.execute(RemoteWebElement.java:285)
	at org.openqa.selenium.remote.RemoteWebElement.click(RemoteWebElement.java:84)
	at java.base/jdk.internal.reflect.NativeMethodAccessorImpl.invoke0(Native Method)
	at java.base/jdk.internal.reflect.NativeMethodAccessorImpl.invoke(NativeMethodAccessorImpl.java:77)
	at java.base/jdk.internal.reflect.DelegatingMethodAccessorImpl.invoke(DelegatingMethodAccessorImpl.java:43)
	at org.openqa.selenium.support.events.EventFiringWebDriver$EventFiringWebElement.lambda$new$0(EventFiringWebDriver.java:404)
	at jdk.proxy2/jdk.proxy2.$Proxy24.click(Unknown Source)
	at org.openqa.selenium.support.events.EventFiringWebDriver$EventFiringWebElement.click(EventFiringWebDriver.java:417)
	at org.openqa.selenium.WebElement$click.call(Unknown Source)
	at com.kms.katalon.core.webui.keyword.builtin.ClickKeyword.clickUntilSuccessWithTimeout(ClickKeyword.groovy:81)
	at com.kms.katalon.core.webui.keyword.builtin.ClickKeyword.clickUntilSuccessWithTimeout(ClickKeyword.groovy)
	at java.base/jdk.internal.reflect.NativeMethodAccessorImpl.invoke0(Native Method)
	at java.base/jdk.internal.reflect.NativeMethodAccessorImpl.invoke(NativeMethodAccessorImpl.java:77)
	at java.base/jdk.internal.reflect.DelegatingMethodAccessorImpl.invoke(DelegatingMethodAccessorImpl.java:43)
	at com.kms.katalon.core.webui.keyword.builtin.ClickKeyword$_click_closure1.doCall(ClickKeyword.groovy:67)
	at com.kms.katalon.core.webui.keyword.builtin.ClickKeyword$_click_closure1.call(ClickKeyword.groovy)
	at com.kms.katalon.core.webui.keyword.internal.WebUIKeywordMain.runKeyword(WebUIKeywordMain.groovy:20)
	at com.kms.katalon.core.webui.keyword.builtin.ClickKeyword.click(ClickKeyword.groovy:74)
	at com.kms.katalon.core.webui.keyword.builtin.ClickKeyword.execute(ClickKeyword.groovy:40)
	at com.kms.katalon.core.keyword.internal.KeywordExecutor.executeKeywordForPlatform(KeywordExecutor.groovy:74)
	at com.kms.katalon.core.webui.keyword.WebUiBuiltInKeywords.click(WebUiBuiltInKeywords.groovy:620)
	at Script1702900670673.run(Script1702900670673.groovy:32)
	at com.kms.katalon.core.main.ScriptEngine.run(ScriptEngine.java:194)
	at com.kms.katalon.core.main.ScriptEngine.runScriptAsRawText(ScriptEngine.java:119)
	at com.kms.katalon.core.main.TestCaseExecutor.runScript(TestCaseExecutor.java:448)
	at com.kms.katalon.core.main.TestCaseExecutor.doExecute(TestCaseExecutor.java:439)
	at com.kms.katalon.core.main.TestCaseExecutor.processExecutionPhase(TestCaseExecutor.java:418)
	at com.kms.katalon.core.main.TestCaseExecutor.accessMainPhase(TestCaseExecutor.java:410)
	at com.kms.katalon.core.main.TestCaseExecutor.execute(TestCaseExecutor.java:285)
	at com.kms.katalon.core.main.TestCaseMain.runTestCase(TestCaseMain.java:144)
	at com.kms.katalon.core.keyword.builtin.CallTestCaseKeyword$_callTestCase_closure1.doCall(CallTestCaseKeyword.groovy:59)
	at com.kms.katalon.core.keyword.builtin.CallTestCaseKeyword$_callTestCase_closure1.call(CallTestCaseKeyword.groovy)
	at com.kms.katalon.core.keyword.internal.KeywordMain.runKeyword(KeywordMain.groovy:75)
	at com.kms.katalon.core.keyword.builtin.CallTestCaseKeyword.callTestCase(CallTestCaseKeyword.groovy:81)
	at com.kms.katalon.core.keyword.builtin.CallTestCaseKeyword.execute(CallTestCaseKeyword.groovy:44)
	at com.kms.katalon.core.keyword.internal.KeywordExecutor.executeKeywordForPlatform(KeywordExecutor.groovy:74)
	at com.kms.katalon.core.keyword.BuiltinKeywords.callTestCase(BuiltinKeywords.groovy:310)
	at java.base/jdk.internal.reflect.NativeMethodAccessorImpl.invoke0(Native Method)
	at java.base/jdk.internal.reflect.NativeMethodAccessorImpl.invoke(NativeMethodAccessorImpl.java:77)
	at java.base/jdk.internal.reflect.DelegatingMethodAccessorImpl.invoke(DelegatingMethodAccessorImpl.java:43)
	at Script1702897804237.run(Script1702897804237.groovy:26)
	... 15 more
)
[[ATTACHMENT|C:\\Users\\maart\\Katalon Studio\\RisQIT Website\\Reports\\20231218_135846\\TS01 MenuCheck\\20231218_135846\\1702904361860.png]]

2023-12-18 13:59:22 - [MESSAGE][FAILED] - Unable to call Test Case 'Test Cases/Menu/RT000 MenuClicks' (Root cause: com.kms.katalon.core.exception.StepFailedException: Call Test Case 'Test Cases/Menu/RT000 MenuClicks' failed
	at com.kms.katalon.core.keyword.builtin.CallTestCaseKeyword$_callTestCase_closure1.doCall(CallTestCaseKeyword.groovy:63)
	at com.kms.katalon.core.keyword.builtin.CallTestCaseKeyword$_callTestCase_closure1.call(CallTestCaseKeyword.groovy)
	at com.kms.katalon.core.keyword.internal.KeywordMain.runKeyword(KeywordMain.groovy:75)
	at com.kms.katalon.core.keyword.builtin.CallTestCaseKeyword.callTestCase(CallTestCaseKeyword.groovy:81)
	at com.kms.katalon.core.keyword.builtin.CallTestCaseKeyword.execute(CallTestCaseKeyword.groovy:44)
	at com.kms.katalon.core.keyword.internal.KeywordExecutor.executeKeywordForPlatform(KeywordExecutor.groovy:74)
	at com.kms.katalon.core.keyword.BuiltinKeywords.callTestCase(BuiltinKeywords.groovy:310)
	at java.base/jdk.internal.reflect.NativeMethodAccessorImpl.invoke0(Native Method)
	at java.base/jdk.internal.reflect.NativeMethodAccessorImpl.invoke(NativeMethodAccessorImpl.java:77)
	at java.base/jdk.internal.reflect.DelegatingMethodAccessorImpl.invoke(DelegatingMethodAccessorImpl.java:43)
	at RT002 MenuClicks - SoftwareTesting.run(RT002 MenuClicks - SoftwareTesting:26)
	at com.kms.katalon.core.main.ScriptEngine.run(ScriptEngine.java:194)
	at com.kms.katalon.core.main.ScriptEngine.runScriptAsRawText(ScriptEngine.java:119)
	at com.kms.katalon.core.main.TestCaseExecutor.runScript(TestCaseExecutor.java:448)
	at com.kms.katalon.core.main.TestCaseExecutor.doExecute(TestCaseExecutor.java:439)
	at com.kms.katalon.core.main.TestCaseExecutor.processExecutionPhase(TestCaseExecutor.java:418)
	at com.kms.katalon.core.main.TestCaseExecutor.accessMainPhase(TestCaseExecutor.java:410)
	at com.kms.katalon.core.main.TestCaseExecutor.execute(TestCaseExecutor.java:285)
	at com.kms.katalon.core.common.CommonExecutor.accessTestCaseMainPhase(CommonExecutor.java:65)
	at com.kms.katalon.core.main.TestSuiteExecutor.accessTestSuiteMainPhase(TestSuiteExecutor.java:148)
	at com.kms.katalon.core.main.TestSuiteExecutor.execute(TestSuiteExecutor.java:106)
	at com.kms.katalon.core.main.TestCaseMain.startTestSuite(TestCaseMain.java:187)
	at TempTestSuite1702904326304.run(TempTestSuite1702904326304.groovy:36)
	at java.base/jdk.internal.reflect.NativeMethodAccessorImpl.invoke0(Native Method)
	at java.base/jdk.internal.reflect.NativeMethodAccessorImpl.invoke(NativeMethodAccessorImpl.java:77)
	at java.base/jdk.internal.reflect.DelegatingMethodAccessorImpl.invoke(DelegatingMethodAccessorImpl.java:43)
Caused by: com.kms.katalon.core.exception.StepFailedException: Unable to click on object 'Object Repository/MenuTopbar/btn_Menu_Diensten_SHT'
	at com.kms.katalon.core.webui.keyword.internal.WebUIKeywordMain.stepFailed(WebUIKeywordMain.groovy:64)
	at com.kms.katalon.core.webui.keyword.internal.WebUIKeywordMain.runKeyword(WebUIKeywordMain.groovy:26)
	at com.kms.katalon.core.webui.keyword.builtin.ClickKeyword.click(ClickKeyword.groovy:74)
	at com.kms.katalon.core.webui.keyword.builtin.ClickKeyword.execute(ClickKeyword.groovy:40)
	at com.kms.katalon.core.keyword.internal.KeywordExecutor.executeKeywordForPlatform(KeywordExecutor.groovy:74)
	at com.kms.katalon.core.webui.keyword.WebUiBuiltInKeywords.click(WebUiBuiltInKeywords.groovy:620)
	at RT000 MenuClicks.run(RT000 MenuClicks:32)
	at com.kms.katalon.core.main.ScriptEngine.run(ScriptEngine.java:194)
	at com.kms.katalon.core.main.ScriptEngine.runScriptAsRawText(ScriptEngine.java:119)
	at com.kms.katalon.core.main.TestCaseExecutor.runScript(TestCaseExecutor.java:448)
	at com.kms.katalon.core.main.TestCaseExecutor.doExecute(TestCaseExecutor.java:439)
	at com.kms.katalon.core.main.TestCaseExecutor.processExecutionPhase(TestCaseExecutor.java:418)
	at com.kms.katalon.core.main.TestCaseExecutor.accessMainPhase(TestCaseExecutor.java:410)
	at com.kms.katalon.core.main.TestCaseExecutor.execute(TestCaseExecutor.java:285)
	at com.kms.katalon.core.main.TestCaseMain.runTestCase(TestCaseMain.java:144)
	at com.kms.katalon.core.keyword.builtin.CallTestCaseKeyword$_callTestCase_closure1.doCall(CallTestCaseKeyword.groovy:59)
	... 25 more
Caused by: org.openqa.selenium.ElementNotInteractableException: element not interactable
  (Session info: chrome=120.0.6099.72)
Build info: version: '3.141.59', revision: 'e82be7d358', time: '2018-11-14T08:25:53'
System info: host: 'BERGTOP', ip: '192.168.1.100', os.name: 'Windows 11', os.arch: 'amd64', os.version: '10.0', java.version: '17.0.7'
Driver info: com.kms.katalon.selenium.driver.CChromeDriver
Capabilities {acceptInsecureCerts: false, browserName: chrome, browserVersion: 120.0.6099.72, chrome: {chromedriverVersion: 119.0.6045.105 (38c72552c5e..., userDataDir: C:\Users\maart\AppData\Loca...}, fedcm:accounts: true, goog:chromeOptions: {debuggerAddress: localhost:55492}, javascriptEnabled: true, networkConnectionEnabled: false, pageLoadStrategy: normal, platform: WINDOWS, platformName: WINDOWS, proxy: Proxy(), setWindowRect: true, strictFileInteractability: false, timeouts: {implicit: 0, pageLoad: 300000, script: 30000}, unhandledPromptBehavior: dismiss and notify, webauthn:extension:credBlob: true, webauthn:extension:largeBlob: true, webauthn:extension:minPinLength: true, webauthn:extension:prf: true, webauthn:virtualAuthenticators: true}
Session ID: 7eaff2ee90ec5dafd0e94eb3c95adcec
	at java.base/jdk.internal.reflect.NativeConstructorAccessorImpl.newInstance0(Native Method)
	at java.base/jdk.internal.reflect.NativeConstructorAccessorImpl.newInstance(NativeConstructorAccessorImpl.java:77)
	at java.base/jdk.internal.reflect.DelegatingConstructorAccessorImpl.newInstance(DelegatingConstructorAccessorImpl.java:45)
	at org.openqa.selenium.remote.http.W3CHttpResponseCodec.createException(W3CHttpResponseCodec.java:187)
	at org.openqa.selenium.remote.http.W3CHttpResponseCodec.decode(W3CHttpResponseCodec.java:122)
	at org.openqa.selenium.remote.http.W3CHttpResponseCodec.decode(W3CHttpResponseCodec.java:49)
	at org.openqa.selenium.remote.HttpCommandExecutor.execute(HttpCommandExecutor.java:158)
	at org.openqa.selenium.remote.service.DriverCommandExecutor.execute(DriverCommandExecutor.java:83)
	at org.openqa.selenium.remote.RemoteWebDriver.execute(RemoteWebDriver.java:552)
	at com.kms.katalon.selenium.driver.CChromeDriver.execute(CChromeDriver.java:19)
	at org.openqa.selenium.remote.RemoteWebElement.execute(RemoteWebElement.java:285)
	at org.openqa.selenium.remote.RemoteWebElement.click(RemoteWebElement.java:84)
	at java.base/jdk.internal.reflect.NativeMethodAccessorImpl.invoke0(Native Method)
	at java.base/jdk.internal.reflect.NativeMethodAccessorImpl.invoke(NativeMethodAccessorImpl.java:77)
	at java.base/jdk.internal.reflect.DelegatingMethodAccessorImpl.invoke(DelegatingMethodAccessorImpl.java:43)
	at org.openqa.selenium.support.events.EventFiringWebDriver$EventFiringWebElement.lambda$new$0(EventFiringWebDriver.java:404)
	at jdk.proxy2/jdk.proxy2.$Proxy24.click(Unknown Source)
	at org.openqa.selenium.support.events.EventFiringWebDriver$EventFiringWebElement.click(EventFiringWebDriver.java:417)
	at org.openqa.selenium.WebElement$click.call(Unknown Source)
	at com.kms.katalon.core.webui.keyword.builtin.ClickKeyword.clickUntilSuccessWithTimeout(ClickKeyword.groovy:81)
	at com.kms.katalon.core.webui.keyword.builtin.ClickKeyword.clickUntilSuccessWithTimeout(ClickKeyword.groovy)
	at java.base/jdk.internal.reflect.NativeMethodAccessorImpl.invoke0(Native Method)
	at java.base/jdk.internal.reflect.NativeMethodAccessorImpl.invoke(NativeMethodAccessorImpl.java:77)
	at java.base/jdk.internal.reflect.DelegatingMethodAccessorImpl.invoke(DelegatingMethodAccessorImpl.java:43)
	at com.kms.katalon.core.webui.keyword.builtin.ClickKeyword$_click_closure1.doCall(ClickKeyword.groovy:67)
	at com.kms.katalon.core.webui.keyword.builtin.ClickKeyword$_click_closure1.call(ClickKeyword.groovy)
	at com.kms.katalon.core.webui.keyword.internal.WebUIKeywordMain.runKeyword(WebUIKeywordMain.groovy:20)
	... 39 more
)]]></system-out>
         <system-err><![CDATA[2023-12-18 13:59:17 - [TEST_CASE][FAILED] - Test Cases/Menu/RT002 MenuClicks - SoftwareTesting: Test Cases/Menu/RT002 MenuClicks - SoftwareTesting FAILED.
Reason:
com.kms.katalon.core.exception.StepFailedException: Call Test Case 'Test Cases/Menu/RT000 MenuClicks' failed
	at com.kms.katalon.core.keyword.builtin.CallTestCaseKeyword$_callTestCase_closure1.doCall(CallTestCaseKeyword.groovy:63)
	at com.kms.katalon.core.keyword.builtin.CallTestCaseKeyword$_callTestCase_closure1.call(CallTestCaseKeyword.groovy)
	at com.kms.katalon.core.keyword.internal.KeywordMain.runKeyword(KeywordMain.groovy:75)
	at com.kms.katalon.core.keyword.builtin.CallTestCaseKeyword.callTestCase(CallTestCaseKeyword.groovy:81)
	at com.kms.katalon.core.keyword.builtin.CallTestCaseKeyword.execute(CallTestCaseKeyword.groovy:44)
	at com.kms.katalon.core.keyword.internal.KeywordExecutor.executeKeywordForPlatform(KeywordExecutor.groovy:74)
	at com.kms.katalon.core.keyword.BuiltinKeywords.callTestCase(BuiltinKeywords.groovy:310)
	at java.base/jdk.internal.reflect.NativeMethodAccessorImpl.invoke0(Native Method)
	at java.base/jdk.internal.reflect.NativeMethodAccessorImpl.invoke(NativeMethodAccessorImpl.java:77)
	at java.base/jdk.internal.reflect.DelegatingMethodAccessorImpl.invoke(DelegatingMethodAccessorImpl.java:43)
	at RT002 MenuClicks - SoftwareTesting.run(RT002 MenuClicks - SoftwareTesting:26)
	at com.kms.katalon.core.main.ScriptEngine.run(ScriptEngine.java:194)
	at com.kms.katalon.core.main.ScriptEngine.runScriptAsRawText(ScriptEngine.java:119)
	at com.kms.katalon.core.main.TestCaseExecutor.runScript(TestCaseExecutor.java:448)
	at com.kms.katalon.core.main.TestCaseExecutor.doExecute(TestCaseExecutor.java:439)
	at com.kms.katalon.core.main.TestCaseExecutor.processExecutionPhase(TestCaseExecutor.java:418)
	at com.kms.katalon.core.main.TestCaseExecutor.accessMainPhase(TestCaseExecutor.java:410)
	at com.kms.katalon.core.main.TestCaseExecutor.execute(TestCaseExecutor.java:285)
	at com.kms.katalon.core.common.CommonExecutor.accessTestCaseMainPhase(CommonExecutor.java:65)
	at com.kms.katalon.core.main.TestSuiteExecutor.accessTestSuiteMainPhase(TestSuiteExecutor.java:148)
	at com.kms.katalon.core.main.TestSuiteExecutor.execute(TestSuiteExecutor.java:106)
	at com.kms.katalon.core.main.TestCaseMain.startTestSuite(TestCaseMain.java:187)
	at TempTestSuite1702904326304.run(TempTestSuite1702904326304.groovy:36)
	at java.base/jdk.internal.reflect.NativeMethodAccessorImpl.invoke0(Native Method)
	at java.base/jdk.internal.reflect.NativeMethodAccessorImpl.invoke(NativeMethodAccessorImpl.java:77)
	at java.base/jdk.internal.reflect.DelegatingMethodAccessorImpl.invoke(DelegatingMethodAccessorImpl.java:43)
Caused by: com.kms.katalon.core.exception.StepFailedException: Unable to click on object 'Object Repository/MenuTopbar/btn_Menu_Diensten_SHT'
	at com.kms.katalon.core.webui.keyword.internal.WebUIKeywordMain.stepFailed(WebUIKeywordMain.groovy:64)
	at com.kms.katalon.core.webui.keyword.internal.WebUIKeywordMain.runKeyword(WebUIKeywordMain.groovy:26)
	at com.kms.katalon.core.webui.keyword.builtin.ClickKeyword.click(ClickKeyword.groovy:74)
	at com.kms.katalon.core.webui.keyword.builtin.ClickKeyword.execute(ClickKeyword.groovy:40)
	at com.kms.katalon.core.keyword.internal.KeywordExecutor.executeKeywordForPlatform(KeywordExecutor.groovy:74)
	at com.kms.katalon.core.webui.keyword.WebUiBuiltInKeywords.click(WebUiBuiltInKeywords.groovy:620)
	at RT000 MenuClicks.run(RT000 MenuClicks:32)
	at com.kms.katalon.core.main.ScriptEngine.run(ScriptEngine.java:194)
	at com.kms.katalon.core.main.ScriptEngine.runScriptAsRawText(ScriptEngine.java:119)
	at com.kms.katalon.core.main.TestCaseExecutor.runScript(TestCaseExecutor.java:448)
	at com.kms.katalon.core.main.TestCaseExecutor.doExecute(TestCaseExecutor.java:439)
	at com.kms.katalon.core.main.TestCaseExecutor.processExecutionPhase(TestCaseExecutor.java:418)
	at com.kms.katalon.core.main.TestCaseExecutor.accessMainPhase(TestCaseExecutor.java:410)
	at com.kms.katalon.core.main.TestCaseExecutor.execute(TestCaseExecutor.java:285)
	at com.kms.katalon.core.main.TestCaseMain.runTestCase(TestCaseMain.java:144)
	at com.kms.katalon.core.keyword.builtin.CallTestCaseKeyword$_callTestCase_closure1.doCall(CallTestCaseKeyword.groovy:59)
	... 25 more
Caused by: org.openqa.selenium.ElementNotInteractableException: element not interactable
  (Session info: chrome=120.0.6099.72)
Build info: version: '3.141.59', revision: 'e82be7d358', time: '2018-11-14T08:25:53'
System info: host: 'BERGTOP', ip: '192.168.1.100', os.name: 'Windows 11', os.arch: 'amd64', os.version: '10.0', java.version: '17.0.7'
Driver info: com.kms.katalon.selenium.driver.CChromeDriver
Capabilities {acceptInsecureCerts: false, browserName: chrome, browserVersion: 120.0.6099.72, chrome: {chromedriverVersion: 119.0.6045.105 (38c72552c5e..., userDataDir: C:\Users\maart\AppData\Loca...}, fedcm:accounts: true, goog:chromeOptions: {debuggerAddress: localhost:55492}, javascriptEnabled: true, networkConnectionEnabled: false, pageLoadStrategy: normal, platform: WINDOWS, platformName: WINDOWS, proxy: Proxy(), setWindowRect: true, strictFileInteractability: false, timeouts: {implicit: 0, pageLoad: 300000, script: 30000}, unhandledPromptBehavior: dismiss and notify, webauthn:extension:credBlob: true, webauthn:extension:largeBlob: true, webauthn:extension:minPinLength: true, webauthn:extension:prf: true, webauthn:virtualAuthenticators: true}
Session ID: 7eaff2ee90ec5dafd0e94eb3c95adcec
	at java.base/jdk.internal.reflect.NativeConstructorAccessorImpl.newInstance0(Native Method)
	at java.base/jdk.internal.reflect.NativeConstructorAccessorImpl.newInstance(NativeConstructorAccessorImpl.java:77)
	at java.base/jdk.internal.reflect.DelegatingConstructorAccessorImpl.newInstance(DelegatingConstructorAccessorImpl.java:45)
	at org.openqa.selenium.remote.http.W3CHttpResponseCodec.createException(W3CHttpResponseCodec.java:187)
	at org.openqa.selenium.remote.http.W3CHttpResponseCodec.decode(W3CHttpResponseCodec.java:122)
	at org.openqa.selenium.remote.http.W3CHttpResponseCodec.decode(W3CHttpResponseCodec.java:49)
	at org.openqa.selenium.remote.HttpCommandExecutor.execute(HttpCommandExecutor.java:158)
	at org.openqa.selenium.remote.service.DriverCommandExecutor.execute(DriverCommandExecutor.java:83)
	at org.openqa.selenium.remote.RemoteWebDriver.execute(RemoteWebDriver.java:552)
	at com.kms.katalon.selenium.driver.CChromeDriver.execute(CChromeDriver.java:19)
	at org.openqa.selenium.remote.RemoteWebElement.execute(RemoteWebElement.java:285)
	at org.openqa.selenium.remote.RemoteWebElement.click(RemoteWebElement.java:84)
	at java.base/jdk.internal.reflect.NativeMethodAccessorImpl.invoke0(Native Method)
	at java.base/jdk.internal.reflect.NativeMethodAccessorImpl.invoke(NativeMethodAccessorImpl.java:77)
	at java.base/jdk.internal.reflect.DelegatingMethodAccessorImpl.invoke(DelegatingMethodAccessorImpl.java:43)
	at org.openqa.selenium.support.events.EventFiringWebDriver$EventFiringWebElement.lambda$new$0(EventFiringWebDriver.java:404)
	at jdk.proxy2/jdk.proxy2.$Proxy24.click(Unknown Source)
	at org.openqa.selenium.support.events.EventFiringWebDriver$EventFiringWebElement.click(EventFiringWebDriver.java:417)
	at org.openqa.selenium.WebElement$click.call(Unknown Source)
	at com.kms.katalon.core.webui.keyword.builtin.ClickKeyword.clickUntilSuccessWithTimeout(ClickKeyword.groovy:81)
	at com.kms.katalon.core.webui.keyword.builtin.ClickKeyword.clickUntilSuccessWithTimeout(ClickKeyword.groovy)
	at java.base/jdk.internal.reflect.NativeMethodAccessorImpl.invoke0(Native Method)
	at java.base/jdk.internal.reflect.NativeMethodAccessorImpl.invoke(NativeMethodAccessorImpl.java:77)
	at java.base/jdk.internal.reflect.DelegatingMethodAccessorImpl.invoke(DelegatingMethodAccessorImpl.java:43)
	at com.kms.katalon.core.webui.keyword.builtin.ClickKeyword$_click_closure1.doCall(ClickKeyword.groovy:67)
	at com.kms.katalon.core.webui.keyword.builtin.ClickKeyword$_click_closure1.call(ClickKeyword.groovy)
	at com.kms.katalon.core.webui.keyword.internal.WebUIKeywordMain.runKeyword(WebUIKeywordMain.groovy:20)
	... 39 more]]></system-err>
      </testcase>
      <testcase name="Test Cases/Menu/RT003 MenuClicks - SHT" time="23.287" classname="Test Cases/Menu/RT003 MenuClicks - SHT" status="PASSED">
         <system-out><![CDATA[2023-12-18 13:59:22 - [TEST_CASE][PASSED] - Test Cases/Menu/RT003 MenuClicks - SHT: Test Cases/Menu/RT003 MenuClicks - SHT

2023-12-18 13:59:22 - [TEST_STEP][PASSED] - openBrowser(""): Browser is opened with url: ''

2023-12-18 13:59:22 - [MESSAGE][WARNING] - A browser is already opened. Closing browser and opening a new one

2023-12-18 13:59:22 - [MESSAGE][INFO] - Starting 'Chrome' driver

2023-12-18 13:59:22 - [MESSAGE][INFO] - Action delay is set to 0 milliseconds

2023-12-18 13:59:27 - [MESSAGE][PASSED] - Browser is opened with url: ''

2023-12-18 13:59:27 - [TEST_STEP][PASSED] - maximizeWindow(): Current window maximized

2023-12-18 13:59:28 - [MESSAGE][PASSED] - Current window maximized

2023-12-18 13:59:28 - [TEST_STEP][PASSED] - navigateToUrl(URL + SHT): Navigate to 'https://nlrisqitww-chaca.savviihq.com/security-en-hackerstest-sht/' successfully

2023-12-18 13:59:28 - [MESSAGE][PASSED] - Navigate to 'https://nlrisqitww-chaca.savviihq.com/security-en-hackerstest-sht/' successfully

2023-12-18 13:59:28 - [TEST_STEP][PASSED] - callTestCase(findTestCase("Menu/RT000 MenuClicks"), [:], STOP_ON_FAILURE): Call Test Case 'Test Cases/Menu/RT000 MenuClicks' successfully

2023-12-18 13:59:28 - [TEST_CASE][PASSED] - Test Cases/Menu/RT000 MenuClicks: Test Cases/Menu/RT000 MenuClicks

2023-12-18 13:59:28 - [TEST_STEP][PASSED] - actual_url = getUrl(): Current window's url is: 'https://nlrisqitww-chaca.savviihq.com/security-en-hackerstest-sht/'

2023-12-18 13:59:28 - [MESSAGE][PASSED] - Current window's url is: 'https://nlrisqitww-chaca.savviihq.com/security-en-hackerstest-sht/'

2023-12-18 13:59:28 - [TEST_STEP][PASSED] - mouseOver(findTestObject("MenuTopbar/btn_Menu_Diensten")): Object: 'Object Repository/MenuTopbar/btn_Menu_Diensten' is hovered

2023-12-18 13:59:28 - [MESSAGE][PASSED] - Object: 'Object Repository/MenuTopbar/btn_Menu_Diensten' is hovered

2023-12-18 13:59:28 - [TEST_STEP][PASSED] - click(findTestObject("MenuTopbar/btn_Menu_Diensten_SoftwareTesting")): Object: 'Object Repository/MenuTopbar/btn_Menu_Diensten_SoftwareTesting' is clicked on

2023-12-18 13:59:29 - [MESSAGE][PASSED] - Object: 'Object Repository/MenuTopbar/btn_Menu_Diensten_SoftwareTesting' is clicked on

2023-12-18 13:59:29 - [TEST_STEP][PASSED] - verifyElementText(findTestObject("Object Repository/Page_Software Testing - RisQIT/h1_Software Testing"), "Software Testing"): Actual text and expected text of test object 'Object Repository/Page_Software Testing - RisQIT/h1_Software Testing' are matched.

2023-12-18 13:59:30 - [MESSAGE][PASSED] - Actual text and expected text of test object 'Object Repository/Page_Software Testing - RisQIT/h1_Software Testing' are matched.

2023-12-18 13:59:30 - [TEST_STEP][PASSED] - navigateToUrl(actual_url): Navigate to 'https://nlrisqitww-chaca.savviihq.com/security-en-hackerstest-sht/' successfully

2023-12-18 13:59:30 - [MESSAGE][PASSED] - Navigate to 'https://nlrisqitww-chaca.savviihq.com/security-en-hackerstest-sht/' successfully

2023-12-18 13:59:30 - [TEST_STEP][PASSED] - mouseOver(findTestObject("MenuTopbar/btn_Menu_Diensten")): Object: 'Object Repository/MenuTopbar/btn_Menu_Diensten' is hovered

2023-12-18 13:59:31 - [MESSAGE][PASSED] - Object: 'Object Repository/MenuTopbar/btn_Menu_Diensten' is hovered

2023-12-18 13:59:31 - [TEST_STEP][PASSED] - click(findTestObject("MenuTopbar/btn_Menu_Diensten_SHT")): Object: 'Object Repository/MenuTopbar/btn_Menu_Diensten_SHT' is clicked on

2023-12-18 13:59:31 - [MESSAGE][PASSED] - Object: 'Object Repository/MenuTopbar/btn_Menu_Diensten_SHT' is clicked on

2023-12-18 13:59:31 - [TEST_STEP][PASSED] - verifyElementText(findTestObject("Page_Security en HackersTest (SHT) - RisQIT/h1_Security en HackersTest (SHT)"), "Security En HackersTest (SHT)"): Actual text and expected text of test object 'Object Repository/Page_Security en HackersTest (SHT) - RisQIT/h1_Security en HackersTest (SHT)' are matched.

2023-12-18 13:59:32 - [MESSAGE][PASSED] - Actual text and expected text of test object 'Object Repository/Page_Security en HackersTest (SHT) - RisQIT/h1_Security en HackersTest (SHT)' are matched.

2023-12-18 13:59:32 - [TEST_STEP][PASSED] - navigateToUrl(actual_url): Navigate to 'https://nlrisqitww-chaca.savviihq.com/security-en-hackerstest-sht/' successfully

2023-12-18 13:59:32 - [MESSAGE][PASSED] - Navigate to 'https://nlrisqitww-chaca.savviihq.com/security-en-hackerstest-sht/' successfully

2023-12-18 13:59:32 - [TEST_STEP][PASSED] - mouseOver(findTestObject("MenuTopbar/btn_Menu_Diensten")): Object: 'Object Repository/MenuTopbar/btn_Menu_Diensten' is hovered

2023-12-18 13:59:33 - [MESSAGE][PASSED] - Object: 'Object Repository/MenuTopbar/btn_Menu_Diensten' is hovered

2023-12-18 13:59:33 - [TEST_STEP][PASSED] - click(findTestObject("MenuTopbar/btn_Menu_Diensten_UXLab")): Object: 'Object Repository/MenuTopbar/btn_Menu_Diensten_UXLab' is clicked on

2023-12-18 13:59:33 - [MESSAGE][PASSED] - Object: 'Object Repository/MenuTopbar/btn_Menu_Diensten_UXLab' is clicked on

2023-12-18 13:59:33 - [TEST_STEP][PASSED] - verifyElementText(findTestObject("Object Repository/Page_UX Lab - RisQIT/h1_UX Lab"), "UX Lab"): Actual text and expected text of test object 'Object Repository/Page_UX Lab - RisQIT/h1_UX Lab' are matched.

2023-12-18 13:59:34 - [MESSAGE][PASSED] - Actual text and expected text of test object 'Object Repository/Page_UX Lab - RisQIT/h1_UX Lab' are matched.

2023-12-18 13:59:34 - [TEST_STEP][PASSED] - navigateToUrl(actual_url): Navigate to 'https://nlrisqitww-chaca.savviihq.com/security-en-hackerstest-sht/' successfully

2023-12-18 13:59:34 - [MESSAGE][PASSED] - Navigate to 'https://nlrisqitww-chaca.savviihq.com/security-en-hackerstest-sht/' successfully

2023-12-18 13:59:34 - [TEST_STEP][PASSED] - click(findTestObject("MenuTopbar/btn_Menu_OverOns")): Object: 'Object Repository/MenuTopbar/btn_Menu_OverOns' is clicked on

2023-12-18 13:59:34 - [MESSAGE][PASSED] - Object: 'Object Repository/MenuTopbar/btn_Menu_OverOns' is clicked on

2023-12-18 13:59:34 - [TEST_STEP][PASSED] - verifyElementText(findTestObject("Object Repository/Page_Over ons - RisQIT/h1_Over ons"), "Over Ons"): Actual text and expected text of test object 'Object Repository/Page_Over ons - RisQIT/h1_Over ons' are matched.

2023-12-18 13:59:35 - [MESSAGE][PASSED] - Actual text and expected text of test object 'Object Repository/Page_Over ons - RisQIT/h1_Over ons' are matched.

2023-12-18 13:59:35 - [TEST_STEP][PASSED] - navigateToUrl(actual_url): Navigate to 'https://nlrisqitww-chaca.savviihq.com/security-en-hackerstest-sht/' successfully

2023-12-18 13:59:35 - [MESSAGE][PASSED] - Navigate to 'https://nlrisqitww-chaca.savviihq.com/security-en-hackerstest-sht/' successfully

2023-12-18 13:59:35 - [TEST_STEP][PASSED] - mouseOver(findTestObject("MenuTopbar/btn_Menu_OverOns")): Object: 'Object Repository/MenuTopbar/btn_Menu_OverOns' is hovered

2023-12-18 13:59:36 - [MESSAGE][PASSED] - Object: 'Object Repository/MenuTopbar/btn_Menu_OverOns' is hovered

2023-12-18 13:59:36 - [TEST_STEP][PASSED] - click(findTestObject("MenuTopbar/btn_Menu_OverOns_MissieVisie")): Object: 'Object Repository/MenuTopbar/btn_Menu_OverOns_MissieVisie' is clicked on

2023-12-18 13:59:36 - [MESSAGE][PASSED] - Object: 'Object Repository/MenuTopbar/btn_Menu_OverOns_MissieVisie' is clicked on

2023-12-18 13:59:36 - [TEST_STEP][PASSED] - verifyElementText(findTestObject("Object Repository/Page_Missie  Visie - RisQIT/h1_Missie  Visie"), "Missie & Visie"): Actual text and expected text of test object 'Object Repository/Page_Missie  Visie - RisQIT/h1_Missie  Visie' are matched.

2023-12-18 13:59:37 - [MESSAGE][PASSED] - Actual text and expected text of test object 'Object Repository/Page_Missie  Visie - RisQIT/h1_Missie  Visie' are matched.

2023-12-18 13:59:37 - [TEST_STEP][PASSED] - navigateToUrl(actual_url): Navigate to 'https://nlrisqitww-chaca.savviihq.com/security-en-hackerstest-sht/' successfully

2023-12-18 13:59:37 - [MESSAGE][PASSED] - Navigate to 'https://nlrisqitww-chaca.savviihq.com/security-en-hackerstest-sht/' successfully

2023-12-18 13:59:37 - [TEST_STEP][PASSED] - mouseOver(findTestObject("MenuTopbar/btn_Menu_OverOns")): Object: 'Object Repository/MenuTopbar/btn_Menu_OverOns' is hovered

2023-12-18 13:59:37 - [MESSAGE][PASSED] - Object: 'Object Repository/MenuTopbar/btn_Menu_OverOns' is hovered

2023-12-18 13:59:37 - [TEST_STEP][PASSED] - click(findTestObject("MenuTopbar/btn_Menu_OverOns_HetGilde")): Object: 'Object Repository/MenuTopbar/btn_Menu_OverOns_HetGilde' is clicked on

2023-12-18 13:59:38 - [MESSAGE][PASSED] - Object: 'Object Repository/MenuTopbar/btn_Menu_OverOns_HetGilde' is clicked on

2023-12-18 13:59:38 - [TEST_STEP][PASSED] - verifyElementText(findTestObject("Object Repository/Page_Het Gilde - RisQIT/h1_Het Gilde"), "Het Gilde"): Actual text and expected text of test object 'Object Repository/Page_Het Gilde - RisQIT/h1_Het Gilde' are matched.

2023-12-18 13:59:38 - [MESSAGE][PASSED] - Actual text and expected text of test object 'Object Repository/Page_Het Gilde - RisQIT/h1_Het Gilde' are matched.

2023-12-18 13:59:38 - [TEST_STEP][PASSED] - navigateToUrl(actual_url): Navigate to 'https://nlrisqitww-chaca.savviihq.com/security-en-hackerstest-sht/' successfully

2023-12-18 13:59:39 - [MESSAGE][PASSED] - Navigate to 'https://nlrisqitww-chaca.savviihq.com/security-en-hackerstest-sht/' successfully

2023-12-18 13:59:39 - [TEST_STEP][PASSED] - mouseOver(findTestObject("MenuTopbar/btn_Menu_OverOns")): Object: 'Object Repository/MenuTopbar/btn_Menu_OverOns' is hovered

2023-12-18 13:59:39 - [MESSAGE][PASSED] - Object: 'Object Repository/MenuTopbar/btn_Menu_OverOns' is hovered

2023-12-18 13:59:39 - [TEST_STEP][PASSED] - click(findTestObject("MenuTopbar/btn_Menu_OverOns_SuperTester")): Object: 'Object Repository/MenuTopbar/btn_Menu_OverOns_SuperTester' is clicked on

2023-12-18 13:59:40 - [MESSAGE][PASSED] - Object: 'Object Repository/MenuTopbar/btn_Menu_OverOns_SuperTester' is clicked on

2023-12-18 13:59:40 - [TEST_STEP][PASSED] - verifyElementText(findTestObject("Object Repository/Page_SuperTester - RisQIT/h1_Whitepaper SuperTester"), "Whitepaper SuperTester"): Actual text and expected text of test object 'Object Repository/Page_SuperTester - RisQIT/h1_Whitepaper SuperTester' are matched.

2023-12-18 13:59:40 - [MESSAGE][PASSED] - Actual text and expected text of test object 'Object Repository/Page_SuperTester - RisQIT/h1_Whitepaper SuperTester' are matched.

2023-12-18 13:59:40 - [TEST_STEP][PASSED] - navigateToUrl(actual_url): Navigate to 'https://nlrisqitww-chaca.savviihq.com/security-en-hackerstest-sht/' successfully

2023-12-18 13:59:40 - [MESSAGE][PASSED] - Navigate to 'https://nlrisqitww-chaca.savviihq.com/security-en-hackerstest-sht/' successfully

2023-12-18 13:59:40 - [TEST_STEP][PASSED] - click(findTestObject("MenuTopbar/btn_Menu_Blog")): Object: 'Object Repository/MenuTopbar/btn_Menu_Blog' is clicked on

2023-12-18 13:59:41 - [MESSAGE][PASSED] - Object: 'Object Repository/MenuTopbar/btn_Menu_Blog' is clicked on

2023-12-18 13:59:41 - [TEST_STEP][PASSED] - verifyElementText(findTestObject("Object Repository/Page_Blog - RisQIT/h1_Blog"), "Blog"): Actual text and expected text of test object 'Object Repository/Page_Blog - RisQIT/h1_Blog' are matched.

2023-12-18 13:59:42 - [MESSAGE][PASSED] - Actual text and expected text of test object 'Object Repository/Page_Blog - RisQIT/h1_Blog' are matched.

2023-12-18 13:59:42 - [TEST_STEP][PASSED] - click(findTestObject("MenuTopbar/btn_Menu_Vacatures")): Object: 'Object Repository/MenuTopbar/btn_Menu_Vacatures' is clicked on

2023-12-18 13:59:42 - [MESSAGE][PASSED] - Object: 'Object Repository/MenuTopbar/btn_Menu_Vacatures' is clicked on

2023-12-18 13:59:42 - [TEST_STEP][PASSED] - verifyElementText(findTestObject("Object Repository/Page_Vacatures - RisQIT/h1_Vacatures"), "Vacatures"): Actual text and expected text of test object 'Object Repository/Page_Vacatures - RisQIT/h1_Vacatures' are matched.

2023-12-18 13:59:43 - [MESSAGE][PASSED] - Actual text and expected text of test object 'Object Repository/Page_Vacatures - RisQIT/h1_Vacatures' are matched.

2023-12-18 13:59:43 - [TEST_STEP][PASSED] - navigateToUrl(actual_url): Navigate to 'https://nlrisqitww-chaca.savviihq.com/security-en-hackerstest-sht/' successfully

2023-12-18 13:59:43 - [MESSAGE][PASSED] - Navigate to 'https://nlrisqitww-chaca.savviihq.com/security-en-hackerstest-sht/' successfully

2023-12-18 13:59:43 - [TEST_STEP][PASSED] - click(findTestObject("Object Repository/MenuTopbar/Page_Vacatures - RisQIT/div_Contact opnemen")): Object: 'Object Repository/MenuTopbar/Page_Vacatures - RisQIT/div_Contact opnemen' is clicked on

2023-12-18 13:59:43 - [MESSAGE][PASSED] - Object: 'Object Repository/MenuTopbar/Page_Vacatures - RisQIT/div_Contact opnemen' is clicked on

2023-12-18 13:59:43 - [TEST_STEP][PASSED] - verifyElementText(findTestObject("Object Repository/Page_Contact - RisQIT/h1_Contact"), "Contact"): Actual text and expected text of test object 'Object Repository/Page_Contact - RisQIT/h1_Contact' are matched.

2023-12-18 13:59:44 - [MESSAGE][PASSED] - Actual text and expected text of test object 'Object Repository/Page_Contact - RisQIT/h1_Contact' are matched.

2023-12-18 13:59:44 - [TEST_STEP][PASSED] - click(findTestObject("MenuTopbar/img_Logo")): Object: 'Object Repository/MenuTopbar/img_Logo' is clicked on

2023-12-18 13:59:44 - [MESSAGE][PASSED] - Object: 'Object Repository/MenuTopbar/img_Logo' is clicked on

2023-12-18 13:59:44 - [TEST_STEP][PASSED] - verifyElementText(findTestObject("Object Repository/Page_Home - RisQIT/h1_Ga voor duurzaamheid en vertrouwen, same_4bc4a8"), "Ga voor duurzaamheid en vertrouwen, samen met ons!"): Actual text and expected text of test object 'Object Repository/Page_Home - RisQIT/h1_Ga voor duurzaamheid en vertrouwen, same_4bc4a8' are matched.

2023-12-18 13:59:45 - [MESSAGE][PASSED] - Actual text and expected text of test object 'Object Repository/Page_Home - RisQIT/h1_Ga voor duurzaamheid en vertrouwen, same_4bc4a8' are matched.

2023-12-18 13:59:45 - [MESSAGE][PASSED] - Call Test Case 'Test Cases/Menu/RT000 MenuClicks' successfully

2023-12-18 13:59:45 - [TEST_STEP][PASSED] - closeBrowser(): Browser is closed

2023-12-18 13:59:45 - [MESSAGE][PASSED] - Browser is closed]]></system-out>
         <system-err><![CDATA[]]></system-err>
      </testcase>
      <testcase name="Test Cases/Menu/RT004 MenuClicks - UX-Lab" time="19.008" classname="Test Cases/Menu/RT004 MenuClicks - UX-Lab" status="PASSED">
         <system-out><![CDATA[2023-12-18 13:59:45 - [TEST_CASE][PASSED] - Test Cases/Menu/RT004 MenuClicks - UX-Lab: Test Cases/Menu/RT004 MenuClicks - UX-Lab

2023-12-18 13:59:45 - [TEST_STEP][PASSED] - openBrowser(""): Browser is opened with url: ''

2023-12-18 13:59:45 - [MESSAGE][INFO] - Starting 'Chrome' driver

2023-12-18 13:59:45 - [MESSAGE][INFO] - Action delay is set to 0 milliseconds

2023-12-18 13:59:46 - [MESSAGE][PASSED] - Browser is opened with url: ''

2023-12-18 13:59:46 - [TEST_STEP][PASSED] - maximizeWindow(): Current window maximized

2023-12-18 13:59:46 - [MESSAGE][PASSED] - Current window maximized

2023-12-18 13:59:46 - [TEST_STEP][PASSED] - navigateToUrl(URL + UXLAB): Navigate to 'https://nlrisqitww-chaca.savviihq.com/ux-lab/' successfully

2023-12-18 13:59:47 - [MESSAGE][PASSED] - Navigate to 'https://nlrisqitww-chaca.savviihq.com/ux-lab/' successfully

2023-12-18 13:59:47 - [TEST_STEP][PASSED] - callTestCase(findTestCase("Menu/RT000 MenuClicks"), [:], STOP_ON_FAILURE): Call Test Case 'Test Cases/Menu/RT000 MenuClicks' successfully

2023-12-18 13:59:47 - [TEST_CASE][PASSED] - Test Cases/Menu/RT000 MenuClicks: Test Cases/Menu/RT000 MenuClicks

2023-12-18 13:59:47 - [TEST_STEP][PASSED] - actual_url = getUrl(): Current window's url is: 'https://nlrisqitww-chaca.savviihq.com/ux-lab/'

2023-12-18 13:59:47 - [MESSAGE][PASSED] - Current window's url is: 'https://nlrisqitww-chaca.savviihq.com/ux-lab/'

2023-12-18 13:59:47 - [TEST_STEP][PASSED] - mouseOver(findTestObject("MenuTopbar/btn_Menu_Diensten")): Object: 'Object Repository/MenuTopbar/btn_Menu_Diensten' is hovered

2023-12-18 13:59:48 - [MESSAGE][PASSED] - Object: 'Object Repository/MenuTopbar/btn_Menu_Diensten' is hovered

2023-12-18 13:59:48 - [TEST_STEP][PASSED] - click(findTestObject("MenuTopbar/btn_Menu_Diensten_SoftwareTesting")): Object: 'Object Repository/MenuTopbar/btn_Menu_Diensten_SoftwareTesting' is clicked on

2023-12-18 13:59:49 - [MESSAGE][PASSED] - Object: 'Object Repository/MenuTopbar/btn_Menu_Diensten_SoftwareTesting' is clicked on

2023-12-18 13:59:49 - [TEST_STEP][PASSED] - verifyElementText(findTestObject("Object Repository/Page_Software Testing - RisQIT/h1_Software Testing"), "Software Testing"): Actual text and expected text of test object 'Object Repository/Page_Software Testing - RisQIT/h1_Software Testing' are matched.

2023-12-18 13:59:49 - [MESSAGE][PASSED] - Actual text and expected text of test object 'Object Repository/Page_Software Testing - RisQIT/h1_Software Testing' are matched.

2023-12-18 13:59:49 - [TEST_STEP][PASSED] - navigateToUrl(actual_url): Navigate to 'https://nlrisqitww-chaca.savviihq.com/ux-lab/' successfully

2023-12-18 13:59:50 - [MESSAGE][PASSED] - Navigate to 'https://nlrisqitww-chaca.savviihq.com/ux-lab/' successfully

2023-12-18 13:59:50 - [TEST_STEP][PASSED] - mouseOver(findTestObject("MenuTopbar/btn_Menu_Diensten")): Object: 'Object Repository/MenuTopbar/btn_Menu_Diensten' is hovered

2023-12-18 13:59:50 - [MESSAGE][PASSED] - Object: 'Object Repository/MenuTopbar/btn_Menu_Diensten' is hovered

2023-12-18 13:59:50 - [TEST_STEP][PASSED] - click(findTestObject("MenuTopbar/btn_Menu_Diensten_SHT")): Object: 'Object Repository/MenuTopbar/btn_Menu_Diensten_SHT' is clicked on

2023-12-18 13:59:51 - [MESSAGE][PASSED] - Object: 'Object Repository/MenuTopbar/btn_Menu_Diensten_SHT' is clicked on

2023-12-18 13:59:51 - [TEST_STEP][PASSED] - verifyElementText(findTestObject("Page_Security en HackersTest (SHT) - RisQIT/h1_Security en HackersTest (SHT)"), "Security En HackersTest (SHT)"): Actual text and expected text of test object 'Object Repository/Page_Security en HackersTest (SHT) - RisQIT/h1_Security en HackersTest (SHT)' are matched.

2023-12-18 13:59:51 - [MESSAGE][PASSED] - Actual text and expected text of test object 'Object Repository/Page_Security en HackersTest (SHT) - RisQIT/h1_Security en HackersTest (SHT)' are matched.

2023-12-18 13:59:51 - [TEST_STEP][PASSED] - navigateToUrl(actual_url): Navigate to 'https://nlrisqitww-chaca.savviihq.com/ux-lab/' successfully

2023-12-18 13:59:51 - [MESSAGE][PASSED] - Navigate to 'https://nlrisqitww-chaca.savviihq.com/ux-lab/' successfully

2023-12-18 13:59:51 - [TEST_STEP][PASSED] - mouseOver(findTestObject("MenuTopbar/btn_Menu_Diensten")): Object: 'Object Repository/MenuTopbar/btn_Menu_Diensten' is hovered

2023-12-18 13:59:52 - [MESSAGE][PASSED] - Object: 'Object Repository/MenuTopbar/btn_Menu_Diensten' is hovered

2023-12-18 13:59:52 - [TEST_STEP][PASSED] - click(findTestObject("MenuTopbar/btn_Menu_Diensten_UXLab")): Object: 'Object Repository/MenuTopbar/btn_Menu_Diensten_UXLab' is clicked on

2023-12-18 13:59:53 - [MESSAGE][PASSED] - Object: 'Object Repository/MenuTopbar/btn_Menu_Diensten_UXLab' is clicked on

2023-12-18 13:59:53 - [TEST_STEP][PASSED] - verifyElementText(findTestObject("Object Repository/Page_UX Lab - RisQIT/h1_UX Lab"), "UX Lab"): Actual text and expected text of test object 'Object Repository/Page_UX Lab - RisQIT/h1_UX Lab' are matched.

2023-12-18 13:59:53 - [MESSAGE][PASSED] - Actual text and expected text of test object 'Object Repository/Page_UX Lab - RisQIT/h1_UX Lab' are matched.

2023-12-18 13:59:53 - [TEST_STEP][PASSED] - navigateToUrl(actual_url): Navigate to 'https://nlrisqitww-chaca.savviihq.com/ux-lab/' successfully

2023-12-18 13:59:53 - [MESSAGE][PASSED] - Navigate to 'https://nlrisqitww-chaca.savviihq.com/ux-lab/' successfully

2023-12-18 13:59:53 - [TEST_STEP][PASSED] - click(findTestObject("MenuTopbar/btn_Menu_OverOns")): Object: 'Object Repository/MenuTopbar/btn_Menu_OverOns' is clicked on

2023-12-18 13:59:54 - [MESSAGE][PASSED] - Object: 'Object Repository/MenuTopbar/btn_Menu_OverOns' is clicked on

2023-12-18 13:59:54 - [TEST_STEP][PASSED] - verifyElementText(findTestObject("Object Repository/Page_Over ons - RisQIT/h1_Over ons"), "Over Ons"): Actual text and expected text of test object 'Object Repository/Page_Over ons - RisQIT/h1_Over ons' are matched.

2023-12-18 13:59:54 - [MESSAGE][PASSED] - Actual text and expected text of test object 'Object Repository/Page_Over ons - RisQIT/h1_Over ons' are matched.

2023-12-18 13:59:54 - [TEST_STEP][PASSED] - navigateToUrl(actual_url): Navigate to 'https://nlrisqitww-chaca.savviihq.com/ux-lab/' successfully

2023-12-18 13:59:54 - [MESSAGE][PASSED] - Navigate to 'https://nlrisqitww-chaca.savviihq.com/ux-lab/' successfully

2023-12-18 13:59:54 - [TEST_STEP][PASSED] - mouseOver(findTestObject("MenuTopbar/btn_Menu_OverOns")): Object: 'Object Repository/MenuTopbar/btn_Menu_OverOns' is hovered

2023-12-18 13:59:55 - [MESSAGE][PASSED] - Object: 'Object Repository/MenuTopbar/btn_Menu_OverOns' is hovered

2023-12-18 13:59:55 - [TEST_STEP][PASSED] - click(findTestObject("MenuTopbar/btn_Menu_OverOns_MissieVisie")): Object: 'Object Repository/MenuTopbar/btn_Menu_OverOns_MissieVisie' is clicked on

2023-12-18 13:59:56 - [MESSAGE][PASSED] - Object: 'Object Repository/MenuTopbar/btn_Menu_OverOns_MissieVisie' is clicked on

2023-12-18 13:59:56 - [TEST_STEP][PASSED] - verifyElementText(findTestObject("Object Repository/Page_Missie  Visie - RisQIT/h1_Missie  Visie"), "Missie & Visie"): Actual text and expected text of test object 'Object Repository/Page_Missie  Visie - RisQIT/h1_Missie  Visie' are matched.

2023-12-18 13:59:56 - [MESSAGE][PASSED] - Actual text and expected text of test object 'Object Repository/Page_Missie  Visie - RisQIT/h1_Missie  Visie' are matched.

2023-12-18 13:59:56 - [TEST_STEP][PASSED] - navigateToUrl(actual_url): Navigate to 'https://nlrisqitww-chaca.savviihq.com/ux-lab/' successfully

2023-12-18 13:59:56 - [MESSAGE][PASSED] - Navigate to 'https://nlrisqitww-chaca.savviihq.com/ux-lab/' successfully

2023-12-18 13:59:56 - [TEST_STEP][PASSED] - mouseOver(findTestObject("MenuTopbar/btn_Menu_OverOns")): Object: 'Object Repository/MenuTopbar/btn_Menu_OverOns' is hovered

2023-12-18 13:59:57 - [MESSAGE][PASSED] - Object: 'Object Repository/MenuTopbar/btn_Menu_OverOns' is hovered

2023-12-18 13:59:57 - [TEST_STEP][PASSED] - click(findTestObject("MenuTopbar/btn_Menu_OverOns_HetGilde")): Object: 'Object Repository/MenuTopbar/btn_Menu_OverOns_HetGilde' is clicked on

2023-12-18 13:59:57 - [MESSAGE][PASSED] - Object: 'Object Repository/MenuTopbar/btn_Menu_OverOns_HetGilde' is clicked on

2023-12-18 13:59:57 - [TEST_STEP][PASSED] - verifyElementText(findTestObject("Object Repository/Page_Het Gilde - RisQIT/h1_Het Gilde"), "Het Gilde"): Actual text and expected text of test object 'Object Repository/Page_Het Gilde - RisQIT/h1_Het Gilde' are matched.

2023-12-18 13:59:58 - [MESSAGE][PASSED] - Actual text and expected text of test object 'Object Repository/Page_Het Gilde - RisQIT/h1_Het Gilde' are matched.

2023-12-18 13:59:58 - [TEST_STEP][PASSED] - navigateToUrl(actual_url): Navigate to 'https://nlrisqitww-chaca.savviihq.com/ux-lab/' successfully

2023-12-18 13:59:58 - [MESSAGE][PASSED] - Navigate to 'https://nlrisqitww-chaca.savviihq.com/ux-lab/' successfully

2023-12-18 13:59:58 - [TEST_STEP][PASSED] - mouseOver(findTestObject("MenuTopbar/btn_Menu_OverOns")): Object: 'Object Repository/MenuTopbar/btn_Menu_OverOns' is hovered

2023-12-18 13:59:59 - [MESSAGE][PASSED] - Object: 'Object Repository/MenuTopbar/btn_Menu_OverOns' is hovered

2023-12-18 13:59:59 - [TEST_STEP][PASSED] - click(findTestObject("MenuTopbar/btn_Menu_OverOns_SuperTester")): Object: 'Object Repository/MenuTopbar/btn_Menu_OverOns_SuperTester' is clicked on

2023-12-18 13:59:59 - [MESSAGE][PASSED] - Object: 'Object Repository/MenuTopbar/btn_Menu_OverOns_SuperTester' is clicked on

2023-12-18 13:59:59 - [TEST_STEP][PASSED] - verifyElementText(findTestObject("Object Repository/Page_SuperTester - RisQIT/h1_Whitepaper SuperTester"), "Whitepaper SuperTester"): Actual text and expected text of test object 'Object Repository/Page_SuperTester - RisQIT/h1_Whitepaper SuperTester' are matched.

2023-12-18 14:00:00 - [MESSAGE][PASSED] - Actual text and expected text of test object 'Object Repository/Page_SuperTester - RisQIT/h1_Whitepaper SuperTester' are matched.

2023-12-18 14:00:00 - [TEST_STEP][PASSED] - navigateToUrl(actual_url): Navigate to 'https://nlrisqitww-chaca.savviihq.com/ux-lab/' successfully

2023-12-18 14:00:00 - [MESSAGE][PASSED] - Navigate to 'https://nlrisqitww-chaca.savviihq.com/ux-lab/' successfully

2023-12-18 14:00:00 - [TEST_STEP][PASSED] - click(findTestObject("MenuTopbar/btn_Menu_Blog")): Object: 'Object Repository/MenuTopbar/btn_Menu_Blog' is clicked on

2023-12-18 14:00:01 - [MESSAGE][PASSED] - Object: 'Object Repository/MenuTopbar/btn_Menu_Blog' is clicked on

2023-12-18 14:00:01 - [TEST_STEP][PASSED] - verifyElementText(findTestObject("Object Repository/Page_Blog - RisQIT/h1_Blog"), "Blog"): Actual text and expected text of test object 'Object Repository/Page_Blog - RisQIT/h1_Blog' are matched.

2023-12-18 14:00:01 - [MESSAGE][PASSED] - Actual text and expected text of test object 'Object Repository/Page_Blog - RisQIT/h1_Blog' are matched.

2023-12-18 14:00:01 - [TEST_STEP][PASSED] - click(findTestObject("MenuTopbar/btn_Menu_Vacatures")): Object: 'Object Repository/MenuTopbar/btn_Menu_Vacatures' is clicked on

2023-12-18 14:00:01 - [MESSAGE][PASSED] - Object: 'Object Repository/MenuTopbar/btn_Menu_Vacatures' is clicked on

2023-12-18 14:00:01 - [TEST_STEP][PASSED] - verifyElementText(findTestObject("Object Repository/Page_Vacatures - RisQIT/h1_Vacatures"), "Vacatures"): Actual text and expected text of test object 'Object Repository/Page_Vacatures - RisQIT/h1_Vacatures' are matched.

2023-12-18 14:00:02 - [MESSAGE][PASSED] - Actual text and expected text of test object 'Object Repository/Page_Vacatures - RisQIT/h1_Vacatures' are matched.

2023-12-18 14:00:02 - [TEST_STEP][PASSED] - navigateToUrl(actual_url): Navigate to 'https://nlrisqitww-chaca.savviihq.com/ux-lab/' successfully

2023-12-18 14:00:02 - [MESSAGE][PASSED] - Navigate to 'https://nlrisqitww-chaca.savviihq.com/ux-lab/' successfully

2023-12-18 14:00:02 - [TEST_STEP][PASSED] - click(findTestObject("Object Repository/MenuTopbar/Page_Vacatures - RisQIT/div_Contact opnemen")): Object: 'Object Repository/MenuTopbar/Page_Vacatures - RisQIT/div_Contact opnemen' is clicked on

2023-12-18 14:00:02 - [MESSAGE][PASSED] - Object: 'Object Repository/MenuTopbar/Page_Vacatures - RisQIT/div_Contact opnemen' is clicked on

2023-12-18 14:00:02 - [TEST_STEP][PASSED] - verifyElementText(findTestObject("Object Repository/Page_Contact - RisQIT/h1_Contact"), "Contact"): Actual text and expected text of test object 'Object Repository/Page_Contact - RisQIT/h1_Contact' are matched.

2023-12-18 14:00:03 - [MESSAGE][PASSED] - Actual text and expected text of test object 'Object Repository/Page_Contact - RisQIT/h1_Contact' are matched.

2023-12-18 14:00:03 - [TEST_STEP][PASSED] - click(findTestObject("MenuTopbar/img_Logo")): Object: 'Object Repository/MenuTopbar/img_Logo' is clicked on

2023-12-18 14:00:03 - [MESSAGE][PASSED] - Object: 'Object Repository/MenuTopbar/img_Logo' is clicked on

2023-12-18 14:00:03 - [TEST_STEP][PASSED] - verifyElementText(findTestObject("Object Repository/Page_Home - RisQIT/h1_Ga voor duurzaamheid en vertrouwen, same_4bc4a8"), "Ga voor duurzaamheid en vertrouwen, samen met ons!"): Actual text and expected text of test object 'Object Repository/Page_Home - RisQIT/h1_Ga voor duurzaamheid en vertrouwen, same_4bc4a8' are matched.

2023-12-18 14:00:04 - [MESSAGE][PASSED] - Actual text and expected text of test object 'Object Repository/Page_Home - RisQIT/h1_Ga voor duurzaamheid en vertrouwen, same_4bc4a8' are matched.

2023-12-18 14:00:04 - [MESSAGE][PASSED] - Call Test Case 'Test Cases/Menu/RT000 MenuClicks' successfully

2023-12-18 14:00:04 - [TEST_STEP][PASSED] - closeBrowser(): Browser is closed

2023-12-18 14:00:04 - [MESSAGE][PASSED] - Browser is closed]]></system-out>
         <system-err><![CDATA[]]></system-err>
      </testcase>
      <testcase name="Test Cases/Menu/RT005 MenuClicks - Over Ons" time="17.827" classname="Test Cases/Menu/RT005 MenuClicks - Over Ons" status="PASSED">
         <system-out><![CDATA[2023-12-18 14:00:04 - [TEST_CASE][PASSED] - Test Cases/Menu/RT005 MenuClicks - Over Ons: Test Cases/Menu/RT005 MenuClicks - Over Ons

2023-12-18 14:00:04 - [TEST_STEP][PASSED] - openBrowser(""): Browser is opened with url: ''

2023-12-18 14:00:04 - [MESSAGE][INFO] - Starting 'Chrome' driver

2023-12-18 14:00:04 - [MESSAGE][INFO] - Action delay is set to 0 milliseconds

2023-12-18 14:00:05 - [MESSAGE][PASSED] - Browser is opened with url: ''

2023-12-18 14:00:05 - [TEST_STEP][PASSED] - maximizeWindow(): Current window maximized

2023-12-18 14:00:05 - [MESSAGE][PASSED] - Current window maximized

2023-12-18 14:00:05 - [TEST_STEP][PASSED] - navigateToUrl(URL + OVER_ONS): Navigate to 'https://nlrisqitww-chaca.savviihq.com/over-ons/' successfully

2023-12-18 14:00:05 - [MESSAGE][PASSED] - Navigate to 'https://nlrisqitww-chaca.savviihq.com/over-ons/' successfully

2023-12-18 14:00:05 - [TEST_STEP][PASSED] - callTestCase(findTestCase("Menu/RT000 MenuClicks"), [:], STOP_ON_FAILURE): Call Test Case 'Test Cases/Menu/RT000 MenuClicks' successfully

2023-12-18 14:00:05 - [TEST_CASE][PASSED] - Test Cases/Menu/RT000 MenuClicks: Test Cases/Menu/RT000 MenuClicks

2023-12-18 14:00:05 - [TEST_STEP][PASSED] - actual_url = getUrl(): Current window's url is: 'https://nlrisqitww-chaca.savviihq.com/over-ons/'

2023-12-18 14:00:05 - [MESSAGE][PASSED] - Current window's url is: 'https://nlrisqitww-chaca.savviihq.com/over-ons/'

2023-12-18 14:00:05 - [TEST_STEP][PASSED] - mouseOver(findTestObject("MenuTopbar/btn_Menu_Diensten")): Object: 'Object Repository/MenuTopbar/btn_Menu_Diensten' is hovered

2023-12-18 14:00:06 - [MESSAGE][PASSED] - Object: 'Object Repository/MenuTopbar/btn_Menu_Diensten' is hovered

2023-12-18 14:00:06 - [TEST_STEP][PASSED] - click(findTestObject("MenuTopbar/btn_Menu_Diensten_SoftwareTesting")): Object: 'Object Repository/MenuTopbar/btn_Menu_Diensten_SoftwareTesting' is clicked on

2023-12-18 14:00:07 - [MESSAGE][PASSED] - Object: 'Object Repository/MenuTopbar/btn_Menu_Diensten_SoftwareTesting' is clicked on

2023-12-18 14:00:07 - [TEST_STEP][PASSED] - verifyElementText(findTestObject("Object Repository/Page_Software Testing - RisQIT/h1_Software Testing"), "Software Testing"): Actual text and expected text of test object 'Object Repository/Page_Software Testing - RisQIT/h1_Software Testing' are matched.

2023-12-18 14:00:07 - [MESSAGE][PASSED] - Actual text and expected text of test object 'Object Repository/Page_Software Testing - RisQIT/h1_Software Testing' are matched.

2023-12-18 14:00:07 - [TEST_STEP][PASSED] - navigateToUrl(actual_url): Navigate to 'https://nlrisqitww-chaca.savviihq.com/over-ons/' successfully

2023-12-18 14:00:07 - [MESSAGE][PASSED] - Navigate to 'https://nlrisqitww-chaca.savviihq.com/over-ons/' successfully

2023-12-18 14:00:07 - [TEST_STEP][PASSED] - mouseOver(findTestObject("MenuTopbar/btn_Menu_Diensten")): Object: 'Object Repository/MenuTopbar/btn_Menu_Diensten' is hovered

2023-12-18 14:00:08 - [MESSAGE][PASSED] - Object: 'Object Repository/MenuTopbar/btn_Menu_Diensten' is hovered

2023-12-18 14:00:08 - [TEST_STEP][PASSED] - click(findTestObject("MenuTopbar/btn_Menu_Diensten_SHT")): Object: 'Object Repository/MenuTopbar/btn_Menu_Diensten_SHT' is clicked on

2023-12-18 14:00:09 - [MESSAGE][PASSED] - Object: 'Object Repository/MenuTopbar/btn_Menu_Diensten_SHT' is clicked on

2023-12-18 14:00:09 - [TEST_STEP][PASSED] - verifyElementText(findTestObject("Page_Security en HackersTest (SHT) - RisQIT/h1_Security en HackersTest (SHT)"), "Security En HackersTest (SHT)"): Actual text and expected text of test object 'Object Repository/Page_Security en HackersTest (SHT) - RisQIT/h1_Security en HackersTest (SHT)' are matched.

2023-12-18 14:00:09 - [MESSAGE][PASSED] - Actual text and expected text of test object 'Object Repository/Page_Security en HackersTest (SHT) - RisQIT/h1_Security en HackersTest (SHT)' are matched.

2023-12-18 14:00:09 - [TEST_STEP][PASSED] - navigateToUrl(actual_url): Navigate to 'https://nlrisqitww-chaca.savviihq.com/over-ons/' successfully

2023-12-18 14:00:09 - [MESSAGE][PASSED] - Navigate to 'https://nlrisqitww-chaca.savviihq.com/over-ons/' successfully

2023-12-18 14:00:09 - [TEST_STEP][PASSED] - mouseOver(findTestObject("MenuTopbar/btn_Menu_Diensten")): Object: 'Object Repository/MenuTopbar/btn_Menu_Diensten' is hovered

2023-12-18 14:00:10 - [MESSAGE][PASSED] - Object: 'Object Repository/MenuTopbar/btn_Menu_Diensten' is hovered

2023-12-18 14:00:10 - [TEST_STEP][PASSED] - click(findTestObject("MenuTopbar/btn_Menu_Diensten_UXLab")): Object: 'Object Repository/MenuTopbar/btn_Menu_Diensten_UXLab' is clicked on

2023-12-18 14:00:10 - [MESSAGE][PASSED] - Object: 'Object Repository/MenuTopbar/btn_Menu_Diensten_UXLab' is clicked on

2023-12-18 14:00:10 - [TEST_STEP][PASSED] - verifyElementText(findTestObject("Object Repository/Page_UX Lab - RisQIT/h1_UX Lab"), "UX Lab"): Actual text and expected text of test object 'Object Repository/Page_UX Lab - RisQIT/h1_UX Lab' are matched.

2023-12-18 14:00:11 - [MESSAGE][PASSED] - Actual text and expected text of test object 'Object Repository/Page_UX Lab - RisQIT/h1_UX Lab' are matched.

2023-12-18 14:00:11 - [TEST_STEP][PASSED] - navigateToUrl(actual_url): Navigate to 'https://nlrisqitww-chaca.savviihq.com/over-ons/' successfully

2023-12-18 14:00:11 - [MESSAGE][PASSED] - Navigate to 'https://nlrisqitww-chaca.savviihq.com/over-ons/' successfully

2023-12-18 14:00:11 - [TEST_STEP][PASSED] - click(findTestObject("MenuTopbar/btn_Menu_OverOns")): Object: 'Object Repository/MenuTopbar/btn_Menu_OverOns' is clicked on

2023-12-18 14:00:12 - [MESSAGE][PASSED] - Object: 'Object Repository/MenuTopbar/btn_Menu_OverOns' is clicked on

2023-12-18 14:00:12 - [TEST_STEP][PASSED] - verifyElementText(findTestObject("Object Repository/Page_Over ons - RisQIT/h1_Over ons"), "Over Ons"): Actual text and expected text of test object 'Object Repository/Page_Over ons - RisQIT/h1_Over ons' are matched.

2023-12-18 14:00:12 - [MESSAGE][PASSED] - Actual text and expected text of test object 'Object Repository/Page_Over ons - RisQIT/h1_Over ons' are matched.

2023-12-18 14:00:12 - [TEST_STEP][PASSED] - navigateToUrl(actual_url): Navigate to 'https://nlrisqitww-chaca.savviihq.com/over-ons/' successfully

2023-12-18 14:00:12 - [MESSAGE][PASSED] - Navigate to 'https://nlrisqitww-chaca.savviihq.com/over-ons/' successfully

2023-12-18 14:00:12 - [TEST_STEP][PASSED] - mouseOver(findTestObject("MenuTopbar/btn_Menu_OverOns")): Object: 'Object Repository/MenuTopbar/btn_Menu_OverOns' is hovered

2023-12-18 14:00:13 - [MESSAGE][PASSED] - Object: 'Object Repository/MenuTopbar/btn_Menu_OverOns' is hovered

2023-12-18 14:00:13 - [TEST_STEP][PASSED] - click(findTestObject("MenuTopbar/btn_Menu_OverOns_MissieVisie")): Object: 'Object Repository/MenuTopbar/btn_Menu_OverOns_MissieVisie' is clicked on

2023-12-18 14:00:13 - [MESSAGE][PASSED] - Object: 'Object Repository/MenuTopbar/btn_Menu_OverOns_MissieVisie' is clicked on

2023-12-18 14:00:13 - [TEST_STEP][PASSED] - verifyElementText(findTestObject("Object Repository/Page_Missie  Visie - RisQIT/h1_Missie  Visie"), "Missie & Visie"): Actual text and expected text of test object 'Object Repository/Page_Missie  Visie - RisQIT/h1_Missie  Visie' are matched.

2023-12-18 14:00:14 - [MESSAGE][PASSED] - Actual text and expected text of test object 'Object Repository/Page_Missie  Visie - RisQIT/h1_Missie  Visie' are matched.

2023-12-18 14:00:14 - [TEST_STEP][PASSED] - navigateToUrl(actual_url): Navigate to 'https://nlrisqitww-chaca.savviihq.com/over-ons/' successfully

2023-12-18 14:00:14 - [MESSAGE][PASSED] - Navigate to 'https://nlrisqitww-chaca.savviihq.com/over-ons/' successfully

2023-12-18 14:00:14 - [TEST_STEP][PASSED] - mouseOver(findTestObject("MenuTopbar/btn_Menu_OverOns")): Object: 'Object Repository/MenuTopbar/btn_Menu_OverOns' is hovered

2023-12-18 14:00:15 - [MESSAGE][PASSED] - Object: 'Object Repository/MenuTopbar/btn_Menu_OverOns' is hovered

2023-12-18 14:00:15 - [TEST_STEP][PASSED] - click(findTestObject("MenuTopbar/btn_Menu_OverOns_HetGilde")): Object: 'Object Repository/MenuTopbar/btn_Menu_OverOns_HetGilde' is clicked on

2023-12-18 14:00:15 - [MESSAGE][PASSED] - Object: 'Object Repository/MenuTopbar/btn_Menu_OverOns_HetGilde' is clicked on

2023-12-18 14:00:15 - [TEST_STEP][PASSED] - verifyElementText(findTestObject("Object Repository/Page_Het Gilde - RisQIT/h1_Het Gilde"), "Het Gilde"): Actual text and expected text of test object 'Object Repository/Page_Het Gilde - RisQIT/h1_Het Gilde' are matched.

2023-12-18 14:00:16 - [MESSAGE][PASSED] - Actual text and expected text of test object 'Object Repository/Page_Het Gilde - RisQIT/h1_Het Gilde' are matched.

2023-12-18 14:00:16 - [TEST_STEP][PASSED] - navigateToUrl(actual_url): Navigate to 'https://nlrisqitww-chaca.savviihq.com/over-ons/' successfully

2023-12-18 14:00:16 - [MESSAGE][PASSED] - Navigate to 'https://nlrisqitww-chaca.savviihq.com/over-ons/' successfully

2023-12-18 14:00:16 - [TEST_STEP][PASSED] - mouseOver(findTestObject("MenuTopbar/btn_Menu_OverOns")): Object: 'Object Repository/MenuTopbar/btn_Menu_OverOns' is hovered

2023-12-18 14:00:17 - [MESSAGE][PASSED] - Object: 'Object Repository/MenuTopbar/btn_Menu_OverOns' is hovered

2023-12-18 14:00:17 - [TEST_STEP][PASSED] - click(findTestObject("MenuTopbar/btn_Menu_OverOns_SuperTester")): Object: 'Object Repository/MenuTopbar/btn_Menu_OverOns_SuperTester' is clicked on

2023-12-18 14:00:17 - [MESSAGE][PASSED] - Object: 'Object Repository/MenuTopbar/btn_Menu_OverOns_SuperTester' is clicked on

2023-12-18 14:00:17 - [TEST_STEP][PASSED] - verifyElementText(findTestObject("Object Repository/Page_SuperTester - RisQIT/h1_Whitepaper SuperTester"), "Whitepaper SuperTester"): Actual text and expected text of test object 'Object Repository/Page_SuperTester - RisQIT/h1_Whitepaper SuperTester' are matched.

2023-12-18 14:00:18 - [MESSAGE][PASSED] - Actual text and expected text of test object 'Object Repository/Page_SuperTester - RisQIT/h1_Whitepaper SuperTester' are matched.

2023-12-18 14:00:18 - [TEST_STEP][PASSED] - navigateToUrl(actual_url): Navigate to 'https://nlrisqitww-chaca.savviihq.com/over-ons/' successfully

2023-12-18 14:00:18 - [MESSAGE][PASSED] - Navigate to 'https://nlrisqitww-chaca.savviihq.com/over-ons/' successfully

2023-12-18 14:00:18 - [TEST_STEP][PASSED] - click(findTestObject("MenuTopbar/btn_Menu_Blog")): Object: 'Object Repository/MenuTopbar/btn_Menu_Blog' is clicked on

2023-12-18 14:00:18 - [MESSAGE][PASSED] - Object: 'Object Repository/MenuTopbar/btn_Menu_Blog' is clicked on

2023-12-18 14:00:18 - [TEST_STEP][PASSED] - verifyElementText(findTestObject("Object Repository/Page_Blog - RisQIT/h1_Blog"), "Blog"): Actual text and expected text of test object 'Object Repository/Page_Blog - RisQIT/h1_Blog' are matched.

2023-12-18 14:00:19 - [MESSAGE][PASSED] - Actual text and expected text of test object 'Object Repository/Page_Blog - RisQIT/h1_Blog' are matched.

2023-12-18 14:00:19 - [TEST_STEP][PASSED] - click(findTestObject("MenuTopbar/btn_Menu_Vacatures")): Object: 'Object Repository/MenuTopbar/btn_Menu_Vacatures' is clicked on

2023-12-18 14:00:19 - [MESSAGE][PASSED] - Object: 'Object Repository/MenuTopbar/btn_Menu_Vacatures' is clicked on

2023-12-18 14:00:19 - [TEST_STEP][PASSED] - verifyElementText(findTestObject("Object Repository/Page_Vacatures - RisQIT/h1_Vacatures"), "Vacatures"): Actual text and expected text of test object 'Object Repository/Page_Vacatures - RisQIT/h1_Vacatures' are matched.

2023-12-18 14:00:20 - [MESSAGE][PASSED] - Actual text and expected text of test object 'Object Repository/Page_Vacatures - RisQIT/h1_Vacatures' are matched.

2023-12-18 14:00:20 - [TEST_STEP][PASSED] - navigateToUrl(actual_url): Navigate to 'https://nlrisqitww-chaca.savviihq.com/over-ons/' successfully

2023-12-18 14:00:20 - [MESSAGE][PASSED] - Navigate to 'https://nlrisqitww-chaca.savviihq.com/over-ons/' successfully

2023-12-18 14:00:20 - [TEST_STEP][PASSED] - click(findTestObject("Object Repository/MenuTopbar/Page_Vacatures - RisQIT/div_Contact opnemen")): Object: 'Object Repository/MenuTopbar/Page_Vacatures - RisQIT/div_Contact opnemen' is clicked on

2023-12-18 14:00:20 - [MESSAGE][PASSED] - Object: 'Object Repository/MenuTopbar/Page_Vacatures - RisQIT/div_Contact opnemen' is clicked on

2023-12-18 14:00:20 - [TEST_STEP][PASSED] - verifyElementText(findTestObject("Object Repository/Page_Contact - RisQIT/h1_Contact"), "Contact"): Actual text and expected text of test object 'Object Repository/Page_Contact - RisQIT/h1_Contact' are matched.

2023-12-18 14:00:20 - [MESSAGE][PASSED] - Actual text and expected text of test object 'Object Repository/Page_Contact - RisQIT/h1_Contact' are matched.

2023-12-18 14:00:20 - [TEST_STEP][PASSED] - click(findTestObject("MenuTopbar/img_Logo")): Object: 'Object Repository/MenuTopbar/img_Logo' is clicked on

2023-12-18 14:00:21 - [MESSAGE][PASSED] - Object: 'Object Repository/MenuTopbar/img_Logo' is clicked on

2023-12-18 14:00:21 - [TEST_STEP][PASSED] - verifyElementText(findTestObject("Object Repository/Page_Home - RisQIT/h1_Ga voor duurzaamheid en vertrouwen, same_4bc4a8"), "Ga voor duurzaamheid en vertrouwen, samen met ons!"): Actual text and expected text of test object 'Object Repository/Page_Home - RisQIT/h1_Ga voor duurzaamheid en vertrouwen, same_4bc4a8' are matched.

2023-12-18 14:00:22 - [MESSAGE][PASSED] - Actual text and expected text of test object 'Object Repository/Page_Home - RisQIT/h1_Ga voor duurzaamheid en vertrouwen, same_4bc4a8' are matched.

2023-12-18 14:00:22 - [MESSAGE][PASSED] - Call Test Case 'Test Cases/Menu/RT000 MenuClicks' successfully

2023-12-18 14:00:22 - [TEST_STEP][PASSED] - closeBrowser(): Browser is closed

2023-12-18 14:00:22 - [MESSAGE][PASSED] - Browser is closed]]></system-out>
         <system-err><![CDATA[]]></system-err>
      </testcase>
      <testcase name="Test Cases/Menu/RT006 MenuClicks - Missie_Visie" time="18.064" classname="Test Cases/Menu/RT006 MenuClicks - Missie_Visie" status="PASSED">
         <system-out><![CDATA[2023-12-18 14:00:22 - [TEST_CASE][PASSED] - Test Cases/Menu/RT006 MenuClicks - Missie_Visie: Test Cases/Menu/RT006 MenuClicks - Missie_Visie

2023-12-18 14:00:22 - [TEST_STEP][PASSED] - openBrowser(""): Browser is opened with url: ''

2023-12-18 14:00:22 - [MESSAGE][INFO] - Starting 'Chrome' driver

2023-12-18 14:00:22 - [MESSAGE][INFO] - Action delay is set to 0 milliseconds

2023-12-18 14:00:22 - [MESSAGE][PASSED] - Browser is opened with url: ''

2023-12-18 14:00:22 - [TEST_STEP][PASSED] - maximizeWindow(): Current window maximized

2023-12-18 14:00:22 - [MESSAGE][PASSED] - Current window maximized

2023-12-18 14:00:22 - [TEST_STEP][PASSED] - navigateToUrl(URL + OVER_ONS + MISSIE_VISIE): Navigate to 'https://nlrisqitww-chaca.savviihq.com/over-ons/missie-visie/' successfully

2023-12-18 14:00:23 - [MESSAGE][PASSED] - Navigate to 'https://nlrisqitww-chaca.savviihq.com/over-ons/missie-visie/' successfully

2023-12-18 14:00:23 - [TEST_STEP][PASSED] - callTestCase(findTestCase("Menu/RT000 MenuClicks"), [:], STOP_ON_FAILURE): Call Test Case 'Test Cases/Menu/RT000 MenuClicks' successfully

2023-12-18 14:00:23 - [TEST_CASE][PASSED] - Test Cases/Menu/RT000 MenuClicks: Test Cases/Menu/RT000 MenuClicks

2023-12-18 14:00:23 - [TEST_STEP][PASSED] - actual_url = getUrl(): Current window's url is: 'https://nlrisqitww-chaca.savviihq.com/over-ons/missie-visie/'

2023-12-18 14:00:23 - [MESSAGE][PASSED] - Current window's url is: 'https://nlrisqitww-chaca.savviihq.com/over-ons/missie-visie/'

2023-12-18 14:00:23 - [TEST_STEP][PASSED] - mouseOver(findTestObject("MenuTopbar/btn_Menu_Diensten")): Object: 'Object Repository/MenuTopbar/btn_Menu_Diensten' is hovered

2023-12-18 14:00:23 - [MESSAGE][PASSED] - Object: 'Object Repository/MenuTopbar/btn_Menu_Diensten' is hovered

2023-12-18 14:00:23 - [TEST_STEP][PASSED] - click(findTestObject("MenuTopbar/btn_Menu_Diensten_SoftwareTesting")): Object: 'Object Repository/MenuTopbar/btn_Menu_Diensten_SoftwareTesting' is clicked on

2023-12-18 14:00:24 - [MESSAGE][PASSED] - Object: 'Object Repository/MenuTopbar/btn_Menu_Diensten_SoftwareTesting' is clicked on

2023-12-18 14:00:24 - [TEST_STEP][PASSED] - verifyElementText(findTestObject("Object Repository/Page_Software Testing - RisQIT/h1_Software Testing"), "Software Testing"): Actual text and expected text of test object 'Object Repository/Page_Software Testing - RisQIT/h1_Software Testing' are matched.

2023-12-18 14:00:25 - [MESSAGE][PASSED] - Actual text and expected text of test object 'Object Repository/Page_Software Testing - RisQIT/h1_Software Testing' are matched.

2023-12-18 14:00:25 - [TEST_STEP][PASSED] - navigateToUrl(actual_url): Navigate to 'https://nlrisqitww-chaca.savviihq.com/over-ons/missie-visie/' successfully

2023-12-18 14:00:25 - [MESSAGE][PASSED] - Navigate to 'https://nlrisqitww-chaca.savviihq.com/over-ons/missie-visie/' successfully

2023-12-18 14:00:25 - [TEST_STEP][PASSED] - mouseOver(findTestObject("MenuTopbar/btn_Menu_Diensten")): Object: 'Object Repository/MenuTopbar/btn_Menu_Diensten' is hovered

2023-12-18 14:00:26 - [MESSAGE][PASSED] - Object: 'Object Repository/MenuTopbar/btn_Menu_Diensten' is hovered

2023-12-18 14:00:26 - [TEST_STEP][PASSED] - click(findTestObject("MenuTopbar/btn_Menu_Diensten_SHT")): Object: 'Object Repository/MenuTopbar/btn_Menu_Diensten_SHT' is clicked on

2023-12-18 14:00:26 - [MESSAGE][PASSED] - Object: 'Object Repository/MenuTopbar/btn_Menu_Diensten_SHT' is clicked on

2023-12-18 14:00:26 - [TEST_STEP][PASSED] - verifyElementText(findTestObject("Page_Security en HackersTest (SHT) - RisQIT/h1_Security en HackersTest (SHT)"), "Security En HackersTest (SHT)"): Actual text and expected text of test object 'Object Repository/Page_Security en HackersTest (SHT) - RisQIT/h1_Security en HackersTest (SHT)' are matched.

2023-12-18 14:00:27 - [MESSAGE][PASSED] - Actual text and expected text of test object 'Object Repository/Page_Security en HackersTest (SHT) - RisQIT/h1_Security en HackersTest (SHT)' are matched.

2023-12-18 14:00:27 - [TEST_STEP][PASSED] - navigateToUrl(actual_url): Navigate to 'https://nlrisqitww-chaca.savviihq.com/over-ons/missie-visie/' successfully

2023-12-18 14:00:27 - [MESSAGE][PASSED] - Navigate to 'https://nlrisqitww-chaca.savviihq.com/over-ons/missie-visie/' successfully

2023-12-18 14:00:27 - [TEST_STEP][PASSED] - mouseOver(findTestObject("MenuTopbar/btn_Menu_Diensten")): Object: 'Object Repository/MenuTopbar/btn_Menu_Diensten' is hovered

2023-12-18 14:00:28 - [MESSAGE][PASSED] - Object: 'Object Repository/MenuTopbar/btn_Menu_Diensten' is hovered

2023-12-18 14:00:28 - [TEST_STEP][PASSED] - click(findTestObject("MenuTopbar/btn_Menu_Diensten_UXLab")): Object: 'Object Repository/MenuTopbar/btn_Menu_Diensten_UXLab' is clicked on

2023-12-18 14:00:28 - [MESSAGE][PASSED] - Object: 'Object Repository/MenuTopbar/btn_Menu_Diensten_UXLab' is clicked on

2023-12-18 14:00:28 - [TEST_STEP][PASSED] - verifyElementText(findTestObject("Object Repository/Page_UX Lab - RisQIT/h1_UX Lab"), "UX Lab"): Actual text and expected text of test object 'Object Repository/Page_UX Lab - RisQIT/h1_UX Lab' are matched.

2023-12-18 14:00:29 - [MESSAGE][PASSED] - Actual text and expected text of test object 'Object Repository/Page_UX Lab - RisQIT/h1_UX Lab' are matched.

2023-12-18 14:00:29 - [TEST_STEP][PASSED] - navigateToUrl(actual_url): Navigate to 'https://nlrisqitww-chaca.savviihq.com/over-ons/missie-visie/' successfully

2023-12-18 14:00:29 - [MESSAGE][PASSED] - Navigate to 'https://nlrisqitww-chaca.savviihq.com/over-ons/missie-visie/' successfully

2023-12-18 14:00:29 - [TEST_STEP][PASSED] - click(findTestObject("MenuTopbar/btn_Menu_OverOns")): Object: 'Object Repository/MenuTopbar/btn_Menu_OverOns' is clicked on

2023-12-18 14:00:29 - [MESSAGE][PASSED] - Object: 'Object Repository/MenuTopbar/btn_Menu_OverOns' is clicked on

2023-12-18 14:00:29 - [TEST_STEP][PASSED] - verifyElementText(findTestObject("Object Repository/Page_Over ons - RisQIT/h1_Over ons"), "Over Ons"): Actual text and expected text of test object 'Object Repository/Page_Over ons - RisQIT/h1_Over ons' are matched.

2023-12-18 14:00:30 - [MESSAGE][PASSED] - Actual text and expected text of test object 'Object Repository/Page_Over ons - RisQIT/h1_Over ons' are matched.

2023-12-18 14:00:30 - [TEST_STEP][PASSED] - navigateToUrl(actual_url): Navigate to 'https://nlrisqitww-chaca.savviihq.com/over-ons/missie-visie/' successfully

2023-12-18 14:00:30 - [MESSAGE][PASSED] - Navigate to 'https://nlrisqitww-chaca.savviihq.com/over-ons/missie-visie/' successfully

2023-12-18 14:00:30 - [TEST_STEP][PASSED] - mouseOver(findTestObject("MenuTopbar/btn_Menu_OverOns")): Object: 'Object Repository/MenuTopbar/btn_Menu_OverOns' is hovered

2023-12-18 14:00:31 - [MESSAGE][PASSED] - Object: 'Object Repository/MenuTopbar/btn_Menu_OverOns' is hovered

2023-12-18 14:00:31 - [TEST_STEP][PASSED] - click(findTestObject("MenuTopbar/btn_Menu_OverOns_MissieVisie")): Object: 'Object Repository/MenuTopbar/btn_Menu_OverOns_MissieVisie' is clicked on

2023-12-18 14:00:31 - [MESSAGE][PASSED] - Object: 'Object Repository/MenuTopbar/btn_Menu_OverOns_MissieVisie' is clicked on

2023-12-18 14:00:31 - [TEST_STEP][PASSED] - verifyElementText(findTestObject("Object Repository/Page_Missie  Visie - RisQIT/h1_Missie  Visie"), "Missie & Visie"): Actual text and expected text of test object 'Object Repository/Page_Missie  Visie - RisQIT/h1_Missie  Visie' are matched.

2023-12-18 14:00:32 - [MESSAGE][PASSED] - Actual text and expected text of test object 'Object Repository/Page_Missie  Visie - RisQIT/h1_Missie  Visie' are matched.

2023-12-18 14:00:32 - [TEST_STEP][PASSED] - navigateToUrl(actual_url): Navigate to 'https://nlrisqitww-chaca.savviihq.com/over-ons/missie-visie/' successfully

2023-12-18 14:00:32 - [MESSAGE][PASSED] - Navigate to 'https://nlrisqitww-chaca.savviihq.com/over-ons/missie-visie/' successfully

2023-12-18 14:00:32 - [TEST_STEP][PASSED] - mouseOver(findTestObject("MenuTopbar/btn_Menu_OverOns")): Object: 'Object Repository/MenuTopbar/btn_Menu_OverOns' is hovered

2023-12-18 14:00:32 - [MESSAGE][PASSED] - Object: 'Object Repository/MenuTopbar/btn_Menu_OverOns' is hovered

2023-12-18 14:00:32 - [TEST_STEP][PASSED] - click(findTestObject("MenuTopbar/btn_Menu_OverOns_HetGilde")): Object: 'Object Repository/MenuTopbar/btn_Menu_OverOns_HetGilde' is clicked on

2023-12-18 14:00:33 - [MESSAGE][PASSED] - Object: 'Object Repository/MenuTopbar/btn_Menu_OverOns_HetGilde' is clicked on

2023-12-18 14:00:33 - [TEST_STEP][PASSED] - verifyElementText(findTestObject("Object Repository/Page_Het Gilde - RisQIT/h1_Het Gilde"), "Het Gilde"): Actual text and expected text of test object 'Object Repository/Page_Het Gilde - RisQIT/h1_Het Gilde' are matched.

2023-12-18 14:00:33 - [MESSAGE][PASSED] - Actual text and expected text of test object 'Object Repository/Page_Het Gilde - RisQIT/h1_Het Gilde' are matched.

2023-12-18 14:00:33 - [TEST_STEP][PASSED] - navigateToUrl(actual_url): Navigate to 'https://nlrisqitww-chaca.savviihq.com/over-ons/missie-visie/' successfully

2023-12-18 14:00:34 - [MESSAGE][PASSED] - Navigate to 'https://nlrisqitww-chaca.savviihq.com/over-ons/missie-visie/' successfully

2023-12-18 14:00:34 - [TEST_STEP][PASSED] - mouseOver(findTestObject("MenuTopbar/btn_Menu_OverOns")): Object: 'Object Repository/MenuTopbar/btn_Menu_OverOns' is hovered

2023-12-18 14:00:34 - [MESSAGE][PASSED] - Object: 'Object Repository/MenuTopbar/btn_Menu_OverOns' is hovered

2023-12-18 14:00:34 - [TEST_STEP][PASSED] - click(findTestObject("MenuTopbar/btn_Menu_OverOns_SuperTester")): Object: 'Object Repository/MenuTopbar/btn_Menu_OverOns_SuperTester' is clicked on

2023-12-18 14:00:35 - [MESSAGE][PASSED] - Object: 'Object Repository/MenuTopbar/btn_Menu_OverOns_SuperTester' is clicked on

2023-12-18 14:00:35 - [TEST_STEP][PASSED] - verifyElementText(findTestObject("Object Repository/Page_SuperTester - RisQIT/h1_Whitepaper SuperTester"), "Whitepaper SuperTester"): Actual text and expected text of test object 'Object Repository/Page_SuperTester - RisQIT/h1_Whitepaper SuperTester' are matched.

2023-12-18 14:00:35 - [MESSAGE][PASSED] - Actual text and expected text of test object 'Object Repository/Page_SuperTester - RisQIT/h1_Whitepaper SuperTester' are matched.

2023-12-18 14:00:35 - [TEST_STEP][PASSED] - navigateToUrl(actual_url): Navigate to 'https://nlrisqitww-chaca.savviihq.com/over-ons/missie-visie/' successfully

2023-12-18 14:00:36 - [MESSAGE][PASSED] - Navigate to 'https://nlrisqitww-chaca.savviihq.com/over-ons/missie-visie/' successfully

2023-12-18 14:00:36 - [TEST_STEP][PASSED] - click(findTestObject("MenuTopbar/btn_Menu_Blog")): Object: 'Object Repository/MenuTopbar/btn_Menu_Blog' is clicked on

2023-12-18 14:00:36 - [MESSAGE][PASSED] - Object: 'Object Repository/MenuTopbar/btn_Menu_Blog' is clicked on

2023-12-18 14:00:36 - [TEST_STEP][PASSED] - verifyElementText(findTestObject("Object Repository/Page_Blog - RisQIT/h1_Blog"), "Blog"): Actual text and expected text of test object 'Object Repository/Page_Blog - RisQIT/h1_Blog' are matched.

2023-12-18 14:00:36 - [MESSAGE][PASSED] - Actual text and expected text of test object 'Object Repository/Page_Blog - RisQIT/h1_Blog' are matched.

2023-12-18 14:00:36 - [TEST_STEP][PASSED] - click(findTestObject("MenuTopbar/btn_Menu_Vacatures")): Object: 'Object Repository/MenuTopbar/btn_Menu_Vacatures' is clicked on

2023-12-18 14:00:37 - [MESSAGE][PASSED] - Object: 'Object Repository/MenuTopbar/btn_Menu_Vacatures' is clicked on

2023-12-18 14:00:37 - [TEST_STEP][PASSED] - verifyElementText(findTestObject("Object Repository/Page_Vacatures - RisQIT/h1_Vacatures"), "Vacatures"): Actual text and expected text of test object 'Object Repository/Page_Vacatures - RisQIT/h1_Vacatures' are matched.

2023-12-18 14:00:37 - [MESSAGE][PASSED] - Actual text and expected text of test object 'Object Repository/Page_Vacatures - RisQIT/h1_Vacatures' are matched.

2023-12-18 14:00:37 - [TEST_STEP][PASSED] - navigateToUrl(actual_url): Navigate to 'https://nlrisqitww-chaca.savviihq.com/over-ons/missie-visie/' successfully

2023-12-18 14:00:37 - [MESSAGE][PASSED] - Navigate to 'https://nlrisqitww-chaca.savviihq.com/over-ons/missie-visie/' successfully

2023-12-18 14:00:37 - [TEST_STEP][PASSED] - click(findTestObject("Object Repository/MenuTopbar/Page_Vacatures - RisQIT/div_Contact opnemen")): Object: 'Object Repository/MenuTopbar/Page_Vacatures - RisQIT/div_Contact opnemen' is clicked on

2023-12-18 14:00:38 - [MESSAGE][PASSED] - Object: 'Object Repository/MenuTopbar/Page_Vacatures - RisQIT/div_Contact opnemen' is clicked on

2023-12-18 14:00:38 - [TEST_STEP][PASSED] - verifyElementText(findTestObject("Object Repository/Page_Contact - RisQIT/h1_Contact"), "Contact"): Actual text and expected text of test object 'Object Repository/Page_Contact - RisQIT/h1_Contact' are matched.

2023-12-18 14:00:39 - [MESSAGE][PASSED] - Actual text and expected text of test object 'Object Repository/Page_Contact - RisQIT/h1_Contact' are matched.

2023-12-18 14:00:39 - [TEST_STEP][PASSED] - click(findTestObject("MenuTopbar/img_Logo")): Object: 'Object Repository/MenuTopbar/img_Logo' is clicked on

2023-12-18 14:00:39 - [MESSAGE][PASSED] - Object: 'Object Repository/MenuTopbar/img_Logo' is clicked on

2023-12-18 14:00:39 - [TEST_STEP][PASSED] - verifyElementText(findTestObject("Object Repository/Page_Home - RisQIT/h1_Ga voor duurzaamheid en vertrouwen, same_4bc4a8"), "Ga voor duurzaamheid en vertrouwen, samen met ons!"): Actual text and expected text of test object 'Object Repository/Page_Home - RisQIT/h1_Ga voor duurzaamheid en vertrouwen, same_4bc4a8' are matched.

2023-12-18 14:00:40 - [MESSAGE][PASSED] - Actual text and expected text of test object 'Object Repository/Page_Home - RisQIT/h1_Ga voor duurzaamheid en vertrouwen, same_4bc4a8' are matched.

2023-12-18 14:00:40 - [MESSAGE][PASSED] - Call Test Case 'Test Cases/Menu/RT000 MenuClicks' successfully

2023-12-18 14:00:40 - [TEST_STEP][PASSED] - closeBrowser(): Browser is closed

2023-12-18 14:00:40 - [MESSAGE][PASSED] - Browser is closed]]></system-out>
         <system-err><![CDATA[]]></system-err>
      </testcase>
      <testcase name="Test Cases/Menu/RT007 MenuClicks - Het Gilde" time="18.124" classname="Test Cases/Menu/RT007 MenuClicks - Het Gilde" status="PASSED">
         <system-out><![CDATA[2023-12-18 14:00:40 - [TEST_CASE][PASSED] - Test Cases/Menu/RT007 MenuClicks - Het Gilde: Test Cases/Menu/RT007 MenuClicks - Het Gilde

2023-12-18 14:00:40 - [TEST_STEP][PASSED] - openBrowser(""): Browser is opened with url: ''

2023-12-18 14:00:40 - [MESSAGE][INFO] - Starting 'Chrome' driver

2023-12-18 14:00:40 - [MESSAGE][INFO] - Action delay is set to 0 milliseconds

2023-12-18 14:00:40 - [MESSAGE][PASSED] - Browser is opened with url: ''

2023-12-18 14:00:40 - [TEST_STEP][PASSED] - maximizeWindow(): Current window maximized

2023-12-18 14:00:41 - [MESSAGE][PASSED] - Current window maximized

2023-12-18 14:00:41 - [TEST_STEP][PASSED] - navigateToUrl(URL + OVER_ONS + HETGILDE): Navigate to 'https://nlrisqitww-chaca.savviihq.com/over-ons/kwaliteit/' successfully

2023-12-18 14:00:41 - [MESSAGE][PASSED] - Navigate to 'https://nlrisqitww-chaca.savviihq.com/over-ons/kwaliteit/' successfully

2023-12-18 14:00:41 - [TEST_STEP][PASSED] - callTestCase(findTestCase("Menu/RT000 MenuClicks"), [:], STOP_ON_FAILURE): Call Test Case 'Test Cases/Menu/RT000 MenuClicks' successfully

2023-12-18 14:00:41 - [TEST_CASE][PASSED] - Test Cases/Menu/RT000 MenuClicks: Test Cases/Menu/RT000 MenuClicks

2023-12-18 14:00:41 - [TEST_STEP][PASSED] - actual_url = getUrl(): Current window's url is: 'https://nlrisqitww-chaca.savviihq.com/over-ons/kwaliteit/'

2023-12-18 14:00:41 - [MESSAGE][PASSED] - Current window's url is: 'https://nlrisqitww-chaca.savviihq.com/over-ons/kwaliteit/'

2023-12-18 14:00:41 - [TEST_STEP][PASSED] - mouseOver(findTestObject("MenuTopbar/btn_Menu_Diensten")): Object: 'Object Repository/MenuTopbar/btn_Menu_Diensten' is hovered

2023-12-18 14:00:41 - [MESSAGE][PASSED] - Object: 'Object Repository/MenuTopbar/btn_Menu_Diensten' is hovered

2023-12-18 14:00:41 - [TEST_STEP][PASSED] - click(findTestObject("MenuTopbar/btn_Menu_Diensten_SoftwareTesting")): Object: 'Object Repository/MenuTopbar/btn_Menu_Diensten_SoftwareTesting' is clicked on

2023-12-18 14:00:43 - [MESSAGE][PASSED] - Object: 'Object Repository/MenuTopbar/btn_Menu_Diensten_SoftwareTesting' is clicked on

2023-12-18 14:00:43 - [TEST_STEP][PASSED] - verifyElementText(findTestObject("Object Repository/Page_Software Testing - RisQIT/h1_Software Testing"), "Software Testing"): Actual text and expected text of test object 'Object Repository/Page_Software Testing - RisQIT/h1_Software Testing' are matched.

2023-12-18 14:00:43 - [MESSAGE][PASSED] - Actual text and expected text of test object 'Object Repository/Page_Software Testing - RisQIT/h1_Software Testing' are matched.

2023-12-18 14:00:43 - [TEST_STEP][PASSED] - navigateToUrl(actual_url): Navigate to 'https://nlrisqitww-chaca.savviihq.com/over-ons/kwaliteit/' successfully

2023-12-18 14:00:43 - [MESSAGE][PASSED] - Navigate to 'https://nlrisqitww-chaca.savviihq.com/over-ons/kwaliteit/' successfully

2023-12-18 14:00:43 - [TEST_STEP][PASSED] - mouseOver(findTestObject("MenuTopbar/btn_Menu_Diensten")): Object: 'Object Repository/MenuTopbar/btn_Menu_Diensten' is hovered

2023-12-18 14:00:44 - [MESSAGE][PASSED] - Object: 'Object Repository/MenuTopbar/btn_Menu_Diensten' is hovered

2023-12-18 14:00:44 - [TEST_STEP][PASSED] - click(findTestObject("MenuTopbar/btn_Menu_Diensten_SHT")): Object: 'Object Repository/MenuTopbar/btn_Menu_Diensten_SHT' is clicked on

2023-12-18 14:00:44 - [MESSAGE][PASSED] - Object: 'Object Repository/MenuTopbar/btn_Menu_Diensten_SHT' is clicked on

2023-12-18 14:00:44 - [TEST_STEP][PASSED] - verifyElementText(findTestObject("Page_Security en HackersTest (SHT) - RisQIT/h1_Security en HackersTest (SHT)"), "Security En HackersTest (SHT)"): Actual text and expected text of test object 'Object Repository/Page_Security en HackersTest (SHT) - RisQIT/h1_Security en HackersTest (SHT)' are matched.

2023-12-18 14:00:45 - [MESSAGE][PASSED] - Actual text and expected text of test object 'Object Repository/Page_Security en HackersTest (SHT) - RisQIT/h1_Security en HackersTest (SHT)' are matched.

2023-12-18 14:00:45 - [TEST_STEP][PASSED] - navigateToUrl(actual_url): Navigate to 'https://nlrisqitww-chaca.savviihq.com/over-ons/kwaliteit/' successfully

2023-12-18 14:00:45 - [MESSAGE][PASSED] - Navigate to 'https://nlrisqitww-chaca.savviihq.com/over-ons/kwaliteit/' successfully

2023-12-18 14:00:45 - [TEST_STEP][PASSED] - mouseOver(findTestObject("MenuTopbar/btn_Menu_Diensten")): Object: 'Object Repository/MenuTopbar/btn_Menu_Diensten' is hovered

2023-12-18 14:00:46 - [MESSAGE][PASSED] - Object: 'Object Repository/MenuTopbar/btn_Menu_Diensten' is hovered

2023-12-18 14:00:46 - [TEST_STEP][PASSED] - click(findTestObject("MenuTopbar/btn_Menu_Diensten_UXLab")): Object: 'Object Repository/MenuTopbar/btn_Menu_Diensten_UXLab' is clicked on

2023-12-18 14:00:46 - [MESSAGE][PASSED] - Object: 'Object Repository/MenuTopbar/btn_Menu_Diensten_UXLab' is clicked on

2023-12-18 14:00:46 - [TEST_STEP][PASSED] - verifyElementText(findTestObject("Object Repository/Page_UX Lab - RisQIT/h1_UX Lab"), "UX Lab"): Actual text and expected text of test object 'Object Repository/Page_UX Lab - RisQIT/h1_UX Lab' are matched.

2023-12-18 14:00:47 - [MESSAGE][PASSED] - Actual text and expected text of test object 'Object Repository/Page_UX Lab - RisQIT/h1_UX Lab' are matched.

2023-12-18 14:00:47 - [TEST_STEP][PASSED] - navigateToUrl(actual_url): Navigate to 'https://nlrisqitww-chaca.savviihq.com/over-ons/kwaliteit/' successfully

2023-12-18 14:00:47 - [MESSAGE][PASSED] - Navigate to 'https://nlrisqitww-chaca.savviihq.com/over-ons/kwaliteit/' successfully

2023-12-18 14:00:47 - [TEST_STEP][PASSED] - click(findTestObject("MenuTopbar/btn_Menu_OverOns")): Object: 'Object Repository/MenuTopbar/btn_Menu_OverOns' is clicked on

2023-12-18 14:00:47 - [MESSAGE][PASSED] - Object: 'Object Repository/MenuTopbar/btn_Menu_OverOns' is clicked on

2023-12-18 14:00:47 - [TEST_STEP][PASSED] - verifyElementText(findTestObject("Object Repository/Page_Over ons - RisQIT/h1_Over ons"), "Over Ons"): Actual text and expected text of test object 'Object Repository/Page_Over ons - RisQIT/h1_Over ons' are matched.

2023-12-18 14:00:48 - [MESSAGE][PASSED] - Actual text and expected text of test object 'Object Repository/Page_Over ons - RisQIT/h1_Over ons' are matched.

2023-12-18 14:00:48 - [TEST_STEP][PASSED] - navigateToUrl(actual_url): Navigate to 'https://nlrisqitww-chaca.savviihq.com/over-ons/kwaliteit/' successfully

2023-12-18 14:00:48 - [MESSAGE][PASSED] - Navigate to 'https://nlrisqitww-chaca.savviihq.com/over-ons/kwaliteit/' successfully

2023-12-18 14:00:48 - [TEST_STEP][PASSED] - mouseOver(findTestObject("MenuTopbar/btn_Menu_OverOns")): Object: 'Object Repository/MenuTopbar/btn_Menu_OverOns' is hovered

2023-12-18 14:00:49 - [MESSAGE][PASSED] - Object: 'Object Repository/MenuTopbar/btn_Menu_OverOns' is hovered

2023-12-18 14:00:49 - [TEST_STEP][PASSED] - click(findTestObject("MenuTopbar/btn_Menu_OverOns_MissieVisie")): Object: 'Object Repository/MenuTopbar/btn_Menu_OverOns_MissieVisie' is clicked on

2023-12-18 14:00:49 - [MESSAGE][PASSED] - Object: 'Object Repository/MenuTopbar/btn_Menu_OverOns_MissieVisie' is clicked on

2023-12-18 14:00:49 - [TEST_STEP][PASSED] - verifyElementText(findTestObject("Object Repository/Page_Missie  Visie - RisQIT/h1_Missie  Visie"), "Missie & Visie"): Actual text and expected text of test object 'Object Repository/Page_Missie  Visie - RisQIT/h1_Missie  Visie' are matched.

2023-12-18 14:00:50 - [MESSAGE][PASSED] - Actual text and expected text of test object 'Object Repository/Page_Missie  Visie - RisQIT/h1_Missie  Visie' are matched.

2023-12-18 14:00:50 - [TEST_STEP][PASSED] - navigateToUrl(actual_url): Navigate to 'https://nlrisqitww-chaca.savviihq.com/over-ons/kwaliteit/' successfully

2023-12-18 14:00:50 - [MESSAGE][PASSED] - Navigate to 'https://nlrisqitww-chaca.savviihq.com/over-ons/kwaliteit/' successfully

2023-12-18 14:00:50 - [TEST_STEP][PASSED] - mouseOver(findTestObject("MenuTopbar/btn_Menu_OverOns")): Object: 'Object Repository/MenuTopbar/btn_Menu_OverOns' is hovered

2023-12-18 14:00:51 - [MESSAGE][PASSED] - Object: 'Object Repository/MenuTopbar/btn_Menu_OverOns' is hovered

2023-12-18 14:00:51 - [TEST_STEP][PASSED] - click(findTestObject("MenuTopbar/btn_Menu_OverOns_HetGilde")): Object: 'Object Repository/MenuTopbar/btn_Menu_OverOns_HetGilde' is clicked on

2023-12-18 14:00:51 - [MESSAGE][PASSED] - Object: 'Object Repository/MenuTopbar/btn_Menu_OverOns_HetGilde' is clicked on

2023-12-18 14:00:51 - [TEST_STEP][PASSED] - verifyElementText(findTestObject("Object Repository/Page_Het Gilde - RisQIT/h1_Het Gilde"), "Het Gilde"): Actual text and expected text of test object 'Object Repository/Page_Het Gilde - RisQIT/h1_Het Gilde' are matched.

2023-12-18 14:00:52 - [MESSAGE][PASSED] - Actual text and expected text of test object 'Object Repository/Page_Het Gilde - RisQIT/h1_Het Gilde' are matched.

2023-12-18 14:00:52 - [TEST_STEP][PASSED] - navigateToUrl(actual_url): Navigate to 'https://nlrisqitww-chaca.savviihq.com/over-ons/kwaliteit/' successfully

2023-12-18 14:00:52 - [MESSAGE][PASSED] - Navigate to 'https://nlrisqitww-chaca.savviihq.com/over-ons/kwaliteit/' successfully

2023-12-18 14:00:52 - [TEST_STEP][PASSED] - mouseOver(findTestObject("MenuTopbar/btn_Menu_OverOns")): Object: 'Object Repository/MenuTopbar/btn_Menu_OverOns' is hovered

2023-12-18 14:00:52 - [MESSAGE][PASSED] - Object: 'Object Repository/MenuTopbar/btn_Menu_OverOns' is hovered

2023-12-18 14:00:52 - [TEST_STEP][PASSED] - click(findTestObject("MenuTopbar/btn_Menu_OverOns_SuperTester")): Object: 'Object Repository/MenuTopbar/btn_Menu_OverOns_SuperTester' is clicked on

2023-12-18 14:00:53 - [MESSAGE][PASSED] - Object: 'Object Repository/MenuTopbar/btn_Menu_OverOns_SuperTester' is clicked on

2023-12-18 14:00:53 - [TEST_STEP][PASSED] - verifyElementText(findTestObject("Object Repository/Page_SuperTester - RisQIT/h1_Whitepaper SuperTester"), "Whitepaper SuperTester"): Actual text and expected text of test object 'Object Repository/Page_SuperTester - RisQIT/h1_Whitepaper SuperTester' are matched.

2023-12-18 14:00:53 - [MESSAGE][PASSED] - Actual text and expected text of test object 'Object Repository/Page_SuperTester - RisQIT/h1_Whitepaper SuperTester' are matched.

2023-12-18 14:00:53 - [TEST_STEP][PASSED] - navigateToUrl(actual_url): Navigate to 'https://nlrisqitww-chaca.savviihq.com/over-ons/kwaliteit/' successfully

2023-12-18 14:00:53 - [MESSAGE][PASSED] - Navigate to 'https://nlrisqitww-chaca.savviihq.com/over-ons/kwaliteit/' successfully

2023-12-18 14:00:53 - [TEST_STEP][PASSED] - click(findTestObject("MenuTopbar/btn_Menu_Blog")): Object: 'Object Repository/MenuTopbar/btn_Menu_Blog' is clicked on

2023-12-18 14:00:54 - [MESSAGE][PASSED] - Object: 'Object Repository/MenuTopbar/btn_Menu_Blog' is clicked on

2023-12-18 14:00:54 - [TEST_STEP][PASSED] - verifyElementText(findTestObject("Object Repository/Page_Blog - RisQIT/h1_Blog"), "Blog"): Actual text and expected text of test object 'Object Repository/Page_Blog - RisQIT/h1_Blog' are matched.

2023-12-18 14:00:55 - [MESSAGE][PASSED] - Actual text and expected text of test object 'Object Repository/Page_Blog - RisQIT/h1_Blog' are matched.

2023-12-18 14:00:55 - [TEST_STEP][PASSED] - click(findTestObject("MenuTopbar/btn_Menu_Vacatures")): Object: 'Object Repository/MenuTopbar/btn_Menu_Vacatures' is clicked on

2023-12-18 14:00:55 - [MESSAGE][PASSED] - Object: 'Object Repository/MenuTopbar/btn_Menu_Vacatures' is clicked on

2023-12-18 14:00:55 - [TEST_STEP][PASSED] - verifyElementText(findTestObject("Object Repository/Page_Vacatures - RisQIT/h1_Vacatures"), "Vacatures"): Actual text and expected text of test object 'Object Repository/Page_Vacatures - RisQIT/h1_Vacatures' are matched.

2023-12-18 14:00:56 - [MESSAGE][PASSED] - Actual text and expected text of test object 'Object Repository/Page_Vacatures - RisQIT/h1_Vacatures' are matched.

2023-12-18 14:00:56 - [TEST_STEP][PASSED] - navigateToUrl(actual_url): Navigate to 'https://nlrisqitww-chaca.savviihq.com/over-ons/kwaliteit/' successfully

2023-12-18 14:00:56 - [MESSAGE][PASSED] - Navigate to 'https://nlrisqitww-chaca.savviihq.com/over-ons/kwaliteit/' successfully

2023-12-18 14:00:56 - [TEST_STEP][PASSED] - click(findTestObject("Object Repository/MenuTopbar/Page_Vacatures - RisQIT/div_Contact opnemen")): Object: 'Object Repository/MenuTopbar/Page_Vacatures - RisQIT/div_Contact opnemen' is clicked on

2023-12-18 14:00:56 - [MESSAGE][PASSED] - Object: 'Object Repository/MenuTopbar/Page_Vacatures - RisQIT/div_Contact opnemen' is clicked on

2023-12-18 14:00:56 - [TEST_STEP][PASSED] - verifyElementText(findTestObject("Object Repository/Page_Contact - RisQIT/h1_Contact"), "Contact"): Actual text and expected text of test object 'Object Repository/Page_Contact - RisQIT/h1_Contact' are matched.

2023-12-18 14:00:57 - [MESSAGE][PASSED] - Actual text and expected text of test object 'Object Repository/Page_Contact - RisQIT/h1_Contact' are matched.

2023-12-18 14:00:57 - [TEST_STEP][PASSED] - click(findTestObject("MenuTopbar/img_Logo")): Object: 'Object Repository/MenuTopbar/img_Logo' is clicked on

2023-12-18 14:00:57 - [MESSAGE][PASSED] - Object: 'Object Repository/MenuTopbar/img_Logo' is clicked on

2023-12-18 14:00:57 - [TEST_STEP][PASSED] - verifyElementText(findTestObject("Object Repository/Page_Home - RisQIT/h1_Ga voor duurzaamheid en vertrouwen, same_4bc4a8"), "Ga voor duurzaamheid en vertrouwen, samen met ons!"): Actual text and expected text of test object 'Object Repository/Page_Home - RisQIT/h1_Ga voor duurzaamheid en vertrouwen, same_4bc4a8' are matched.

2023-12-18 14:00:58 - [MESSAGE][PASSED] - Actual text and expected text of test object 'Object Repository/Page_Home - RisQIT/h1_Ga voor duurzaamheid en vertrouwen, same_4bc4a8' are matched.

2023-12-18 14:00:58 - [MESSAGE][PASSED] - Call Test Case 'Test Cases/Menu/RT000 MenuClicks' successfully

2023-12-18 14:00:58 - [TEST_STEP][PASSED] - closeBrowser(): Browser is closed

2023-12-18 14:00:58 - [MESSAGE][PASSED] - Browser is closed]]></system-out>
         <system-err><![CDATA[]]></system-err>
      </testcase>
      <testcase name="Test Cases/Menu/RT008 MenuClicks - SuperTester" time="32.784" classname="Test Cases/Menu/RT008 MenuClicks - SuperTester" status="FAILED">
         <failure type="FAILED" message="Test Cases/Menu/RT008 MenuClicks - SuperTester FAILED.&#xa;Reason:&#xa;com.kms.katalon.core.exception.StepFailedException: Call Test Case 'Test Cases/Menu/RT000 MenuClicks' failed&#xa;	at com.kms.katalon.core.keyword.builtin.CallTestCaseKeyword$_callTestCase_closure1.doCall(CallTestCaseKeyword.groovy:63)&#xa;	at com.kms.katalon.core.keyword.builtin.CallTestCaseKeyword$_callTestCase_closure1.call(CallTestCaseKeyword.groovy)&#xa;	at com.kms.katalon.core.keyword.internal.KeywordMain.runKeyword(KeywordMain.groovy:75)&#xa;	at com.kms.katalon.core.keyword.builtin.CallTestCaseKeyword.callTestCase(CallTestCaseKeyword.groovy:81)&#xa;	at com.kms.katalon.core.keyword.builtin.CallTestCaseKeyword.execute(CallTestCaseKeyword.groovy:44)&#xa;	at com.kms.katalon.core.keyword.internal.KeywordExecutor.executeKeywordForPlatform(KeywordExecutor.groovy:74)&#xa;	at com.kms.katalon.core.keyword.BuiltinKeywords.callTestCase(BuiltinKeywords.groovy:310)&#xa;	at java.base/jdk.internal.reflect.NativeMethodAccessorImpl.invoke0(Native Method)&#xa;	at java.base/jdk.internal.reflect.NativeMethodAccessorImpl.invoke(NativeMethodAccessorImpl.java:77)&#xa;	at java.base/jdk.internal.reflect.DelegatingMethodAccessorImpl.invoke(DelegatingMethodAccessorImpl.java:43)&#xa;	at RT008 MenuClicks - SuperTester.run(RT008 MenuClicks - SuperTester:26)&#xa;	at com.kms.katalon.core.main.ScriptEngine.run(ScriptEngine.java:194)&#xa;	at com.kms.katalon.core.main.ScriptEngine.runScriptAsRawText(ScriptEngine.java:119)&#xa;	at com.kms.katalon.core.main.TestCaseExecutor.runScript(TestCaseExecutor.java:448)&#xa;	at com.kms.katalon.core.main.TestCaseExecutor.doExecute(TestCaseExecutor.java:439)&#xa;	at com.kms.katalon.core.main.TestCaseExecutor.processExecutionPhase(TestCaseExecutor.java:418)&#xa;	at com.kms.katalon.core.main.TestCaseExecutor.accessMainPhase(TestCaseExecutor.java:410)&#xa;	at com.kms.katalon.core.main.TestCaseExecutor.execute(TestCaseExecutor.java:285)&#xa;	at com.kms.katalon.core.common.CommonExecutor.accessTestCaseMainPhase(CommonExecutor.java:65)&#xa;	at com.kms.katalon.core.main.TestSuiteExecutor.accessTestSuiteMainPhase(TestSuiteExecutor.java:148)&#xa;	at com.kms.katalon.core.main.TestSuiteExecutor.execute(TestSuiteExecutor.java:106)&#xa;	at com.kms.katalon.core.main.TestCaseMain.startTestSuite(TestCaseMain.java:187)&#xa;	at TempTestSuite1702904326304.run(TempTestSuite1702904326304.groovy:36)&#xa;	at java.base/jdk.internal.reflect.NativeMethodAccessorImpl.invoke0(Native Method)&#xa;	at java.base/jdk.internal.reflect.NativeMethodAccessorImpl.invoke(NativeMethodAccessorImpl.java:77)&#xa;	at java.base/jdk.internal.reflect.DelegatingMethodAccessorImpl.invoke(DelegatingMethodAccessorImpl.java:43)&#xa;Caused by: com.kms.katalon.core.exception.StepFailedException: Unable to move mouse over object 'Object Repository/MenuTopbar/btn_Menu_Diensten'&#xa;	at com.kms.katalon.core.webui.keyword.internal.WebUIKeywordMain.stepFailed(WebUIKeywordMain.groovy:64)&#xa;	at com.kms.katalon.core.webui.keyword.internal.WebUIKeywordMain.runKeyword(WebUIKeywordMain.groovy:26)&#xa;	at com.kms.katalon.core.webui.keyword.builtin.MouseOverKeyword.mouseOver(MouseOverKeyword.groovy:66)&#xa;	at com.kms.katalon.core.webui.keyword.builtin.MouseOverKeyword.execute(MouseOverKeyword.groovy:40)&#xa;	at com.kms.katalon.core.keyword.internal.KeywordExecutor.executeKeywordForPlatform(KeywordExecutor.groovy:74)&#xa;	at com.kms.katalon.core.webui.keyword.WebUiBuiltInKeywords.mouseOver(WebUiBuiltInKeywords.groovy:806)&#xa;	at RT000 MenuClicks.run(RT000 MenuClicks:22)&#xa;	at com.kms.katalon.core.main.ScriptEngine.run(ScriptEngine.java:194)&#xa;	at com.kms.katalon.core.main.ScriptEngine.runScriptAsRawText(ScriptEngine.java:119)&#xa;	at com.kms.katalon.core.main.TestCaseExecutor.runScript(TestCaseExecutor.java:448)&#xa;	at com.kms.katalon.core.main.TestCaseExecutor.doExecute(TestCaseExecutor.java:439)&#xa;	at com.kms.katalon.core.main.TestCaseExecutor.processExecutionPhase(TestCaseExecutor.java:418)&#xa;	at com.kms.katalon.core.main.TestCaseExecutor.accessMainPhase(TestCaseExecutor.java:410)&#xa;	at com.kms.katalon.core.main.TestCaseExecutor.execute(TestCaseExecutor.java:285)&#xa;	at com.kms.katalon.core.main.TestCaseMain.runTestCase(TestCaseMain.java:144)&#xa;	at com.kms.katalon.core.keyword.builtin.CallTestCaseKeyword$_callTestCase_closure1.doCall(CallTestCaseKeyword.groovy:59)&#xa;	... 25 more&#xa;Caused by: org.openqa.selenium.TimeoutException: Expected condition failed: waiting for element to be clickable: [[CChromeDriver: chrome on WINDOWS (86362f555e017b9e7dd1bf05b0dd8428)] -> xpath: //li[@id='menu-item-25842']/a] (tried for 30 second(s) with 500 milliseconds interval)&#xa;Build info: version: '3.141.59', revision: 'e82be7d358', time: '2018-11-14T08:25:53'&#xa;System info: host: 'BERGTOP', ip: '192.168.1.100', os.name: 'Windows 11', os.arch: 'amd64', os.version: '10.0', java.version: '17.0.7'&#xa;Driver info: com.kms.katalon.core.webui.driver.SmartWaitWebDriver&#xa;Capabilities {acceptInsecureCerts: false, browserName: chrome, browserVersion: 120.0.6099.72, chrome: {chromedriverVersion: 119.0.6045.105 (38c72552c5e..., userDataDir: C:\Users\maart\AppData\Loca...}, fedcm:accounts: true, goog:chromeOptions: {debuggerAddress: localhost:55739}, javascriptEnabled: true, networkConnectionEnabled: false, pageLoadStrategy: normal, platform: WINDOWS, platformName: WINDOWS, proxy: Proxy(), setWindowRect: true, strictFileInteractability: false, timeouts: {implicit: 0, pageLoad: 300000, script: 30000}, unhandledPromptBehavior: dismiss and notify, webauthn:extension:credBlob: true, webauthn:extension:largeBlob: true, webauthn:extension:minPinLength: true, webauthn:extension:prf: true, webauthn:virtualAuthenticators: true}&#xa;Session ID: 86362f555e017b9e7dd1bf05b0dd8428&#xa;	at org.openqa.selenium.support.ui.WebDriverWait.timeoutException(WebDriverWait.java:95)&#xa;	at org.openqa.selenium.support.ui.FluentWait.until(FluentWait.java:272)&#xa;	at com.kms.katalon.core.webui.keyword.builtin.MouseOverKeyword$_mouseOver_closure1.doCall(MouseOverKeyword.groovy:56)&#xa;	at com.kms.katalon.core.webui.keyword.builtin.MouseOverKeyword$_mouseOver_closure1.call(MouseOverKeyword.groovy)&#xa;	at com.kms.katalon.core.webui.keyword.internal.WebUIKeywordMain.runKeyword(WebUIKeywordMain.groovy:20)&#xa;	... 39 more&#xa;"/>
         <system-out><![CDATA[2023-12-18 14:00:58 - [TEST_CASE][FAILED] - Test Cases/Menu/RT008 MenuClicks - SuperTester: Test Cases/Menu/RT008 MenuClicks - SuperTester FAILED.
Reason:
com.kms.katalon.core.exception.StepFailedException: Call Test Case 'Test Cases/Menu/RT000 MenuClicks' failed
	at com.kms.katalon.core.keyword.builtin.CallTestCaseKeyword$_callTestCase_closure1.doCall(CallTestCaseKeyword.groovy:63)
	at com.kms.katalon.core.keyword.builtin.CallTestCaseKeyword$_callTestCase_closure1.call(CallTestCaseKeyword.groovy)
	at com.kms.katalon.core.keyword.internal.KeywordMain.runKeyword(KeywordMain.groovy:75)
	at com.kms.katalon.core.keyword.builtin.CallTestCaseKeyword.callTestCase(CallTestCaseKeyword.groovy:81)
	at com.kms.katalon.core.keyword.builtin.CallTestCaseKeyword.execute(CallTestCaseKeyword.groovy:44)
	at com.kms.katalon.core.keyword.internal.KeywordExecutor.executeKeywordForPlatform(KeywordExecutor.groovy:74)
	at com.kms.katalon.core.keyword.BuiltinKeywords.callTestCase(BuiltinKeywords.groovy:310)
	at java.base/jdk.internal.reflect.NativeMethodAccessorImpl.invoke0(Native Method)
	at java.base/jdk.internal.reflect.NativeMethodAccessorImpl.invoke(NativeMethodAccessorImpl.java:77)
	at java.base/jdk.internal.reflect.DelegatingMethodAccessorImpl.invoke(DelegatingMethodAccessorImpl.java:43)
	at RT008 MenuClicks - SuperTester.run(RT008 MenuClicks - SuperTester:26)
	at com.kms.katalon.core.main.ScriptEngine.run(ScriptEngine.java:194)
	at com.kms.katalon.core.main.ScriptEngine.runScriptAsRawText(ScriptEngine.java:119)
	at com.kms.katalon.core.main.TestCaseExecutor.runScript(TestCaseExecutor.java:448)
	at com.kms.katalon.core.main.TestCaseExecutor.doExecute(TestCaseExecutor.java:439)
	at com.kms.katalon.core.main.TestCaseExecutor.processExecutionPhase(TestCaseExecutor.java:418)
	at com.kms.katalon.core.main.TestCaseExecutor.accessMainPhase(TestCaseExecutor.java:410)
	at com.kms.katalon.core.main.TestCaseExecutor.execute(TestCaseExecutor.java:285)
	at com.kms.katalon.core.common.CommonExecutor.accessTestCaseMainPhase(CommonExecutor.java:65)
	at com.kms.katalon.core.main.TestSuiteExecutor.accessTestSuiteMainPhase(TestSuiteExecutor.java:148)
	at com.kms.katalon.core.main.TestSuiteExecutor.execute(TestSuiteExecutor.java:106)
	at com.kms.katalon.core.main.TestCaseMain.startTestSuite(TestCaseMain.java:187)
	at TempTestSuite1702904326304.run(TempTestSuite1702904326304.groovy:36)
	at java.base/jdk.internal.reflect.NativeMethodAccessorImpl.invoke0(Native Method)
	at java.base/jdk.internal.reflect.NativeMethodAccessorImpl.invoke(NativeMethodAccessorImpl.java:77)
	at java.base/jdk.internal.reflect.DelegatingMethodAccessorImpl.invoke(DelegatingMethodAccessorImpl.java:43)
Caused by: com.kms.katalon.core.exception.StepFailedException: Unable to move mouse over object 'Object Repository/MenuTopbar/btn_Menu_Diensten'
	at com.kms.katalon.core.webui.keyword.internal.WebUIKeywordMain.stepFailed(WebUIKeywordMain.groovy:64)
	at com.kms.katalon.core.webui.keyword.internal.WebUIKeywordMain.runKeyword(WebUIKeywordMain.groovy:26)
	at com.kms.katalon.core.webui.keyword.builtin.MouseOverKeyword.mouseOver(MouseOverKeyword.groovy:66)
	at com.kms.katalon.core.webui.keyword.builtin.MouseOverKeyword.execute(MouseOverKeyword.groovy:40)
	at com.kms.katalon.core.keyword.internal.KeywordExecutor.executeKeywordForPlatform(KeywordExecutor.groovy:74)
	at com.kms.katalon.core.webui.keyword.WebUiBuiltInKeywords.mouseOver(WebUiBuiltInKeywords.groovy:806)
	at RT000 MenuClicks.run(RT000 MenuClicks:22)
	at com.kms.katalon.core.main.ScriptEngine.run(ScriptEngine.java:194)
	at com.kms.katalon.core.main.ScriptEngine.runScriptAsRawText(ScriptEngine.java:119)
	at com.kms.katalon.core.main.TestCaseExecutor.runScript(TestCaseExecutor.java:448)
	at com.kms.katalon.core.main.TestCaseExecutor.doExecute(TestCaseExecutor.java:439)
	at com.kms.katalon.core.main.TestCaseExecutor.processExecutionPhase(TestCaseExecutor.java:418)
	at com.kms.katalon.core.main.TestCaseExecutor.accessMainPhase(TestCaseExecutor.java:410)
	at com.kms.katalon.core.main.TestCaseExecutor.execute(TestCaseExecutor.java:285)
	at com.kms.katalon.core.main.TestCaseMain.runTestCase(TestCaseMain.java:144)
	at com.kms.katalon.core.keyword.builtin.CallTestCaseKeyword$_callTestCase_closure1.doCall(CallTestCaseKeyword.groovy:59)
	... 25 more
Caused by: org.openqa.selenium.TimeoutException: Expected condition failed: waiting for element to be clickable: [[CChromeDriver: chrome on WINDOWS (86362f555e017b9e7dd1bf05b0dd8428)] -> xpath: //li[@id='menu-item-25842']/a] (tried for 30 second(s) with 500 milliseconds interval)
Build info: version: '3.141.59', revision: 'e82be7d358', time: '2018-11-14T08:25:53'
System info: host: 'BERGTOP', ip: '192.168.1.100', os.name: 'Windows 11', os.arch: 'amd64', os.version: '10.0', java.version: '17.0.7'
Driver info: com.kms.katalon.core.webui.driver.SmartWaitWebDriver
Capabilities {acceptInsecureCerts: false, browserName: chrome, browserVersion: 120.0.6099.72, chrome: {chromedriverVersion: 119.0.6045.105 (38c72552c5e..., userDataDir: C:\Users\maart\AppData\Loca...}, fedcm:accounts: true, goog:chromeOptions: {debuggerAddress: localhost:55739}, javascriptEnabled: true, networkConnectionEnabled: false, pageLoadStrategy: normal, platform: WINDOWS, platformName: WINDOWS, proxy: Proxy(), setWindowRect: true, strictFileInteractability: false, timeouts: {implicit: 0, pageLoad: 300000, script: 30000}, unhandledPromptBehavior: dismiss and notify, webauthn:extension:credBlob: true, webauthn:extension:largeBlob: true, webauthn:extension:minPinLength: true, webauthn:extension:prf: true, webauthn:virtualAuthenticators: true}
Session ID: 86362f555e017b9e7dd1bf05b0dd8428
	at org.openqa.selenium.support.ui.WebDriverWait.timeoutException(WebDriverWait.java:95)
	at org.openqa.selenium.support.ui.FluentWait.until(FluentWait.java:272)
	at com.kms.katalon.core.webui.keyword.builtin.MouseOverKeyword$_mouseOver_closure1.doCall(MouseOverKeyword.groovy:56)
	at com.kms.katalon.core.webui.keyword.builtin.MouseOverKeyword$_mouseOver_closure1.call(MouseOverKeyword.groovy)
	at com.kms.katalon.core.webui.keyword.internal.WebUIKeywordMain.runKeyword(WebUIKeywordMain.groovy:20)
	... 39 more


2023-12-18 14:00:58 - [TEST_STEP][PASSED] - openBrowser(""): Browser is opened with url: ''

2023-12-18 14:00:58 - [MESSAGE][INFO] - Starting 'Chrome' driver

2023-12-18 14:00:58 - [MESSAGE][INFO] - Action delay is set to 0 milliseconds

2023-12-18 14:00:59 - [MESSAGE][PASSED] - Browser is opened with url: ''

2023-12-18 14:00:59 - [TEST_STEP][PASSED] - maximizeWindow(): Current window maximized

2023-12-18 14:00:59 - [MESSAGE][PASSED] - Current window maximized

2023-12-18 14:00:59 - [TEST_STEP][PASSED] - navigateToUrl(URL + OVER_ONS + SUPERTESTER): Navigate to 'https://nlrisqitww-chaca.savviihq.com/over-ons/supertester/' successfully

2023-12-18 14:01:00 - [MESSAGE][PASSED] - Navigate to 'https://nlrisqitww-chaca.savviihq.com/over-ons/supertester/' successfully

2023-12-18 14:01:00 - [TEST_STEP][FAILED] - callTestCase(findTestCase("Menu/RT000 MenuClicks"), [:], STOP_ON_FAILURE): Unable to call Test Case 'Test Cases/Menu/RT000 MenuClicks' (Root cause: com.kms.katalon.core.exception.StepFailedException: Call Test Case 'Test Cases/Menu/RT000 MenuClicks' failed
	at com.kms.katalon.core.keyword.builtin.CallTestCaseKeyword$_callTestCase_closure1.doCall(CallTestCaseKeyword.groovy:63)
	at com.kms.katalon.core.keyword.builtin.CallTestCaseKeyword$_callTestCase_closure1.call(CallTestCaseKeyword.groovy)
	at com.kms.katalon.core.keyword.internal.KeywordMain.runKeyword(KeywordMain.groovy:75)
	at com.kms.katalon.core.keyword.builtin.CallTestCaseKeyword.callTestCase(CallTestCaseKeyword.groovy:81)
	at com.kms.katalon.core.keyword.builtin.CallTestCaseKeyword.execute(CallTestCaseKeyword.groovy:44)
	at com.kms.katalon.core.keyword.internal.KeywordExecutor.executeKeywordForPlatform(KeywordExecutor.groovy:74)
	at com.kms.katalon.core.keyword.BuiltinKeywords.callTestCase(BuiltinKeywords.groovy:310)
	at java.base/jdk.internal.reflect.NativeMethodAccessorImpl.invoke0(Native Method)
	at java.base/jdk.internal.reflect.NativeMethodAccessorImpl.invoke(NativeMethodAccessorImpl.java:77)
	at java.base/jdk.internal.reflect.DelegatingMethodAccessorImpl.invoke(DelegatingMethodAccessorImpl.java:43)
	at RT008 MenuClicks - SuperTester.run(RT008 MenuClicks - SuperTester:26)
	at com.kms.katalon.core.main.ScriptEngine.run(ScriptEngine.java:194)
	at com.kms.katalon.core.main.ScriptEngine.runScriptAsRawText(ScriptEngine.java:119)
	at com.kms.katalon.core.main.TestCaseExecutor.runScript(TestCaseExecutor.java:448)
	at com.kms.katalon.core.main.TestCaseExecutor.doExecute(TestCaseExecutor.java:439)
	at com.kms.katalon.core.main.TestCaseExecutor.processExecutionPhase(TestCaseExecutor.java:418)
	at com.kms.katalon.core.main.TestCaseExecutor.accessMainPhase(TestCaseExecutor.java:410)
	at com.kms.katalon.core.main.TestCaseExecutor.execute(TestCaseExecutor.java:285)
	at com.kms.katalon.core.common.CommonExecutor.accessTestCaseMainPhase(CommonExecutor.java:65)
	at com.kms.katalon.core.main.TestSuiteExecutor.accessTestSuiteMainPhase(TestSuiteExecutor.java:148)
	at com.kms.katalon.core.main.TestSuiteExecutor.execute(TestSuiteExecutor.java:106)
	at com.kms.katalon.core.main.TestCaseMain.startTestSuite(TestCaseMain.java:187)
	at TempTestSuite1702904326304.run(TempTestSuite1702904326304.groovy:36)
	at java.base/jdk.internal.reflect.NativeMethodAccessorImpl.invoke0(Native Method)
	at java.base/jdk.internal.reflect.NativeMethodAccessorImpl.invoke(NativeMethodAccessorImpl.java:77)
	at java.base/jdk.internal.reflect.DelegatingMethodAccessorImpl.invoke(DelegatingMethodAccessorImpl.java:43)
Caused by: com.kms.katalon.core.exception.StepFailedException: Unable to move mouse over object 'Object Repository/MenuTopbar/btn_Menu_Diensten'
	at com.kms.katalon.core.webui.keyword.internal.WebUIKeywordMain.stepFailed(WebUIKeywordMain.groovy:64)
	at com.kms.katalon.core.webui.keyword.internal.WebUIKeywordMain.runKeyword(WebUIKeywordMain.groovy:26)
	at com.kms.katalon.core.webui.keyword.builtin.MouseOverKeyword.mouseOver(MouseOverKeyword.groovy:66)
	at com.kms.katalon.core.webui.keyword.builtin.MouseOverKeyword.execute(MouseOverKeyword.groovy:40)
	at com.kms.katalon.core.keyword.internal.KeywordExecutor.executeKeywordForPlatform(KeywordExecutor.groovy:74)
	at com.kms.katalon.core.webui.keyword.WebUiBuiltInKeywords.mouseOver(WebUiBuiltInKeywords.groovy:806)
	at RT000 MenuClicks.run(RT000 MenuClicks:22)
	at com.kms.katalon.core.main.ScriptEngine.run(ScriptEngine.java:194)
	at com.kms.katalon.core.main.ScriptEngine.runScriptAsRawText(ScriptEngine.java:119)
	at com.kms.katalon.core.main.TestCaseExecutor.runScript(TestCaseExecutor.java:448)
	at com.kms.katalon.core.main.TestCaseExecutor.doExecute(TestCaseExecutor.java:439)
	at com.kms.katalon.core.main.TestCaseExecutor.processExecutionPhase(TestCaseExecutor.java:418)
	at com.kms.katalon.core.main.TestCaseExecutor.accessMainPhase(TestCaseExecutor.java:410)
	at com.kms.katalon.core.main.TestCaseExecutor.execute(TestCaseExecutor.java:285)
	at com.kms.katalon.core.main.TestCaseMain.runTestCase(TestCaseMain.java:144)
	at com.kms.katalon.core.keyword.builtin.CallTestCaseKeyword$_callTestCase_closure1.doCall(CallTestCaseKeyword.groovy:59)
	... 25 more
Caused by: org.openqa.selenium.TimeoutException: Expected condition failed: waiting for element to be clickable: [[CChromeDriver: chrome on WINDOWS (86362f555e017b9e7dd1bf05b0dd8428)] -> xpath: //li[@id='menu-item-25842']/a] (tried for 30 second(s) with 500 milliseconds interval)
Build info: version: '3.141.59', revision: 'e82be7d358', time: '2018-11-14T08:25:53'
System info: host: 'BERGTOP', ip: '192.168.1.100', os.name: 'Windows 11', os.arch: 'amd64', os.version: '10.0', java.version: '17.0.7'
Driver info: com.kms.katalon.core.webui.driver.SmartWaitWebDriver
Capabilities {acceptInsecureCerts: false, browserName: chrome, browserVersion: 120.0.6099.72, chrome: {chromedriverVersion: 119.0.6045.105 (38c72552c5e..., userDataDir: C:\Users\maart\AppData\Loca...}, fedcm:accounts: true, goog:chromeOptions: {debuggerAddress: localhost:55739}, javascriptEnabled: true, networkConnectionEnabled: false, pageLoadStrategy: normal, platform: WINDOWS, platformName: WINDOWS, proxy: Proxy(), setWindowRect: true, strictFileInteractability: false, timeouts: {implicit: 0, pageLoad: 300000, script: 30000}, unhandledPromptBehavior: dismiss and notify, webauthn:extension:credBlob: true, webauthn:extension:largeBlob: true, webauthn:extension:minPinLength: true, webauthn:extension:prf: true, webauthn:virtualAuthenticators: true}
Session ID: 86362f555e017b9e7dd1bf05b0dd8428
	at org.openqa.selenium.support.ui.WebDriverWait.timeoutException(WebDriverWait.java:95)
	at org.openqa.selenium.support.ui.FluentWait.until(FluentWait.java:272)
	at com.kms.katalon.core.webui.keyword.builtin.MouseOverKeyword$_mouseOver_closure1.doCall(MouseOverKeyword.groovy:56)
	at com.kms.katalon.core.webui.keyword.builtin.MouseOverKeyword$_mouseOver_closure1.call(MouseOverKeyword.groovy)
	at com.kms.katalon.core.webui.keyword.internal.WebUIKeywordMain.runKeyword(WebUIKeywordMain.groovy:20)
	... 39 more
)

2023-12-18 14:01:00 - [TEST_CASE][FAILED] - Test Cases/Menu/RT000 MenuClicks: Test Cases/Menu/RT000 MenuClicks FAILED.
Reason:
com.kms.katalon.core.exception.StepFailedException: Unable to move mouse over object 'Object Repository/MenuTopbar/btn_Menu_Diensten'
	at com.kms.katalon.core.webui.keyword.internal.WebUIKeywordMain.stepFailed(WebUIKeywordMain.groovy:64)
	at com.kms.katalon.core.webui.keyword.internal.WebUIKeywordMain.runKeyword(WebUIKeywordMain.groovy:26)
	at com.kms.katalon.core.webui.keyword.builtin.MouseOverKeyword.mouseOver(MouseOverKeyword.groovy:66)
	at com.kms.katalon.core.webui.keyword.builtin.MouseOverKeyword.execute(MouseOverKeyword.groovy:40)
	at com.kms.katalon.core.keyword.internal.KeywordExecutor.executeKeywordForPlatform(KeywordExecutor.groovy:74)
	at com.kms.katalon.core.webui.keyword.WebUiBuiltInKeywords.mouseOver(WebUiBuiltInKeywords.groovy:806)
	at RT000 MenuClicks.run(RT000 MenuClicks:22)
	at com.kms.katalon.core.main.ScriptEngine.run(ScriptEngine.java:194)
	at com.kms.katalon.core.main.ScriptEngine.runScriptAsRawText(ScriptEngine.java:119)
	at com.kms.katalon.core.main.TestCaseExecutor.runScript(TestCaseExecutor.java:448)
	at com.kms.katalon.core.main.TestCaseExecutor.doExecute(TestCaseExecutor.java:439)
	at com.kms.katalon.core.main.TestCaseExecutor.processExecutionPhase(TestCaseExecutor.java:418)
	at com.kms.katalon.core.main.TestCaseExecutor.accessMainPhase(TestCaseExecutor.java:410)
	at com.kms.katalon.core.main.TestCaseExecutor.execute(TestCaseExecutor.java:285)
	at com.kms.katalon.core.main.TestCaseMain.runTestCase(TestCaseMain.java:144)
	at com.kms.katalon.core.keyword.builtin.CallTestCaseKeyword$_callTestCase_closure1.doCall(CallTestCaseKeyword.groovy:59)
	at com.kms.katalon.core.keyword.builtin.CallTestCaseKeyword$_callTestCase_closure1.call(CallTestCaseKeyword.groovy)
	at com.kms.katalon.core.keyword.internal.KeywordMain.runKeyword(KeywordMain.groovy:75)
	at com.kms.katalon.core.keyword.builtin.CallTestCaseKeyword.callTestCase(CallTestCaseKeyword.groovy:81)
	at com.kms.katalon.core.keyword.builtin.CallTestCaseKeyword.execute(CallTestCaseKeyword.groovy:44)
	at com.kms.katalon.core.keyword.internal.KeywordExecutor.executeKeywordForPlatform(KeywordExecutor.groovy:74)
	at com.kms.katalon.core.keyword.BuiltinKeywords.callTestCase(BuiltinKeywords.groovy:310)
	at java.base/jdk.internal.reflect.NativeMethodAccessorImpl.invoke0(Native Method)
	at java.base/jdk.internal.reflect.NativeMethodAccessorImpl.invoke(NativeMethodAccessorImpl.java:77)
	at java.base/jdk.internal.reflect.DelegatingMethodAccessorImpl.invoke(DelegatingMethodAccessorImpl.java:43)
	at RT008 MenuClicks - SuperTester.run(RT008 MenuClicks - SuperTester:26)
	at com.kms.katalon.core.main.ScriptEngine.run(ScriptEngine.java:194)
	at com.kms.katalon.core.main.ScriptEngine.runScriptAsRawText(ScriptEngine.java:119)
	at com.kms.katalon.core.main.TestCaseExecutor.runScript(TestCaseExecutor.java:448)
	at com.kms.katalon.core.main.TestCaseExecutor.doExecute(TestCaseExecutor.java:439)
	at com.kms.katalon.core.main.TestCaseExecutor.processExecutionPhase(TestCaseExecutor.java:418)
	at com.kms.katalon.core.main.TestCaseExecutor.accessMainPhase(TestCaseExecutor.java:410)
	at com.kms.katalon.core.main.TestCaseExecutor.execute(TestCaseExecutor.java:285)
	at com.kms.katalon.core.common.CommonExecutor.accessTestCaseMainPhase(CommonExecutor.java:65)
	at com.kms.katalon.core.main.TestSuiteExecutor.accessTestSuiteMainPhase(TestSuiteExecutor.java:148)
	at com.kms.katalon.core.main.TestSuiteExecutor.execute(TestSuiteExecutor.java:106)
	at com.kms.katalon.core.main.TestCaseMain.startTestSuite(TestCaseMain.java:187)
	at TempTestSuite1702904326304.run(TempTestSuite1702904326304.groovy:36)
	at java.base/jdk.internal.reflect.NativeMethodAccessorImpl.invoke0(Native Method)
	at java.base/jdk.internal.reflect.NativeMethodAccessorImpl.invoke(NativeMethodAccessorImpl.java:77)
	at java.base/jdk.internal.reflect.DelegatingMethodAccessorImpl.invoke(DelegatingMethodAccessorImpl.java:43)
Caused by: org.openqa.selenium.TimeoutException: Expected condition failed: waiting for element to be clickable: [[CChromeDriver: chrome on WINDOWS (86362f555e017b9e7dd1bf05b0dd8428)] -> xpath: //li[@id='menu-item-25842']/a] (tried for 30 second(s) with 500 milliseconds interval)
Build info: version: '3.141.59', revision: 'e82be7d358', time: '2018-11-14T08:25:53'
System info: host: 'BERGTOP', ip: '192.168.1.100', os.name: 'Windows 11', os.arch: 'amd64', os.version: '10.0', java.version: '17.0.7'
Driver info: com.kms.katalon.core.webui.driver.SmartWaitWebDriver
Capabilities {acceptInsecureCerts: false, browserName: chrome, browserVersion: 120.0.6099.72, chrome: {chromedriverVersion: 119.0.6045.105 (38c72552c5e..., userDataDir: C:\Users\maart\AppData\Loca...}, fedcm:accounts: true, goog:chromeOptions: {debuggerAddress: localhost:55739}, javascriptEnabled: true, networkConnectionEnabled: false, pageLoadStrategy: normal, platform: WINDOWS, platformName: WINDOWS, proxy: Proxy(), setWindowRect: true, strictFileInteractability: false, timeouts: {implicit: 0, pageLoad: 300000, script: 30000}, unhandledPromptBehavior: dismiss and notify, webauthn:extension:credBlob: true, webauthn:extension:largeBlob: true, webauthn:extension:minPinLength: true, webauthn:extension:prf: true, webauthn:virtualAuthenticators: true}
Session ID: 86362f555e017b9e7dd1bf05b0dd8428
	at org.openqa.selenium.support.ui.WebDriverWait.timeoutException(WebDriverWait.java:95)
	at org.openqa.selenium.support.ui.FluentWait.until(FluentWait.java:272)
	at com.kms.katalon.core.webui.keyword.builtin.MouseOverKeyword$_mouseOver_closure1.doCall(MouseOverKeyword.groovy:56)
	at com.kms.katalon.core.webui.keyword.builtin.MouseOverKeyword$_mouseOver_closure1.call(MouseOverKeyword.groovy)
	at com.kms.katalon.core.webui.keyword.internal.WebUIKeywordMain.runKeyword(WebUIKeywordMain.groovy:20)
	... 39 more


2023-12-18 14:01:00 - [TEST_STEP][PASSED] - actual_url = getUrl(): Current window's url is: 'https://nlrisqitww-chaca.savviihq.com/supertester/'

2023-12-18 14:01:00 - [MESSAGE][PASSED] - Current window's url is: 'https://nlrisqitww-chaca.savviihq.com/supertester/'

2023-12-18 14:01:00 - [TEST_STEP][FAILED] - mouseOver(findTestObject("MenuTopbar/btn_Menu_Diensten")): Unable to move mouse over object 'Object Repository/MenuTopbar/btn_Menu_Diensten' (Root cause: com.kms.katalon.core.exception.StepFailedException: Unable to move mouse over object 'Object Repository/MenuTopbar/btn_Menu_Diensten'
	at com.kms.katalon.core.webui.keyword.internal.WebUIKeywordMain.stepFailed(WebUIKeywordMain.groovy:64)
	at com.kms.katalon.core.webui.keyword.internal.WebUIKeywordMain.runKeyword(WebUIKeywordMain.groovy:26)
	at com.kms.katalon.core.webui.keyword.builtin.MouseOverKeyword.mouseOver(MouseOverKeyword.groovy:66)
	at com.kms.katalon.core.webui.keyword.builtin.MouseOverKeyword.execute(MouseOverKeyword.groovy:40)
	at com.kms.katalon.core.keyword.internal.KeywordExecutor.executeKeywordForPlatform(KeywordExecutor.groovy:74)
	at com.kms.katalon.core.webui.keyword.WebUiBuiltInKeywords.mouseOver(WebUiBuiltInKeywords.groovy:806)
	at RT000 MenuClicks.run(RT000 MenuClicks:22)
	at com.kms.katalon.core.main.ScriptEngine.run(ScriptEngine.java:194)
	at com.kms.katalon.core.main.ScriptEngine.runScriptAsRawText(ScriptEngine.java:119)
	at com.kms.katalon.core.main.TestCaseExecutor.runScript(TestCaseExecutor.java:448)
	at com.kms.katalon.core.main.TestCaseExecutor.doExecute(TestCaseExecutor.java:439)
	at com.kms.katalon.core.main.TestCaseExecutor.processExecutionPhase(TestCaseExecutor.java:418)
	at com.kms.katalon.core.main.TestCaseExecutor.accessMainPhase(TestCaseExecutor.java:410)
	at com.kms.katalon.core.main.TestCaseExecutor.execute(TestCaseExecutor.java:285)
	at com.kms.katalon.core.main.TestCaseMain.runTestCase(TestCaseMain.java:144)
	at com.kms.katalon.core.keyword.builtin.CallTestCaseKeyword$_callTestCase_closure1.doCall(CallTestCaseKeyword.groovy:59)
	at com.kms.katalon.core.keyword.builtin.CallTestCaseKeyword$_callTestCase_closure1.call(CallTestCaseKeyword.groovy)
	at com.kms.katalon.core.keyword.internal.KeywordMain.runKeyword(KeywordMain.groovy:75)
	at com.kms.katalon.core.keyword.builtin.CallTestCaseKeyword.callTestCase(CallTestCaseKeyword.groovy:81)
	at com.kms.katalon.core.keyword.builtin.CallTestCaseKeyword.execute(CallTestCaseKeyword.groovy:44)
	at com.kms.katalon.core.keyword.internal.KeywordExecutor.executeKeywordForPlatform(KeywordExecutor.groovy:74)
	at com.kms.katalon.core.keyword.BuiltinKeywords.callTestCase(BuiltinKeywords.groovy:310)
	at java.base/jdk.internal.reflect.NativeMethodAccessorImpl.invoke0(Native Method)
	at java.base/jdk.internal.reflect.NativeMethodAccessorImpl.invoke(NativeMethodAccessorImpl.java:77)
	at java.base/jdk.internal.reflect.DelegatingMethodAccessorImpl.invoke(DelegatingMethodAccessorImpl.java:43)
	at RT008 MenuClicks - SuperTester.run(RT008 MenuClicks - SuperTester:26)
	at com.kms.katalon.core.main.ScriptEngine.run(ScriptEngine.java:194)
	at com.kms.katalon.core.main.ScriptEngine.runScriptAsRawText(ScriptEngine.java:119)
	at com.kms.katalon.core.main.TestCaseExecutor.runScript(TestCaseExecutor.java:448)
	at com.kms.katalon.core.main.TestCaseExecutor.doExecute(TestCaseExecutor.java:439)
	at com.kms.katalon.core.main.TestCaseExecutor.processExecutionPhase(TestCaseExecutor.java:418)
	at com.kms.katalon.core.main.TestCaseExecutor.accessMainPhase(TestCaseExecutor.java:410)
	at com.kms.katalon.core.main.TestCaseExecutor.execute(TestCaseExecutor.java:285)
	at com.kms.katalon.core.common.CommonExecutor.accessTestCaseMainPhase(CommonExecutor.java:65)
	at com.kms.katalon.core.main.TestSuiteExecutor.accessTestSuiteMainPhase(TestSuiteExecutor.java:148)
	at com.kms.katalon.core.main.TestSuiteExecutor.execute(TestSuiteExecutor.java:106)
	at com.kms.katalon.core.main.TestCaseMain.startTestSuite(TestCaseMain.java:187)
	at TempTestSuite1702904326304.run(TempTestSuite1702904326304.groovy:36)
	at java.base/jdk.internal.reflect.NativeMethodAccessorImpl.invoke0(Native Method)
	at java.base/jdk.internal.reflect.NativeMethodAccessorImpl.invoke(NativeMethodAccessorImpl.java:77)
	at java.base/jdk.internal.reflect.DelegatingMethodAccessorImpl.invoke(DelegatingMethodAccessorImpl.java:43)
Caused by: org.openqa.selenium.TimeoutException: Expected condition failed: waiting for element to be clickable: [[CChromeDriver: chrome on WINDOWS (86362f555e017b9e7dd1bf05b0dd8428)] -> xpath: //li[@id='menu-item-25842']/a] (tried for 30 second(s) with 500 milliseconds interval)
Build info: version: '3.141.59', revision: 'e82be7d358', time: '2018-11-14T08:25:53'
System info: host: 'BERGTOP', ip: '192.168.1.100', os.name: 'Windows 11', os.arch: 'amd64', os.version: '10.0', java.version: '17.0.7'
Driver info: com.kms.katalon.core.webui.driver.SmartWaitWebDriver
Capabilities {acceptInsecureCerts: false, browserName: chrome, browserVersion: 120.0.6099.72, chrome: {chromedriverVersion: 119.0.6045.105 (38c72552c5e..., userDataDir: C:\Users\maart\AppData\Loca...}, fedcm:accounts: true, goog:chromeOptions: {debuggerAddress: localhost:55739}, javascriptEnabled: true, networkConnectionEnabled: false, pageLoadStrategy: normal, platform: WINDOWS, platformName: WINDOWS, proxy: Proxy(), setWindowRect: true, strictFileInteractability: false, timeouts: {implicit: 0, pageLoad: 300000, script: 30000}, unhandledPromptBehavior: dismiss and notify, webauthn:extension:credBlob: true, webauthn:extension:largeBlob: true, webauthn:extension:minPinLength: true, webauthn:extension:prf: true, webauthn:virtualAuthenticators: true}
Session ID: 86362f555e017b9e7dd1bf05b0dd8428
	at org.openqa.selenium.support.ui.WebDriverWait.timeoutException(WebDriverWait.java:95)
	at org.openqa.selenium.support.ui.FluentWait.until(FluentWait.java:272)
	at com.kms.katalon.core.webui.keyword.builtin.MouseOverKeyword$_mouseOver_closure1.doCall(MouseOverKeyword.groovy:56)
	at com.kms.katalon.core.webui.keyword.builtin.MouseOverKeyword$_mouseOver_closure1.call(MouseOverKeyword.groovy)
	at com.kms.katalon.core.webui.keyword.internal.WebUIKeywordMain.runKeyword(WebUIKeywordMain.groovy:20)
	at com.kms.katalon.core.webui.keyword.builtin.MouseOverKeyword.mouseOver(MouseOverKeyword.groovy:66)
	at com.kms.katalon.core.webui.keyword.builtin.MouseOverKeyword.execute(MouseOverKeyword.groovy:40)
	at com.kms.katalon.core.keyword.internal.KeywordExecutor.executeKeywordForPlatform(KeywordExecutor.groovy:74)
	at com.kms.katalon.core.webui.keyword.WebUiBuiltInKeywords.mouseOver(WebUiBuiltInKeywords.groovy:806)
	at Script1702900670673.run(Script1702900670673.groovy:22)
	at com.kms.katalon.core.main.ScriptEngine.run(ScriptEngine.java:194)
	at com.kms.katalon.core.main.ScriptEngine.runScriptAsRawText(ScriptEngine.java:119)
	at com.kms.katalon.core.main.TestCaseExecutor.runScript(TestCaseExecutor.java:448)
	at com.kms.katalon.core.main.TestCaseExecutor.doExecute(TestCaseExecutor.java:439)
	at com.kms.katalon.core.main.TestCaseExecutor.processExecutionPhase(TestCaseExecutor.java:418)
	at com.kms.katalon.core.main.TestCaseExecutor.accessMainPhase(TestCaseExecutor.java:410)
	at com.kms.katalon.core.main.TestCaseExecutor.execute(TestCaseExecutor.java:285)
	at com.kms.katalon.core.main.TestCaseMain.runTestCase(TestCaseMain.java:144)
	at com.kms.katalon.core.keyword.builtin.CallTestCaseKeyword$_callTestCase_closure1.doCall(CallTestCaseKeyword.groovy:59)
	at com.kms.katalon.core.keyword.builtin.CallTestCaseKeyword$_callTestCase_closure1.call(CallTestCaseKeyword.groovy)
	at com.kms.katalon.core.keyword.internal.KeywordMain.runKeyword(KeywordMain.groovy:75)
	at com.kms.katalon.core.keyword.builtin.CallTestCaseKeyword.callTestCase(CallTestCaseKeyword.groovy:81)
	at com.kms.katalon.core.keyword.builtin.CallTestCaseKeyword.execute(CallTestCaseKeyword.groovy:44)
	at com.kms.katalon.core.keyword.internal.KeywordExecutor.executeKeywordForPlatform(KeywordExecutor.groovy:74)
	at com.kms.katalon.core.keyword.BuiltinKeywords.callTestCase(BuiltinKeywords.groovy:310)
	at java.base/jdk.internal.reflect.NativeMethodAccessorImpl.invoke0(Native Method)
	at java.base/jdk.internal.reflect.NativeMethodAccessorImpl.invoke(NativeMethodAccessorImpl.java:77)
	at java.base/jdk.internal.reflect.DelegatingMethodAccessorImpl.invoke(DelegatingMethodAccessorImpl.java:43)
	at Script1702898319768.run(Script1702898319768.groovy:26)
	... 15 more
)

2023-12-18 14:01:31 - [MESSAGE][FAILED] - Unable to move mouse over object 'Object Repository/MenuTopbar/btn_Menu_Diensten' (Root cause: com.kms.katalon.core.exception.StepFailedException: Unable to move mouse over object 'Object Repository/MenuTopbar/btn_Menu_Diensten'
	at com.kms.katalon.core.webui.keyword.internal.WebUIKeywordMain.stepFailed(WebUIKeywordMain.groovy:64)
	at com.kms.katalon.core.webui.keyword.internal.WebUIKeywordMain.runKeyword(WebUIKeywordMain.groovy:26)
	at com.kms.katalon.core.webui.keyword.builtin.MouseOverKeyword.mouseOver(MouseOverKeyword.groovy:66)
	at com.kms.katalon.core.webui.keyword.builtin.MouseOverKeyword.execute(MouseOverKeyword.groovy:40)
	at com.kms.katalon.core.keyword.internal.KeywordExecutor.executeKeywordForPlatform(KeywordExecutor.groovy:74)
	at com.kms.katalon.core.webui.keyword.WebUiBuiltInKeywords.mouseOver(WebUiBuiltInKeywords.groovy:806)
	at RT000 MenuClicks.run(RT000 MenuClicks:22)
	at com.kms.katalon.core.main.ScriptEngine.run(ScriptEngine.java:194)
	at com.kms.katalon.core.main.ScriptEngine.runScriptAsRawText(ScriptEngine.java:119)
	at com.kms.katalon.core.main.TestCaseExecutor.runScript(TestCaseExecutor.java:448)
	at com.kms.katalon.core.main.TestCaseExecutor.doExecute(TestCaseExecutor.java:439)
	at com.kms.katalon.core.main.TestCaseExecutor.processExecutionPhase(TestCaseExecutor.java:418)
	at com.kms.katalon.core.main.TestCaseExecutor.accessMainPhase(TestCaseExecutor.java:410)
	at com.kms.katalon.core.main.TestCaseExecutor.execute(TestCaseExecutor.java:285)
	at com.kms.katalon.core.main.TestCaseMain.runTestCase(TestCaseMain.java:144)
	at com.kms.katalon.core.keyword.builtin.CallTestCaseKeyword$_callTestCase_closure1.doCall(CallTestCaseKeyword.groovy:59)
	at com.kms.katalon.core.keyword.builtin.CallTestCaseKeyword$_callTestCase_closure1.call(CallTestCaseKeyword.groovy)
	at com.kms.katalon.core.keyword.internal.KeywordMain.runKeyword(KeywordMain.groovy:75)
	at com.kms.katalon.core.keyword.builtin.CallTestCaseKeyword.callTestCase(CallTestCaseKeyword.groovy:81)
	at com.kms.katalon.core.keyword.builtin.CallTestCaseKeyword.execute(CallTestCaseKeyword.groovy:44)
	at com.kms.katalon.core.keyword.internal.KeywordExecutor.executeKeywordForPlatform(KeywordExecutor.groovy:74)
	at com.kms.katalon.core.keyword.BuiltinKeywords.callTestCase(BuiltinKeywords.groovy:310)
	at java.base/jdk.internal.reflect.NativeMethodAccessorImpl.invoke0(Native Method)
	at java.base/jdk.internal.reflect.NativeMethodAccessorImpl.invoke(NativeMethodAccessorImpl.java:77)
	at java.base/jdk.internal.reflect.DelegatingMethodAccessorImpl.invoke(DelegatingMethodAccessorImpl.java:43)
	at RT008 MenuClicks - SuperTester.run(RT008 MenuClicks - SuperTester:26)
	at com.kms.katalon.core.main.ScriptEngine.run(ScriptEngine.java:194)
	at com.kms.katalon.core.main.ScriptEngine.runScriptAsRawText(ScriptEngine.java:119)
	at com.kms.katalon.core.main.TestCaseExecutor.runScript(TestCaseExecutor.java:448)
	at com.kms.katalon.core.main.TestCaseExecutor.doExecute(TestCaseExecutor.java:439)
	at com.kms.katalon.core.main.TestCaseExecutor.processExecutionPhase(TestCaseExecutor.java:418)
	at com.kms.katalon.core.main.TestCaseExecutor.accessMainPhase(TestCaseExecutor.java:410)
	at com.kms.katalon.core.main.TestCaseExecutor.execute(TestCaseExecutor.java:285)
	at com.kms.katalon.core.common.CommonExecutor.accessTestCaseMainPhase(CommonExecutor.java:65)
	at com.kms.katalon.core.main.TestSuiteExecutor.accessTestSuiteMainPhase(TestSuiteExecutor.java:148)
	at com.kms.katalon.core.main.TestSuiteExecutor.execute(TestSuiteExecutor.java:106)
	at com.kms.katalon.core.main.TestCaseMain.startTestSuite(TestCaseMain.java:187)
	at TempTestSuite1702904326304.run(TempTestSuite1702904326304.groovy:36)
	at java.base/jdk.internal.reflect.NativeMethodAccessorImpl.invoke0(Native Method)
	at java.base/jdk.internal.reflect.NativeMethodAccessorImpl.invoke(NativeMethodAccessorImpl.java:77)
	at java.base/jdk.internal.reflect.DelegatingMethodAccessorImpl.invoke(DelegatingMethodAccessorImpl.java:43)
Caused by: org.openqa.selenium.TimeoutException: Expected condition failed: waiting for element to be clickable: [[CChromeDriver: chrome on WINDOWS (86362f555e017b9e7dd1bf05b0dd8428)] -> xpath: //li[@id='menu-item-25842']/a] (tried for 30 second(s) with 500 milliseconds interval)
Build info: version: '3.141.59', revision: 'e82be7d358', time: '2018-11-14T08:25:53'
System info: host: 'BERGTOP', ip: '192.168.1.100', os.name: 'Windows 11', os.arch: 'amd64', os.version: '10.0', java.version: '17.0.7'
Driver info: com.kms.katalon.core.webui.driver.SmartWaitWebDriver
Capabilities {acceptInsecureCerts: false, browserName: chrome, browserVersion: 120.0.6099.72, chrome: {chromedriverVersion: 119.0.6045.105 (38c72552c5e..., userDataDir: C:\Users\maart\AppData\Loca...}, fedcm:accounts: true, goog:chromeOptions: {debuggerAddress: localhost:55739}, javascriptEnabled: true, networkConnectionEnabled: false, pageLoadStrategy: normal, platform: WINDOWS, platformName: WINDOWS, proxy: Proxy(), setWindowRect: true, strictFileInteractability: false, timeouts: {implicit: 0, pageLoad: 300000, script: 30000}, unhandledPromptBehavior: dismiss and notify, webauthn:extension:credBlob: true, webauthn:extension:largeBlob: true, webauthn:extension:minPinLength: true, webauthn:extension:prf: true, webauthn:virtualAuthenticators: true}
Session ID: 86362f555e017b9e7dd1bf05b0dd8428
	at org.openqa.selenium.support.ui.WebDriverWait.timeoutException(WebDriverWait.java:95)
	at org.openqa.selenium.support.ui.FluentWait.until(FluentWait.java:272)
	at com.kms.katalon.core.webui.keyword.builtin.MouseOverKeyword$_mouseOver_closure1.doCall(MouseOverKeyword.groovy:56)
	at com.kms.katalon.core.webui.keyword.builtin.MouseOverKeyword$_mouseOver_closure1.call(MouseOverKeyword.groovy)
	at com.kms.katalon.core.webui.keyword.internal.WebUIKeywordMain.runKeyword(WebUIKeywordMain.groovy:20)
	at com.kms.katalon.core.webui.keyword.builtin.MouseOverKeyword.mouseOver(MouseOverKeyword.groovy:66)
	at com.kms.katalon.core.webui.keyword.builtin.MouseOverKeyword.execute(MouseOverKeyword.groovy:40)
	at com.kms.katalon.core.keyword.internal.KeywordExecutor.executeKeywordForPlatform(KeywordExecutor.groovy:74)
	at com.kms.katalon.core.webui.keyword.WebUiBuiltInKeywords.mouseOver(WebUiBuiltInKeywords.groovy:806)
	at Script1702900670673.run(Script1702900670673.groovy:22)
	at com.kms.katalon.core.main.ScriptEngine.run(ScriptEngine.java:194)
	at com.kms.katalon.core.main.ScriptEngine.runScriptAsRawText(ScriptEngine.java:119)
	at com.kms.katalon.core.main.TestCaseExecutor.runScript(TestCaseExecutor.java:448)
	at com.kms.katalon.core.main.TestCaseExecutor.doExecute(TestCaseExecutor.java:439)
	at com.kms.katalon.core.main.TestCaseExecutor.processExecutionPhase(TestCaseExecutor.java:418)
	at com.kms.katalon.core.main.TestCaseExecutor.accessMainPhase(TestCaseExecutor.java:410)
	at com.kms.katalon.core.main.TestCaseExecutor.execute(TestCaseExecutor.java:285)
	at com.kms.katalon.core.main.TestCaseMain.runTestCase(TestCaseMain.java:144)
	at com.kms.katalon.core.keyword.builtin.CallTestCaseKeyword$_callTestCase_closure1.doCall(CallTestCaseKeyword.groovy:59)
	at com.kms.katalon.core.keyword.builtin.CallTestCaseKeyword$_callTestCase_closure1.call(CallTestCaseKeyword.groovy)
	at com.kms.katalon.core.keyword.internal.KeywordMain.runKeyword(KeywordMain.groovy:75)
	at com.kms.katalon.core.keyword.builtin.CallTestCaseKeyword.callTestCase(CallTestCaseKeyword.groovy:81)
	at com.kms.katalon.core.keyword.builtin.CallTestCaseKeyword.execute(CallTestCaseKeyword.groovy:44)
	at com.kms.katalon.core.keyword.internal.KeywordExecutor.executeKeywordForPlatform(KeywordExecutor.groovy:74)
	at com.kms.katalon.core.keyword.BuiltinKeywords.callTestCase(BuiltinKeywords.groovy:310)
	at java.base/jdk.internal.reflect.NativeMethodAccessorImpl.invoke0(Native Method)
	at java.base/jdk.internal.reflect.NativeMethodAccessorImpl.invoke(NativeMethodAccessorImpl.java:77)
	at java.base/jdk.internal.reflect.DelegatingMethodAccessorImpl.invoke(DelegatingMethodAccessorImpl.java:43)
	at Script1702898319768.run(Script1702898319768.groovy:26)
	... 15 more
)
[[ATTACHMENT|C:\\Users\\maart\\Katalon Studio\\RisQIT Website\\Reports\\20231218_135846\\TS01 MenuCheck\\20231218_135846\\1702904490693.png]]

2023-12-18 14:01:31 - [MESSAGE][FAILED] - Unable to call Test Case 'Test Cases/Menu/RT000 MenuClicks' (Root cause: com.kms.katalon.core.exception.StepFailedException: Call Test Case 'Test Cases/Menu/RT000 MenuClicks' failed
	at com.kms.katalon.core.keyword.builtin.CallTestCaseKeyword$_callTestCase_closure1.doCall(CallTestCaseKeyword.groovy:63)
	at com.kms.katalon.core.keyword.builtin.CallTestCaseKeyword$_callTestCase_closure1.call(CallTestCaseKeyword.groovy)
	at com.kms.katalon.core.keyword.internal.KeywordMain.runKeyword(KeywordMain.groovy:75)
	at com.kms.katalon.core.keyword.builtin.CallTestCaseKeyword.callTestCase(CallTestCaseKeyword.groovy:81)
	at com.kms.katalon.core.keyword.builtin.CallTestCaseKeyword.execute(CallTestCaseKeyword.groovy:44)
	at com.kms.katalon.core.keyword.internal.KeywordExecutor.executeKeywordForPlatform(KeywordExecutor.groovy:74)
	at com.kms.katalon.core.keyword.BuiltinKeywords.callTestCase(BuiltinKeywords.groovy:310)
	at java.base/jdk.internal.reflect.NativeMethodAccessorImpl.invoke0(Native Method)
	at java.base/jdk.internal.reflect.NativeMethodAccessorImpl.invoke(NativeMethodAccessorImpl.java:77)
	at java.base/jdk.internal.reflect.DelegatingMethodAccessorImpl.invoke(DelegatingMethodAccessorImpl.java:43)
	at RT008 MenuClicks - SuperTester.run(RT008 MenuClicks - SuperTester:26)
	at com.kms.katalon.core.main.ScriptEngine.run(ScriptEngine.java:194)
	at com.kms.katalon.core.main.ScriptEngine.runScriptAsRawText(ScriptEngine.java:119)
	at com.kms.katalon.core.main.TestCaseExecutor.runScript(TestCaseExecutor.java:448)
	at com.kms.katalon.core.main.TestCaseExecutor.doExecute(TestCaseExecutor.java:439)
	at com.kms.katalon.core.main.TestCaseExecutor.processExecutionPhase(TestCaseExecutor.java:418)
	at com.kms.katalon.core.main.TestCaseExecutor.accessMainPhase(TestCaseExecutor.java:410)
	at com.kms.katalon.core.main.TestCaseExecutor.execute(TestCaseExecutor.java:285)
	at com.kms.katalon.core.common.CommonExecutor.accessTestCaseMainPhase(CommonExecutor.java:65)
	at com.kms.katalon.core.main.TestSuiteExecutor.accessTestSuiteMainPhase(TestSuiteExecutor.java:148)
	at com.kms.katalon.core.main.TestSuiteExecutor.execute(TestSuiteExecutor.java:106)
	at com.kms.katalon.core.main.TestCaseMain.startTestSuite(TestCaseMain.java:187)
	at TempTestSuite1702904326304.run(TempTestSuite1702904326304.groovy:36)
	at java.base/jdk.internal.reflect.NativeMethodAccessorImpl.invoke0(Native Method)
	at java.base/jdk.internal.reflect.NativeMethodAccessorImpl.invoke(NativeMethodAccessorImpl.java:77)
	at java.base/jdk.internal.reflect.DelegatingMethodAccessorImpl.invoke(DelegatingMethodAccessorImpl.java:43)
Caused by: com.kms.katalon.core.exception.StepFailedException: Unable to move mouse over object 'Object Repository/MenuTopbar/btn_Menu_Diensten'
	at com.kms.katalon.core.webui.keyword.internal.WebUIKeywordMain.stepFailed(WebUIKeywordMain.groovy:64)
	at com.kms.katalon.core.webui.keyword.internal.WebUIKeywordMain.runKeyword(WebUIKeywordMain.groovy:26)
	at com.kms.katalon.core.webui.keyword.builtin.MouseOverKeyword.mouseOver(MouseOverKeyword.groovy:66)
	at com.kms.katalon.core.webui.keyword.builtin.MouseOverKeyword.execute(MouseOverKeyword.groovy:40)
	at com.kms.katalon.core.keyword.internal.KeywordExecutor.executeKeywordForPlatform(KeywordExecutor.groovy:74)
	at com.kms.katalon.core.webui.keyword.WebUiBuiltInKeywords.mouseOver(WebUiBuiltInKeywords.groovy:806)
	at RT000 MenuClicks.run(RT000 MenuClicks:22)
	at com.kms.katalon.core.main.ScriptEngine.run(ScriptEngine.java:194)
	at com.kms.katalon.core.main.ScriptEngine.runScriptAsRawText(ScriptEngine.java:119)
	at com.kms.katalon.core.main.TestCaseExecutor.runScript(TestCaseExecutor.java:448)
	at com.kms.katalon.core.main.TestCaseExecutor.doExecute(TestCaseExecutor.java:439)
	at com.kms.katalon.core.main.TestCaseExecutor.processExecutionPhase(TestCaseExecutor.java:418)
	at com.kms.katalon.core.main.TestCaseExecutor.accessMainPhase(TestCaseExecutor.java:410)
	at com.kms.katalon.core.main.TestCaseExecutor.execute(TestCaseExecutor.java:285)
	at com.kms.katalon.core.main.TestCaseMain.runTestCase(TestCaseMain.java:144)
	at com.kms.katalon.core.keyword.builtin.CallTestCaseKeyword$_callTestCase_closure1.doCall(CallTestCaseKeyword.groovy:59)
	... 25 more
Caused by: org.openqa.selenium.TimeoutException: Expected condition failed: waiting for element to be clickable: [[CChromeDriver: chrome on WINDOWS (86362f555e017b9e7dd1bf05b0dd8428)] -> xpath: //li[@id='menu-item-25842']/a] (tried for 30 second(s) with 500 milliseconds interval)
Build info: version: '3.141.59', revision: 'e82be7d358', time: '2018-11-14T08:25:53'
System info: host: 'BERGTOP', ip: '192.168.1.100', os.name: 'Windows 11', os.arch: 'amd64', os.version: '10.0', java.version: '17.0.7'
Driver info: com.kms.katalon.core.webui.driver.SmartWaitWebDriver
Capabilities {acceptInsecureCerts: false, browserName: chrome, browserVersion: 120.0.6099.72, chrome: {chromedriverVersion: 119.0.6045.105 (38c72552c5e..., userDataDir: C:\Users\maart\AppData\Loca...}, fedcm:accounts: true, goog:chromeOptions: {debuggerAddress: localhost:55739}, javascriptEnabled: true, networkConnectionEnabled: false, pageLoadStrategy: normal, platform: WINDOWS, platformName: WINDOWS, proxy: Proxy(), setWindowRect: true, strictFileInteractability: false, timeouts: {implicit: 0, pageLoad: 300000, script: 30000}, unhandledPromptBehavior: dismiss and notify, webauthn:extension:credBlob: true, webauthn:extension:largeBlob: true, webauthn:extension:minPinLength: true, webauthn:extension:prf: true, webauthn:virtualAuthenticators: true}
Session ID: 86362f555e017b9e7dd1bf05b0dd8428
	at org.openqa.selenium.support.ui.WebDriverWait.timeoutException(WebDriverWait.java:95)
	at org.openqa.selenium.support.ui.FluentWait.until(FluentWait.java:272)
	at com.kms.katalon.core.webui.keyword.builtin.MouseOverKeyword$_mouseOver_closure1.doCall(MouseOverKeyword.groovy:56)
	at com.kms.katalon.core.webui.keyword.builtin.MouseOverKeyword$_mouseOver_closure1.call(MouseOverKeyword.groovy)
	at com.kms.katalon.core.webui.keyword.internal.WebUIKeywordMain.runKeyword(WebUIKeywordMain.groovy:20)
	... 39 more
)]]></system-out>
         <system-err><![CDATA[2023-12-18 14:00:58 - [TEST_CASE][FAILED] - Test Cases/Menu/RT008 MenuClicks - SuperTester: Test Cases/Menu/RT008 MenuClicks - SuperTester FAILED.
Reason:
com.kms.katalon.core.exception.StepFailedException: Call Test Case 'Test Cases/Menu/RT000 MenuClicks' failed
	at com.kms.katalon.core.keyword.builtin.CallTestCaseKeyword$_callTestCase_closure1.doCall(CallTestCaseKeyword.groovy:63)
	at com.kms.katalon.core.keyword.builtin.CallTestCaseKeyword$_callTestCase_closure1.call(CallTestCaseKeyword.groovy)
	at com.kms.katalon.core.keyword.internal.KeywordMain.runKeyword(KeywordMain.groovy:75)
	at com.kms.katalon.core.keyword.builtin.CallTestCaseKeyword.callTestCase(CallTestCaseKeyword.groovy:81)
	at com.kms.katalon.core.keyword.builtin.CallTestCaseKeyword.execute(CallTestCaseKeyword.groovy:44)
	at com.kms.katalon.core.keyword.internal.KeywordExecutor.executeKeywordForPlatform(KeywordExecutor.groovy:74)
	at com.kms.katalon.core.keyword.BuiltinKeywords.callTestCase(BuiltinKeywords.groovy:310)
	at java.base/jdk.internal.reflect.NativeMethodAccessorImpl.invoke0(Native Method)
	at java.base/jdk.internal.reflect.NativeMethodAccessorImpl.invoke(NativeMethodAccessorImpl.java:77)
	at java.base/jdk.internal.reflect.DelegatingMethodAccessorImpl.invoke(DelegatingMethodAccessorImpl.java:43)
	at RT008 MenuClicks - SuperTester.run(RT008 MenuClicks - SuperTester:26)
	at com.kms.katalon.core.main.ScriptEngine.run(ScriptEngine.java:194)
	at com.kms.katalon.core.main.ScriptEngine.runScriptAsRawText(ScriptEngine.java:119)
	at com.kms.katalon.core.main.TestCaseExecutor.runScript(TestCaseExecutor.java:448)
	at com.kms.katalon.core.main.TestCaseExecutor.doExecute(TestCaseExecutor.java:439)
	at com.kms.katalon.core.main.TestCaseExecutor.processExecutionPhase(TestCaseExecutor.java:418)
	at com.kms.katalon.core.main.TestCaseExecutor.accessMainPhase(TestCaseExecutor.java:410)
	at com.kms.katalon.core.main.TestCaseExecutor.execute(TestCaseExecutor.java:285)
	at com.kms.katalon.core.common.CommonExecutor.accessTestCaseMainPhase(CommonExecutor.java:65)
	at com.kms.katalon.core.main.TestSuiteExecutor.accessTestSuiteMainPhase(TestSuiteExecutor.java:148)
	at com.kms.katalon.core.main.TestSuiteExecutor.execute(TestSuiteExecutor.java:106)
	at com.kms.katalon.core.main.TestCaseMain.startTestSuite(TestCaseMain.java:187)
	at TempTestSuite1702904326304.run(TempTestSuite1702904326304.groovy:36)
	at java.base/jdk.internal.reflect.NativeMethodAccessorImpl.invoke0(Native Method)
	at java.base/jdk.internal.reflect.NativeMethodAccessorImpl.invoke(NativeMethodAccessorImpl.java:77)
	at java.base/jdk.internal.reflect.DelegatingMethodAccessorImpl.invoke(DelegatingMethodAccessorImpl.java:43)
Caused by: com.kms.katalon.core.exception.StepFailedException: Unable to move mouse over object 'Object Repository/MenuTopbar/btn_Menu_Diensten'
	at com.kms.katalon.core.webui.keyword.internal.WebUIKeywordMain.stepFailed(WebUIKeywordMain.groovy:64)
	at com.kms.katalon.core.webui.keyword.internal.WebUIKeywordMain.runKeyword(WebUIKeywordMain.groovy:26)
	at com.kms.katalon.core.webui.keyword.builtin.MouseOverKeyword.mouseOver(MouseOverKeyword.groovy:66)
	at com.kms.katalon.core.webui.keyword.builtin.MouseOverKeyword.execute(MouseOverKeyword.groovy:40)
	at com.kms.katalon.core.keyword.internal.KeywordExecutor.executeKeywordForPlatform(KeywordExecutor.groovy:74)
	at com.kms.katalon.core.webui.keyword.WebUiBuiltInKeywords.mouseOver(WebUiBuiltInKeywords.groovy:806)
	at RT000 MenuClicks.run(RT000 MenuClicks:22)
	at com.kms.katalon.core.main.ScriptEngine.run(ScriptEngine.java:194)
	at com.kms.katalon.core.main.ScriptEngine.runScriptAsRawText(ScriptEngine.java:119)
	at com.kms.katalon.core.main.TestCaseExecutor.runScript(TestCaseExecutor.java:448)
	at com.kms.katalon.core.main.TestCaseExecutor.doExecute(TestCaseExecutor.java:439)
	at com.kms.katalon.core.main.TestCaseExecutor.processExecutionPhase(TestCaseExecutor.java:418)
	at com.kms.katalon.core.main.TestCaseExecutor.accessMainPhase(TestCaseExecutor.java:410)
	at com.kms.katalon.core.main.TestCaseExecutor.execute(TestCaseExecutor.java:285)
	at com.kms.katalon.core.main.TestCaseMain.runTestCase(TestCaseMain.java:144)
	at com.kms.katalon.core.keyword.builtin.CallTestCaseKeyword$_callTestCase_closure1.doCall(CallTestCaseKeyword.groovy:59)
	... 25 more
Caused by: org.openqa.selenium.TimeoutException: Expected condition failed: waiting for element to be clickable: [[CChromeDriver: chrome on WINDOWS (86362f555e017b9e7dd1bf05b0dd8428)] -> xpath: //li[@id='menu-item-25842']/a] (tried for 30 second(s) with 500 milliseconds interval)
Build info: version: '3.141.59', revision: 'e82be7d358', time: '2018-11-14T08:25:53'
System info: host: 'BERGTOP', ip: '192.168.1.100', os.name: 'Windows 11', os.arch: 'amd64', os.version: '10.0', java.version: '17.0.7'
Driver info: com.kms.katalon.core.webui.driver.SmartWaitWebDriver
Capabilities {acceptInsecureCerts: false, browserName: chrome, browserVersion: 120.0.6099.72, chrome: {chromedriverVersion: 119.0.6045.105 (38c72552c5e..., userDataDir: C:\Users\maart\AppData\Loca...}, fedcm:accounts: true, goog:chromeOptions: {debuggerAddress: localhost:55739}, javascriptEnabled: true, networkConnectionEnabled: false, pageLoadStrategy: normal, platform: WINDOWS, platformName: WINDOWS, proxy: Proxy(), setWindowRect: true, strictFileInteractability: false, timeouts: {implicit: 0, pageLoad: 300000, script: 30000}, unhandledPromptBehavior: dismiss and notify, webauthn:extension:credBlob: true, webauthn:extension:largeBlob: true, webauthn:extension:minPinLength: true, webauthn:extension:prf: true, webauthn:virtualAuthenticators: true}
Session ID: 86362f555e017b9e7dd1bf05b0dd8428
	at org.openqa.selenium.support.ui.WebDriverWait.timeoutException(WebDriverWait.java:95)
	at org.openqa.selenium.support.ui.FluentWait.until(FluentWait.java:272)
	at com.kms.katalon.core.webui.keyword.builtin.MouseOverKeyword$_mouseOver_closure1.doCall(MouseOverKeyword.groovy:56)
	at com.kms.katalon.core.webui.keyword.builtin.MouseOverKeyword$_mouseOver_closure1.call(MouseOverKeyword.groovy)
	at com.kms.katalon.core.webui.keyword.internal.WebUIKeywordMain.runKeyword(WebUIKeywordMain.groovy:20)
	... 39 more]]></system-err>
      </testcase>
      <testcase name="Test Cases/Menu/RT009 MenuClicks - Blog" time="18.758" classname="Test Cases/Menu/RT009 MenuClicks - Blog" status="PASSED">
         <system-out><![CDATA[2023-12-18 14:01:31 - [TEST_CASE][PASSED] - Test Cases/Menu/RT009 MenuClicks - Blog: Test Cases/Menu/RT009 MenuClicks - Blog

2023-12-18 14:01:31 - [TEST_STEP][PASSED] - openBrowser(""): Browser is opened with url: ''

2023-12-18 14:01:31 - [MESSAGE][WARNING] - A browser is already opened. Closing browser and opening a new one

2023-12-18 14:01:31 - [MESSAGE][INFO] - Starting 'Chrome' driver

2023-12-18 14:01:31 - [MESSAGE][INFO] - Action delay is set to 0 milliseconds

2023-12-18 14:01:31 - [MESSAGE][PASSED] - Browser is opened with url: ''

2023-12-18 14:01:31 - [TEST_STEP][PASSED] - maximizeWindow(): Current window maximized

2023-12-18 14:01:32 - [MESSAGE][PASSED] - Current window maximized

2023-12-18 14:01:32 - [TEST_STEP][PASSED] - navigateToUrl(URL + BLOG): Navigate to 'https://nlrisqitww-chaca.savviihq.com/blog/' successfully

2023-12-18 14:01:32 - [MESSAGE][PASSED] - Navigate to 'https://nlrisqitww-chaca.savviihq.com/blog/' successfully

2023-12-18 14:01:32 - [TEST_STEP][PASSED] - callTestCase(findTestCase("Menu/RT000 MenuClicks"), [:], STOP_ON_FAILURE): Call Test Case 'Test Cases/Menu/RT000 MenuClicks' successfully

2023-12-18 14:01:32 - [TEST_CASE][PASSED] - Test Cases/Menu/RT000 MenuClicks: Test Cases/Menu/RT000 MenuClicks

2023-12-18 14:01:32 - [TEST_STEP][PASSED] - actual_url = getUrl(): Current window's url is: 'https://nlrisqitww-chaca.savviihq.com/blog/'

2023-12-18 14:01:32 - [MESSAGE][PASSED] - Current window's url is: 'https://nlrisqitww-chaca.savviihq.com/blog/'

2023-12-18 14:01:32 - [TEST_STEP][PASSED] - mouseOver(findTestObject("MenuTopbar/btn_Menu_Diensten")): Object: 'Object Repository/MenuTopbar/btn_Menu_Diensten' is hovered

2023-12-18 14:01:33 - [MESSAGE][PASSED] - Object: 'Object Repository/MenuTopbar/btn_Menu_Diensten' is hovered

2023-12-18 14:01:33 - [TEST_STEP][PASSED] - click(findTestObject("MenuTopbar/btn_Menu_Diensten_SoftwareTesting")): Object: 'Object Repository/MenuTopbar/btn_Menu_Diensten_SoftwareTesting' is clicked on

2023-12-18 14:01:34 - [MESSAGE][PASSED] - Object: 'Object Repository/MenuTopbar/btn_Menu_Diensten_SoftwareTesting' is clicked on

2023-12-18 14:01:34 - [TEST_STEP][PASSED] - verifyElementText(findTestObject("Object Repository/Page_Software Testing - RisQIT/h1_Software Testing"), "Software Testing"): Actual text and expected text of test object 'Object Repository/Page_Software Testing - RisQIT/h1_Software Testing' are matched.

2023-12-18 14:01:34 - [MESSAGE][PASSED] - Actual text and expected text of test object 'Object Repository/Page_Software Testing - RisQIT/h1_Software Testing' are matched.

2023-12-18 14:01:34 - [TEST_STEP][PASSED] - navigateToUrl(actual_url): Navigate to 'https://nlrisqitww-chaca.savviihq.com/blog/' successfully

2023-12-18 14:01:35 - [MESSAGE][PASSED] - Navigate to 'https://nlrisqitww-chaca.savviihq.com/blog/' successfully

2023-12-18 14:01:35 - [TEST_STEP][PASSED] - mouseOver(findTestObject("MenuTopbar/btn_Menu_Diensten")): Object: 'Object Repository/MenuTopbar/btn_Menu_Diensten' is hovered

2023-12-18 14:01:35 - [MESSAGE][PASSED] - Object: 'Object Repository/MenuTopbar/btn_Menu_Diensten' is hovered

2023-12-18 14:01:35 - [TEST_STEP][PASSED] - click(findTestObject("MenuTopbar/btn_Menu_Diensten_SHT")): Object: 'Object Repository/MenuTopbar/btn_Menu_Diensten_SHT' is clicked on

2023-12-18 14:01:36 - [MESSAGE][PASSED] - Object: 'Object Repository/MenuTopbar/btn_Menu_Diensten_SHT' is clicked on

2023-12-18 14:01:36 - [TEST_STEP][PASSED] - verifyElementText(findTestObject("Page_Security en HackersTest (SHT) - RisQIT/h1_Security en HackersTest (SHT)"), "Security En HackersTest (SHT)"): Actual text and expected text of test object 'Object Repository/Page_Security en HackersTest (SHT) - RisQIT/h1_Security en HackersTest (SHT)' are matched.

2023-12-18 14:01:36 - [MESSAGE][PASSED] - Actual text and expected text of test object 'Object Repository/Page_Security en HackersTest (SHT) - RisQIT/h1_Security en HackersTest (SHT)' are matched.

2023-12-18 14:01:36 - [TEST_STEP][PASSED] - navigateToUrl(actual_url): Navigate to 'https://nlrisqitww-chaca.savviihq.com/blog/' successfully

2023-12-18 14:01:37 - [MESSAGE][PASSED] - Navigate to 'https://nlrisqitww-chaca.savviihq.com/blog/' successfully

2023-12-18 14:01:37 - [TEST_STEP][PASSED] - mouseOver(findTestObject("MenuTopbar/btn_Menu_Diensten")): Object: 'Object Repository/MenuTopbar/btn_Menu_Diensten' is hovered

2023-12-18 14:01:37 - [MESSAGE][PASSED] - Object: 'Object Repository/MenuTopbar/btn_Menu_Diensten' is hovered

2023-12-18 14:01:37 - [TEST_STEP][PASSED] - click(findTestObject("MenuTopbar/btn_Menu_Diensten_UXLab")): Object: 'Object Repository/MenuTopbar/btn_Menu_Diensten_UXLab' is clicked on

2023-12-18 14:01:38 - [MESSAGE][PASSED] - Object: 'Object Repository/MenuTopbar/btn_Menu_Diensten_UXLab' is clicked on

2023-12-18 14:01:38 - [TEST_STEP][PASSED] - verifyElementText(findTestObject("Object Repository/Page_UX Lab - RisQIT/h1_UX Lab"), "UX Lab"): Actual text and expected text of test object 'Object Repository/Page_UX Lab - RisQIT/h1_UX Lab' are matched.

2023-12-18 14:01:38 - [MESSAGE][PASSED] - Actual text and expected text of test object 'Object Repository/Page_UX Lab - RisQIT/h1_UX Lab' are matched.

2023-12-18 14:01:38 - [TEST_STEP][PASSED] - navigateToUrl(actual_url): Navigate to 'https://nlrisqitww-chaca.savviihq.com/blog/' successfully

2023-12-18 14:01:38 - [MESSAGE][PASSED] - Navigate to 'https://nlrisqitww-chaca.savviihq.com/blog/' successfully

2023-12-18 14:01:38 - [TEST_STEP][PASSED] - click(findTestObject("MenuTopbar/btn_Menu_OverOns")): Object: 'Object Repository/MenuTopbar/btn_Menu_OverOns' is clicked on

2023-12-18 14:01:39 - [MESSAGE][PASSED] - Object: 'Object Repository/MenuTopbar/btn_Menu_OverOns' is clicked on

2023-12-18 14:01:39 - [TEST_STEP][PASSED] - verifyElementText(findTestObject("Object Repository/Page_Over ons - RisQIT/h1_Over ons"), "Over Ons"): Actual text and expected text of test object 'Object Repository/Page_Over ons - RisQIT/h1_Over ons' are matched.

2023-12-18 14:01:39 - [MESSAGE][PASSED] - Actual text and expected text of test object 'Object Repository/Page_Over ons - RisQIT/h1_Over ons' are matched.

2023-12-18 14:01:39 - [TEST_STEP][PASSED] - navigateToUrl(actual_url): Navigate to 'https://nlrisqitww-chaca.savviihq.com/blog/' successfully

2023-12-18 14:01:39 - [MESSAGE][PASSED] - Navigate to 'https://nlrisqitww-chaca.savviihq.com/blog/' successfully

2023-12-18 14:01:39 - [TEST_STEP][PASSED] - mouseOver(findTestObject("MenuTopbar/btn_Menu_OverOns")): Object: 'Object Repository/MenuTopbar/btn_Menu_OverOns' is hovered

2023-12-18 14:01:40 - [MESSAGE][PASSED] - Object: 'Object Repository/MenuTopbar/btn_Menu_OverOns' is hovered

2023-12-18 14:01:40 - [TEST_STEP][PASSED] - click(findTestObject("MenuTopbar/btn_Menu_OverOns_MissieVisie")): Object: 'Object Repository/MenuTopbar/btn_Menu_OverOns_MissieVisie' is clicked on

2023-12-18 14:01:41 - [MESSAGE][PASSED] - Object: 'Object Repository/MenuTopbar/btn_Menu_OverOns_MissieVisie' is clicked on

2023-12-18 14:01:41 - [TEST_STEP][PASSED] - verifyElementText(findTestObject("Object Repository/Page_Missie  Visie - RisQIT/h1_Missie  Visie"), "Missie & Visie"): Actual text and expected text of test object 'Object Repository/Page_Missie  Visie - RisQIT/h1_Missie  Visie' are matched.

2023-12-18 14:01:41 - [MESSAGE][PASSED] - Actual text and expected text of test object 'Object Repository/Page_Missie  Visie - RisQIT/h1_Missie  Visie' are matched.

2023-12-18 14:01:41 - [TEST_STEP][PASSED] - navigateToUrl(actual_url): Navigate to 'https://nlrisqitww-chaca.savviihq.com/blog/' successfully

2023-12-18 14:01:41 - [MESSAGE][PASSED] - Navigate to 'https://nlrisqitww-chaca.savviihq.com/blog/' successfully

2023-12-18 14:01:41 - [TEST_STEP][PASSED] - mouseOver(findTestObject("MenuTopbar/btn_Menu_OverOns")): Object: 'Object Repository/MenuTopbar/btn_Menu_OverOns' is hovered

2023-12-18 14:01:42 - [MESSAGE][PASSED] - Object: 'Object Repository/MenuTopbar/btn_Menu_OverOns' is hovered

2023-12-18 14:01:42 - [TEST_STEP][PASSED] - click(findTestObject("MenuTopbar/btn_Menu_OverOns_HetGilde")): Object: 'Object Repository/MenuTopbar/btn_Menu_OverOns_HetGilde' is clicked on

2023-12-18 14:01:43 - [MESSAGE][PASSED] - Object: 'Object Repository/MenuTopbar/btn_Menu_OverOns_HetGilde' is clicked on

2023-12-18 14:01:43 - [TEST_STEP][PASSED] - verifyElementText(findTestObject("Object Repository/Page_Het Gilde - RisQIT/h1_Het Gilde"), "Het Gilde"): Actual text and expected text of test object 'Object Repository/Page_Het Gilde - RisQIT/h1_Het Gilde' are matched.

2023-12-18 14:01:43 - [MESSAGE][PASSED] - Actual text and expected text of test object 'Object Repository/Page_Het Gilde - RisQIT/h1_Het Gilde' are matched.

2023-12-18 14:01:43 - [TEST_STEP][PASSED] - navigateToUrl(actual_url): Navigate to 'https://nlrisqitww-chaca.savviihq.com/blog/' successfully

2023-12-18 14:01:43 - [MESSAGE][PASSED] - Navigate to 'https://nlrisqitww-chaca.savviihq.com/blog/' successfully

2023-12-18 14:01:43 - [TEST_STEP][PASSED] - mouseOver(findTestObject("MenuTopbar/btn_Menu_OverOns")): Object: 'Object Repository/MenuTopbar/btn_Menu_OverOns' is hovered

2023-12-18 14:01:44 - [MESSAGE][PASSED] - Object: 'Object Repository/MenuTopbar/btn_Menu_OverOns' is hovered

2023-12-18 14:01:44 - [TEST_STEP][PASSED] - click(findTestObject("MenuTopbar/btn_Menu_OverOns_SuperTester")): Object: 'Object Repository/MenuTopbar/btn_Menu_OverOns_SuperTester' is clicked on

2023-12-18 14:01:44 - [MESSAGE][PASSED] - Object: 'Object Repository/MenuTopbar/btn_Menu_OverOns_SuperTester' is clicked on

2023-12-18 14:01:44 - [TEST_STEP][PASSED] - verifyElementText(findTestObject("Object Repository/Page_SuperTester - RisQIT/h1_Whitepaper SuperTester"), "Whitepaper SuperTester"): Actual text and expected text of test object 'Object Repository/Page_SuperTester - RisQIT/h1_Whitepaper SuperTester' are matched.

2023-12-18 14:01:45 - [MESSAGE][PASSED] - Actual text and expected text of test object 'Object Repository/Page_SuperTester - RisQIT/h1_Whitepaper SuperTester' are matched.

2023-12-18 14:01:45 - [TEST_STEP][PASSED] - navigateToUrl(actual_url): Navigate to 'https://nlrisqitww-chaca.savviihq.com/blog/' successfully

2023-12-18 14:01:45 - [MESSAGE][PASSED] - Navigate to 'https://nlrisqitww-chaca.savviihq.com/blog/' successfully

2023-12-18 14:01:45 - [TEST_STEP][PASSED] - click(findTestObject("MenuTopbar/btn_Menu_Blog")): Object: 'Object Repository/MenuTopbar/btn_Menu_Blog' is clicked on

2023-12-18 14:01:46 - [MESSAGE][PASSED] - Object: 'Object Repository/MenuTopbar/btn_Menu_Blog' is clicked on

2023-12-18 14:01:46 - [TEST_STEP][PASSED] - verifyElementText(findTestObject("Object Repository/Page_Blog - RisQIT/h1_Blog"), "Blog"): Actual text and expected text of test object 'Object Repository/Page_Blog - RisQIT/h1_Blog' are matched.

2023-12-18 14:01:46 - [MESSAGE][PASSED] - Actual text and expected text of test object 'Object Repository/Page_Blog - RisQIT/h1_Blog' are matched.

2023-12-18 14:01:46 - [TEST_STEP][PASSED] - click(findTestObject("MenuTopbar/btn_Menu_Vacatures")): Object: 'Object Repository/MenuTopbar/btn_Menu_Vacatures' is clicked on

2023-12-18 14:01:46 - [MESSAGE][PASSED] - Object: 'Object Repository/MenuTopbar/btn_Menu_Vacatures' is clicked on

2023-12-18 14:01:46 - [TEST_STEP][PASSED] - verifyElementText(findTestObject("Object Repository/Page_Vacatures - RisQIT/h1_Vacatures"), "Vacatures"): Actual text and expected text of test object 'Object Repository/Page_Vacatures - RisQIT/h1_Vacatures' are matched.

2023-12-18 14:01:47 - [MESSAGE][PASSED] - Actual text and expected text of test object 'Object Repository/Page_Vacatures - RisQIT/h1_Vacatures' are matched.

2023-12-18 14:01:47 - [TEST_STEP][PASSED] - navigateToUrl(actual_url): Navigate to 'https://nlrisqitww-chaca.savviihq.com/blog/' successfully

2023-12-18 14:01:47 - [MESSAGE][PASSED] - Navigate to 'https://nlrisqitww-chaca.savviihq.com/blog/' successfully

2023-12-18 14:01:47 - [TEST_STEP][PASSED] - click(findTestObject("Object Repository/MenuTopbar/Page_Vacatures - RisQIT/div_Contact opnemen")): Object: 'Object Repository/MenuTopbar/Page_Vacatures - RisQIT/div_Contact opnemen' is clicked on

2023-12-18 14:01:48 - [MESSAGE][PASSED] - Object: 'Object Repository/MenuTopbar/Page_Vacatures - RisQIT/div_Contact opnemen' is clicked on

2023-12-18 14:01:48 - [TEST_STEP][PASSED] - verifyElementText(findTestObject("Object Repository/Page_Contact - RisQIT/h1_Contact"), "Contact"): Actual text and expected text of test object 'Object Repository/Page_Contact - RisQIT/h1_Contact' are matched.

2023-12-18 14:01:48 - [MESSAGE][PASSED] - Actual text and expected text of test object 'Object Repository/Page_Contact - RisQIT/h1_Contact' are matched.

2023-12-18 14:01:48 - [TEST_STEP][PASSED] - click(findTestObject("MenuTopbar/img_Logo")): Object: 'Object Repository/MenuTopbar/img_Logo' is clicked on

2023-12-18 14:01:49 - [MESSAGE][PASSED] - Object: 'Object Repository/MenuTopbar/img_Logo' is clicked on

2023-12-18 14:01:49 - [TEST_STEP][PASSED] - verifyElementText(findTestObject("Object Repository/Page_Home - RisQIT/h1_Ga voor duurzaamheid en vertrouwen, same_4bc4a8"), "Ga voor duurzaamheid en vertrouwen, samen met ons!"): Actual text and expected text of test object 'Object Repository/Page_Home - RisQIT/h1_Ga voor duurzaamheid en vertrouwen, same_4bc4a8' are matched.

2023-12-18 14:01:49 - [MESSAGE][PASSED] - Actual text and expected text of test object 'Object Repository/Page_Home - RisQIT/h1_Ga voor duurzaamheid en vertrouwen, same_4bc4a8' are matched.

2023-12-18 14:01:49 - [MESSAGE][PASSED] - Call Test Case 'Test Cases/Menu/RT000 MenuClicks' successfully

2023-12-18 14:01:49 - [TEST_STEP][PASSED] - closeBrowser(): Browser is closed

2023-12-18 14:01:49 - [MESSAGE][PASSED] - Browser is closed]]></system-out>
         <system-err><![CDATA[]]></system-err>
      </testcase>
      <testcase name="Test Cases/Menu/RT010 MenuClicks - Vacatures" time="17.544" classname="Test Cases/Menu/RT010 MenuClicks - Vacatures" status="PASSED">
         <system-out><![CDATA[2023-12-18 14:01:49 - [TEST_CASE][PASSED] - Test Cases/Menu/RT010 MenuClicks - Vacatures: Test Cases/Menu/RT010 MenuClicks - Vacatures

2023-12-18 14:01:49 - [TEST_STEP][PASSED] - openBrowser(""): Browser is opened with url: ''

2023-12-18 14:01:49 - [MESSAGE][INFO] - Starting 'Chrome' driver

2023-12-18 14:01:49 - [MESSAGE][INFO] - Action delay is set to 0 milliseconds

2023-12-18 14:01:50 - [MESSAGE][PASSED] - Browser is opened with url: ''

2023-12-18 14:01:50 - [TEST_STEP][PASSED] - maximizeWindow(): Current window maximized

2023-12-18 14:01:50 - [MESSAGE][PASSED] - Current window maximized

2023-12-18 14:01:50 - [TEST_STEP][PASSED] - navigateToUrl(URL + VACATURES): Navigate to 'https://nlrisqitww-chaca.savviihq.com/vacatures/' successfully

2023-12-18 14:01:51 - [MESSAGE][PASSED] - Navigate to 'https://nlrisqitww-chaca.savviihq.com/vacatures/' successfully

2023-12-18 14:01:51 - [TEST_STEP][PASSED] - callTestCase(findTestCase("Menu/RT000 MenuClicks"), [:], STOP_ON_FAILURE): Call Test Case 'Test Cases/Menu/RT000 MenuClicks' successfully

2023-12-18 14:01:51 - [TEST_CASE][PASSED] - Test Cases/Menu/RT000 MenuClicks: Test Cases/Menu/RT000 MenuClicks

2023-12-18 14:01:51 - [TEST_STEP][PASSED] - actual_url = getUrl(): Current window's url is: 'https://nlrisqitww-chaca.savviihq.com/vacatures/'

2023-12-18 14:01:51 - [MESSAGE][PASSED] - Current window's url is: 'https://nlrisqitww-chaca.savviihq.com/vacatures/'

2023-12-18 14:01:51 - [TEST_STEP][PASSED] - mouseOver(findTestObject("MenuTopbar/btn_Menu_Diensten")): Object: 'Object Repository/MenuTopbar/btn_Menu_Diensten' is hovered

2023-12-18 14:01:51 - [MESSAGE][PASSED] - Object: 'Object Repository/MenuTopbar/btn_Menu_Diensten' is hovered

2023-12-18 14:01:51 - [TEST_STEP][PASSED] - click(findTestObject("MenuTopbar/btn_Menu_Diensten_SoftwareTesting")): Object: 'Object Repository/MenuTopbar/btn_Menu_Diensten_SoftwareTesting' is clicked on

2023-12-18 14:01:52 - [MESSAGE][PASSED] - Object: 'Object Repository/MenuTopbar/btn_Menu_Diensten_SoftwareTesting' is clicked on

2023-12-18 14:01:52 - [TEST_STEP][PASSED] - verifyElementText(findTestObject("Object Repository/Page_Software Testing - RisQIT/h1_Software Testing"), "Software Testing"): Actual text and expected text of test object 'Object Repository/Page_Software Testing - RisQIT/h1_Software Testing' are matched.

2023-12-18 14:01:53 - [MESSAGE][PASSED] - Actual text and expected text of test object 'Object Repository/Page_Software Testing - RisQIT/h1_Software Testing' are matched.

2023-12-18 14:01:53 - [TEST_STEP][PASSED] - navigateToUrl(actual_url): Navigate to 'https://nlrisqitww-chaca.savviihq.com/vacatures/' successfully

2023-12-18 14:01:53 - [MESSAGE][PASSED] - Navigate to 'https://nlrisqitww-chaca.savviihq.com/vacatures/' successfully

2023-12-18 14:01:53 - [TEST_STEP][PASSED] - mouseOver(findTestObject("MenuTopbar/btn_Menu_Diensten")): Object: 'Object Repository/MenuTopbar/btn_Menu_Diensten' is hovered

2023-12-18 14:01:54 - [MESSAGE][PASSED] - Object: 'Object Repository/MenuTopbar/btn_Menu_Diensten' is hovered

2023-12-18 14:01:54 - [TEST_STEP][PASSED] - click(findTestObject("MenuTopbar/btn_Menu_Diensten_SHT")): Object: 'Object Repository/MenuTopbar/btn_Menu_Diensten_SHT' is clicked on

2023-12-18 14:01:54 - [MESSAGE][PASSED] - Object: 'Object Repository/MenuTopbar/btn_Menu_Diensten_SHT' is clicked on

2023-12-18 14:01:54 - [TEST_STEP][PASSED] - verifyElementText(findTestObject("Page_Security en HackersTest (SHT) - RisQIT/h1_Security en HackersTest (SHT)"), "Security En HackersTest (SHT)"): Actual text and expected text of test object 'Object Repository/Page_Security en HackersTest (SHT) - RisQIT/h1_Security en HackersTest (SHT)' are matched.

2023-12-18 14:01:55 - [MESSAGE][PASSED] - Actual text and expected text of test object 'Object Repository/Page_Security en HackersTest (SHT) - RisQIT/h1_Security en HackersTest (SHT)' are matched.

2023-12-18 14:01:55 - [TEST_STEP][PASSED] - navigateToUrl(actual_url): Navigate to 'https://nlrisqitww-chaca.savviihq.com/vacatures/' successfully

2023-12-18 14:01:55 - [MESSAGE][PASSED] - Navigate to 'https://nlrisqitww-chaca.savviihq.com/vacatures/' successfully

2023-12-18 14:01:55 - [TEST_STEP][PASSED] - mouseOver(findTestObject("MenuTopbar/btn_Menu_Diensten")): Object: 'Object Repository/MenuTopbar/btn_Menu_Diensten' is hovered

2023-12-18 14:01:55 - [MESSAGE][PASSED] - Object: 'Object Repository/MenuTopbar/btn_Menu_Diensten' is hovered

2023-12-18 14:01:55 - [TEST_STEP][PASSED] - click(findTestObject("MenuTopbar/btn_Menu_Diensten_UXLab")): Object: 'Object Repository/MenuTopbar/btn_Menu_Diensten_UXLab' is clicked on

2023-12-18 14:01:56 - [MESSAGE][PASSED] - Object: 'Object Repository/MenuTopbar/btn_Menu_Diensten_UXLab' is clicked on

2023-12-18 14:01:56 - [TEST_STEP][PASSED] - verifyElementText(findTestObject("Object Repository/Page_UX Lab - RisQIT/h1_UX Lab"), "UX Lab"): Actual text and expected text of test object 'Object Repository/Page_UX Lab - RisQIT/h1_UX Lab' are matched.

2023-12-18 14:01:57 - [MESSAGE][PASSED] - Actual text and expected text of test object 'Object Repository/Page_UX Lab - RisQIT/h1_UX Lab' are matched.

2023-12-18 14:01:57 - [TEST_STEP][PASSED] - navigateToUrl(actual_url): Navigate to 'https://nlrisqitww-chaca.savviihq.com/vacatures/' successfully

2023-12-18 14:01:57 - [MESSAGE][PASSED] - Navigate to 'https://nlrisqitww-chaca.savviihq.com/vacatures/' successfully

2023-12-18 14:01:57 - [TEST_STEP][PASSED] - click(findTestObject("MenuTopbar/btn_Menu_OverOns")): Object: 'Object Repository/MenuTopbar/btn_Menu_OverOns' is clicked on

2023-12-18 14:01:57 - [MESSAGE][PASSED] - Object: 'Object Repository/MenuTopbar/btn_Menu_OverOns' is clicked on

2023-12-18 14:01:57 - [TEST_STEP][PASSED] - verifyElementText(findTestObject("Object Repository/Page_Over ons - RisQIT/h1_Over ons"), "Over Ons"): Actual text and expected text of test object 'Object Repository/Page_Over ons - RisQIT/h1_Over ons' are matched.

2023-12-18 14:01:58 - [MESSAGE][PASSED] - Actual text and expected text of test object 'Object Repository/Page_Over ons - RisQIT/h1_Over ons' are matched.

2023-12-18 14:01:58 - [TEST_STEP][PASSED] - navigateToUrl(actual_url): Navigate to 'https://nlrisqitww-chaca.savviihq.com/vacatures/' successfully

2023-12-18 14:01:58 - [MESSAGE][PASSED] - Navigate to 'https://nlrisqitww-chaca.savviihq.com/vacatures/' successfully

2023-12-18 14:01:58 - [TEST_STEP][PASSED] - mouseOver(findTestObject("MenuTopbar/btn_Menu_OverOns")): Object: 'Object Repository/MenuTopbar/btn_Menu_OverOns' is hovered

2023-12-18 14:01:58 - [MESSAGE][PASSED] - Object: 'Object Repository/MenuTopbar/btn_Menu_OverOns' is hovered

2023-12-18 14:01:58 - [TEST_STEP][PASSED] - click(findTestObject("MenuTopbar/btn_Menu_OverOns_MissieVisie")): Object: 'Object Repository/MenuTopbar/btn_Menu_OverOns_MissieVisie' is clicked on

2023-12-18 14:01:59 - [MESSAGE][PASSED] - Object: 'Object Repository/MenuTopbar/btn_Menu_OverOns_MissieVisie' is clicked on

2023-12-18 14:01:59 - [TEST_STEP][PASSED] - verifyElementText(findTestObject("Object Repository/Page_Missie  Visie - RisQIT/h1_Missie  Visie"), "Missie & Visie"): Actual text and expected text of test object 'Object Repository/Page_Missie  Visie - RisQIT/h1_Missie  Visie' are matched.

2023-12-18 14:01:59 - [MESSAGE][PASSED] - Actual text and expected text of test object 'Object Repository/Page_Missie  Visie - RisQIT/h1_Missie  Visie' are matched.

2023-12-18 14:01:59 - [TEST_STEP][PASSED] - navigateToUrl(actual_url): Navigate to 'https://nlrisqitww-chaca.savviihq.com/vacatures/' successfully

2023-12-18 14:02:00 - [MESSAGE][PASSED] - Navigate to 'https://nlrisqitww-chaca.savviihq.com/vacatures/' successfully

2023-12-18 14:02:00 - [TEST_STEP][PASSED] - mouseOver(findTestObject("MenuTopbar/btn_Menu_OverOns")): Object: 'Object Repository/MenuTopbar/btn_Menu_OverOns' is hovered

2023-12-18 14:02:00 - [MESSAGE][PASSED] - Object: 'Object Repository/MenuTopbar/btn_Menu_OverOns' is hovered

2023-12-18 14:02:00 - [TEST_STEP][PASSED] - click(findTestObject("MenuTopbar/btn_Menu_OverOns_HetGilde")): Object: 'Object Repository/MenuTopbar/btn_Menu_OverOns_HetGilde' is clicked on

2023-12-18 14:02:01 - [MESSAGE][PASSED] - Object: 'Object Repository/MenuTopbar/btn_Menu_OverOns_HetGilde' is clicked on

2023-12-18 14:02:01 - [TEST_STEP][PASSED] - verifyElementText(findTestObject("Object Repository/Page_Het Gilde - RisQIT/h1_Het Gilde"), "Het Gilde"): Actual text and expected text of test object 'Object Repository/Page_Het Gilde - RisQIT/h1_Het Gilde' are matched.

2023-12-18 14:02:01 - [MESSAGE][PASSED] - Actual text and expected text of test object 'Object Repository/Page_Het Gilde - RisQIT/h1_Het Gilde' are matched.

2023-12-18 14:02:01 - [TEST_STEP][PASSED] - navigateToUrl(actual_url): Navigate to 'https://nlrisqitww-chaca.savviihq.com/vacatures/' successfully

2023-12-18 14:02:01 - [MESSAGE][PASSED] - Navigate to 'https://nlrisqitww-chaca.savviihq.com/vacatures/' successfully

2023-12-18 14:02:01 - [TEST_STEP][PASSED] - mouseOver(findTestObject("MenuTopbar/btn_Menu_OverOns")): Object: 'Object Repository/MenuTopbar/btn_Menu_OverOns' is hovered

2023-12-18 14:02:02 - [MESSAGE][PASSED] - Object: 'Object Repository/MenuTopbar/btn_Menu_OverOns' is hovered

2023-12-18 14:02:02 - [TEST_STEP][PASSED] - click(findTestObject("MenuTopbar/btn_Menu_OverOns_SuperTester")): Object: 'Object Repository/MenuTopbar/btn_Menu_OverOns_SuperTester' is clicked on

2023-12-18 14:02:02 - [MESSAGE][PASSED] - Object: 'Object Repository/MenuTopbar/btn_Menu_OverOns_SuperTester' is clicked on

2023-12-18 14:02:02 - [TEST_STEP][PASSED] - verifyElementText(findTestObject("Object Repository/Page_SuperTester - RisQIT/h1_Whitepaper SuperTester"), "Whitepaper SuperTester"): Actual text and expected text of test object 'Object Repository/Page_SuperTester - RisQIT/h1_Whitepaper SuperTester' are matched.

2023-12-18 14:02:03 - [MESSAGE][PASSED] - Actual text and expected text of test object 'Object Repository/Page_SuperTester - RisQIT/h1_Whitepaper SuperTester' are matched.

2023-12-18 14:02:03 - [TEST_STEP][PASSED] - navigateToUrl(actual_url): Navigate to 'https://nlrisqitww-chaca.savviihq.com/vacatures/' successfully

2023-12-18 14:02:03 - [MESSAGE][PASSED] - Navigate to 'https://nlrisqitww-chaca.savviihq.com/vacatures/' successfully

2023-12-18 14:02:03 - [TEST_STEP][PASSED] - click(findTestObject("MenuTopbar/btn_Menu_Blog")): Object: 'Object Repository/MenuTopbar/btn_Menu_Blog' is clicked on

2023-12-18 14:02:04 - [MESSAGE][PASSED] - Object: 'Object Repository/MenuTopbar/btn_Menu_Blog' is clicked on

2023-12-18 14:02:04 - [TEST_STEP][PASSED] - verifyElementText(findTestObject("Object Repository/Page_Blog - RisQIT/h1_Blog"), "Blog"): Actual text and expected text of test object 'Object Repository/Page_Blog - RisQIT/h1_Blog' are matched.

2023-12-18 14:02:04 - [MESSAGE][PASSED] - Actual text and expected text of test object 'Object Repository/Page_Blog - RisQIT/h1_Blog' are matched.

2023-12-18 14:02:04 - [TEST_STEP][PASSED] - click(findTestObject("MenuTopbar/btn_Menu_Vacatures")): Object: 'Object Repository/MenuTopbar/btn_Menu_Vacatures' is clicked on

2023-12-18 14:02:04 - [MESSAGE][PASSED] - Object: 'Object Repository/MenuTopbar/btn_Menu_Vacatures' is clicked on

2023-12-18 14:02:04 - [TEST_STEP][PASSED] - verifyElementText(findTestObject("Object Repository/Page_Vacatures - RisQIT/h1_Vacatures"), "Vacatures"): Actual text and expected text of test object 'Object Repository/Page_Vacatures - RisQIT/h1_Vacatures' are matched.

2023-12-18 14:02:05 - [MESSAGE][PASSED] - Actual text and expected text of test object 'Object Repository/Page_Vacatures - RisQIT/h1_Vacatures' are matched.

2023-12-18 14:02:05 - [TEST_STEP][PASSED] - navigateToUrl(actual_url): Navigate to 'https://nlrisqitww-chaca.savviihq.com/vacatures/' successfully

2023-12-18 14:02:05 - [MESSAGE][PASSED] - Navigate to 'https://nlrisqitww-chaca.savviihq.com/vacatures/' successfully

2023-12-18 14:02:05 - [TEST_STEP][PASSED] - click(findTestObject("Object Repository/MenuTopbar/Page_Vacatures - RisQIT/div_Contact opnemen")): Object: 'Object Repository/MenuTopbar/Page_Vacatures - RisQIT/div_Contact opnemen' is clicked on

2023-12-18 14:02:05 - [MESSAGE][PASSED] - Object: 'Object Repository/MenuTopbar/Page_Vacatures - RisQIT/div_Contact opnemen' is clicked on

2023-12-18 14:02:05 - [TEST_STEP][PASSED] - verifyElementText(findTestObject("Object Repository/Page_Contact - RisQIT/h1_Contact"), "Contact"): Actual text and expected text of test object 'Object Repository/Page_Contact - RisQIT/h1_Contact' are matched.

2023-12-18 14:02:06 - [MESSAGE][PASSED] - Actual text and expected text of test object 'Object Repository/Page_Contact - RisQIT/h1_Contact' are matched.

2023-12-18 14:02:06 - [TEST_STEP][PASSED] - click(findTestObject("MenuTopbar/img_Logo")): Object: 'Object Repository/MenuTopbar/img_Logo' is clicked on

2023-12-18 14:02:06 - [MESSAGE][PASSED] - Object: 'Object Repository/MenuTopbar/img_Logo' is clicked on

2023-12-18 14:02:06 - [TEST_STEP][PASSED] - verifyElementText(findTestObject("Object Repository/Page_Home - RisQIT/h1_Ga voor duurzaamheid en vertrouwen, same_4bc4a8"), "Ga voor duurzaamheid en vertrouwen, samen met ons!"): Actual text and expected text of test object 'Object Repository/Page_Home - RisQIT/h1_Ga voor duurzaamheid en vertrouwen, same_4bc4a8' are matched.

2023-12-18 14:02:07 - [MESSAGE][PASSED] - Actual text and expected text of test object 'Object Repository/Page_Home - RisQIT/h1_Ga voor duurzaamheid en vertrouwen, same_4bc4a8' are matched.

2023-12-18 14:02:07 - [MESSAGE][PASSED] - Call Test Case 'Test Cases/Menu/RT000 MenuClicks' successfully

2023-12-18 14:02:07 - [TEST_STEP][PASSED] - closeBrowser(): Browser is closed

2023-12-18 14:02:07 - [MESSAGE][PASSED] - Browser is closed]]></system-out>
         <system-err><![CDATA[]]></system-err>
      </testcase>
      <testcase name="Test Cases/Menu/RT011 MenuClicks - Contact" time="17.387" classname="Test Cases/Menu/RT011 MenuClicks - Contact" status="PASSED">
         <system-out><![CDATA[2023-12-18 14:02:07 - [TEST_CASE][PASSED] - Test Cases/Menu/RT011 MenuClicks - Contact: Test Cases/Menu/RT011 MenuClicks - Contact

2023-12-18 14:02:07 - [TEST_STEP][PASSED] - openBrowser(""): Browser is opened with url: ''

2023-12-18 14:02:07 - [MESSAGE][INFO] - Starting 'Chrome' driver

2023-12-18 14:02:07 - [MESSAGE][INFO] - Action delay is set to 0 milliseconds

2023-12-18 14:02:08 - [MESSAGE][PASSED] - Browser is opened with url: ''

2023-12-18 14:02:08 - [TEST_STEP][PASSED] - maximizeWindow(): Current window maximized

2023-12-18 14:02:08 - [MESSAGE][PASSED] - Current window maximized

2023-12-18 14:02:08 - [TEST_STEP][PASSED] - navigateToUrl(URL + CONTACT): Navigate to 'https://nlrisqitww-chaca.savviihq.com/contact/' successfully

2023-12-18 14:02:08 - [MESSAGE][PASSED] - Navigate to 'https://nlrisqitww-chaca.savviihq.com/contact/' successfully

2023-12-18 14:02:08 - [TEST_STEP][PASSED] - callTestCase(findTestCase("Menu/RT000 MenuClicks"), [:], STOP_ON_FAILURE): Call Test Case 'Test Cases/Menu/RT000 MenuClicks' successfully

2023-12-18 14:02:08 - [TEST_CASE][PASSED] - Test Cases/Menu/RT000 MenuClicks: Test Cases/Menu/RT000 MenuClicks

2023-12-18 14:02:08 - [TEST_STEP][PASSED] - actual_url = getUrl(): Current window's url is: 'https://nlrisqitww-chaca.savviihq.com/contact/'

2023-12-18 14:02:08 - [MESSAGE][PASSED] - Current window's url is: 'https://nlrisqitww-chaca.savviihq.com/contact/'

2023-12-18 14:02:08 - [TEST_STEP][PASSED] - mouseOver(findTestObject("MenuTopbar/btn_Menu_Diensten")): Object: 'Object Repository/MenuTopbar/btn_Menu_Diensten' is hovered

2023-12-18 14:02:09 - [MESSAGE][PASSED] - Object: 'Object Repository/MenuTopbar/btn_Menu_Diensten' is hovered

2023-12-18 14:02:09 - [TEST_STEP][PASSED] - click(findTestObject("MenuTopbar/btn_Menu_Diensten_SoftwareTesting")): Object: 'Object Repository/MenuTopbar/btn_Menu_Diensten_SoftwareTesting' is clicked on

2023-12-18 14:02:10 - [MESSAGE][PASSED] - Object: 'Object Repository/MenuTopbar/btn_Menu_Diensten_SoftwareTesting' is clicked on

2023-12-18 14:02:10 - [TEST_STEP][PASSED] - verifyElementText(findTestObject("Object Repository/Page_Software Testing - RisQIT/h1_Software Testing"), "Software Testing"): Actual text and expected text of test object 'Object Repository/Page_Software Testing - RisQIT/h1_Software Testing' are matched.

2023-12-18 14:02:10 - [MESSAGE][PASSED] - Actual text and expected text of test object 'Object Repository/Page_Software Testing - RisQIT/h1_Software Testing' are matched.

2023-12-18 14:02:10 - [TEST_STEP][PASSED] - navigateToUrl(actual_url): Navigate to 'https://nlrisqitww-chaca.savviihq.com/contact/' successfully

2023-12-18 14:02:11 - [MESSAGE][PASSED] - Navigate to 'https://nlrisqitww-chaca.savviihq.com/contact/' successfully

2023-12-18 14:02:11 - [TEST_STEP][PASSED] - mouseOver(findTestObject("MenuTopbar/btn_Menu_Diensten")): Object: 'Object Repository/MenuTopbar/btn_Menu_Diensten' is hovered

2023-12-18 14:02:11 - [MESSAGE][PASSED] - Object: 'Object Repository/MenuTopbar/btn_Menu_Diensten' is hovered

2023-12-18 14:02:11 - [TEST_STEP][PASSED] - click(findTestObject("MenuTopbar/btn_Menu_Diensten_SHT")): Object: 'Object Repository/MenuTopbar/btn_Menu_Diensten_SHT' is clicked on

2023-12-18 14:02:12 - [MESSAGE][PASSED] - Object: 'Object Repository/MenuTopbar/btn_Menu_Diensten_SHT' is clicked on

2023-12-18 14:02:12 - [TEST_STEP][PASSED] - verifyElementText(findTestObject("Page_Security en HackersTest (SHT) - RisQIT/h1_Security en HackersTest (SHT)"), "Security En HackersTest (SHT)"): Actual text and expected text of test object 'Object Repository/Page_Security en HackersTest (SHT) - RisQIT/h1_Security en HackersTest (SHT)' are matched.

2023-12-18 14:02:12 - [MESSAGE][PASSED] - Actual text and expected text of test object 'Object Repository/Page_Security en HackersTest (SHT) - RisQIT/h1_Security en HackersTest (SHT)' are matched.

2023-12-18 14:02:12 - [TEST_STEP][PASSED] - navigateToUrl(actual_url): Navigate to 'https://nlrisqitww-chaca.savviihq.com/contact/' successfully

2023-12-18 14:02:12 - [MESSAGE][PASSED] - Navigate to 'https://nlrisqitww-chaca.savviihq.com/contact/' successfully

2023-12-18 14:02:12 - [TEST_STEP][PASSED] - mouseOver(findTestObject("MenuTopbar/btn_Menu_Diensten")): Object: 'Object Repository/MenuTopbar/btn_Menu_Diensten' is hovered

2023-12-18 14:02:13 - [MESSAGE][PASSED] - Object: 'Object Repository/MenuTopbar/btn_Menu_Diensten' is hovered

2023-12-18 14:02:13 - [TEST_STEP][PASSED] - click(findTestObject("MenuTopbar/btn_Menu_Diensten_UXLab")): Object: 'Object Repository/MenuTopbar/btn_Menu_Diensten_UXLab' is clicked on

2023-12-18 14:02:14 - [MESSAGE][PASSED] - Object: 'Object Repository/MenuTopbar/btn_Menu_Diensten_UXLab' is clicked on

2023-12-18 14:02:14 - [TEST_STEP][PASSED] - verifyElementText(findTestObject("Object Repository/Page_UX Lab - RisQIT/h1_UX Lab"), "UX Lab"): Actual text and expected text of test object 'Object Repository/Page_UX Lab - RisQIT/h1_UX Lab' are matched.

2023-12-18 14:02:14 - [MESSAGE][PASSED] - Actual text and expected text of test object 'Object Repository/Page_UX Lab - RisQIT/h1_UX Lab' are matched.

2023-12-18 14:02:14 - [TEST_STEP][PASSED] - navigateToUrl(actual_url): Navigate to 'https://nlrisqitww-chaca.savviihq.com/contact/' successfully

2023-12-18 14:02:14 - [MESSAGE][PASSED] - Navigate to 'https://nlrisqitww-chaca.savviihq.com/contact/' successfully

2023-12-18 14:02:14 - [TEST_STEP][PASSED] - click(findTestObject("MenuTopbar/btn_Menu_OverOns")): Object: 'Object Repository/MenuTopbar/btn_Menu_OverOns' is clicked on

2023-12-18 14:02:15 - [MESSAGE][PASSED] - Object: 'Object Repository/MenuTopbar/btn_Menu_OverOns' is clicked on

2023-12-18 14:02:15 - [TEST_STEP][PASSED] - verifyElementText(findTestObject("Object Repository/Page_Over ons - RisQIT/h1_Over ons"), "Over Ons"): Actual text and expected text of test object 'Object Repository/Page_Over ons - RisQIT/h1_Over ons' are matched.

2023-12-18 14:02:15 - [MESSAGE][PASSED] - Actual text and expected text of test object 'Object Repository/Page_Over ons - RisQIT/h1_Over ons' are matched.

2023-12-18 14:02:15 - [TEST_STEP][PASSED] - navigateToUrl(actual_url): Navigate to 'https://nlrisqitww-chaca.savviihq.com/contact/' successfully

2023-12-18 14:02:15 - [MESSAGE][PASSED] - Navigate to 'https://nlrisqitww-chaca.savviihq.com/contact/' successfully

2023-12-18 14:02:15 - [TEST_STEP][PASSED] - mouseOver(findTestObject("MenuTopbar/btn_Menu_OverOns")): Object: 'Object Repository/MenuTopbar/btn_Menu_OverOns' is hovered

2023-12-18 14:02:16 - [MESSAGE][PASSED] - Object: 'Object Repository/MenuTopbar/btn_Menu_OverOns' is hovered

2023-12-18 14:02:16 - [TEST_STEP][PASSED] - click(findTestObject("MenuTopbar/btn_Menu_OverOns_MissieVisie")): Object: 'Object Repository/MenuTopbar/btn_Menu_OverOns_MissieVisie' is clicked on

2023-12-18 14:02:17 - [MESSAGE][PASSED] - Object: 'Object Repository/MenuTopbar/btn_Menu_OverOns_MissieVisie' is clicked on

2023-12-18 14:02:17 - [TEST_STEP][PASSED] - verifyElementText(findTestObject("Object Repository/Page_Missie  Visie - RisQIT/h1_Missie  Visie"), "Missie & Visie"): Actual text and expected text of test object 'Object Repository/Page_Missie  Visie - RisQIT/h1_Missie  Visie' are matched.

2023-12-18 14:02:17 - [MESSAGE][PASSED] - Actual text and expected text of test object 'Object Repository/Page_Missie  Visie - RisQIT/h1_Missie  Visie' are matched.

2023-12-18 14:02:17 - [TEST_STEP][PASSED] - navigateToUrl(actual_url): Navigate to 'https://nlrisqitww-chaca.savviihq.com/contact/' successfully

2023-12-18 14:02:17 - [MESSAGE][PASSED] - Navigate to 'https://nlrisqitww-chaca.savviihq.com/contact/' successfully

2023-12-18 14:02:17 - [TEST_STEP][PASSED] - mouseOver(findTestObject("MenuTopbar/btn_Menu_OverOns")): Object: 'Object Repository/MenuTopbar/btn_Menu_OverOns' is hovered

2023-12-18 14:02:18 - [MESSAGE][PASSED] - Object: 'Object Repository/MenuTopbar/btn_Menu_OverOns' is hovered

2023-12-18 14:02:18 - [TEST_STEP][PASSED] - click(findTestObject("MenuTopbar/btn_Menu_OverOns_HetGilde")): Object: 'Object Repository/MenuTopbar/btn_Menu_OverOns_HetGilde' is clicked on

2023-12-18 14:02:19 - [MESSAGE][PASSED] - Object: 'Object Repository/MenuTopbar/btn_Menu_OverOns_HetGilde' is clicked on

2023-12-18 14:02:19 - [TEST_STEP][PASSED] - verifyElementText(findTestObject("Object Repository/Page_Het Gilde - RisQIT/h1_Het Gilde"), "Het Gilde"): Actual text and expected text of test object 'Object Repository/Page_Het Gilde - RisQIT/h1_Het Gilde' are matched.

2023-12-18 14:02:19 - [MESSAGE][PASSED] - Actual text and expected text of test object 'Object Repository/Page_Het Gilde - RisQIT/h1_Het Gilde' are matched.

2023-12-18 14:02:19 - [TEST_STEP][PASSED] - navigateToUrl(actual_url): Navigate to 'https://nlrisqitww-chaca.savviihq.com/contact/' successfully

2023-12-18 14:02:19 - [MESSAGE][PASSED] - Navigate to 'https://nlrisqitww-chaca.savviihq.com/contact/' successfully

2023-12-18 14:02:19 - [TEST_STEP][PASSED] - mouseOver(findTestObject("MenuTopbar/btn_Menu_OverOns")): Object: 'Object Repository/MenuTopbar/btn_Menu_OverOns' is hovered

2023-12-18 14:02:20 - [MESSAGE][PASSED] - Object: 'Object Repository/MenuTopbar/btn_Menu_OverOns' is hovered

2023-12-18 14:02:20 - [TEST_STEP][PASSED] - click(findTestObject("MenuTopbar/btn_Menu_OverOns_SuperTester")): Object: 'Object Repository/MenuTopbar/btn_Menu_OverOns_SuperTester' is clicked on

2023-12-18 14:02:20 - [MESSAGE][PASSED] - Object: 'Object Repository/MenuTopbar/btn_Menu_OverOns_SuperTester' is clicked on

2023-12-18 14:02:20 - [TEST_STEP][PASSED] - verifyElementText(findTestObject("Object Repository/Page_SuperTester - RisQIT/h1_Whitepaper SuperTester"), "Whitepaper SuperTester"): Actual text and expected text of test object 'Object Repository/Page_SuperTester - RisQIT/h1_Whitepaper SuperTester' are matched.

2023-12-18 14:02:21 - [MESSAGE][PASSED] - Actual text and expected text of test object 'Object Repository/Page_SuperTester - RisQIT/h1_Whitepaper SuperTester' are matched.

2023-12-18 14:02:21 - [TEST_STEP][PASSED] - navigateToUrl(actual_url): Navigate to 'https://nlrisqitww-chaca.savviihq.com/contact/' successfully

2023-12-18 14:02:21 - [MESSAGE][PASSED] - Navigate to 'https://nlrisqitww-chaca.savviihq.com/contact/' successfully

2023-12-18 14:02:21 - [TEST_STEP][PASSED] - click(findTestObject("MenuTopbar/btn_Menu_Blog")): Object: 'Object Repository/MenuTopbar/btn_Menu_Blog' is clicked on

2023-12-18 14:02:21 - [MESSAGE][PASSED] - Object: 'Object Repository/MenuTopbar/btn_Menu_Blog' is clicked on

2023-12-18 14:02:21 - [TEST_STEP][PASSED] - verifyElementText(findTestObject("Object Repository/Page_Blog - RisQIT/h1_Blog"), "Blog"): Actual text and expected text of test object 'Object Repository/Page_Blog - RisQIT/h1_Blog' are matched.

2023-12-18 14:02:22 - [MESSAGE][PASSED] - Actual text and expected text of test object 'Object Repository/Page_Blog - RisQIT/h1_Blog' are matched.

2023-12-18 14:02:22 - [TEST_STEP][PASSED] - click(findTestObject("MenuTopbar/btn_Menu_Vacatures")): Object: 'Object Repository/MenuTopbar/btn_Menu_Vacatures' is clicked on

2023-12-18 14:02:22 - [MESSAGE][PASSED] - Object: 'Object Repository/MenuTopbar/btn_Menu_Vacatures' is clicked on

2023-12-18 14:02:22 - [TEST_STEP][PASSED] - verifyElementText(findTestObject("Object Repository/Page_Vacatures - RisQIT/h1_Vacatures"), "Vacatures"): Actual text and expected text of test object 'Object Repository/Page_Vacatures - RisQIT/h1_Vacatures' are matched.

2023-12-18 14:02:22 - [MESSAGE][PASSED] - Actual text and expected text of test object 'Object Repository/Page_Vacatures - RisQIT/h1_Vacatures' are matched.

2023-12-18 14:02:22 - [TEST_STEP][PASSED] - navigateToUrl(actual_url): Navigate to 'https://nlrisqitww-chaca.savviihq.com/contact/' successfully

2023-12-18 14:02:22 - [MESSAGE][PASSED] - Navigate to 'https://nlrisqitww-chaca.savviihq.com/contact/' successfully

2023-12-18 14:02:22 - [TEST_STEP][PASSED] - click(findTestObject("Object Repository/MenuTopbar/Page_Vacatures - RisQIT/div_Contact opnemen")): Object: 'Object Repository/MenuTopbar/Page_Vacatures - RisQIT/div_Contact opnemen' is clicked on

2023-12-18 14:02:23 - [MESSAGE][PASSED] - Object: 'Object Repository/MenuTopbar/Page_Vacatures - RisQIT/div_Contact opnemen' is clicked on

2023-12-18 14:02:23 - [TEST_STEP][PASSED] - verifyElementText(findTestObject("Object Repository/Page_Contact - RisQIT/h1_Contact"), "Contact"): Actual text and expected text of test object 'Object Repository/Page_Contact - RisQIT/h1_Contact' are matched.

2023-12-18 14:02:23 - [MESSAGE][PASSED] - Actual text and expected text of test object 'Object Repository/Page_Contact - RisQIT/h1_Contact' are matched.

2023-12-18 14:02:23 - [TEST_STEP][PASSED] - click(findTestObject("MenuTopbar/img_Logo")): Object: 'Object Repository/MenuTopbar/img_Logo' is clicked on

2023-12-18 14:02:24 - [MESSAGE][PASSED] - Object: 'Object Repository/MenuTopbar/img_Logo' is clicked on

2023-12-18 14:02:24 - [TEST_STEP][PASSED] - verifyElementText(findTestObject("Object Repository/Page_Home - RisQIT/h1_Ga voor duurzaamheid en vertrouwen, same_4bc4a8"), "Ga voor duurzaamheid en vertrouwen, samen met ons!"): Actual text and expected text of test object 'Object Repository/Page_Home - RisQIT/h1_Ga voor duurzaamheid en vertrouwen, same_4bc4a8' are matched.

2023-12-18 14:02:24 - [MESSAGE][PASSED] - Actual text and expected text of test object 'Object Repository/Page_Home - RisQIT/h1_Ga voor duurzaamheid en vertrouwen, same_4bc4a8' are matched.

2023-12-18 14:02:24 - [MESSAGE][PASSED] - Call Test Case 'Test Cases/Menu/RT000 MenuClicks' successfully

2023-12-18 14:02:24 - [TEST_STEP][PASSED] - closeBrowser(): Browser is closed

2023-12-18 14:02:24 - [MESSAGE][PASSED] - Browser is closed]]></system-out>
         <system-err><![CDATA[]]></system-err>
      </testcase>
      <testcase name="Test Cases/Menu/RT012 MenuClicks - AlgVoorwaarden" time="18.91" classname="Test Cases/Menu/RT012 MenuClicks - AlgVoorwaarden" status="PASSED">
         <system-out><![CDATA[2023-12-18 14:02:24 - [TEST_CASE][PASSED] - Test Cases/Menu/RT012 MenuClicks - AlgVoorwaarden: Test Cases/Menu/RT012 MenuClicks - AlgVoorwaarden

2023-12-18 14:02:24 - [TEST_STEP][PASSED] - openBrowser(""): Browser is opened with url: ''

2023-12-18 14:02:24 - [MESSAGE][INFO] - Starting 'Chrome' driver

2023-12-18 14:02:24 - [MESSAGE][INFO] - Action delay is set to 0 milliseconds

2023-12-18 14:02:25 - [MESSAGE][PASSED] - Browser is opened with url: ''

2023-12-18 14:02:25 - [TEST_STEP][PASSED] - maximizeWindow(): Current window maximized

2023-12-18 14:02:25 - [MESSAGE][PASSED] - Current window maximized

2023-12-18 14:02:25 - [TEST_STEP][PASSED] - navigateToUrl(URL + ALGVOORW): Navigate to 'https://nlrisqitww-chaca.savviihq.com/algemene-voorwaarden/' successfully

2023-12-18 14:02:26 - [MESSAGE][PASSED] - Navigate to 'https://nlrisqitww-chaca.savviihq.com/algemene-voorwaarden/' successfully

2023-12-18 14:02:26 - [TEST_STEP][PASSED] - callTestCase(findTestCase("Menu/RT000 MenuClicks"), [:], STOP_ON_FAILURE): Call Test Case 'Test Cases/Menu/RT000 MenuClicks' successfully

2023-12-18 14:02:26 - [TEST_CASE][PASSED] - Test Cases/Menu/RT000 MenuClicks: Test Cases/Menu/RT000 MenuClicks

2023-12-18 14:02:26 - [TEST_STEP][PASSED] - actual_url = getUrl(): Current window's url is: 'https://nlrisqitww-chaca.savviihq.com/algemene-voorwaarden/'

2023-12-18 14:02:26 - [MESSAGE][PASSED] - Current window's url is: 'https://nlrisqitww-chaca.savviihq.com/algemene-voorwaarden/'

2023-12-18 14:02:26 - [TEST_STEP][PASSED] - mouseOver(findTestObject("MenuTopbar/btn_Menu_Diensten")): Object: 'Object Repository/MenuTopbar/btn_Menu_Diensten' is hovered

2023-12-18 14:02:26 - [MESSAGE][PASSED] - Object: 'Object Repository/MenuTopbar/btn_Menu_Diensten' is hovered

2023-12-18 14:02:26 - [TEST_STEP][PASSED] - click(findTestObject("MenuTopbar/btn_Menu_Diensten_SoftwareTesting")): Object: 'Object Repository/MenuTopbar/btn_Menu_Diensten_SoftwareTesting' is clicked on

2023-12-18 14:02:27 - [MESSAGE][PASSED] - Object: 'Object Repository/MenuTopbar/btn_Menu_Diensten_SoftwareTesting' is clicked on

2023-12-18 14:02:27 - [TEST_STEP][PASSED] - verifyElementText(findTestObject("Object Repository/Page_Software Testing - RisQIT/h1_Software Testing"), "Software Testing"): Actual text and expected text of test object 'Object Repository/Page_Software Testing - RisQIT/h1_Software Testing' are matched.

2023-12-18 14:02:28 - [MESSAGE][PASSED] - Actual text and expected text of test object 'Object Repository/Page_Software Testing - RisQIT/h1_Software Testing' are matched.

2023-12-18 14:02:28 - [TEST_STEP][PASSED] - navigateToUrl(actual_url): Navigate to 'https://nlrisqitww-chaca.savviihq.com/algemene-voorwaarden/' successfully

2023-12-18 14:02:28 - [MESSAGE][PASSED] - Navigate to 'https://nlrisqitww-chaca.savviihq.com/algemene-voorwaarden/' successfully

2023-12-18 14:02:28 - [TEST_STEP][PASSED] - mouseOver(findTestObject("MenuTopbar/btn_Menu_Diensten")): Object: 'Object Repository/MenuTopbar/btn_Menu_Diensten' is hovered

2023-12-18 14:02:29 - [MESSAGE][PASSED] - Object: 'Object Repository/MenuTopbar/btn_Menu_Diensten' is hovered

2023-12-18 14:02:29 - [TEST_STEP][PASSED] - click(findTestObject("MenuTopbar/btn_Menu_Diensten_SHT")): Object: 'Object Repository/MenuTopbar/btn_Menu_Diensten_SHT' is clicked on

2023-12-18 14:02:29 - [MESSAGE][PASSED] - Object: 'Object Repository/MenuTopbar/btn_Menu_Diensten_SHT' is clicked on

2023-12-18 14:02:29 - [TEST_STEP][PASSED] - verifyElementText(findTestObject("Page_Security en HackersTest (SHT) - RisQIT/h1_Security en HackersTest (SHT)"), "Security En HackersTest (SHT)"): Actual text and expected text of test object 'Object Repository/Page_Security en HackersTest (SHT) - RisQIT/h1_Security en HackersTest (SHT)' are matched.

2023-12-18 14:02:30 - [MESSAGE][PASSED] - Actual text and expected text of test object 'Object Repository/Page_Security en HackersTest (SHT) - RisQIT/h1_Security en HackersTest (SHT)' are matched.

2023-12-18 14:02:30 - [TEST_STEP][PASSED] - navigateToUrl(actual_url): Navigate to 'https://nlrisqitww-chaca.savviihq.com/algemene-voorwaarden/' successfully

2023-12-18 14:02:30 - [MESSAGE][PASSED] - Navigate to 'https://nlrisqitww-chaca.savviihq.com/algemene-voorwaarden/' successfully

2023-12-18 14:02:30 - [TEST_STEP][PASSED] - mouseOver(findTestObject("MenuTopbar/btn_Menu_Diensten")): Object: 'Object Repository/MenuTopbar/btn_Menu_Diensten' is hovered

2023-12-18 14:02:31 - [MESSAGE][PASSED] - Object: 'Object Repository/MenuTopbar/btn_Menu_Diensten' is hovered

2023-12-18 14:02:31 - [TEST_STEP][PASSED] - click(findTestObject("MenuTopbar/btn_Menu_Diensten_UXLab")): Object: 'Object Repository/MenuTopbar/btn_Menu_Diensten_UXLab' is clicked on

2023-12-18 14:02:31 - [MESSAGE][PASSED] - Object: 'Object Repository/MenuTopbar/btn_Menu_Diensten_UXLab' is clicked on

2023-12-18 14:02:31 - [TEST_STEP][PASSED] - verifyElementText(findTestObject("Object Repository/Page_UX Lab - RisQIT/h1_UX Lab"), "UX Lab"): Actual text and expected text of test object 'Object Repository/Page_UX Lab - RisQIT/h1_UX Lab' are matched.

2023-12-18 14:02:32 - [MESSAGE][PASSED] - Actual text and expected text of test object 'Object Repository/Page_UX Lab - RisQIT/h1_UX Lab' are matched.

2023-12-18 14:02:32 - [TEST_STEP][PASSED] - navigateToUrl(actual_url): Navigate to 'https://nlrisqitww-chaca.savviihq.com/algemene-voorwaarden/' successfully

2023-12-18 14:02:32 - [MESSAGE][PASSED] - Navigate to 'https://nlrisqitww-chaca.savviihq.com/algemene-voorwaarden/' successfully

2023-12-18 14:02:32 - [TEST_STEP][PASSED] - click(findTestObject("MenuTopbar/btn_Menu_OverOns")): Object: 'Object Repository/MenuTopbar/btn_Menu_OverOns' is clicked on

2023-12-18 14:02:32 - [MESSAGE][PASSED] - Object: 'Object Repository/MenuTopbar/btn_Menu_OverOns' is clicked on

2023-12-18 14:02:32 - [TEST_STEP][PASSED] - verifyElementText(findTestObject("Object Repository/Page_Over ons - RisQIT/h1_Over ons"), "Over Ons"): Actual text and expected text of test object 'Object Repository/Page_Over ons - RisQIT/h1_Over ons' are matched.

2023-12-18 14:02:33 - [MESSAGE][PASSED] - Actual text and expected text of test object 'Object Repository/Page_Over ons - RisQIT/h1_Over ons' are matched.

2023-12-18 14:02:33 - [TEST_STEP][PASSED] - navigateToUrl(actual_url): Navigate to 'https://nlrisqitww-chaca.savviihq.com/algemene-voorwaarden/' successfully

2023-12-18 14:02:33 - [MESSAGE][PASSED] - Navigate to 'https://nlrisqitww-chaca.savviihq.com/algemene-voorwaarden/' successfully

2023-12-18 14:02:33 - [TEST_STEP][PASSED] - mouseOver(findTestObject("MenuTopbar/btn_Menu_OverOns")): Object: 'Object Repository/MenuTopbar/btn_Menu_OverOns' is hovered

2023-12-18 14:02:34 - [MESSAGE][PASSED] - Object: 'Object Repository/MenuTopbar/btn_Menu_OverOns' is hovered

2023-12-18 14:02:34 - [TEST_STEP][PASSED] - click(findTestObject("MenuTopbar/btn_Menu_OverOns_MissieVisie")): Object: 'Object Repository/MenuTopbar/btn_Menu_OverOns_MissieVisie' is clicked on

2023-12-18 14:02:34 - [MESSAGE][PASSED] - Object: 'Object Repository/MenuTopbar/btn_Menu_OverOns_MissieVisie' is clicked on

2023-12-18 14:02:34 - [TEST_STEP][PASSED] - verifyElementText(findTestObject("Object Repository/Page_Missie  Visie - RisQIT/h1_Missie  Visie"), "Missie & Visie"): Actual text and expected text of test object 'Object Repository/Page_Missie  Visie - RisQIT/h1_Missie  Visie' are matched.

2023-12-18 14:02:35 - [MESSAGE][PASSED] - Actual text and expected text of test object 'Object Repository/Page_Missie  Visie - RisQIT/h1_Missie  Visie' are matched.

2023-12-18 14:02:35 - [TEST_STEP][PASSED] - navigateToUrl(actual_url): Navigate to 'https://nlrisqitww-chaca.savviihq.com/algemene-voorwaarden/' successfully

2023-12-18 14:02:35 - [MESSAGE][PASSED] - Navigate to 'https://nlrisqitww-chaca.savviihq.com/algemene-voorwaarden/' successfully

2023-12-18 14:02:35 - [TEST_STEP][PASSED] - mouseOver(findTestObject("MenuTopbar/btn_Menu_OverOns")): Object: 'Object Repository/MenuTopbar/btn_Menu_OverOns' is hovered

2023-12-18 14:02:35 - [MESSAGE][PASSED] - Object: 'Object Repository/MenuTopbar/btn_Menu_OverOns' is hovered

2023-12-18 14:02:35 - [TEST_STEP][PASSED] - click(findTestObject("MenuTopbar/btn_Menu_OverOns_HetGilde")): Object: 'Object Repository/MenuTopbar/btn_Menu_OverOns_HetGilde' is clicked on

2023-12-18 14:02:36 - [MESSAGE][PASSED] - Object: 'Object Repository/MenuTopbar/btn_Menu_OverOns_HetGilde' is clicked on

2023-12-18 14:02:36 - [TEST_STEP][PASSED] - verifyElementText(findTestObject("Object Repository/Page_Het Gilde - RisQIT/h1_Het Gilde"), "Het Gilde"): Actual text and expected text of test object 'Object Repository/Page_Het Gilde - RisQIT/h1_Het Gilde' are matched.

2023-12-18 14:02:36 - [MESSAGE][PASSED] - Actual text and expected text of test object 'Object Repository/Page_Het Gilde - RisQIT/h1_Het Gilde' are matched.

2023-12-18 14:02:36 - [TEST_STEP][PASSED] - navigateToUrl(actual_url): Navigate to 'https://nlrisqitww-chaca.savviihq.com/algemene-voorwaarden/' successfully

2023-12-18 14:02:37 - [MESSAGE][PASSED] - Navigate to 'https://nlrisqitww-chaca.savviihq.com/algemene-voorwaarden/' successfully

2023-12-18 14:02:37 - [TEST_STEP][PASSED] - mouseOver(findTestObject("MenuTopbar/btn_Menu_OverOns")): Object: 'Object Repository/MenuTopbar/btn_Menu_OverOns' is hovered

2023-12-18 14:02:37 - [MESSAGE][PASSED] - Object: 'Object Repository/MenuTopbar/btn_Menu_OverOns' is hovered

2023-12-18 14:02:37 - [TEST_STEP][PASSED] - click(findTestObject("MenuTopbar/btn_Menu_OverOns_SuperTester")): Object: 'Object Repository/MenuTopbar/btn_Menu_OverOns_SuperTester' is clicked on

2023-12-18 14:02:39 - [MESSAGE][PASSED] - Object: 'Object Repository/MenuTopbar/btn_Menu_OverOns_SuperTester' is clicked on

2023-12-18 14:02:39 - [TEST_STEP][PASSED] - verifyElementText(findTestObject("Object Repository/Page_SuperTester - RisQIT/h1_Whitepaper SuperTester"), "Whitepaper SuperTester"): Actual text and expected text of test object 'Object Repository/Page_SuperTester - RisQIT/h1_Whitepaper SuperTester' are matched.

2023-12-18 14:02:39 - [MESSAGE][PASSED] - Actual text and expected text of test object 'Object Repository/Page_SuperTester - RisQIT/h1_Whitepaper SuperTester' are matched.

2023-12-18 14:02:39 - [TEST_STEP][PASSED] - navigateToUrl(actual_url): Navigate to 'https://nlrisqitww-chaca.savviihq.com/algemene-voorwaarden/' successfully

2023-12-18 14:02:39 - [MESSAGE][PASSED] - Navigate to 'https://nlrisqitww-chaca.savviihq.com/algemene-voorwaarden/' successfully

2023-12-18 14:02:39 - [TEST_STEP][PASSED] - click(findTestObject("MenuTopbar/btn_Menu_Blog")): Object: 'Object Repository/MenuTopbar/btn_Menu_Blog' is clicked on

2023-12-18 14:02:40 - [MESSAGE][PASSED] - Object: 'Object Repository/MenuTopbar/btn_Menu_Blog' is clicked on

2023-12-18 14:02:40 - [TEST_STEP][PASSED] - verifyElementText(findTestObject("Object Repository/Page_Blog - RisQIT/h1_Blog"), "Blog"): Actual text and expected text of test object 'Object Repository/Page_Blog - RisQIT/h1_Blog' are matched.

2023-12-18 14:02:40 - [MESSAGE][PASSED] - Actual text and expected text of test object 'Object Repository/Page_Blog - RisQIT/h1_Blog' are matched.

2023-12-18 14:02:40 - [TEST_STEP][PASSED] - click(findTestObject("MenuTopbar/btn_Menu_Vacatures")): Object: 'Object Repository/MenuTopbar/btn_Menu_Vacatures' is clicked on

2023-12-18 14:02:40 - [MESSAGE][PASSED] - Object: 'Object Repository/MenuTopbar/btn_Menu_Vacatures' is clicked on

2023-12-18 14:02:40 - [TEST_STEP][PASSED] - verifyElementText(findTestObject("Object Repository/Page_Vacatures - RisQIT/h1_Vacatures"), "Vacatures"): Actual text and expected text of test object 'Object Repository/Page_Vacatures - RisQIT/h1_Vacatures' are matched.

2023-12-18 14:02:41 - [MESSAGE][PASSED] - Actual text and expected text of test object 'Object Repository/Page_Vacatures - RisQIT/h1_Vacatures' are matched.

2023-12-18 14:02:41 - [TEST_STEP][PASSED] - navigateToUrl(actual_url): Navigate to 'https://nlrisqitww-chaca.savviihq.com/algemene-voorwaarden/' successfully

2023-12-18 14:02:41 - [MESSAGE][PASSED] - Navigate to 'https://nlrisqitww-chaca.savviihq.com/algemene-voorwaarden/' successfully

2023-12-18 14:02:41 - [TEST_STEP][PASSED] - click(findTestObject("Object Repository/MenuTopbar/Page_Vacatures - RisQIT/div_Contact opnemen")): Object: 'Object Repository/MenuTopbar/Page_Vacatures - RisQIT/div_Contact opnemen' is clicked on

2023-12-18 14:02:42 - [MESSAGE][PASSED] - Object: 'Object Repository/MenuTopbar/Page_Vacatures - RisQIT/div_Contact opnemen' is clicked on

2023-12-18 14:02:42 - [TEST_STEP][PASSED] - verifyElementText(findTestObject("Object Repository/Page_Contact - RisQIT/h1_Contact"), "Contact"): Actual text and expected text of test object 'Object Repository/Page_Contact - RisQIT/h1_Contact' are matched.

2023-12-18 14:02:42 - [MESSAGE][PASSED] - Actual text and expected text of test object 'Object Repository/Page_Contact - RisQIT/h1_Contact' are matched.

2023-12-18 14:02:42 - [TEST_STEP][PASSED] - click(findTestObject("MenuTopbar/img_Logo")): Object: 'Object Repository/MenuTopbar/img_Logo' is clicked on

2023-12-18 14:02:42 - [MESSAGE][PASSED] - Object: 'Object Repository/MenuTopbar/img_Logo' is clicked on

2023-12-18 14:02:42 - [TEST_STEP][PASSED] - verifyElementText(findTestObject("Object Repository/Page_Home - RisQIT/h1_Ga voor duurzaamheid en vertrouwen, same_4bc4a8"), "Ga voor duurzaamheid en vertrouwen, samen met ons!"): Actual text and expected text of test object 'Object Repository/Page_Home - RisQIT/h1_Ga voor duurzaamheid en vertrouwen, same_4bc4a8' are matched.

2023-12-18 14:02:43 - [MESSAGE][PASSED] - Actual text and expected text of test object 'Object Repository/Page_Home - RisQIT/h1_Ga voor duurzaamheid en vertrouwen, same_4bc4a8' are matched.

2023-12-18 14:02:43 - [MESSAGE][PASSED] - Call Test Case 'Test Cases/Menu/RT000 MenuClicks' successfully

2023-12-18 14:02:43 - [TEST_STEP][PASSED] - closeBrowser(): Browser is closed

2023-12-18 14:02:43 - [MESSAGE][PASSED] - Browser is closed]]></system-out>
         <system-err><![CDATA[]]></system-err>
      </testcase>
      <testcase name="Test Cases/Menu/RT013 MenuClicks - Privacybeleid" time="18.354" classname="Test Cases/Menu/RT013 MenuClicks - Privacybeleid" status="PASSED">
         <system-out><![CDATA[2023-12-18 14:02:43 - [TEST_CASE][PASSED] - Test Cases/Menu/RT013 MenuClicks - Privacybeleid: Test Cases/Menu/RT013 MenuClicks - Privacybeleid

2023-12-18 14:02:43 - [TEST_STEP][PASSED] - openBrowser(""): Browser is opened with url: ''

2023-12-18 14:02:43 - [MESSAGE][INFO] - Starting 'Chrome' driver

2023-12-18 14:02:43 - [MESSAGE][INFO] - Action delay is set to 0 milliseconds

2023-12-18 14:02:44 - [MESSAGE][PASSED] - Browser is opened with url: ''

2023-12-18 14:02:44 - [TEST_STEP][PASSED] - maximizeWindow(): Current window maximized

2023-12-18 14:02:44 - [MESSAGE][PASSED] - Current window maximized

2023-12-18 14:02:44 - [TEST_STEP][PASSED] - navigateToUrl(URL + PRIVACYBELEID): Navigate to 'https://nlrisqitww-chaca.savviihq.com/privacybeleid/' successfully

2023-12-18 14:02:44 - [MESSAGE][PASSED] - Navigate to 'https://nlrisqitww-chaca.savviihq.com/privacybeleid/' successfully

2023-12-18 14:02:44 - [TEST_STEP][PASSED] - callTestCase(findTestCase("Menu/RT000 MenuClicks"), [:], STOP_ON_FAILURE): Call Test Case 'Test Cases/Menu/RT000 MenuClicks' successfully

2023-12-18 14:02:45 - [TEST_CASE][PASSED] - Test Cases/Menu/RT000 MenuClicks: Test Cases/Menu/RT000 MenuClicks

2023-12-18 14:02:45 - [TEST_STEP][PASSED] - actual_url = getUrl(): Current window's url is: 'https://nlrisqitww-chaca.savviihq.com/privacybeleid/'

2023-12-18 14:02:45 - [MESSAGE][PASSED] - Current window's url is: 'https://nlrisqitww-chaca.savviihq.com/privacybeleid/'

2023-12-18 14:02:45 - [TEST_STEP][PASSED] - mouseOver(findTestObject("MenuTopbar/btn_Menu_Diensten")): Object: 'Object Repository/MenuTopbar/btn_Menu_Diensten' is hovered

2023-12-18 14:02:45 - [MESSAGE][PASSED] - Object: 'Object Repository/MenuTopbar/btn_Menu_Diensten' is hovered

2023-12-18 14:02:45 - [TEST_STEP][PASSED] - click(findTestObject("MenuTopbar/btn_Menu_Diensten_SoftwareTesting")): Object: 'Object Repository/MenuTopbar/btn_Menu_Diensten_SoftwareTesting' is clicked on

2023-12-18 14:02:46 - [MESSAGE][PASSED] - Object: 'Object Repository/MenuTopbar/btn_Menu_Diensten_SoftwareTesting' is clicked on

2023-12-18 14:02:46 - [TEST_STEP][PASSED] - verifyElementText(findTestObject("Object Repository/Page_Software Testing - RisQIT/h1_Software Testing"), "Software Testing"): Actual text and expected text of test object 'Object Repository/Page_Software Testing - RisQIT/h1_Software Testing' are matched.

2023-12-18 14:02:47 - [MESSAGE][PASSED] - Actual text and expected text of test object 'Object Repository/Page_Software Testing - RisQIT/h1_Software Testing' are matched.

2023-12-18 14:02:47 - [TEST_STEP][PASSED] - navigateToUrl(actual_url): Navigate to 'https://nlrisqitww-chaca.savviihq.com/privacybeleid/' successfully

2023-12-18 14:02:47 - [MESSAGE][PASSED] - Navigate to 'https://nlrisqitww-chaca.savviihq.com/privacybeleid/' successfully

2023-12-18 14:02:47 - [TEST_STEP][PASSED] - mouseOver(findTestObject("MenuTopbar/btn_Menu_Diensten")): Object: 'Object Repository/MenuTopbar/btn_Menu_Diensten' is hovered

2023-12-18 14:02:48 - [MESSAGE][PASSED] - Object: 'Object Repository/MenuTopbar/btn_Menu_Diensten' is hovered

2023-12-18 14:02:48 - [TEST_STEP][PASSED] - click(findTestObject("MenuTopbar/btn_Menu_Diensten_SHT")): Object: 'Object Repository/MenuTopbar/btn_Menu_Diensten_SHT' is clicked on

2023-12-18 14:02:48 - [MESSAGE][PASSED] - Object: 'Object Repository/MenuTopbar/btn_Menu_Diensten_SHT' is clicked on

2023-12-18 14:02:48 - [TEST_STEP][PASSED] - verifyElementText(findTestObject("Page_Security en HackersTest (SHT) - RisQIT/h1_Security en HackersTest (SHT)"), "Security En HackersTest (SHT)"): Actual text and expected text of test object 'Object Repository/Page_Security en HackersTest (SHT) - RisQIT/h1_Security en HackersTest (SHT)' are matched.

2023-12-18 14:02:49 - [MESSAGE][PASSED] - Actual text and expected text of test object 'Object Repository/Page_Security en HackersTest (SHT) - RisQIT/h1_Security en HackersTest (SHT)' are matched.

2023-12-18 14:02:49 - [TEST_STEP][PASSED] - navigateToUrl(actual_url): Navigate to 'https://nlrisqitww-chaca.savviihq.com/privacybeleid/' successfully

2023-12-18 14:02:49 - [MESSAGE][PASSED] - Navigate to 'https://nlrisqitww-chaca.savviihq.com/privacybeleid/' successfully

2023-12-18 14:02:49 - [TEST_STEP][PASSED] - mouseOver(findTestObject("MenuTopbar/btn_Menu_Diensten")): Object: 'Object Repository/MenuTopbar/btn_Menu_Diensten' is hovered

2023-12-18 14:02:49 - [MESSAGE][PASSED] - Object: 'Object Repository/MenuTopbar/btn_Menu_Diensten' is hovered

2023-12-18 14:02:49 - [TEST_STEP][PASSED] - click(findTestObject("MenuTopbar/btn_Menu_Diensten_UXLab")): Object: 'Object Repository/MenuTopbar/btn_Menu_Diensten_UXLab' is clicked on

2023-12-18 14:02:50 - [MESSAGE][PASSED] - Object: 'Object Repository/MenuTopbar/btn_Menu_Diensten_UXLab' is clicked on

2023-12-18 14:02:50 - [TEST_STEP][PASSED] - verifyElementText(findTestObject("Object Repository/Page_UX Lab - RisQIT/h1_UX Lab"), "UX Lab"): Actual text and expected text of test object 'Object Repository/Page_UX Lab - RisQIT/h1_UX Lab' are matched.

2023-12-18 14:02:51 - [MESSAGE][PASSED] - Actual text and expected text of test object 'Object Repository/Page_UX Lab - RisQIT/h1_UX Lab' are matched.

2023-12-18 14:02:51 - [TEST_STEP][PASSED] - navigateToUrl(actual_url): Navigate to 'https://nlrisqitww-chaca.savviihq.com/privacybeleid/' successfully

2023-12-18 14:02:51 - [MESSAGE][PASSED] - Navigate to 'https://nlrisqitww-chaca.savviihq.com/privacybeleid/' successfully

2023-12-18 14:02:51 - [TEST_STEP][PASSED] - click(findTestObject("MenuTopbar/btn_Menu_OverOns")): Object: 'Object Repository/MenuTopbar/btn_Menu_OverOns' is clicked on

2023-12-18 14:02:51 - [MESSAGE][PASSED] - Object: 'Object Repository/MenuTopbar/btn_Menu_OverOns' is clicked on

2023-12-18 14:02:51 - [TEST_STEP][PASSED] - verifyElementText(findTestObject("Object Repository/Page_Over ons - RisQIT/h1_Over ons"), "Over Ons"): Actual text and expected text of test object 'Object Repository/Page_Over ons - RisQIT/h1_Over ons' are matched.

2023-12-18 14:02:52 - [MESSAGE][PASSED] - Actual text and expected text of test object 'Object Repository/Page_Over ons - RisQIT/h1_Over ons' are matched.

2023-12-18 14:02:52 - [TEST_STEP][PASSED] - navigateToUrl(actual_url): Navigate to 'https://nlrisqitww-chaca.savviihq.com/privacybeleid/' successfully

2023-12-18 14:02:52 - [MESSAGE][PASSED] - Navigate to 'https://nlrisqitww-chaca.savviihq.com/privacybeleid/' successfully

2023-12-18 14:02:52 - [TEST_STEP][PASSED] - mouseOver(findTestObject("MenuTopbar/btn_Menu_OverOns")): Object: 'Object Repository/MenuTopbar/btn_Menu_OverOns' is hovered

2023-12-18 14:02:53 - [MESSAGE][PASSED] - Object: 'Object Repository/MenuTopbar/btn_Menu_OverOns' is hovered

2023-12-18 14:02:53 - [TEST_STEP][PASSED] - click(findTestObject("MenuTopbar/btn_Menu_OverOns_MissieVisie")): Object: 'Object Repository/MenuTopbar/btn_Menu_OverOns_MissieVisie' is clicked on

2023-12-18 14:02:53 - [MESSAGE][PASSED] - Object: 'Object Repository/MenuTopbar/btn_Menu_OverOns_MissieVisie' is clicked on

2023-12-18 14:02:53 - [TEST_STEP][PASSED] - verifyElementText(findTestObject("Object Repository/Page_Missie  Visie - RisQIT/h1_Missie  Visie"), "Missie & Visie"): Actual text and expected text of test object 'Object Repository/Page_Missie  Visie - RisQIT/h1_Missie  Visie' are matched.

2023-12-18 14:02:54 - [MESSAGE][PASSED] - Actual text and expected text of test object 'Object Repository/Page_Missie  Visie - RisQIT/h1_Missie  Visie' are matched.

2023-12-18 14:02:54 - [TEST_STEP][PASSED] - navigateToUrl(actual_url): Navigate to 'https://nlrisqitww-chaca.savviihq.com/privacybeleid/' successfully

2023-12-18 14:02:54 - [MESSAGE][PASSED] - Navigate to 'https://nlrisqitww-chaca.savviihq.com/privacybeleid/' successfully

2023-12-18 14:02:54 - [TEST_STEP][PASSED] - mouseOver(findTestObject("MenuTopbar/btn_Menu_OverOns")): Object: 'Object Repository/MenuTopbar/btn_Menu_OverOns' is hovered

2023-12-18 14:02:54 - [MESSAGE][PASSED] - Object: 'Object Repository/MenuTopbar/btn_Menu_OverOns' is hovered

2023-12-18 14:02:54 - [TEST_STEP][PASSED] - click(findTestObject("MenuTopbar/btn_Menu_OverOns_HetGilde")): Object: 'Object Repository/MenuTopbar/btn_Menu_OverOns_HetGilde' is clicked on

2023-12-18 14:02:55 - [MESSAGE][PASSED] - Object: 'Object Repository/MenuTopbar/btn_Menu_OverOns_HetGilde' is clicked on

2023-12-18 14:02:55 - [TEST_STEP][PASSED] - verifyElementText(findTestObject("Object Repository/Page_Het Gilde - RisQIT/h1_Het Gilde"), "Het Gilde"): Actual text and expected text of test object 'Object Repository/Page_Het Gilde - RisQIT/h1_Het Gilde' are matched.

2023-12-18 14:02:56 - [MESSAGE][PASSED] - Actual text and expected text of test object 'Object Repository/Page_Het Gilde - RisQIT/h1_Het Gilde' are matched.

2023-12-18 14:02:56 - [TEST_STEP][PASSED] - navigateToUrl(actual_url): Navigate to 'https://nlrisqitww-chaca.savviihq.com/privacybeleid/' successfully

2023-12-18 14:02:56 - [MESSAGE][PASSED] - Navigate to 'https://nlrisqitww-chaca.savviihq.com/privacybeleid/' successfully

2023-12-18 14:02:56 - [TEST_STEP][PASSED] - mouseOver(findTestObject("MenuTopbar/btn_Menu_OverOns")): Object: 'Object Repository/MenuTopbar/btn_Menu_OverOns' is hovered

2023-12-18 14:02:56 - [MESSAGE][PASSED] - Object: 'Object Repository/MenuTopbar/btn_Menu_OverOns' is hovered

2023-12-18 14:02:56 - [TEST_STEP][PASSED] - click(findTestObject("MenuTopbar/btn_Menu_OverOns_SuperTester")): Object: 'Object Repository/MenuTopbar/btn_Menu_OverOns_SuperTester' is clicked on

2023-12-18 14:02:57 - [MESSAGE][PASSED] - Object: 'Object Repository/MenuTopbar/btn_Menu_OverOns_SuperTester' is clicked on

2023-12-18 14:02:57 - [TEST_STEP][PASSED] - verifyElementText(findTestObject("Object Repository/Page_SuperTester - RisQIT/h1_Whitepaper SuperTester"), "Whitepaper SuperTester"): Actual text and expected text of test object 'Object Repository/Page_SuperTester - RisQIT/h1_Whitepaper SuperTester' are matched.

2023-12-18 14:02:58 - [MESSAGE][PASSED] - Actual text and expected text of test object 'Object Repository/Page_SuperTester - RisQIT/h1_Whitepaper SuperTester' are matched.

2023-12-18 14:02:58 - [TEST_STEP][PASSED] - navigateToUrl(actual_url): Navigate to 'https://nlrisqitww-chaca.savviihq.com/privacybeleid/' successfully

2023-12-18 14:02:58 - [MESSAGE][PASSED] - Navigate to 'https://nlrisqitww-chaca.savviihq.com/privacybeleid/' successfully

2023-12-18 14:02:58 - [TEST_STEP][PASSED] - click(findTestObject("MenuTopbar/btn_Menu_Blog")): Object: 'Object Repository/MenuTopbar/btn_Menu_Blog' is clicked on

2023-12-18 14:02:58 - [MESSAGE][PASSED] - Object: 'Object Repository/MenuTopbar/btn_Menu_Blog' is clicked on

2023-12-18 14:02:58 - [TEST_STEP][PASSED] - verifyElementText(findTestObject("Object Repository/Page_Blog - RisQIT/h1_Blog"), "Blog"): Actual text and expected text of test object 'Object Repository/Page_Blog - RisQIT/h1_Blog' are matched.

2023-12-18 14:02:59 - [MESSAGE][PASSED] - Actual text and expected text of test object 'Object Repository/Page_Blog - RisQIT/h1_Blog' are matched.

2023-12-18 14:02:59 - [TEST_STEP][PASSED] - click(findTestObject("MenuTopbar/btn_Menu_Vacatures")): Object: 'Object Repository/MenuTopbar/btn_Menu_Vacatures' is clicked on

2023-12-18 14:02:59 - [MESSAGE][PASSED] - Object: 'Object Repository/MenuTopbar/btn_Menu_Vacatures' is clicked on

2023-12-18 14:02:59 - [TEST_STEP][PASSED] - verifyElementText(findTestObject("Object Repository/Page_Vacatures - RisQIT/h1_Vacatures"), "Vacatures"): Actual text and expected text of test object 'Object Repository/Page_Vacatures - RisQIT/h1_Vacatures' are matched.

2023-12-18 14:03:00 - [MESSAGE][PASSED] - Actual text and expected text of test object 'Object Repository/Page_Vacatures - RisQIT/h1_Vacatures' are matched.

2023-12-18 14:03:00 - [TEST_STEP][PASSED] - navigateToUrl(actual_url): Navigate to 'https://nlrisqitww-chaca.savviihq.com/privacybeleid/' successfully

2023-12-18 14:03:00 - [MESSAGE][PASSED] - Navigate to 'https://nlrisqitww-chaca.savviihq.com/privacybeleid/' successfully

2023-12-18 14:03:00 - [TEST_STEP][PASSED] - click(findTestObject("Object Repository/MenuTopbar/Page_Vacatures - RisQIT/div_Contact opnemen")): Object: 'Object Repository/MenuTopbar/Page_Vacatures - RisQIT/div_Contact opnemen' is clicked on

2023-12-18 14:03:00 - [MESSAGE][PASSED] - Object: 'Object Repository/MenuTopbar/Page_Vacatures - RisQIT/div_Contact opnemen' is clicked on

2023-12-18 14:03:00 - [TEST_STEP][PASSED] - verifyElementText(findTestObject("Object Repository/Page_Contact - RisQIT/h1_Contact"), "Contact"): Actual text and expected text of test object 'Object Repository/Page_Contact - RisQIT/h1_Contact' are matched.

2023-12-18 14:03:00 - [MESSAGE][PASSED] - Actual text and expected text of test object 'Object Repository/Page_Contact - RisQIT/h1_Contact' are matched.

2023-12-18 14:03:00 - [TEST_STEP][PASSED] - click(findTestObject("MenuTopbar/img_Logo")): Object: 'Object Repository/MenuTopbar/img_Logo' is clicked on

2023-12-18 14:03:01 - [MESSAGE][PASSED] - Object: 'Object Repository/MenuTopbar/img_Logo' is clicked on

2023-12-18 14:03:01 - [TEST_STEP][PASSED] - verifyElementText(findTestObject("Object Repository/Page_Home - RisQIT/h1_Ga voor duurzaamheid en vertrouwen, same_4bc4a8"), "Ga voor duurzaamheid en vertrouwen, samen met ons!"): Actual text and expected text of test object 'Object Repository/Page_Home - RisQIT/h1_Ga voor duurzaamheid en vertrouwen, same_4bc4a8' are matched.

2023-12-18 14:03:01 - [MESSAGE][PASSED] - Actual text and expected text of test object 'Object Repository/Page_Home - RisQIT/h1_Ga voor duurzaamheid en vertrouwen, same_4bc4a8' are matched.

2023-12-18 14:03:01 - [MESSAGE][PASSED] - Call Test Case 'Test Cases/Menu/RT000 MenuClicks' successfully

2023-12-18 14:03:01 - [TEST_STEP][PASSED] - closeBrowser(): Browser is closed

2023-12-18 14:03:02 - [MESSAGE][PASSED] - Browser is closed]]></system-out>
         <system-err><![CDATA[]]></system-err>
      </testcase>
      <system-out><![CDATA[2023-12-18 13:58:52 - [TEST_SUITE][FAILED] - TS01 MenuCheck: Test Cases/Menu/RT002 MenuClicks - SoftwareTesting FAILED.
Reason:
com.kms.katalon.core.exception.StepFailedException: Call Test Case 'Test Cases/Menu/RT000 MenuClicks' failed
	at com.kms.katalon.core.keyword.builtin.CallTestCaseKeyword$_callTestCase_closure1.doCall(CallTestCaseKeyword.groovy:63)
	at com.kms.katalon.core.keyword.builtin.CallTestCaseKeyword$_callTestCase_closure1.call(CallTestCaseKeyword.groovy)
	at com.kms.katalon.core.keyword.internal.KeywordMain.runKeyword(KeywordMain.groovy:75)
	at com.kms.katalon.core.keyword.builtin.CallTestCaseKeyword.callTestCase(CallTestCaseKeyword.groovy:81)
	at com.kms.katalon.core.keyword.builtin.CallTestCaseKeyword.execute(CallTestCaseKeyword.groovy:44)
	at com.kms.katalon.core.keyword.internal.KeywordExecutor.executeKeywordForPlatform(KeywordExecutor.groovy:74)
	at com.kms.katalon.core.keyword.BuiltinKeywords.callTestCase(BuiltinKeywords.groovy:310)
	at java.base/jdk.internal.reflect.NativeMethodAccessorImpl.invoke0(Native Method)
	at java.base/jdk.internal.reflect.NativeMethodAccessorImpl.invoke(NativeMethodAccessorImpl.java:77)
	at java.base/jdk.internal.reflect.DelegatingMethodAccessorImpl.invoke(DelegatingMethodAccessorImpl.java:43)
	at RT002 MenuClicks - SoftwareTesting.run(RT002 MenuClicks - SoftwareTesting:26)
	at com.kms.katalon.core.main.ScriptEngine.run(ScriptEngine.java:194)
	at com.kms.katalon.core.main.ScriptEngine.runScriptAsRawText(ScriptEngine.java:119)
	at com.kms.katalon.core.main.TestCaseExecutor.runScript(TestCaseExecutor.java:448)
	at com.kms.katalon.core.main.TestCaseExecutor.doExecute(TestCaseExecutor.java:439)
	at com.kms.katalon.core.main.TestCaseExecutor.processExecutionPhase(TestCaseExecutor.java:418)
	at com.kms.katalon.core.main.TestCaseExecutor.accessMainPhase(TestCaseExecutor.java:410)
	at com.kms.katalon.core.main.TestCaseExecutor.execute(TestCaseExecutor.java:285)
	at com.kms.katalon.core.common.CommonExecutor.accessTestCaseMainPhase(CommonExecutor.java:65)
	at com.kms.katalon.core.main.TestSuiteExecutor.accessTestSuiteMainPhase(TestSuiteExecutor.java:148)
	at com.kms.katalon.core.main.TestSuiteExecutor.execute(TestSuiteExecutor.java:106)
	at com.kms.katalon.core.main.TestCaseMain.startTestSuite(TestCaseMain.java:187)
	at TempTestSuite1702904326304.run(TempTestSuite1702904326304.groovy:36)
	at java.base/jdk.internal.reflect.NativeMethodAccessorImpl.invoke0(Native Method)
	at java.base/jdk.internal.reflect.NativeMethodAccessorImpl.invoke(NativeMethodAccessorImpl.java:77)
	at java.base/jdk.internal.reflect.DelegatingMethodAccessorImpl.invoke(DelegatingMethodAccessorImpl.java:43)
Caused by: com.kms.katalon.core.exception.StepFailedException: Unable to click on object 'Object Repository/MenuTopbar/btn_Menu_Diensten_SHT'
	at com.kms.katalon.core.webui.keyword.internal.WebUIKeywordMain.stepFailed(WebUIKeywordMain.groovy:64)
	at com.kms.katalon.core.webui.keyword.internal.WebUIKeywordMain.runKeyword(WebUIKeywordMain.groovy:26)
	at com.kms.katalon.core.webui.keyword.builtin.ClickKeyword.click(ClickKeyword.groovy:74)
	at com.kms.katalon.core.webui.keyword.builtin.ClickKeyword.execute(ClickKeyword.groovy:40)
	at com.kms.katalon.core.keyword.internal.KeywordExecutor.executeKeywordForPlatform(KeywordExecutor.groovy:74)
	at com.kms.katalon.core.webui.keyword.WebUiBuiltInKeywords.click(WebUiBuiltInKeywords.groovy:620)
	at RT000 MenuClicks.run(RT000 MenuClicks:32)
	at com.kms.katalon.core.main.ScriptEngine.run(ScriptEngine.java:194)
	at com.kms.katalon.core.main.ScriptEngine.runScriptAsRawText(ScriptEngine.java:119)
	at com.kms.katalon.core.main.TestCaseExecutor.runScript(TestCaseExecutor.java:448)
	at com.kms.katalon.core.main.TestCaseExecutor.doExecute(TestCaseExecutor.java:439)
	at com.kms.katalon.core.main.TestCaseExecutor.processExecutionPhase(TestCaseExecutor.java:418)
	at com.kms.katalon.core.main.TestCaseExecutor.accessMainPhase(TestCaseExecutor.java:410)
	at com.kms.katalon.core.main.TestCaseExecutor.execute(TestCaseExecutor.java:285)
	at com.kms.katalon.core.main.TestCaseMain.runTestCase(TestCaseMain.java:144)
	at com.kms.katalon.core.keyword.builtin.CallTestCaseKeyword$_callTestCase_closure1.doCall(CallTestCaseKeyword.groovy:59)
	... 25 more
Caused by: org.openqa.selenium.ElementNotInteractableException: element not interactable
  (Session info: chrome=120.0.6099.72)
Build info: version: '3.141.59', revision: 'e82be7d358', time: '2018-11-14T08:25:53'
System info: host: 'BERGTOP', ip: '192.168.1.100', os.name: 'Windows 11', os.arch: 'amd64', os.version: '10.0', java.version: '17.0.7'
Driver info: com.kms.katalon.selenium.driver.CChromeDriver
Capabilities {acceptInsecureCerts: false, browserName: chrome, browserVersion: 120.0.6099.72, chrome: {chromedriverVersion: 119.0.6045.105 (38c72552c5e..., userDataDir: C:\Users\maart\AppData\Loca...}, fedcm:accounts: true, goog:chromeOptions: {debuggerAddress: localhost:55492}, javascriptEnabled: true, networkConnectionEnabled: false, pageLoadStrategy: normal, platform: WINDOWS, platformName: WINDOWS, proxy: Proxy(), setWindowRect: true, strictFileInteractability: false, timeouts: {implicit: 0, pageLoad: 300000, script: 30000}, unhandledPromptBehavior: dismiss and notify, webauthn:extension:credBlob: true, webauthn:extension:largeBlob: true, webauthn:extension:minPinLength: true, webauthn:extension:prf: true, webauthn:virtualAuthenticators: true}
Session ID: 7eaff2ee90ec5dafd0e94eb3c95adcec
	at java.base/jdk.internal.reflect.NativeConstructorAccessorImpl.newInstance0(Native Method)
	at java.base/jdk.internal.reflect.NativeConstructorAccessorImpl.newInstance(NativeConstructorAccessorImpl.java:77)
	at java.base/jdk.internal.reflect.DelegatingConstructorAccessorImpl.newInstance(DelegatingConstructorAccessorImpl.java:45)
	at org.openqa.selenium.remote.http.W3CHttpResponseCodec.createException(W3CHttpResponseCodec.java:187)
	at org.openqa.selenium.remote.http.W3CHttpResponseCodec.decode(W3CHttpResponseCodec.java:122)
	at org.openqa.selenium.remote.http.W3CHttpResponseCodec.decode(W3CHttpResponseCodec.java:49)
	at org.openqa.selenium.remote.HttpCommandExecutor.execute(HttpCommandExecutor.java:158)
	at org.openqa.selenium.remote.service.DriverCommandExecutor.execute(DriverCommandExecutor.java:83)
	at org.openqa.selenium.remote.RemoteWebDriver.execute(RemoteWebDriver.java:552)
	at com.kms.katalon.selenium.driver.CChromeDriver.execute(CChromeDriver.java:19)
	at org.openqa.selenium.remote.RemoteWebElement.execute(RemoteWebElement.java:285)
	at org.openqa.selenium.remote.RemoteWebElement.click(RemoteWebElement.java:84)
	at java.base/jdk.internal.reflect.NativeMethodAccessorImpl.invoke0(Native Method)
	at java.base/jdk.internal.reflect.NativeMethodAccessorImpl.invoke(NativeMethodAccessorImpl.java:77)
	at java.base/jdk.internal.reflect.DelegatingMethodAccessorImpl.invoke(DelegatingMethodAccessorImpl.java:43)
	at org.openqa.selenium.support.events.EventFiringWebDriver$EventFiringWebElement.lambda$new$0(EventFiringWebDriver.java:404)
	at jdk.proxy2/jdk.proxy2.$Proxy24.click(Unknown Source)
	at org.openqa.selenium.support.events.EventFiringWebDriver$EventFiringWebElement.click(EventFiringWebDriver.java:417)
	at org.openqa.selenium.WebElement$click.call(Unknown Source)
	at com.kms.katalon.core.webui.keyword.builtin.ClickKeyword.clickUntilSuccessWithTimeout(ClickKeyword.groovy:81)
	at com.kms.katalon.core.webui.keyword.builtin.ClickKeyword.clickUntilSuccessWithTimeout(ClickKeyword.groovy)
	at java.base/jdk.internal.reflect.NativeMethodAccessorImpl.invoke0(Native Method)
	at java.base/jdk.internal.reflect.NativeMethodAccessorImpl.invoke(NativeMethodAccessorImpl.java:77)
	at java.base/jdk.internal.reflect.DelegatingMethodAccessorImpl.invoke(DelegatingMethodAccessorImpl.java:43)
	at com.kms.katalon.core.webui.keyword.builtin.ClickKeyword$_click_closure1.doCall(ClickKeyword.groovy:67)
	at com.kms.katalon.core.webui.keyword.builtin.ClickKeyword$_click_closure1.call(ClickKeyword.groovy)
	at com.kms.katalon.core.webui.keyword.internal.WebUIKeywordMain.runKeyword(WebUIKeywordMain.groovy:20)
	... 39 more]]></system-out>
      <system-err><![CDATA[2023-12-18 13:58:52 - [TEST_SUITE][FAILED] - TS01 MenuCheck: Test Cases/Menu/RT002 MenuClicks - SoftwareTesting FAILED.
Reason:
com.kms.katalon.core.exception.StepFailedException: Call Test Case 'Test Cases/Menu/RT000 MenuClicks' failed
	at com.kms.katalon.core.keyword.builtin.CallTestCaseKeyword$_callTestCase_closure1.doCall(CallTestCaseKeyword.groovy:63)
	at com.kms.katalon.core.keyword.builtin.CallTestCaseKeyword$_callTestCase_closure1.call(CallTestCaseKeyword.groovy)
	at com.kms.katalon.core.keyword.internal.KeywordMain.runKeyword(KeywordMain.groovy:75)
	at com.kms.katalon.core.keyword.builtin.CallTestCaseKeyword.callTestCase(CallTestCaseKeyword.groovy:81)
	at com.kms.katalon.core.keyword.builtin.CallTestCaseKeyword.execute(CallTestCaseKeyword.groovy:44)
	at com.kms.katalon.core.keyword.internal.KeywordExecutor.executeKeywordForPlatform(KeywordExecutor.groovy:74)
	at com.kms.katalon.core.keyword.BuiltinKeywords.callTestCase(BuiltinKeywords.groovy:310)
	at java.base/jdk.internal.reflect.NativeMethodAccessorImpl.invoke0(Native Method)
	at java.base/jdk.internal.reflect.NativeMethodAccessorImpl.invoke(NativeMethodAccessorImpl.java:77)
	at java.base/jdk.internal.reflect.DelegatingMethodAccessorImpl.invoke(DelegatingMethodAccessorImpl.java:43)
	at RT002 MenuClicks - SoftwareTesting.run(RT002 MenuClicks - SoftwareTesting:26)
	at com.kms.katalon.core.main.ScriptEngine.run(ScriptEngine.java:194)
	at com.kms.katalon.core.main.ScriptEngine.runScriptAsRawText(ScriptEngine.java:119)
	at com.kms.katalon.core.main.TestCaseExecutor.runScript(TestCaseExecutor.java:448)
	at com.kms.katalon.core.main.TestCaseExecutor.doExecute(TestCaseExecutor.java:439)
	at com.kms.katalon.core.main.TestCaseExecutor.processExecutionPhase(TestCaseExecutor.java:418)
	at com.kms.katalon.core.main.TestCaseExecutor.accessMainPhase(TestCaseExecutor.java:410)
	at com.kms.katalon.core.main.TestCaseExecutor.execute(TestCaseExecutor.java:285)
	at com.kms.katalon.core.common.CommonExecutor.accessTestCaseMainPhase(CommonExecutor.java:65)
	at com.kms.katalon.core.main.TestSuiteExecutor.accessTestSuiteMainPhase(TestSuiteExecutor.java:148)
	at com.kms.katalon.core.main.TestSuiteExecutor.execute(TestSuiteExecutor.java:106)
	at com.kms.katalon.core.main.TestCaseMain.startTestSuite(TestCaseMain.java:187)
	at TempTestSuite1702904326304.run(TempTestSuite1702904326304.groovy:36)
	at java.base/jdk.internal.reflect.NativeMethodAccessorImpl.invoke0(Native Method)
	at java.base/jdk.internal.reflect.NativeMethodAccessorImpl.invoke(NativeMethodAccessorImpl.java:77)
	at java.base/jdk.internal.reflect.DelegatingMethodAccessorImpl.invoke(DelegatingMethodAccessorImpl.java:43)
Caused by: com.kms.katalon.core.exception.StepFailedException: Unable to click on object 'Object Repository/MenuTopbar/btn_Menu_Diensten_SHT'
	at com.kms.katalon.core.webui.keyword.internal.WebUIKeywordMain.stepFailed(WebUIKeywordMain.groovy:64)
	at com.kms.katalon.core.webui.keyword.internal.WebUIKeywordMain.runKeyword(WebUIKeywordMain.groovy:26)
	at com.kms.katalon.core.webui.keyword.builtin.ClickKeyword.click(ClickKeyword.groovy:74)
	at com.kms.katalon.core.webui.keyword.builtin.ClickKeyword.execute(ClickKeyword.groovy:40)
	at com.kms.katalon.core.keyword.internal.KeywordExecutor.executeKeywordForPlatform(KeywordExecutor.groovy:74)
	at com.kms.katalon.core.webui.keyword.WebUiBuiltInKeywords.click(WebUiBuiltInKeywords.groovy:620)
	at RT000 MenuClicks.run(RT000 MenuClicks:32)
	at com.kms.katalon.core.main.ScriptEngine.run(ScriptEngine.java:194)
	at com.kms.katalon.core.main.ScriptEngine.runScriptAsRawText(ScriptEngine.java:119)
	at com.kms.katalon.core.main.TestCaseExecutor.runScript(TestCaseExecutor.java:448)
	at com.kms.katalon.core.main.TestCaseExecutor.doExecute(TestCaseExecutor.java:439)
	at com.kms.katalon.core.main.TestCaseExecutor.processExecutionPhase(TestCaseExecutor.java:418)
	at com.kms.katalon.core.main.TestCaseExecutor.accessMainPhase(TestCaseExecutor.java:410)
	at com.kms.katalon.core.main.TestCaseExecutor.execute(TestCaseExecutor.java:285)
	at com.kms.katalon.core.main.TestCaseMain.runTestCase(TestCaseMain.java:144)
	at com.kms.katalon.core.keyword.builtin.CallTestCaseKeyword$_callTestCase_closure1.doCall(CallTestCaseKeyword.groovy:59)
	... 25 more
Caused by: org.openqa.selenium.ElementNotInteractableException: element not interactable
  (Session info: chrome=120.0.6099.72)
Build info: version: '3.141.59', revision: 'e82be7d358', time: '2018-11-14T08:25:53'
System info: host: 'BERGTOP', ip: '192.168.1.100', os.name: 'Windows 11', os.arch: 'amd64', os.version: '10.0', java.version: '17.0.7'
Driver info: com.kms.katalon.selenium.driver.CChromeDriver
Capabilities {acceptInsecureCerts: false, browserName: chrome, browserVersion: 120.0.6099.72, chrome: {chromedriverVersion: 119.0.6045.105 (38c72552c5e..., userDataDir: C:\Users\maart\AppData\Loca...}, fedcm:accounts: true, goog:chromeOptions: {debuggerAddress: localhost:55492}, javascriptEnabled: true, networkConnectionEnabled: false, pageLoadStrategy: normal, platform: WINDOWS, platformName: WINDOWS, proxy: Proxy(), setWindowRect: true, strictFileInteractability: false, timeouts: {implicit: 0, pageLoad: 300000, script: 30000}, unhandledPromptBehavior: dismiss and notify, webauthn:extension:credBlob: true, webauthn:extension:largeBlob: true, webauthn:extension:minPinLength: true, webauthn:extension:prf: true, webauthn:virtualAuthenticators: true}
Session ID: 7eaff2ee90ec5dafd0e94eb3c95adcec
	at java.base/jdk.internal.reflect.NativeConstructorAccessorImpl.newInstance0(Native Method)
	at java.base/jdk.internal.reflect.NativeConstructorAccessorImpl.newInstance(NativeConstructorAccessorImpl.java:77)
	at java.base/jdk.internal.reflect.DelegatingConstructorAccessorImpl.newInstance(DelegatingConstructorAccessorImpl.java:45)
	at org.openqa.selenium.remote.http.W3CHttpResponseCodec.createException(W3CHttpResponseCodec.java:187)
	at org.openqa.selenium.remote.http.W3CHttpResponseCodec.decode(W3CHttpResponseCodec.java:122)
	at org.openqa.selenium.remote.http.W3CHttpResponseCodec.decode(W3CHttpResponseCodec.java:49)
	at org.openqa.selenium.remote.HttpCommandExecutor.execute(HttpCommandExecutor.java:158)
	at org.openqa.selenium.remote.service.DriverCommandExecutor.execute(DriverCommandExecutor.java:83)
	at org.openqa.selenium.remote.RemoteWebDriver.execute(RemoteWebDriver.java:552)
	at com.kms.katalon.selenium.driver.CChromeDriver.execute(CChromeDriver.java:19)
	at org.openqa.selenium.remote.RemoteWebElement.execute(RemoteWebElement.java:285)
	at org.openqa.selenium.remote.RemoteWebElement.click(RemoteWebElement.java:84)
	at java.base/jdk.internal.reflect.NativeMethodAccessorImpl.invoke0(Native Method)
	at java.base/jdk.internal.reflect.NativeMethodAccessorImpl.invoke(NativeMethodAccessorImpl.java:77)
	at java.base/jdk.internal.reflect.DelegatingMethodAccessorImpl.invoke(DelegatingMethodAccessorImpl.java:43)
	at org.openqa.selenium.support.events.EventFiringWebDriver$EventFiringWebElement.lambda$new$0(EventFiringWebDriver.java:404)
	at jdk.proxy2/jdk.proxy2.$Proxy24.click(Unknown Source)
	at org.openqa.selenium.support.events.EventFiringWebDriver$EventFiringWebElement.click(EventFiringWebDriver.java:417)
	at org.openqa.selenium.WebElement$click.call(Unknown Source)
	at com.kms.katalon.core.webui.keyword.builtin.ClickKeyword.clickUntilSuccessWithTimeout(ClickKeyword.groovy:81)
	at com.kms.katalon.core.webui.keyword.builtin.ClickKeyword.clickUntilSuccessWithTimeout(ClickKeyword.groovy)
	at java.base/jdk.internal.reflect.NativeMethodAccessorImpl.invoke0(Native Method)
	at java.base/jdk.internal.reflect.NativeMethodAccessorImpl.invoke(NativeMethodAccessorImpl.java:77)
	at java.base/jdk.internal.reflect.DelegatingMethodAccessorImpl.invoke(DelegatingMethodAccessorImpl.java:43)
	at com.kms.katalon.core.webui.keyword.builtin.ClickKeyword$_click_closure1.doCall(ClickKeyword.groovy:67)
	at com.kms.katalon.core.webui.keyword.builtin.ClickKeyword$_click_closure1.call(ClickKeyword.groovy)
	at com.kms.katalon.core.webui.keyword.internal.WebUIKeywordMain.runKeyword(WebUIKeywordMain.groovy:20)
	... 39 more]]></system-err>
   </testsuite>
</testsuites>
