<?xml version="1.0" encoding="UTF-8"?>
<testsuites name="DDTS01 With MS Excel" time="26.195" tests="2" failures="0" errors="0">
   <testsuite name="DDTS01 With MS Excel" tests="2" failures="0" errors="0" time="26.195" skipped="0" timestamp="2023-12-19 11:19:20" hostname="maart - 192.168.1.100" id="Test Suites/DDTS01 With MS Excel">
      <properties>
         <property name="deviceName" value=""/>
         <property name="devicePlatform" value=""/>
         <property name="logFolder" value="C:\\Users\\maart\\Katalon Studio\\RisQIT Website\\Reports\\20231219_111913\\DDTS01 With MS Excel\\20231219_111913"/>
         <property name="logFiles" value="C:\\Users\\maart\\Katalon Studio\\RisQIT Website\\Reports\\20231219_111913\\DDTS01 With MS Excel\\20231219_111913\\execution0.log"/>
         <property name="attachments" value=""/>
         <property name="hostName" value="maart - 192.168.1.100"/>
         <property name="os" value="Windows 11 64bit"/>
         <property name="katalonVersion" value="9.0.0.212"/>
         <property name="browser" value="Chrome 120.0.0.0"/>
         <property name="hostAddress" value="192.168.1.100"/>
         <property name="sessionId" value="5e618faa7a3a005229dcc96f5a0804ae"/>
         <property name="seleniumVersion" value="3.141.59"/>
         <property name="proxyInformation" value="ProxyInformation { proxyOption=NO_PROXY, proxyServerType=HTTP, username=, password=********, proxyServerAddress=, proxyServerPort=0, executionList=&quot;&quot;, isApplyToDesiredCapabilities=true }"/>
         <property name="platform" value="Windows 11"/>
      </properties>
      <testcase name="Test Cases/Forms/RT014 ContactForm" time="13.631" classname="Test Cases/Forms/RT014 ContactForm" status="PASSED">
         <system-out><![CDATA[2023-12-19 11:19:20 - [TEST_CASE][PASSED] - Test Cases/Forms/RT014 ContactForm: Test Cases/Forms/RT014 ContactForm

2023-12-19 11:19:20 - [TEST_STEP][PASSED] - openBrowser(""): Browser is opened with url: ''

2023-12-19 11:19:20 - [MESSAGE][INFO] - Starting 'Chrome' driver

2023-12-19 11:19:20 - [MESSAGE][INFO] - Action delay is set to 0 milliseconds

2023-12-19 11:19:21 - [MESSAGE][PASSED] - Browser is opened with url: ''

2023-12-19 11:19:21 - [TEST_STEP][PASSED] - navigateToUrl("https://nlrisqitww-chaca.savviihq.com/"): Navigate to 'https://nlrisqitww-chaca.savviihq.com/' successfully

2023-12-19 11:19:22 - [MESSAGE][PASSED] - Navigate to 'https://nlrisqitww-chaca.savviihq.com/' successfully

2023-12-19 11:19:22 - [TEST_STEP][PASSED] - click(findTestObject("Object Repository/Page_Home - RisQIT/div_Contact opnemen")): Object: 'Object Repository/Page_Home - RisQIT/div_Contact opnemen' is clicked on

2023-12-19 11:19:22 - [MESSAGE][PASSED] - Object: 'Object Repository/Page_Home - RisQIT/div_Contact opnemen' is clicked on

2023-12-19 11:19:22 - [TEST_STEP][PASSED] - verifyElementText(findTestObject("Object Repository/Page_Contact - RisQIT/h1_Contact"), "Contact"): Actual text and expected text of test object 'Object Repository/Page_Contact - RisQIT/h1_Contact' are matched.

2023-12-19 11:19:23 - [MESSAGE][PASSED] - Actual text and expected text of test object 'Object Repository/Page_Contact - RisQIT/h1_Contact' are matched.

2023-12-19 11:19:23 - [TEST_STEP][PASSED] - click(findTestObject("Object Repository/Page_Contact - RisQIT/input_naam"), STOP_ON_FAILURE): Object: 'Object Repository/Page_Contact - RisQIT/input_naam' is clicked on

2023-12-19 11:19:23 - [MESSAGE][PASSED] - Object: 'Object Repository/Page_Contact - RisQIT/input_naam' is clicked on

2023-12-19 11:19:23 - [TEST_STEP][PASSED] - setText(findTestObject("Object Repository/Page_Contact - RisQIT/input_naam"), Naam): Text 'Piet Snot' is set on object 'Object Repository/Page_Contact - RisQIT/input_naam'

2023-12-19 11:19:24 - [MESSAGE][PASSED] - Text 'Piet Snot' is set on object 'Object Repository/Page_Contact - RisQIT/input_naam'

2023-12-19 11:19:24 - [TEST_STEP][PASSED] - setText(findTestObject("Object Repository/Page_Contact - RisQIT/input_adres"), Adres): Text 'zakdoekstraat 1' is set on object 'Object Repository/Page_Contact - RisQIT/input_adres'

2023-12-19 11:19:25 - [MESSAGE][PASSED] - Text 'zakdoekstraat 1' is set on object 'Object Repository/Page_Contact - RisQIT/input_adres'

2023-12-19 11:19:25 - [TEST_STEP][PASSED] - setText(findTestObject("Object Repository/Page_Contact - RisQIT/input_woonplaats"), Woonplaats): Text 'Loopneus' is set on object 'Object Repository/Page_Contact - RisQIT/input_woonplaats'

2023-12-19 11:19:26 - [MESSAGE][PASSED] - Text 'Loopneus' is set on object 'Object Repository/Page_Contact - RisQIT/input_woonplaats'

2023-12-19 11:19:26 - [TEST_STEP][PASSED] - setText(findTestObject("Object Repository/Page_Contact - RisQIT/input_e-mail"), Email): Text 'p.snot@hatsjoe.com' is set on object 'Object Repository/Page_Contact - RisQIT/input_e-mail'

2023-12-19 11:19:26 - [MESSAGE][PASSED] - Text 'p.snot@hatsjoe.com' is set on object 'Object Repository/Page_Contact - RisQIT/input_e-mail'

2023-12-19 11:19:26 - [TEST_STEP][PASSED] - setText(findTestObject("Object Repository/Page_Contact - RisQIT/input_Telefoon"), Telefoon): Text '0612345678' is set on object 'Object Repository/Page_Contact - RisQIT/input_Telefoon'

2023-12-19 11:19:27 - [MESSAGE][PASSED] - Text '0612345678' is set on object 'Object Repository/Page_Contact - RisQIT/input_Telefoon'

2023-12-19 11:19:27 - [TEST_STEP][PASSED] - setText(findTestObject("Object Repository/Page_Contact - RisQIT/input_opmerking"), Opmerking): Text 'Gezondheid' is set on object 'Object Repository/Page_Contact - RisQIT/input_opmerking'

2023-12-19 11:19:28 - [MESSAGE][PASSED] - Text 'Gezondheid' is set on object 'Object Repository/Page_Contact - RisQIT/input_opmerking'

2023-12-19 11:19:28 - [TEST_STEP][PASSED] - click(findTestObject("Page_Contact - RisQIT/chkbx_PrivacybeleidAkkoord")): Object: 'Object Repository/Page_Contact - RisQIT/chkbx_PrivacybeleidAkkoord' is clicked on

2023-12-19 11:19:29 - [MESSAGE][PASSED] - Object: 'Object Repository/Page_Contact - RisQIT/chkbx_PrivacybeleidAkkoord' is clicked on

2023-12-19 11:19:29 - [TEST_STEP][PASSED] - click(findTestObject("Object Repository/Page_Contact - RisQIT/btn_submit")): Object: 'Object Repository/Page_Contact - RisQIT/btn_submit' is clicked on

2023-12-19 11:19:29 - [MESSAGE][PASSED] - Object: 'Object Repository/Page_Contact - RisQIT/btn_submit' is clicked on

2023-12-19 11:19:29 - [TEST_STEP][PASSED] - verifyElementPresent(findTestObject("Object Repository/Page_Contact - RisQIT/div_Er is een fout opgetreden bij het verst_b79445"), 0): Object 'Object Repository/Page_Contact - RisQIT/div_Er is een fout opgetreden bij het verst_b79445' is present

2023-12-19 11:19:29 - [MESSAGE][WARNING] - Timeout '0' is invalid. Using default page load timeout: '30'

2023-12-19 11:19:30 - [MESSAGE][PASSED] - Object 'Object Repository/Page_Contact - RisQIT/div_Er is een fout opgetreden bij het verst_b79445' is present

2023-12-19 11:19:30 - [TEST_STEP][PASSED] - click(findTestObject("Object Repository/Page_Contact - RisQIT/div_Er is een fout opgetreden bij het verst_aab0ca")): Object: 'Object Repository/Page_Contact - RisQIT/div_Er is een fout opgetreden bij het verst_aab0ca' is clicked on

2023-12-19 11:19:30 - [MESSAGE][PASSED] - Object: 'Object Repository/Page_Contact - RisQIT/div_Er is een fout opgetreden bij het verst_aab0ca' is clicked on

2023-12-19 11:19:30 - [TEST_STEP][PASSED] - setText(findTestObject("Object Repository/Page_Contact - RisQIT/input_opmerking"), ""): Text '' is set on object 'Object Repository/Page_Contact - RisQIT/input_opmerking'

2023-12-19 11:19:31 - [MESSAGE][PASSED] - Text '' is set on object 'Object Repository/Page_Contact - RisQIT/input_opmerking'

2023-12-19 11:19:31 - [TEST_STEP][PASSED] - verifyElementText(findTestObject("Object Repository/Page_Contact - RisQIT/warning_Het veld is verplicht"), "Het veld is verplicht."): Actual text and expected text of test object 'Object Repository/Page_Contact - RisQIT/warning_Het veld is verplicht' are matched.

2023-12-19 11:19:31 - [MESSAGE][PASSED] - Actual text and expected text of test object 'Object Repository/Page_Contact - RisQIT/warning_Het veld is verplicht' are matched.

2023-12-19 11:19:31 - [TEST_STEP][PASSED] - setText(findTestObject("Object Repository/Page_Contact - RisQIT/input_e-mail"), ""): Text '' is set on object 'Object Repository/Page_Contact - RisQIT/input_e-mail'

2023-12-19 11:19:32 - [MESSAGE][PASSED] - Text '' is set on object 'Object Repository/Page_Contact - RisQIT/input_e-mail'

2023-12-19 11:19:32 - [TEST_STEP][PASSED] - verifyElementText(findTestObject("Object Repository/Page_Contact - RisQIT/warning_Het veld is verplicht"), "Het veld is verplicht."): Actual text and expected text of test object 'Object Repository/Page_Contact - RisQIT/warning_Het veld is verplicht' are matched.

2023-12-19 11:19:32 - [MESSAGE][PASSED] - Actual text and expected text of test object 'Object Repository/Page_Contact - RisQIT/warning_Het veld is verplicht' are matched.

2023-12-19 11:19:32 - [TEST_STEP][PASSED] - setText(findTestObject("Object Repository/Page_Contact - RisQIT/input_naam"), ""): Text '' is set on object 'Object Repository/Page_Contact - RisQIT/input_naam'

2023-12-19 11:19:33 - [MESSAGE][PASSED] - Text '' is set on object 'Object Repository/Page_Contact - RisQIT/input_naam'

2023-12-19 11:19:33 - [TEST_STEP][PASSED] - verifyElementText(findTestObject("Object Repository/Page_Contact - RisQIT/warning_Het veld is verplicht"), "Het veld is verplicht."): Actual text and expected text of test object 'Object Repository/Page_Contact - RisQIT/warning_Het veld is verplicht' are matched.

2023-12-19 11:19:33 - [MESSAGE][PASSED] - Actual text and expected text of test object 'Object Repository/Page_Contact - RisQIT/warning_Het veld is verplicht' are matched.

2023-12-19 11:19:33 - [TEST_STEP][PASSED] - closeBrowser(): Browser is closed

2023-12-19 11:19:33 - [MESSAGE][PASSED] - Browser is closed]]></system-out>
         <system-err><![CDATA[]]></system-err>
      </testcase>
      <testcase name="Test Cases/Forms/RT014 ContactForm" time="12.337" classname="Test Cases/Forms/RT014 ContactForm" status="PASSED">
         <system-out><![CDATA[2023-12-19 11:19:33 - [TEST_CASE][PASSED] - Test Cases/Forms/RT014 ContactForm: Test Cases/Forms/RT014 ContactForm

2023-12-19 11:19:34 - [TEST_STEP][PASSED] - openBrowser(""): Browser is opened with url: ''

2023-12-19 11:19:34 - [MESSAGE][INFO] - Starting 'Chrome' driver

2023-12-19 11:19:34 - [MESSAGE][INFO] - Action delay is set to 0 milliseconds

2023-12-19 11:19:34 - [MESSAGE][PASSED] - Browser is opened with url: ''

2023-12-19 11:19:34 - [TEST_STEP][PASSED] - navigateToUrl("https://nlrisqitww-chaca.savviihq.com/"): Navigate to 'https://nlrisqitww-chaca.savviihq.com/' successfully

2023-12-19 11:19:34 - [MESSAGE][PASSED] - Navigate to 'https://nlrisqitww-chaca.savviihq.com/' successfully

2023-12-19 11:19:34 - [TEST_STEP][PASSED] - click(findTestObject("Object Repository/Page_Home - RisQIT/div_Contact opnemen")): Object: 'Object Repository/Page_Home - RisQIT/div_Contact opnemen' is clicked on

2023-12-19 11:19:35 - [MESSAGE][PASSED] - Object: 'Object Repository/Page_Home - RisQIT/div_Contact opnemen' is clicked on

2023-12-19 11:19:35 - [TEST_STEP][PASSED] - verifyElementText(findTestObject("Object Repository/Page_Contact - RisQIT/h1_Contact"), "Contact"): Actual text and expected text of test object 'Object Repository/Page_Contact - RisQIT/h1_Contact' are matched.

2023-12-19 11:19:35 - [MESSAGE][PASSED] - Actual text and expected text of test object 'Object Repository/Page_Contact - RisQIT/h1_Contact' are matched.

2023-12-19 11:19:35 - [TEST_STEP][PASSED] - click(findTestObject("Object Repository/Page_Contact - RisQIT/input_naam"), STOP_ON_FAILURE): Object: 'Object Repository/Page_Contact - RisQIT/input_naam' is clicked on

2023-12-19 11:19:36 - [MESSAGE][PASSED] - Object: 'Object Repository/Page_Contact - RisQIT/input_naam' is clicked on

2023-12-19 11:19:36 - [TEST_STEP][PASSED] - setText(findTestObject("Object Repository/Page_Contact - RisQIT/input_naam"), Naam): Text 'Piet Snot' is set on object 'Object Repository/Page_Contact - RisQIT/input_naam'

2023-12-19 11:19:37 - [MESSAGE][PASSED] - Text 'Piet Snot' is set on object 'Object Repository/Page_Contact - RisQIT/input_naam'

2023-12-19 11:19:37 - [TEST_STEP][PASSED] - setText(findTestObject("Object Repository/Page_Contact - RisQIT/input_adres"), Adres): Text 'Testadres 1' is set on object 'Object Repository/Page_Contact - RisQIT/input_adres'

2023-12-19 11:19:37 - [MESSAGE][PASSED] - Text 'Testadres 1' is set on object 'Object Repository/Page_Contact - RisQIT/input_adres'

2023-12-19 11:19:37 - [TEST_STEP][PASSED] - setText(findTestObject("Object Repository/Page_Contact - RisQIT/input_woonplaats"), Woonplaats): Text 'Loopneus' is set on object 'Object Repository/Page_Contact - RisQIT/input_woonplaats'

2023-12-19 11:19:38 - [MESSAGE][PASSED] - Text 'Loopneus' is set on object 'Object Repository/Page_Contact - RisQIT/input_woonplaats'

2023-12-19 11:19:38 - [TEST_STEP][PASSED] - setText(findTestObject("Object Repository/Page_Contact - RisQIT/input_e-mail"), Email): Text 'p.snot@hatsjoe.com' is set on object 'Object Repository/Page_Contact - RisQIT/input_e-mail'

2023-12-19 11:19:39 - [MESSAGE][PASSED] - Text 'p.snot@hatsjoe.com' is set on object 'Object Repository/Page_Contact - RisQIT/input_e-mail'

2023-12-19 11:19:39 - [TEST_STEP][PASSED] - setText(findTestObject("Object Repository/Page_Contact - RisQIT/input_Telefoon"), Telefoon): Text '0632345678' is set on object 'Object Repository/Page_Contact - RisQIT/input_Telefoon'

2023-12-19 11:19:40 - [MESSAGE][PASSED] - Text '0632345678' is set on object 'Object Repository/Page_Contact - RisQIT/input_Telefoon'

2023-12-19 11:19:40 - [TEST_STEP][PASSED] - setText(findTestObject("Object Repository/Page_Contact - RisQIT/input_opmerking"), Opmerking): Text 'Gezondheid' is set on object 'Object Repository/Page_Contact - RisQIT/input_opmerking'

2023-12-19 11:19:41 - [MESSAGE][PASSED] - Text 'Gezondheid' is set on object 'Object Repository/Page_Contact - RisQIT/input_opmerking'

2023-12-19 11:19:41 - [TEST_STEP][PASSED] - click(findTestObject("Page_Contact - RisQIT/chkbx_PrivacybeleidAkkoord")): Object: 'Object Repository/Page_Contact - RisQIT/chkbx_PrivacybeleidAkkoord' is clicked on

2023-12-19 11:19:41 - [MESSAGE][PASSED] - Object: 'Object Repository/Page_Contact - RisQIT/chkbx_PrivacybeleidAkkoord' is clicked on

2023-12-19 11:19:41 - [TEST_STEP][PASSED] - click(findTestObject("Object Repository/Page_Contact - RisQIT/btn_submit")): Object: 'Object Repository/Page_Contact - RisQIT/btn_submit' is clicked on

2023-12-19 11:19:42 - [MESSAGE][PASSED] - Object: 'Object Repository/Page_Contact - RisQIT/btn_submit' is clicked on

2023-12-19 11:19:42 - [TEST_STEP][PASSED] - verifyElementPresent(findTestObject("Object Repository/Page_Contact - RisQIT/div_Er is een fout opgetreden bij het verst_b79445"), 0): Object 'Object Repository/Page_Contact - RisQIT/div_Er is een fout opgetreden bij het verst_b79445' is present

2023-12-19 11:19:42 - [MESSAGE][WARNING] - Timeout '0' is invalid. Using default page load timeout: '30'

2023-12-19 11:19:42 - [MESSAGE][PASSED] - Object 'Object Repository/Page_Contact - RisQIT/div_Er is een fout opgetreden bij het verst_b79445' is present

2023-12-19 11:19:42 - [TEST_STEP][PASSED] - click(findTestObject("Object Repository/Page_Contact - RisQIT/div_Er is een fout opgetreden bij het verst_aab0ca")): Object: 'Object Repository/Page_Contact - RisQIT/div_Er is een fout opgetreden bij het verst_aab0ca' is clicked on

2023-12-19 11:19:42 - [MESSAGE][PASSED] - Object: 'Object Repository/Page_Contact - RisQIT/div_Er is een fout opgetreden bij het verst_aab0ca' is clicked on

2023-12-19 11:19:42 - [TEST_STEP][PASSED] - setText(findTestObject("Object Repository/Page_Contact - RisQIT/input_opmerking"), ""): Text '' is set on object 'Object Repository/Page_Contact - RisQIT/input_opmerking'

2023-12-19 11:19:43 - [MESSAGE][PASSED] - Text '' is set on object 'Object Repository/Page_Contact - RisQIT/input_opmerking'

2023-12-19 11:19:43 - [TEST_STEP][PASSED] - verifyElementText(findTestObject("Object Repository/Page_Contact - RisQIT/warning_Het veld is verplicht"), "Het veld is verplicht."): Actual text and expected text of test object 'Object Repository/Page_Contact - RisQIT/warning_Het veld is verplicht' are matched.

2023-12-19 11:19:43 - [MESSAGE][PASSED] - Actual text and expected text of test object 'Object Repository/Page_Contact - RisQIT/warning_Het veld is verplicht' are matched.

2023-12-19 11:19:43 - [TEST_STEP][PASSED] - setText(findTestObject("Object Repository/Page_Contact - RisQIT/input_e-mail"), ""): Text '' is set on object 'Object Repository/Page_Contact - RisQIT/input_e-mail'

2023-12-19 11:19:44 - [MESSAGE][PASSED] - Text '' is set on object 'Object Repository/Page_Contact - RisQIT/input_e-mail'

2023-12-19 11:19:44 - [TEST_STEP][PASSED] - verifyElementText(findTestObject("Object Repository/Page_Contact - RisQIT/warning_Het veld is verplicht"), "Het veld is verplicht."): Actual text and expected text of test object 'Object Repository/Page_Contact - RisQIT/warning_Het veld is verplicht' are matched.

2023-12-19 11:19:45 - [MESSAGE][PASSED] - Actual text and expected text of test object 'Object Repository/Page_Contact - RisQIT/warning_Het veld is verplicht' are matched.

2023-12-19 11:19:45 - [TEST_STEP][PASSED] - setText(findTestObject("Object Repository/Page_Contact - RisQIT/input_naam"), ""): Text '' is set on object 'Object Repository/Page_Contact - RisQIT/input_naam'

2023-12-19 11:19:45 - [MESSAGE][PASSED] - Text '' is set on object 'Object Repository/Page_Contact - RisQIT/input_naam'

2023-12-19 11:19:45 - [TEST_STEP][PASSED] - verifyElementText(findTestObject("Object Repository/Page_Contact - RisQIT/warning_Het veld is verplicht"), "Het veld is verplicht."): Actual text and expected text of test object 'Object Repository/Page_Contact - RisQIT/warning_Het veld is verplicht' are matched.

2023-12-19 11:19:46 - [MESSAGE][PASSED] - Actual text and expected text of test object 'Object Repository/Page_Contact - RisQIT/warning_Het veld is verplicht' are matched.

2023-12-19 11:19:46 - [TEST_STEP][PASSED] - closeBrowser(): Browser is closed

2023-12-19 11:19:46 - [MESSAGE][PASSED] - Browser is closed]]></system-out>
         <system-err><![CDATA[]]></system-err>
      </testcase>
      <system-out><![CDATA[2023-12-19 11:19:20 - [TEST_SUITE][PASSED] - DDTS01 With MS Excel: Test Cases/Forms/RT014 ContactForm]]></system-out>
      <system-err><![CDATA[]]></system-err>
   </testsuite>
</testsuites>
