<?xml version="1.0" encoding="UTF-8"?>
<testsuites name="TS02 MenuMobile" time="342.749" tests="13" failures="1" errors="0">
   <testsuite name="TS02 MenuMobile" tests="13" failures="1" errors="0" time="342.749" skipped="0" timestamp="2023-12-18 17:16:34" hostname="maart - 192.168.1.100" id="Test Suites/TS02 MenuMobile">
      <properties>
         <property name="deviceName" value=""/>
         <property name="devicePlatform" value=""/>
         <property name="logFolder" value="C:\\Users\\maart\\Katalon Studio\\RisQIT Website\\Reports\\20231218_171626\\TS02 MenuMobile\\20231218_171627"/>
         <property name="logFiles" value="C:\\Users\\maart\\Katalon Studio\\RisQIT Website\\Reports\\20231218_171626\\TS02 MenuMobile\\20231218_171627\\execution0.log"/>
         <property name="attachments" value="C:\\Users\\maart\\Katalon Studio\\RisQIT Website\\Reports\\20231218_171626\\TS02 MenuMobile\\20231218_171627\\1702916396102.png"/>
         <property name="hostName" value="maart - 192.168.1.100"/>
         <property name="os" value="Windows 11 64bit"/>
         <property name="katalonVersion" value="9.0.0.212"/>
         <property name="browser" value="Chrome 120.0.0.0"/>
         <property name="hostAddress" value="192.168.1.100"/>
         <property name="sessionId" value="d6632db9436188fb285346cf33e74bac"/>
         <property name="seleniumVersion" value="3.141.59"/>
         <property name="proxyInformation" value="ProxyInformation { proxyOption=NO_PROXY, proxyServerType=HTTP, username=, password=********, proxyServerAddress=, proxyServerPort=0, executionList=&quot;&quot;, isApplyToDesiredCapabilities=true }"/>
         <property name="platform" value="Windows 11"/>
      </properties>
      <testcase name="Test Cases/Menu/RT016 MobileMenu - Homepage" time="30.856" classname="Test Cases/Menu/RT016 MobileMenu - Homepage" status="PASSED">
         <system-out><![CDATA[2023-12-18 17:16:34 - [TEST_CASE][PASSED] - Test Cases/Menu/RT016 MobileMenu - Homepage: Test Cases/Menu/RT016 MobileMenu - Homepage

2023-12-18 17:16:35 - [TEST_STEP][PASSED] - openBrowser(""): Browser is opened with url: ''

2023-12-18 17:16:35 - [MESSAGE][INFO] - Starting 'Chrome' driver

2023-12-18 17:16:35 - [MESSAGE][INFO] - Action delay is set to 0 milliseconds

2023-12-18 17:16:36 - [MESSAGE][PASSED] - Browser is opened with url: ''

2023-12-18 17:16:36 - [TEST_STEP][PASSED] - navigateToUrl(URL): Navigate to 'https://nlrisqitww-chaca.savviihq.com/' successfully

2023-12-18 17:16:37 - [MESSAGE][PASSED] - Navigate to 'https://nlrisqitww-chaca.savviihq.com/' successfully

2023-12-18 17:16:37 - [TEST_STEP][PASSED] - callTestCase(findTestCase("Menu/RT000.2 MobileMenu"), [:], STOP_ON_FAILURE): Call Test Case 'Test Cases/Menu/RT000.2 MobileMenu' successfully

2023-12-18 17:16:37 - [TEST_CASE][PASSED] - Test Cases/Menu/RT000.2 MobileMenu: Test Cases/Menu/RT000.2 MobileMenu

2023-12-18 17:16:37 - [TEST_STEP][PASSED] - setViewPortSize(912, 1000): Viewport is set to new size with width = 912 and height = 1000

2023-12-18 17:16:37 - [MESSAGE][PASSED] - Viewport is set to new size with width = 912 and height = 1000

2023-12-18 17:16:37 - [TEST_STEP][PASSED] - actual_url = getUrl(): Current window's url is: 'https://nlrisqitww-chaca.savviihq.com/'

2023-12-18 17:16:37 - [MESSAGE][PASSED] - Current window's url is: 'https://nlrisqitww-chaca.savviihq.com/'

2023-12-18 17:16:37 - [TEST_STEP][PASSED] - verifyElementPresent(findTestObject("Object Repository/Page_Home - RisQIT/button_Main Menu"), 0): Object 'Object Repository/Page_Home - RisQIT/button_Main Menu' is present

2023-12-18 17:16:37 - [MESSAGE][WARNING] - Timeout '0' is invalid. Using default page load timeout: '30'

2023-12-18 17:16:37 - [MESSAGE][PASSED] - Object 'Object Repository/Page_Home - RisQIT/button_Main Menu' is present

2023-12-18 17:16:37 - [TEST_STEP][PASSED] - click(findTestObject("Object Repository/Page_Home - RisQIT/button_Main Menu")): Object: 'Object Repository/Page_Home - RisQIT/button_Main Menu' is clicked on

2023-12-18 17:16:38 - [MESSAGE][PASSED] - Object: 'Object Repository/Page_Home - RisQIT/button_Main Menu' is clicked on

2023-12-18 17:16:38 - [TEST_STEP][PASSED] - verifyElementText(findTestObject("Object Repository/Page_Home - RisQIT/a_Diensten"), "Diensten"): Actual text and expected text of test object 'Object Repository/Page_Home - RisQIT/a_Diensten' are matched.

2023-12-18 17:16:39 - [MESSAGE][PASSED] - Actual text and expected text of test object 'Object Repository/Page_Home - RisQIT/a_Diensten' are matched.

2023-12-18 17:16:39 - [TEST_STEP][PASSED] - verifyElementText(findTestObject("Object Repository/Page_Home - RisQIT/a_Over ons"), "Over ons"): Actual text and expected text of test object 'Object Repository/Page_Home - RisQIT/a_Over ons' are matched.

2023-12-18 17:16:39 - [MESSAGE][PASSED] - Actual text and expected text of test object 'Object Repository/Page_Home - RisQIT/a_Over ons' are matched.

2023-12-18 17:16:39 - [TEST_STEP][PASSED] - verifyElementText(findTestObject("Object Repository/Page_Home - RisQIT/a_Blog"), "Blog"): Actual text and expected text of test object 'Object Repository/Page_Home - RisQIT/a_Blog' are matched.

2023-12-18 17:16:39 - [MESSAGE][PASSED] - Actual text and expected text of test object 'Object Repository/Page_Home - RisQIT/a_Blog' are matched.

2023-12-18 17:16:39 - [TEST_STEP][PASSED] - verifyElementText(findTestObject("Object Repository/Page_Home - RisQIT/a_Vacatures"), "Vacatures"): Actual text and expected text of test object 'Object Repository/Page_Home - RisQIT/a_Vacatures' are matched.

2023-12-18 17:16:40 - [MESSAGE][PASSED] - Actual text and expected text of test object 'Object Repository/Page_Home - RisQIT/a_Vacatures' are matched.

2023-12-18 17:16:40 - [TEST_STEP][PASSED] - verifyElementText(findTestObject("Object Repository/Page_Home - RisQIT/div_Contact opnemen"), "Contact opnemen"): Actual text and expected text of test object 'Object Repository/Page_Home - RisQIT/div_Contact opnemen' are matched.

2023-12-18 17:16:40 - [MESSAGE][PASSED] - Actual text and expected text of test object 'Object Repository/Page_Home - RisQIT/div_Contact opnemen' are matched.

2023-12-18 17:16:40 - [TEST_STEP][PASSED] - click(findTestObject("Object Repository/Page_Home - RisQIT/button_Menu schakelen")): Object: 'Object Repository/Page_Home - RisQIT/button_Menu schakelen' is clicked on

2023-12-18 17:16:40 - [MESSAGE][PASSED] - Object: 'Object Repository/Page_Home - RisQIT/button_Menu schakelen' is clicked on

2023-12-18 17:16:40 - [TEST_STEP][PASSED] - verifyElementText(findTestObject("Object Repository/Page_Home - RisQIT/a_Software Testing"), "Software Testing"): Actual text and expected text of test object 'Object Repository/Page_Home - RisQIT/a_Software Testing' are matched.

2023-12-18 17:16:41 - [MESSAGE][PASSED] - Actual text and expected text of test object 'Object Repository/Page_Home - RisQIT/a_Software Testing' are matched.

2023-12-18 17:16:41 - [TEST_STEP][PASSED] - verifyElementText(findTestObject("Object Repository/Page_Home - RisQIT/a_Security en HackersTest (SHT)"), "Security en HackersTest (SHT)"): Actual text and expected text of test object 'Object Repository/Page_Home - RisQIT/a_Security en HackersTest (SHT)' are matched.

2023-12-18 17:16:41 - [MESSAGE][PASSED] - Actual text and expected text of test object 'Object Repository/Page_Home - RisQIT/a_Security en HackersTest (SHT)' are matched.

2023-12-18 17:16:41 - [TEST_STEP][PASSED] - verifyElementText(findTestObject("Object Repository/Page_Home - RisQIT/a_UX Lab"), "UX Lab"): Actual text and expected text of test object 'Object Repository/Page_Home - RisQIT/a_UX Lab' are matched.

2023-12-18 17:16:41 - [MESSAGE][PASSED] - Actual text and expected text of test object 'Object Repository/Page_Home - RisQIT/a_UX Lab' are matched.

2023-12-18 17:16:41 - [TEST_STEP][PASSED] - click(findTestObject("Object Repository/Page_Home - RisQIT/a_Software Testing")): Object: 'Object Repository/Page_Home - RisQIT/a_Software Testing' is clicked on

2023-12-18 17:16:42 - [MESSAGE][PASSED] - Object: 'Object Repository/Page_Home - RisQIT/a_Software Testing' is clicked on

2023-12-18 17:16:42 - [TEST_STEP][PASSED] - verifyElementText(findTestObject("Object Repository/Page_Software Testing - RisQIT/h1_Software Testing"), "Software Testing"): Actual text and expected text of test object 'Object Repository/Page_Software Testing - RisQIT/h1_Software Testing' are matched.

2023-12-18 17:16:42 - [MESSAGE][PASSED] - Actual text and expected text of test object 'Object Repository/Page_Software Testing - RisQIT/h1_Software Testing' are matched.

2023-12-18 17:16:42 - [TEST_STEP][PASSED] - navigateToUrl(actual_url): Navigate to 'https://nlrisqitww-chaca.savviihq.com/' successfully

2023-12-18 17:16:42 - [MESSAGE][PASSED] - Navigate to 'https://nlrisqitww-chaca.savviihq.com/' successfully

2023-12-18 17:16:42 - [TEST_STEP][PASSED] - click(findTestObject("Object Repository/Page_Home - RisQIT/button_Main Menu")): Object: 'Object Repository/Page_Home - RisQIT/button_Main Menu' is clicked on

2023-12-18 17:16:43 - [MESSAGE][PASSED] - Object: 'Object Repository/Page_Home - RisQIT/button_Main Menu' is clicked on

2023-12-18 17:16:43 - [TEST_STEP][PASSED] - click(findTestObject("Object Repository/Page_Software Testing - RisQIT/a_Diensten")): Object: 'Object Repository/Page_Software Testing - RisQIT/a_Diensten' is clicked on

2023-12-18 17:16:43 - [MESSAGE][PASSED] - Object: 'Object Repository/Page_Software Testing - RisQIT/a_Diensten' is clicked on

2023-12-18 17:16:43 - [TEST_STEP][PASSED] - click(findTestObject("Object Repository/Page_Software Testing - RisQIT/button_Menu schakelen")): Object: 'Object Repository/Page_Software Testing - RisQIT/button_Menu schakelen' is clicked on

2023-12-18 17:16:44 - [MESSAGE][PASSED] - Object: 'Object Repository/Page_Software Testing - RisQIT/button_Menu schakelen' is clicked on

2023-12-18 17:16:44 - [TEST_STEP][PASSED] - click(findTestObject("Object Repository/Page_Software Testing - RisQIT/a_Security en HackersTest (SHT)")): Object: 'Object Repository/Page_Software Testing - RisQIT/a_Security en HackersTest (SHT)' is clicked on

2023-12-18 17:16:44 - [MESSAGE][PASSED] - Object: 'Object Repository/Page_Software Testing - RisQIT/a_Security en HackersTest (SHT)' is clicked on

2023-12-18 17:16:44 - [TEST_STEP][PASSED] - verifyElementText(findTestObject("Page_Security en HackersTest (SHT) - RisQIT/h1_Security en HackersTest (SHT)"), "Security En HackersTest (SHT)"): Actual text and expected text of test object 'Object Repository/Page_Security en HackersTest (SHT) - RisQIT/h1_Security en HackersTest (SHT)' are matched.

2023-12-18 17:16:45 - [MESSAGE][PASSED] - Actual text and expected text of test object 'Object Repository/Page_Security en HackersTest (SHT) - RisQIT/h1_Security en HackersTest (SHT)' are matched.

2023-12-18 17:16:45 - [TEST_STEP][PASSED] - navigateToUrl(actual_url): Navigate to 'https://nlrisqitww-chaca.savviihq.com/' successfully

2023-12-18 17:16:45 - [MESSAGE][PASSED] - Navigate to 'https://nlrisqitww-chaca.savviihq.com/' successfully

2023-12-18 17:16:45 - [TEST_STEP][PASSED] - click(findTestObject("Object Repository/Page_Home - RisQIT/button_Main Menu")): Object: 'Object Repository/Page_Home - RisQIT/button_Main Menu' is clicked on

2023-12-18 17:16:45 - [MESSAGE][PASSED] - Object: 'Object Repository/Page_Home - RisQIT/button_Main Menu' is clicked on

2023-12-18 17:16:45 - [TEST_STEP][PASSED] - click(findTestObject("Object Repository/Page_Software Testing - RisQIT/a_Diensten")): Object: 'Object Repository/Page_Software Testing - RisQIT/a_Diensten' is clicked on

2023-12-18 17:16:46 - [MESSAGE][PASSED] - Object: 'Object Repository/Page_Software Testing - RisQIT/a_Diensten' is clicked on

2023-12-18 17:16:46 - [TEST_STEP][PASSED] - click(findTestObject("Object Repository/Page_Software Testing - RisQIT/button_Menu schakelen")): Object: 'Object Repository/Page_Software Testing - RisQIT/button_Menu schakelen' is clicked on

2023-12-18 17:16:46 - [MESSAGE][PASSED] - Object: 'Object Repository/Page_Software Testing - RisQIT/button_Menu schakelen' is clicked on

2023-12-18 17:16:46 - [TEST_STEP][PASSED] - click(findTestObject("Object Repository/Page_Security en HackersTest (SHT) - RisQIT/a_UX Lab")): Object: 'Object Repository/Page_Security en HackersTest (SHT) - RisQIT/a_UX Lab' is clicked on

2023-12-18 17:16:47 - [MESSAGE][PASSED] - Object: 'Object Repository/Page_Security en HackersTest (SHT) - RisQIT/a_UX Lab' is clicked on

2023-12-18 17:16:47 - [TEST_STEP][PASSED] - verifyElementText(findTestObject("Object Repository/Page_UX Lab - RisQIT/h1_UX Lab"), "UX Lab"): Actual text and expected text of test object 'Object Repository/Page_UX Lab - RisQIT/h1_UX Lab' are matched.

2023-12-18 17:16:47 - [MESSAGE][PASSED] - Actual text and expected text of test object 'Object Repository/Page_UX Lab - RisQIT/h1_UX Lab' are matched.

2023-12-18 17:16:47 - [TEST_STEP][PASSED] - navigateToUrl(actual_url): Navigate to 'https://nlrisqitww-chaca.savviihq.com/' successfully

2023-12-18 17:16:47 - [MESSAGE][PASSED] - Navigate to 'https://nlrisqitww-chaca.savviihq.com/' successfully

2023-12-18 17:16:47 - [TEST_STEP][PASSED] - click(findTestObject("Object Repository/Page_Home - RisQIT/button_Main Menu")): Object: 'Object Repository/Page_Home - RisQIT/button_Main Menu' is clicked on

2023-12-18 17:16:48 - [MESSAGE][PASSED] - Object: 'Object Repository/Page_Home - RisQIT/button_Main Menu' is clicked on

2023-12-18 17:16:48 - [TEST_STEP][PASSED] - click(findTestObject("Object Repository/Page_Software Testing - RisQIT/a_Diensten")): Object: 'Object Repository/Page_Software Testing - RisQIT/a_Diensten' is clicked on

2023-12-18 17:16:49 - [MESSAGE][PASSED] - Object: 'Object Repository/Page_Software Testing - RisQIT/a_Diensten' is clicked on

2023-12-18 17:16:49 - [TEST_STEP][PASSED] - click(findTestObject("Object Repository/Page_UX Lab - RisQIT/button_Menu schakelen")): Object: 'Object Repository/Page_UX Lab - RisQIT/button_Menu schakelen' is clicked on

2023-12-18 17:16:49 - [MESSAGE][PASSED] - Object: 'Object Repository/Page_UX Lab - RisQIT/button_Menu schakelen' is clicked on

2023-12-18 17:16:49 - [TEST_STEP][PASSED] - verifyElementText(findTestObject("Object Repository/Page_UX Lab - RisQIT/a_Missie  Visie"), "Missie & Visie"): Actual text and expected text of test object 'Object Repository/Page_UX Lab - RisQIT/a_Missie  Visie' are matched.

2023-12-18 17:16:49 - [MESSAGE][PASSED] - Actual text and expected text of test object 'Object Repository/Page_UX Lab - RisQIT/a_Missie  Visie' are matched.

2023-12-18 17:16:49 - [TEST_STEP][PASSED] - verifyElementText(findTestObject("Object Repository/Page_UX Lab - RisQIT/a_Het Gilde"), "Het Gilde"): Actual text and expected text of test object 'Object Repository/Page_UX Lab - RisQIT/a_Het Gilde' are matched.

2023-12-18 17:16:50 - [MESSAGE][PASSED] - Actual text and expected text of test object 'Object Repository/Page_UX Lab - RisQIT/a_Het Gilde' are matched.

2023-12-18 17:16:50 - [TEST_STEP][PASSED] - verifyElementText(findTestObject("Object Repository/Page_UX Lab - RisQIT/a_SuperTester"), "SuperTester"): Actual text and expected text of test object 'Object Repository/Page_UX Lab - RisQIT/a_SuperTester' are matched.

2023-12-18 17:16:50 - [MESSAGE][PASSED] - Actual text and expected text of test object 'Object Repository/Page_UX Lab - RisQIT/a_SuperTester' are matched.

2023-12-18 17:16:50 - [TEST_STEP][PASSED] - click(findTestObject("Object Repository/Page_UX Lab - RisQIT/a_Missie  Visie")): Object: 'Object Repository/Page_UX Lab - RisQIT/a_Missie  Visie' is clicked on

2023-12-18 17:16:50 - [MESSAGE][PASSED] - Object: 'Object Repository/Page_UX Lab - RisQIT/a_Missie  Visie' is clicked on

2023-12-18 17:16:50 - [TEST_STEP][PASSED] - verifyElementText(findTestObject("Object Repository/Page_Missie  Visie - RisQIT/h1_Missie  Visie"), "Missie & Visie"): Actual text and expected text of test object 'Object Repository/Page_Missie  Visie - RisQIT/h1_Missie  Visie' are matched.

2023-12-18 17:16:51 - [MESSAGE][PASSED] - Actual text and expected text of test object 'Object Repository/Page_Missie  Visie - RisQIT/h1_Missie  Visie' are matched.

2023-12-18 17:16:51 - [TEST_STEP][PASSED] - navigateToUrl(actual_url): Navigate to 'https://nlrisqitww-chaca.savviihq.com/' successfully

2023-12-18 17:16:51 - [MESSAGE][PASSED] - Navigate to 'https://nlrisqitww-chaca.savviihq.com/' successfully

2023-12-18 17:16:51 - [TEST_STEP][PASSED] - click(findTestObject("Object Repository/Page_Home - RisQIT/button_Main Menu")): Object: 'Object Repository/Page_Home - RisQIT/button_Main Menu' is clicked on

2023-12-18 17:16:52 - [MESSAGE][PASSED] - Object: 'Object Repository/Page_Home - RisQIT/button_Main Menu' is clicked on

2023-12-18 17:16:52 - [TEST_STEP][PASSED] - click(findTestObject("Object Repository/Page_Software Testing - RisQIT/a_Diensten")): Object: 'Object Repository/Page_Software Testing - RisQIT/a_Diensten' is clicked on

2023-12-18 17:16:52 - [MESSAGE][PASSED] - Object: 'Object Repository/Page_Software Testing - RisQIT/a_Diensten' is clicked on

2023-12-18 17:16:52 - [TEST_STEP][PASSED] - click(findTestObject("Object Repository/Page_UX Lab - RisQIT/button_Menu schakelen")): Object: 'Object Repository/Page_UX Lab - RisQIT/button_Menu schakelen' is clicked on

2023-12-18 17:16:53 - [MESSAGE][PASSED] - Object: 'Object Repository/Page_UX Lab - RisQIT/button_Menu schakelen' is clicked on

2023-12-18 17:16:53 - [TEST_STEP][PASSED] - click(findTestObject("Object Repository/Page_Missie  Visie - RisQIT/a_Het Gilde")): Object: 'Object Repository/Page_Missie  Visie - RisQIT/a_Het Gilde' is clicked on

2023-12-18 17:16:53 - [MESSAGE][PASSED] - Object: 'Object Repository/Page_Missie  Visie - RisQIT/a_Het Gilde' is clicked on

2023-12-18 17:16:53 - [TEST_STEP][PASSED] - verifyElementText(findTestObject("Object Repository/Page_Het Gilde - RisQIT/h1_Het Gilde"), "Het Gilde"): Actual text and expected text of test object 'Object Repository/Page_Het Gilde - RisQIT/h1_Het Gilde' are matched.

2023-12-18 17:16:54 - [MESSAGE][PASSED] - Actual text and expected text of test object 'Object Repository/Page_Het Gilde - RisQIT/h1_Het Gilde' are matched.

2023-12-18 17:16:54 - [TEST_STEP][PASSED] - navigateToUrl(actual_url): Navigate to 'https://nlrisqitww-chaca.savviihq.com/' successfully

2023-12-18 17:16:54 - [MESSAGE][PASSED] - Navigate to 'https://nlrisqitww-chaca.savviihq.com/' successfully

2023-12-18 17:16:54 - [TEST_STEP][PASSED] - click(findTestObject("Object Repository/Page_Home - RisQIT/button_Main Menu")): Object: 'Object Repository/Page_Home - RisQIT/button_Main Menu' is clicked on

2023-12-18 17:16:54 - [MESSAGE][PASSED] - Object: 'Object Repository/Page_Home - RisQIT/button_Main Menu' is clicked on

2023-12-18 17:16:54 - [TEST_STEP][PASSED] - click(findTestObject("Object Repository/Page_Software Testing - RisQIT/a_Diensten")): Object: 'Object Repository/Page_Software Testing - RisQIT/a_Diensten' is clicked on

2023-12-18 17:16:55 - [MESSAGE][PASSED] - Object: 'Object Repository/Page_Software Testing - RisQIT/a_Diensten' is clicked on

2023-12-18 17:16:55 - [TEST_STEP][PASSED] - click(findTestObject("Object Repository/Page_UX Lab - RisQIT/button_Menu schakelen")): Object: 'Object Repository/Page_UX Lab - RisQIT/button_Menu schakelen' is clicked on

2023-12-18 17:16:55 - [MESSAGE][PASSED] - Object: 'Object Repository/Page_UX Lab - RisQIT/button_Menu schakelen' is clicked on

2023-12-18 17:16:55 - [TEST_STEP][PASSED] - click(findTestObject("Object Repository/Page_Het Gilde - RisQIT/a_SuperTester")): Object: 'Object Repository/Page_Het Gilde - RisQIT/a_SuperTester' is clicked on

2023-12-18 17:16:56 - [MESSAGE][PASSED] - Object: 'Object Repository/Page_Het Gilde - RisQIT/a_SuperTester' is clicked on

2023-12-18 17:16:56 - [TEST_STEP][PASSED] - verifyElementText(findTestObject("Object Repository/Page_SuperTester - RisQIT/h1_Whitepaper SuperTester"), "Whitepaper SuperTester"): Actual text and expected text of test object 'Object Repository/Page_SuperTester - RisQIT/h1_Whitepaper SuperTester' are matched.

2023-12-18 17:16:56 - [MESSAGE][PASSED] - Actual text and expected text of test object 'Object Repository/Page_SuperTester - RisQIT/h1_Whitepaper SuperTester' are matched.

2023-12-18 17:16:56 - [TEST_STEP][PASSED] - navigateToUrl(actual_url): Navigate to 'https://nlrisqitww-chaca.savviihq.com/' successfully

2023-12-18 17:16:56 - [MESSAGE][PASSED] - Navigate to 'https://nlrisqitww-chaca.savviihq.com/' successfully

2023-12-18 17:16:56 - [TEST_STEP][PASSED] - click(findTestObject("Object Repository/Page_Home - RisQIT/button_Main Menu")): Object: 'Object Repository/Page_Home - RisQIT/button_Main Menu' is clicked on

2023-12-18 17:16:57 - [MESSAGE][PASSED] - Object: 'Object Repository/Page_Home - RisQIT/button_Main Menu' is clicked on

2023-12-18 17:16:57 - [TEST_STEP][PASSED] - click(findTestObject("Object Repository/Page_Software Testing - RisQIT/a_Diensten")): Object: 'Object Repository/Page_Software Testing - RisQIT/a_Diensten' is clicked on

2023-12-18 17:16:57 - [MESSAGE][PASSED] - Object: 'Object Repository/Page_Software Testing - RisQIT/a_Diensten' is clicked on

2023-12-18 17:16:57 - [TEST_STEP][PASSED] - click(findTestObject("Object Repository/Page_UX Lab - RisQIT/button_Menu schakelen")): Object: 'Object Repository/Page_UX Lab - RisQIT/button_Menu schakelen' is clicked on

2023-12-18 17:16:58 - [MESSAGE][PASSED] - Object: 'Object Repository/Page_UX Lab - RisQIT/button_Menu schakelen' is clicked on

2023-12-18 17:16:58 - [TEST_STEP][PASSED] - click(findTestObject("Object Repository/Page_Het Gilde - RisQIT/a_Blog")): Object: 'Object Repository/Page_Het Gilde - RisQIT/a_Blog' is clicked on

2023-12-18 17:16:58 - [MESSAGE][PASSED] - Object: 'Object Repository/Page_Het Gilde - RisQIT/a_Blog' is clicked on

2023-12-18 17:16:58 - [TEST_STEP][PASSED] - verifyElementText(findTestObject("Object Repository/Page_Blog - RisQIT/h1_Blog"), "Blog"): Actual text and expected text of test object 'Object Repository/Page_Blog - RisQIT/h1_Blog' are matched.

2023-12-18 17:16:59 - [MESSAGE][PASSED] - Actual text and expected text of test object 'Object Repository/Page_Blog - RisQIT/h1_Blog' are matched.

2023-12-18 17:16:59 - [TEST_STEP][PASSED] - navigateToUrl(actual_url): Navigate to 'https://nlrisqitww-chaca.savviihq.com/' successfully

2023-12-18 17:16:59 - [MESSAGE][PASSED] - Navigate to 'https://nlrisqitww-chaca.savviihq.com/' successfully

2023-12-18 17:16:59 - [TEST_STEP][PASSED] - click(findTestObject("Object Repository/Page_Home - RisQIT/button_Main Menu")): Object: 'Object Repository/Page_Home - RisQIT/button_Main Menu' is clicked on

2023-12-18 17:16:59 - [MESSAGE][PASSED] - Object: 'Object Repository/Page_Home - RisQIT/button_Main Menu' is clicked on

2023-12-18 17:16:59 - [TEST_STEP][PASSED] - click(findTestObject("Object Repository/Page_Software Testing - RisQIT/a_Diensten")): Object: 'Object Repository/Page_Software Testing - RisQIT/a_Diensten' is clicked on

2023-12-18 17:17:00 - [MESSAGE][PASSED] - Object: 'Object Repository/Page_Software Testing - RisQIT/a_Diensten' is clicked on

2023-12-18 17:17:00 - [TEST_STEP][PASSED] - click(findTestObject("Object Repository/Page_UX Lab - RisQIT/button_Menu schakelen")): Object: 'Object Repository/Page_UX Lab - RisQIT/button_Menu schakelen' is clicked on

2023-12-18 17:17:00 - [MESSAGE][PASSED] - Object: 'Object Repository/Page_UX Lab - RisQIT/button_Menu schakelen' is clicked on

2023-12-18 17:17:00 - [TEST_STEP][PASSED] - click(findTestObject("Object Repository/Page_Blog - RisQIT/a_Vacatures")): Object: 'Object Repository/Page_Blog - RisQIT/a_Vacatures' is clicked on

2023-12-18 17:17:01 - [MESSAGE][PASSED] - Object: 'Object Repository/Page_Blog - RisQIT/a_Vacatures' is clicked on

2023-12-18 17:17:01 - [TEST_STEP][PASSED] - verifyElementText(findTestObject("Object Repository/Page_Vacatures - RisQIT/h1_Vacatures"), "Vacatures"): Actual text and expected text of test object 'Object Repository/Page_Vacatures - RisQIT/h1_Vacatures' are matched.

2023-12-18 17:17:01 - [MESSAGE][PASSED] - Actual text and expected text of test object 'Object Repository/Page_Vacatures - RisQIT/h1_Vacatures' are matched.

2023-12-18 17:17:01 - [TEST_STEP][PASSED] - navigateToUrl(actual_url): Navigate to 'https://nlrisqitww-chaca.savviihq.com/' successfully

2023-12-18 17:17:01 - [MESSAGE][PASSED] - Navigate to 'https://nlrisqitww-chaca.savviihq.com/' successfully

2023-12-18 17:17:01 - [TEST_STEP][PASSED] - click(findTestObject("Object Repository/Page_Home - RisQIT/button_Main Menu")): Object: 'Object Repository/Page_Home - RisQIT/button_Main Menu' is clicked on

2023-12-18 17:17:02 - [MESSAGE][PASSED] - Object: 'Object Repository/Page_Home - RisQIT/button_Main Menu' is clicked on

2023-12-18 17:17:02 - [TEST_STEP][PASSED] - click(findTestObject("Object Repository/Page_Software Testing - RisQIT/a_Diensten")): Object: 'Object Repository/Page_Software Testing - RisQIT/a_Diensten' is clicked on

2023-12-18 17:17:03 - [MESSAGE][PASSED] - Object: 'Object Repository/Page_Software Testing - RisQIT/a_Diensten' is clicked on

2023-12-18 17:17:03 - [TEST_STEP][PASSED] - click(findTestObject("Object Repository/Page_UX Lab - RisQIT/button_Menu schakelen")): Object: 'Object Repository/Page_UX Lab - RisQIT/button_Menu schakelen' is clicked on

2023-12-18 17:17:03 - [MESSAGE][PASSED] - Object: 'Object Repository/Page_UX Lab - RisQIT/button_Menu schakelen' is clicked on

2023-12-18 17:17:03 - [TEST_STEP][PASSED] - click(findTestObject("Object Repository/Page_Vacatures - RisQIT/div_Contact opnemen")): Object: 'Object Repository/Page_Vacatures - RisQIT/div_Contact opnemen' is clicked on

2023-12-18 17:17:03 - [MESSAGE][PASSED] - Object: 'Object Repository/Page_Vacatures - RisQIT/div_Contact opnemen' is clicked on

2023-12-18 17:17:03 - [TEST_STEP][PASSED] - verifyElementText(findTestObject("Object Repository/Page_Contact - RisQIT/h1_Contact"), "Contact"): Actual text and expected text of test object 'Object Repository/Page_Contact - RisQIT/h1_Contact' are matched.

2023-12-18 17:17:04 - [MESSAGE][PASSED] - Actual text and expected text of test object 'Object Repository/Page_Contact - RisQIT/h1_Contact' are matched.

2023-12-18 17:17:04 - [TEST_STEP][PASSED] - navigateToUrl(actual_url): Navigate to 'https://nlrisqitww-chaca.savviihq.com/' successfully

2023-12-18 17:17:04 - [MESSAGE][PASSED] - Navigate to 'https://nlrisqitww-chaca.savviihq.com/' successfully

2023-12-18 17:17:04 - [TEST_STEP][PASSED] - click(findTestObject("Object Repository/Page_Contact - RisQIT/img_custom-logo entered lazyloaded")): Object: 'Object Repository/Page_Contact - RisQIT/img_custom-logo entered lazyloaded' is clicked on

2023-12-18 17:17:04 - [MESSAGE][PASSED] - Object: 'Object Repository/Page_Contact - RisQIT/img_custom-logo entered lazyloaded' is clicked on

2023-12-18 17:17:04 - [TEST_STEP][PASSED] - verifyElementText(findTestObject("Object Repository/Page_Home - RisQIT/h1_Ga voor duurzaamheid en vertrouwen, same_4bc4a8"), "Ga voor duurzaamheid en vertrouwen, samen met ons!"): Actual text and expected text of test object 'Object Repository/Page_Home - RisQIT/h1_Ga voor duurzaamheid en vertrouwen, same_4bc4a8' are matched.

2023-12-18 17:17:05 - [MESSAGE][PASSED] - Actual text and expected text of test object 'Object Repository/Page_Home - RisQIT/h1_Ga voor duurzaamheid en vertrouwen, same_4bc4a8' are matched.

2023-12-18 17:17:05 - [MESSAGE][PASSED] - Call Test Case 'Test Cases/Menu/RT000.2 MobileMenu' successfully

2023-12-18 17:17:05 - [TEST_STEP][PASSED] - closeBrowser(): Browser is closed

2023-12-18 17:17:05 - [MESSAGE][PASSED] - Browser is closed]]></system-out>
         <system-err><![CDATA[]]></system-err>
      </testcase>
      <testcase name="Test Cases/Menu/RT017 MobileMenu - SoftwareTesting" time="28.249" classname="Test Cases/Menu/RT017 MobileMenu - SoftwareTesting" status="PASSED">
         <system-out><![CDATA[2023-12-18 17:17:05 - [TEST_CASE][PASSED] - Test Cases/Menu/RT017 MobileMenu - SoftwareTesting: Test Cases/Menu/RT017 MobileMenu - SoftwareTesting

2023-12-18 17:17:05 - [TEST_STEP][PASSED] - openBrowser(""): Browser is opened with url: ''

2023-12-18 17:17:05 - [MESSAGE][INFO] - Starting 'Chrome' driver

2023-12-18 17:17:05 - [MESSAGE][INFO] - Action delay is set to 0 milliseconds

2023-12-18 17:17:06 - [MESSAGE][PASSED] - Browser is opened with url: ''

2023-12-18 17:17:06 - [TEST_STEP][PASSED] - navigateToUrl(URL + SOFTWARETESTING): Navigate to 'https://nlrisqitww-chaca.savviihq.com/software-testing/' successfully

2023-12-18 17:17:06 - [MESSAGE][PASSED] - Navigate to 'https://nlrisqitww-chaca.savviihq.com/software-testing/' successfully

2023-12-18 17:17:06 - [TEST_STEP][PASSED] - callTestCase(findTestCase("Menu/RT000.2 MobileMenu"), [:], STOP_ON_FAILURE): Call Test Case 'Test Cases/Menu/RT000.2 MobileMenu' successfully

2023-12-18 17:17:06 - [TEST_CASE][PASSED] - Test Cases/Menu/RT000.2 MobileMenu: Test Cases/Menu/RT000.2 MobileMenu

2023-12-18 17:17:06 - [TEST_STEP][PASSED] - setViewPortSize(912, 1000): Viewport is set to new size with width = 912 and height = 1000

2023-12-18 17:17:06 - [MESSAGE][PASSED] - Viewport is set to new size with width = 912 and height = 1000

2023-12-18 17:17:06 - [TEST_STEP][PASSED] - actual_url = getUrl(): Current window's url is: 'https://nlrisqitww-chaca.savviihq.com/software-testing/'

2023-12-18 17:17:06 - [MESSAGE][PASSED] - Current window's url is: 'https://nlrisqitww-chaca.savviihq.com/software-testing/'

2023-12-18 17:17:06 - [TEST_STEP][PASSED] - verifyElementPresent(findTestObject("Object Repository/Page_Home - RisQIT/button_Main Menu"), 0): Object 'Object Repository/Page_Home - RisQIT/button_Main Menu' is present

2023-12-18 17:17:06 - [MESSAGE][WARNING] - Timeout '0' is invalid. Using default page load timeout: '30'

2023-12-18 17:17:07 - [MESSAGE][PASSED] - Object 'Object Repository/Page_Home - RisQIT/button_Main Menu' is present

2023-12-18 17:17:07 - [TEST_STEP][PASSED] - click(findTestObject("Object Repository/Page_Home - RisQIT/button_Main Menu")): Object: 'Object Repository/Page_Home - RisQIT/button_Main Menu' is clicked on

2023-12-18 17:17:07 - [MESSAGE][PASSED] - Object: 'Object Repository/Page_Home - RisQIT/button_Main Menu' is clicked on

2023-12-18 17:17:07 - [TEST_STEP][PASSED] - verifyElementText(findTestObject("Object Repository/Page_Home - RisQIT/a_Diensten"), "Diensten"): Actual text and expected text of test object 'Object Repository/Page_Home - RisQIT/a_Diensten' are matched.

2023-12-18 17:17:08 - [MESSAGE][PASSED] - Actual text and expected text of test object 'Object Repository/Page_Home - RisQIT/a_Diensten' are matched.

2023-12-18 17:17:08 - [TEST_STEP][PASSED] - verifyElementText(findTestObject("Object Repository/Page_Home - RisQIT/a_Over ons"), "Over ons"): Actual text and expected text of test object 'Object Repository/Page_Home - RisQIT/a_Over ons' are matched.

2023-12-18 17:17:09 - [MESSAGE][PASSED] - Actual text and expected text of test object 'Object Repository/Page_Home - RisQIT/a_Over ons' are matched.

2023-12-18 17:17:09 - [TEST_STEP][PASSED] - verifyElementText(findTestObject("Object Repository/Page_Home - RisQIT/a_Blog"), "Blog"): Actual text and expected text of test object 'Object Repository/Page_Home - RisQIT/a_Blog' are matched.

2023-12-18 17:17:09 - [MESSAGE][PASSED] - Actual text and expected text of test object 'Object Repository/Page_Home - RisQIT/a_Blog' are matched.

2023-12-18 17:17:09 - [TEST_STEP][PASSED] - verifyElementText(findTestObject("Object Repository/Page_Home - RisQIT/a_Vacatures"), "Vacatures"): Actual text and expected text of test object 'Object Repository/Page_Home - RisQIT/a_Vacatures' are matched.

2023-12-18 17:17:09 - [MESSAGE][PASSED] - Actual text and expected text of test object 'Object Repository/Page_Home - RisQIT/a_Vacatures' are matched.

2023-12-18 17:17:09 - [TEST_STEP][PASSED] - verifyElementText(findTestObject("Object Repository/Page_Home - RisQIT/div_Contact opnemen"), "Contact opnemen"): Actual text and expected text of test object 'Object Repository/Page_Home - RisQIT/div_Contact opnemen' are matched.

2023-12-18 17:17:09 - [MESSAGE][PASSED] - Actual text and expected text of test object 'Object Repository/Page_Home - RisQIT/div_Contact opnemen' are matched.

2023-12-18 17:17:09 - [TEST_STEP][PASSED] - click(findTestObject("Object Repository/Page_Home - RisQIT/button_Menu schakelen")): Object: 'Object Repository/Page_Home - RisQIT/button_Menu schakelen' is clicked on

2023-12-18 17:17:10 - [MESSAGE][PASSED] - Object: 'Object Repository/Page_Home - RisQIT/button_Menu schakelen' is clicked on

2023-12-18 17:17:10 - [TEST_STEP][PASSED] - verifyElementText(findTestObject("Object Repository/Page_Home - RisQIT/a_Software Testing"), "Software Testing"): Actual text and expected text of test object 'Object Repository/Page_Home - RisQIT/a_Software Testing' are matched.

2023-12-18 17:17:10 - [MESSAGE][PASSED] - Actual text and expected text of test object 'Object Repository/Page_Home - RisQIT/a_Software Testing' are matched.

2023-12-18 17:17:10 - [TEST_STEP][PASSED] - verifyElementText(findTestObject("Object Repository/Page_Home - RisQIT/a_Security en HackersTest (SHT)"), "Security en HackersTest (SHT)"): Actual text and expected text of test object 'Object Repository/Page_Home - RisQIT/a_Security en HackersTest (SHT)' are matched.

2023-12-18 17:17:10 - [MESSAGE][PASSED] - Actual text and expected text of test object 'Object Repository/Page_Home - RisQIT/a_Security en HackersTest (SHT)' are matched.

2023-12-18 17:17:10 - [TEST_STEP][PASSED] - verifyElementText(findTestObject("Object Repository/Page_Home - RisQIT/a_UX Lab"), "UX Lab"): Actual text and expected text of test object 'Object Repository/Page_Home - RisQIT/a_UX Lab' are matched.

2023-12-18 17:17:11 - [MESSAGE][PASSED] - Actual text and expected text of test object 'Object Repository/Page_Home - RisQIT/a_UX Lab' are matched.

2023-12-18 17:17:11 - [TEST_STEP][PASSED] - click(findTestObject("Object Repository/Page_Home - RisQIT/a_Software Testing")): Object: 'Object Repository/Page_Home - RisQIT/a_Software Testing' is clicked on

2023-12-18 17:17:11 - [MESSAGE][PASSED] - Object: 'Object Repository/Page_Home - RisQIT/a_Software Testing' is clicked on

2023-12-18 17:17:11 - [TEST_STEP][PASSED] - verifyElementText(findTestObject("Object Repository/Page_Software Testing - RisQIT/h1_Software Testing"), "Software Testing"): Actual text and expected text of test object 'Object Repository/Page_Software Testing - RisQIT/h1_Software Testing' are matched.

2023-12-18 17:17:12 - [MESSAGE][PASSED] - Actual text and expected text of test object 'Object Repository/Page_Software Testing - RisQIT/h1_Software Testing' are matched.

2023-12-18 17:17:12 - [TEST_STEP][PASSED] - navigateToUrl(actual_url): Navigate to 'https://nlrisqitww-chaca.savviihq.com/software-testing/' successfully

2023-12-18 17:17:12 - [MESSAGE][PASSED] - Navigate to 'https://nlrisqitww-chaca.savviihq.com/software-testing/' successfully

2023-12-18 17:17:12 - [TEST_STEP][PASSED] - click(findTestObject("Object Repository/Page_Home - RisQIT/button_Main Menu")): Object: 'Object Repository/Page_Home - RisQIT/button_Main Menu' is clicked on

2023-12-18 17:17:12 - [MESSAGE][PASSED] - Object: 'Object Repository/Page_Home - RisQIT/button_Main Menu' is clicked on

2023-12-18 17:17:12 - [TEST_STEP][PASSED] - click(findTestObject("Object Repository/Page_Software Testing - RisQIT/a_Diensten")): Object: 'Object Repository/Page_Software Testing - RisQIT/a_Diensten' is clicked on

2023-12-18 17:17:13 - [MESSAGE][PASSED] - Object: 'Object Repository/Page_Software Testing - RisQIT/a_Diensten' is clicked on

2023-12-18 17:17:13 - [TEST_STEP][PASSED] - click(findTestObject("Object Repository/Page_Software Testing - RisQIT/button_Menu schakelen")): Object: 'Object Repository/Page_Software Testing - RisQIT/button_Menu schakelen' is clicked on

2023-12-18 17:17:13 - [MESSAGE][PASSED] - Object: 'Object Repository/Page_Software Testing - RisQIT/button_Menu schakelen' is clicked on

2023-12-18 17:17:13 - [TEST_STEP][PASSED] - click(findTestObject("Object Repository/Page_Software Testing - RisQIT/a_Security en HackersTest (SHT)")): Object: 'Object Repository/Page_Software Testing - RisQIT/a_Security en HackersTest (SHT)' is clicked on

2023-12-18 17:17:14 - [MESSAGE][PASSED] - Object: 'Object Repository/Page_Software Testing - RisQIT/a_Security en HackersTest (SHT)' is clicked on

2023-12-18 17:17:14 - [TEST_STEP][PASSED] - verifyElementText(findTestObject("Page_Security en HackersTest (SHT) - RisQIT/h1_Security en HackersTest (SHT)"), "Security En HackersTest (SHT)"): Actual text and expected text of test object 'Object Repository/Page_Security en HackersTest (SHT) - RisQIT/h1_Security en HackersTest (SHT)' are matched.

2023-12-18 17:17:14 - [MESSAGE][PASSED] - Actual text and expected text of test object 'Object Repository/Page_Security en HackersTest (SHT) - RisQIT/h1_Security en HackersTest (SHT)' are matched.

2023-12-18 17:17:14 - [TEST_STEP][PASSED] - navigateToUrl(actual_url): Navigate to 'https://nlrisqitww-chaca.savviihq.com/software-testing/' successfully

2023-12-18 17:17:14 - [MESSAGE][PASSED] - Navigate to 'https://nlrisqitww-chaca.savviihq.com/software-testing/' successfully

2023-12-18 17:17:14 - [TEST_STEP][PASSED] - click(findTestObject("Object Repository/Page_Home - RisQIT/button_Main Menu")): Object: 'Object Repository/Page_Home - RisQIT/button_Main Menu' is clicked on

2023-12-18 17:17:15 - [MESSAGE][PASSED] - Object: 'Object Repository/Page_Home - RisQIT/button_Main Menu' is clicked on

2023-12-18 17:17:15 - [TEST_STEP][PASSED] - click(findTestObject("Object Repository/Page_Software Testing - RisQIT/a_Diensten")): Object: 'Object Repository/Page_Software Testing - RisQIT/a_Diensten' is clicked on

2023-12-18 17:17:15 - [MESSAGE][PASSED] - Object: 'Object Repository/Page_Software Testing - RisQIT/a_Diensten' is clicked on

2023-12-18 17:17:15 - [TEST_STEP][PASSED] - click(findTestObject("Object Repository/Page_Software Testing - RisQIT/button_Menu schakelen")): Object: 'Object Repository/Page_Software Testing - RisQIT/button_Menu schakelen' is clicked on

2023-12-18 17:17:16 - [MESSAGE][PASSED] - Object: 'Object Repository/Page_Software Testing - RisQIT/button_Menu schakelen' is clicked on

2023-12-18 17:17:16 - [TEST_STEP][PASSED] - click(findTestObject("Object Repository/Page_Security en HackersTest (SHT) - RisQIT/a_UX Lab")): Object: 'Object Repository/Page_Security en HackersTest (SHT) - RisQIT/a_UX Lab' is clicked on

2023-12-18 17:17:16 - [MESSAGE][PASSED] - Object: 'Object Repository/Page_Security en HackersTest (SHT) - RisQIT/a_UX Lab' is clicked on

2023-12-18 17:17:16 - [TEST_STEP][PASSED] - verifyElementText(findTestObject("Object Repository/Page_UX Lab - RisQIT/h1_UX Lab"), "UX Lab"): Actual text and expected text of test object 'Object Repository/Page_UX Lab - RisQIT/h1_UX Lab' are matched.

2023-12-18 17:17:16 - [MESSAGE][PASSED] - Actual text and expected text of test object 'Object Repository/Page_UX Lab - RisQIT/h1_UX Lab' are matched.

2023-12-18 17:17:16 - [TEST_STEP][PASSED] - navigateToUrl(actual_url): Navigate to 'https://nlrisqitww-chaca.savviihq.com/software-testing/' successfully

2023-12-18 17:17:17 - [MESSAGE][PASSED] - Navigate to 'https://nlrisqitww-chaca.savviihq.com/software-testing/' successfully

2023-12-18 17:17:17 - [TEST_STEP][PASSED] - click(findTestObject("Object Repository/Page_Home - RisQIT/button_Main Menu")): Object: 'Object Repository/Page_Home - RisQIT/button_Main Menu' is clicked on

2023-12-18 17:17:17 - [MESSAGE][PASSED] - Object: 'Object Repository/Page_Home - RisQIT/button_Main Menu' is clicked on

2023-12-18 17:17:17 - [TEST_STEP][PASSED] - click(findTestObject("Object Repository/Page_Software Testing - RisQIT/a_Diensten")): Object: 'Object Repository/Page_Software Testing - RisQIT/a_Diensten' is clicked on

2023-12-18 17:17:18 - [MESSAGE][PASSED] - Object: 'Object Repository/Page_Software Testing - RisQIT/a_Diensten' is clicked on

2023-12-18 17:17:18 - [TEST_STEP][PASSED] - click(findTestObject("Object Repository/Page_UX Lab - RisQIT/button_Menu schakelen")): Object: 'Object Repository/Page_UX Lab - RisQIT/button_Menu schakelen' is clicked on

2023-12-18 17:17:18 - [MESSAGE][PASSED] - Object: 'Object Repository/Page_UX Lab - RisQIT/button_Menu schakelen' is clicked on

2023-12-18 17:17:18 - [TEST_STEP][PASSED] - verifyElementText(findTestObject("Object Repository/Page_UX Lab - RisQIT/a_Missie  Visie"), "Missie & Visie"): Actual text and expected text of test object 'Object Repository/Page_UX Lab - RisQIT/a_Missie  Visie' are matched.

2023-12-18 17:17:18 - [MESSAGE][PASSED] - Actual text and expected text of test object 'Object Repository/Page_UX Lab - RisQIT/a_Missie  Visie' are matched.

2023-12-18 17:17:18 - [TEST_STEP][PASSED] - verifyElementText(findTestObject("Object Repository/Page_UX Lab - RisQIT/a_Het Gilde"), "Het Gilde"): Actual text and expected text of test object 'Object Repository/Page_UX Lab - RisQIT/a_Het Gilde' are matched.

2023-12-18 17:17:19 - [MESSAGE][PASSED] - Actual text and expected text of test object 'Object Repository/Page_UX Lab - RisQIT/a_Het Gilde' are matched.

2023-12-18 17:17:19 - [TEST_STEP][PASSED] - verifyElementText(findTestObject("Object Repository/Page_UX Lab - RisQIT/a_SuperTester"), "SuperTester"): Actual text and expected text of test object 'Object Repository/Page_UX Lab - RisQIT/a_SuperTester' are matched.

2023-12-18 17:17:19 - [MESSAGE][PASSED] - Actual text and expected text of test object 'Object Repository/Page_UX Lab - RisQIT/a_SuperTester' are matched.

2023-12-18 17:17:19 - [TEST_STEP][PASSED] - click(findTestObject("Object Repository/Page_UX Lab - RisQIT/a_Missie  Visie")): Object: 'Object Repository/Page_UX Lab - RisQIT/a_Missie  Visie' is clicked on

2023-12-18 17:17:19 - [MESSAGE][PASSED] - Object: 'Object Repository/Page_UX Lab - RisQIT/a_Missie  Visie' is clicked on

2023-12-18 17:17:19 - [TEST_STEP][PASSED] - verifyElementText(findTestObject("Object Repository/Page_Missie  Visie - RisQIT/h1_Missie  Visie"), "Missie & Visie"): Actual text and expected text of test object 'Object Repository/Page_Missie  Visie - RisQIT/h1_Missie  Visie' are matched.

2023-12-18 17:17:20 - [MESSAGE][PASSED] - Actual text and expected text of test object 'Object Repository/Page_Missie  Visie - RisQIT/h1_Missie  Visie' are matched.

2023-12-18 17:17:20 - [TEST_STEP][PASSED] - navigateToUrl(actual_url): Navigate to 'https://nlrisqitww-chaca.savviihq.com/software-testing/' successfully

2023-12-18 17:17:20 - [MESSAGE][PASSED] - Navigate to 'https://nlrisqitww-chaca.savviihq.com/software-testing/' successfully

2023-12-18 17:17:20 - [TEST_STEP][PASSED] - click(findTestObject("Object Repository/Page_Home - RisQIT/button_Main Menu")): Object: 'Object Repository/Page_Home - RisQIT/button_Main Menu' is clicked on

2023-12-18 17:17:20 - [MESSAGE][PASSED] - Object: 'Object Repository/Page_Home - RisQIT/button_Main Menu' is clicked on

2023-12-18 17:17:20 - [TEST_STEP][PASSED] - click(findTestObject("Object Repository/Page_Software Testing - RisQIT/a_Diensten")): Object: 'Object Repository/Page_Software Testing - RisQIT/a_Diensten' is clicked on

2023-12-18 17:17:21 - [MESSAGE][PASSED] - Object: 'Object Repository/Page_Software Testing - RisQIT/a_Diensten' is clicked on

2023-12-18 17:17:21 - [TEST_STEP][PASSED] - click(findTestObject("Object Repository/Page_UX Lab - RisQIT/button_Menu schakelen")): Object: 'Object Repository/Page_UX Lab - RisQIT/button_Menu schakelen' is clicked on

2023-12-18 17:17:21 - [MESSAGE][PASSED] - Object: 'Object Repository/Page_UX Lab - RisQIT/button_Menu schakelen' is clicked on

2023-12-18 17:17:21 - [TEST_STEP][PASSED] - click(findTestObject("Object Repository/Page_Missie  Visie - RisQIT/a_Het Gilde")): Object: 'Object Repository/Page_Missie  Visie - RisQIT/a_Het Gilde' is clicked on

2023-12-18 17:17:22 - [MESSAGE][PASSED] - Object: 'Object Repository/Page_Missie  Visie - RisQIT/a_Het Gilde' is clicked on

2023-12-18 17:17:22 - [TEST_STEP][PASSED] - verifyElementText(findTestObject("Object Repository/Page_Het Gilde - RisQIT/h1_Het Gilde"), "Het Gilde"): Actual text and expected text of test object 'Object Repository/Page_Het Gilde - RisQIT/h1_Het Gilde' are matched.

2023-12-18 17:17:22 - [MESSAGE][PASSED] - Actual text and expected text of test object 'Object Repository/Page_Het Gilde - RisQIT/h1_Het Gilde' are matched.

2023-12-18 17:17:22 - [TEST_STEP][PASSED] - navigateToUrl(actual_url): Navigate to 'https://nlrisqitww-chaca.savviihq.com/software-testing/' successfully

2023-12-18 17:17:22 - [MESSAGE][PASSED] - Navigate to 'https://nlrisqitww-chaca.savviihq.com/software-testing/' successfully

2023-12-18 17:17:22 - [TEST_STEP][PASSED] - click(findTestObject("Object Repository/Page_Home - RisQIT/button_Main Menu")): Object: 'Object Repository/Page_Home - RisQIT/button_Main Menu' is clicked on

2023-12-18 17:17:23 - [MESSAGE][PASSED] - Object: 'Object Repository/Page_Home - RisQIT/button_Main Menu' is clicked on

2023-12-18 17:17:23 - [TEST_STEP][PASSED] - click(findTestObject("Object Repository/Page_Software Testing - RisQIT/a_Diensten")): Object: 'Object Repository/Page_Software Testing - RisQIT/a_Diensten' is clicked on

2023-12-18 17:17:23 - [MESSAGE][PASSED] - Object: 'Object Repository/Page_Software Testing - RisQIT/a_Diensten' is clicked on

2023-12-18 17:17:23 - [TEST_STEP][PASSED] - click(findTestObject("Object Repository/Page_UX Lab - RisQIT/button_Menu schakelen")): Object: 'Object Repository/Page_UX Lab - RisQIT/button_Menu schakelen' is clicked on

2023-12-18 17:17:24 - [MESSAGE][PASSED] - Object: 'Object Repository/Page_UX Lab - RisQIT/button_Menu schakelen' is clicked on

2023-12-18 17:17:24 - [TEST_STEP][PASSED] - click(findTestObject("Object Repository/Page_Het Gilde - RisQIT/a_SuperTester")): Object: 'Object Repository/Page_Het Gilde - RisQIT/a_SuperTester' is clicked on

2023-12-18 17:17:24 - [MESSAGE][PASSED] - Object: 'Object Repository/Page_Het Gilde - RisQIT/a_SuperTester' is clicked on

2023-12-18 17:17:24 - [TEST_STEP][PASSED] - verifyElementText(findTestObject("Object Repository/Page_SuperTester - RisQIT/h1_Whitepaper SuperTester"), "Whitepaper SuperTester"): Actual text and expected text of test object 'Object Repository/Page_SuperTester - RisQIT/h1_Whitepaper SuperTester' are matched.

2023-12-18 17:17:25 - [MESSAGE][PASSED] - Actual text and expected text of test object 'Object Repository/Page_SuperTester - RisQIT/h1_Whitepaper SuperTester' are matched.

2023-12-18 17:17:25 - [TEST_STEP][PASSED] - navigateToUrl(actual_url): Navigate to 'https://nlrisqitww-chaca.savviihq.com/software-testing/' successfully

2023-12-18 17:17:25 - [MESSAGE][PASSED] - Navigate to 'https://nlrisqitww-chaca.savviihq.com/software-testing/' successfully

2023-12-18 17:17:25 - [TEST_STEP][PASSED] - click(findTestObject("Object Repository/Page_Home - RisQIT/button_Main Menu")): Object: 'Object Repository/Page_Home - RisQIT/button_Main Menu' is clicked on

2023-12-18 17:17:25 - [MESSAGE][PASSED] - Object: 'Object Repository/Page_Home - RisQIT/button_Main Menu' is clicked on

2023-12-18 17:17:25 - [TEST_STEP][PASSED] - click(findTestObject("Object Repository/Page_Software Testing - RisQIT/a_Diensten")): Object: 'Object Repository/Page_Software Testing - RisQIT/a_Diensten' is clicked on

2023-12-18 17:17:26 - [MESSAGE][PASSED] - Object: 'Object Repository/Page_Software Testing - RisQIT/a_Diensten' is clicked on

2023-12-18 17:17:26 - [TEST_STEP][PASSED] - click(findTestObject("Object Repository/Page_UX Lab - RisQIT/button_Menu schakelen")): Object: 'Object Repository/Page_UX Lab - RisQIT/button_Menu schakelen' is clicked on

2023-12-18 17:17:26 - [MESSAGE][PASSED] - Object: 'Object Repository/Page_UX Lab - RisQIT/button_Menu schakelen' is clicked on

2023-12-18 17:17:26 - [TEST_STEP][PASSED] - click(findTestObject("Object Repository/Page_Het Gilde - RisQIT/a_Blog")): Object: 'Object Repository/Page_Het Gilde - RisQIT/a_Blog' is clicked on

2023-12-18 17:17:27 - [MESSAGE][PASSED] - Object: 'Object Repository/Page_Het Gilde - RisQIT/a_Blog' is clicked on

2023-12-18 17:17:27 - [TEST_STEP][PASSED] - verifyElementText(findTestObject("Object Repository/Page_Blog - RisQIT/h1_Blog"), "Blog"): Actual text and expected text of test object 'Object Repository/Page_Blog - RisQIT/h1_Blog' are matched.

2023-12-18 17:17:27 - [MESSAGE][PASSED] - Actual text and expected text of test object 'Object Repository/Page_Blog - RisQIT/h1_Blog' are matched.

2023-12-18 17:17:27 - [TEST_STEP][PASSED] - navigateToUrl(actual_url): Navigate to 'https://nlrisqitww-chaca.savviihq.com/software-testing/' successfully

2023-12-18 17:17:27 - [MESSAGE][PASSED] - Navigate to 'https://nlrisqitww-chaca.savviihq.com/software-testing/' successfully

2023-12-18 17:17:27 - [TEST_STEP][PASSED] - click(findTestObject("Object Repository/Page_Home - RisQIT/button_Main Menu")): Object: 'Object Repository/Page_Home - RisQIT/button_Main Menu' is clicked on

2023-12-18 17:17:28 - [MESSAGE][PASSED] - Object: 'Object Repository/Page_Home - RisQIT/button_Main Menu' is clicked on

2023-12-18 17:17:28 - [TEST_STEP][PASSED] - click(findTestObject("Object Repository/Page_Software Testing - RisQIT/a_Diensten")): Object: 'Object Repository/Page_Software Testing - RisQIT/a_Diensten' is clicked on

2023-12-18 17:17:28 - [MESSAGE][PASSED] - Object: 'Object Repository/Page_Software Testing - RisQIT/a_Diensten' is clicked on

2023-12-18 17:17:28 - [TEST_STEP][PASSED] - click(findTestObject("Object Repository/Page_UX Lab - RisQIT/button_Menu schakelen")): Object: 'Object Repository/Page_UX Lab - RisQIT/button_Menu schakelen' is clicked on

2023-12-18 17:17:29 - [MESSAGE][PASSED] - Object: 'Object Repository/Page_UX Lab - RisQIT/button_Menu schakelen' is clicked on

2023-12-18 17:17:29 - [TEST_STEP][PASSED] - click(findTestObject("Object Repository/Page_Blog - RisQIT/a_Vacatures")): Object: 'Object Repository/Page_Blog - RisQIT/a_Vacatures' is clicked on

2023-12-18 17:17:29 - [MESSAGE][PASSED] - Object: 'Object Repository/Page_Blog - RisQIT/a_Vacatures' is clicked on

2023-12-18 17:17:29 - [TEST_STEP][PASSED] - verifyElementText(findTestObject("Object Repository/Page_Vacatures - RisQIT/h1_Vacatures"), "Vacatures"): Actual text and expected text of test object 'Object Repository/Page_Vacatures - RisQIT/h1_Vacatures' are matched.

2023-12-18 17:17:30 - [MESSAGE][PASSED] - Actual text and expected text of test object 'Object Repository/Page_Vacatures - RisQIT/h1_Vacatures' are matched.

2023-12-18 17:17:30 - [TEST_STEP][PASSED] - navigateToUrl(actual_url): Navigate to 'https://nlrisqitww-chaca.savviihq.com/software-testing/' successfully

2023-12-18 17:17:30 - [MESSAGE][PASSED] - Navigate to 'https://nlrisqitww-chaca.savviihq.com/software-testing/' successfully

2023-12-18 17:17:30 - [TEST_STEP][PASSED] - click(findTestObject("Object Repository/Page_Home - RisQIT/button_Main Menu")): Object: 'Object Repository/Page_Home - RisQIT/button_Main Menu' is clicked on

2023-12-18 17:17:30 - [MESSAGE][PASSED] - Object: 'Object Repository/Page_Home - RisQIT/button_Main Menu' is clicked on

2023-12-18 17:17:30 - [TEST_STEP][PASSED] - click(findTestObject("Object Repository/Page_Software Testing - RisQIT/a_Diensten")): Object: 'Object Repository/Page_Software Testing - RisQIT/a_Diensten' is clicked on

2023-12-18 17:17:31 - [MESSAGE][PASSED] - Object: 'Object Repository/Page_Software Testing - RisQIT/a_Diensten' is clicked on

2023-12-18 17:17:31 - [TEST_STEP][PASSED] - click(findTestObject("Object Repository/Page_UX Lab - RisQIT/button_Menu schakelen")): Object: 'Object Repository/Page_UX Lab - RisQIT/button_Menu schakelen' is clicked on

2023-12-18 17:17:31 - [MESSAGE][PASSED] - Object: 'Object Repository/Page_UX Lab - RisQIT/button_Menu schakelen' is clicked on

2023-12-18 17:17:31 - [TEST_STEP][PASSED] - click(findTestObject("Object Repository/Page_Vacatures - RisQIT/div_Contact opnemen")): Object: 'Object Repository/Page_Vacatures - RisQIT/div_Contact opnemen' is clicked on

2023-12-18 17:17:32 - [MESSAGE][PASSED] - Object: 'Object Repository/Page_Vacatures - RisQIT/div_Contact opnemen' is clicked on

2023-12-18 17:17:32 - [TEST_STEP][PASSED] - verifyElementText(findTestObject("Object Repository/Page_Contact - RisQIT/h1_Contact"), "Contact"): Actual text and expected text of test object 'Object Repository/Page_Contact - RisQIT/h1_Contact' are matched.

2023-12-18 17:17:32 - [MESSAGE][PASSED] - Actual text and expected text of test object 'Object Repository/Page_Contact - RisQIT/h1_Contact' are matched.

2023-12-18 17:17:32 - [TEST_STEP][PASSED] - navigateToUrl(actual_url): Navigate to 'https://nlrisqitww-chaca.savviihq.com/software-testing/' successfully

2023-12-18 17:17:32 - [MESSAGE][PASSED] - Navigate to 'https://nlrisqitww-chaca.savviihq.com/software-testing/' successfully

2023-12-18 17:17:32 - [TEST_STEP][PASSED] - click(findTestObject("Object Repository/Page_Contact - RisQIT/img_custom-logo entered lazyloaded")): Object: 'Object Repository/Page_Contact - RisQIT/img_custom-logo entered lazyloaded' is clicked on

2023-12-18 17:17:33 - [MESSAGE][PASSED] - Object: 'Object Repository/Page_Contact - RisQIT/img_custom-logo entered lazyloaded' is clicked on

2023-12-18 17:17:33 - [TEST_STEP][PASSED] - verifyElementText(findTestObject("Object Repository/Page_Home - RisQIT/h1_Ga voor duurzaamheid en vertrouwen, same_4bc4a8"), "Ga voor duurzaamheid en vertrouwen, samen met ons!"): Actual text and expected text of test object 'Object Repository/Page_Home - RisQIT/h1_Ga voor duurzaamheid en vertrouwen, same_4bc4a8' are matched.

2023-12-18 17:17:33 - [MESSAGE][PASSED] - Actual text and expected text of test object 'Object Repository/Page_Home - RisQIT/h1_Ga voor duurzaamheid en vertrouwen, same_4bc4a8' are matched.

2023-12-18 17:17:33 - [MESSAGE][PASSED] - Call Test Case 'Test Cases/Menu/RT000.2 MobileMenu' successfully

2023-12-18 17:17:33 - [TEST_STEP][PASSED] - closeBrowser(): Browser is closed

2023-12-18 17:17:33 - [MESSAGE][PASSED] - Browser is closed]]></system-out>
         <system-err><![CDATA[]]></system-err>
      </testcase>
      <testcase name="Test Cases/Menu/RT018 MobileMenu - SHT" time="28.018" classname="Test Cases/Menu/RT018 MobileMenu - SHT" status="PASSED">
         <system-out><![CDATA[2023-12-18 17:17:33 - [TEST_CASE][PASSED] - Test Cases/Menu/RT018 MobileMenu - SHT: Test Cases/Menu/RT018 MobileMenu - SHT

2023-12-18 17:17:34 - [TEST_STEP][PASSED] - openBrowser(""): Browser is opened with url: ''

2023-12-18 17:17:34 - [MESSAGE][INFO] - Starting 'Chrome' driver

2023-12-18 17:17:34 - [MESSAGE][INFO] - Action delay is set to 0 milliseconds

2023-12-18 17:17:34 - [MESSAGE][PASSED] - Browser is opened with url: ''

2023-12-18 17:17:34 - [TEST_STEP][PASSED] - navigateToUrl(URL + SHT): Navigate to 'https://nlrisqitww-chaca.savviihq.com/security-en-hackerstest-sht/' successfully

2023-12-18 17:17:34 - [MESSAGE][PASSED] - Navigate to 'https://nlrisqitww-chaca.savviihq.com/security-en-hackerstest-sht/' successfully

2023-12-18 17:17:34 - [TEST_STEP][PASSED] - callTestCase(findTestCase("Menu/RT000.2 MobileMenu"), [:], STOP_ON_FAILURE): Call Test Case 'Test Cases/Menu/RT000.2 MobileMenu' successfully

2023-12-18 17:17:34 - [TEST_CASE][PASSED] - Test Cases/Menu/RT000.2 MobileMenu: Test Cases/Menu/RT000.2 MobileMenu

2023-12-18 17:17:34 - [TEST_STEP][PASSED] - setViewPortSize(912, 1000): Viewport is set to new size with width = 912 and height = 1000

2023-12-18 17:17:35 - [MESSAGE][PASSED] - Viewport is set to new size with width = 912 and height = 1000

2023-12-18 17:17:35 - [TEST_STEP][PASSED] - actual_url = getUrl(): Current window's url is: 'https://nlrisqitww-chaca.savviihq.com/security-en-hackerstest-sht/'

2023-12-18 17:17:35 - [MESSAGE][PASSED] - Current window's url is: 'https://nlrisqitww-chaca.savviihq.com/security-en-hackerstest-sht/'

2023-12-18 17:17:35 - [TEST_STEP][PASSED] - verifyElementPresent(findTestObject("Object Repository/Page_Home - RisQIT/button_Main Menu"), 0): Object 'Object Repository/Page_Home - RisQIT/button_Main Menu' is present

2023-12-18 17:17:35 - [MESSAGE][WARNING] - Timeout '0' is invalid. Using default page load timeout: '30'

2023-12-18 17:17:35 - [MESSAGE][PASSED] - Object 'Object Repository/Page_Home - RisQIT/button_Main Menu' is present

2023-12-18 17:17:35 - [TEST_STEP][PASSED] - click(findTestObject("Object Repository/Page_Home - RisQIT/button_Main Menu")): Object: 'Object Repository/Page_Home - RisQIT/button_Main Menu' is clicked on

2023-12-18 17:17:35 - [MESSAGE][PASSED] - Object: 'Object Repository/Page_Home - RisQIT/button_Main Menu' is clicked on

2023-12-18 17:17:35 - [TEST_STEP][PASSED] - verifyElementText(findTestObject("Object Repository/Page_Home - RisQIT/a_Diensten"), "Diensten"): Actual text and expected text of test object 'Object Repository/Page_Home - RisQIT/a_Diensten' are matched.

2023-12-18 17:17:36 - [MESSAGE][PASSED] - Actual text and expected text of test object 'Object Repository/Page_Home - RisQIT/a_Diensten' are matched.

2023-12-18 17:17:36 - [TEST_STEP][PASSED] - verifyElementText(findTestObject("Object Repository/Page_Home - RisQIT/a_Over ons"), "Over ons"): Actual text and expected text of test object 'Object Repository/Page_Home - RisQIT/a_Over ons' are matched.

2023-12-18 17:17:37 - [MESSAGE][PASSED] - Actual text and expected text of test object 'Object Repository/Page_Home - RisQIT/a_Over ons' are matched.

2023-12-18 17:17:37 - [TEST_STEP][PASSED] - verifyElementText(findTestObject("Object Repository/Page_Home - RisQIT/a_Blog"), "Blog"): Actual text and expected text of test object 'Object Repository/Page_Home - RisQIT/a_Blog' are matched.

2023-12-18 17:17:37 - [MESSAGE][PASSED] - Actual text and expected text of test object 'Object Repository/Page_Home - RisQIT/a_Blog' are matched.

2023-12-18 17:17:37 - [TEST_STEP][PASSED] - verifyElementText(findTestObject("Object Repository/Page_Home - RisQIT/a_Vacatures"), "Vacatures"): Actual text and expected text of test object 'Object Repository/Page_Home - RisQIT/a_Vacatures' are matched.

2023-12-18 17:17:37 - [MESSAGE][PASSED] - Actual text and expected text of test object 'Object Repository/Page_Home - RisQIT/a_Vacatures' are matched.

2023-12-18 17:17:37 - [TEST_STEP][PASSED] - verifyElementText(findTestObject("Object Repository/Page_Home - RisQIT/div_Contact opnemen"), "Contact opnemen"): Actual text and expected text of test object 'Object Repository/Page_Home - RisQIT/div_Contact opnemen' are matched.

2023-12-18 17:17:37 - [MESSAGE][PASSED] - Actual text and expected text of test object 'Object Repository/Page_Home - RisQIT/div_Contact opnemen' are matched.

2023-12-18 17:17:37 - [TEST_STEP][PASSED] - click(findTestObject("Object Repository/Page_Home - RisQIT/button_Menu schakelen")): Object: 'Object Repository/Page_Home - RisQIT/button_Menu schakelen' is clicked on

2023-12-18 17:17:38 - [MESSAGE][PASSED] - Object: 'Object Repository/Page_Home - RisQIT/button_Menu schakelen' is clicked on

2023-12-18 17:17:38 - [TEST_STEP][PASSED] - verifyElementText(findTestObject("Object Repository/Page_Home - RisQIT/a_Software Testing"), "Software Testing"): Actual text and expected text of test object 'Object Repository/Page_Home - RisQIT/a_Software Testing' are matched.

2023-12-18 17:17:38 - [MESSAGE][PASSED] - Actual text and expected text of test object 'Object Repository/Page_Home - RisQIT/a_Software Testing' are matched.

2023-12-18 17:17:38 - [TEST_STEP][PASSED] - verifyElementText(findTestObject("Object Repository/Page_Home - RisQIT/a_Security en HackersTest (SHT)"), "Security en HackersTest (SHT)"): Actual text and expected text of test object 'Object Repository/Page_Home - RisQIT/a_Security en HackersTest (SHT)' are matched.

2023-12-18 17:17:38 - [MESSAGE][PASSED] - Actual text and expected text of test object 'Object Repository/Page_Home - RisQIT/a_Security en HackersTest (SHT)' are matched.

2023-12-18 17:17:38 - [TEST_STEP][PASSED] - verifyElementText(findTestObject("Object Repository/Page_Home - RisQIT/a_UX Lab"), "UX Lab"): Actual text and expected text of test object 'Object Repository/Page_Home - RisQIT/a_UX Lab' are matched.

2023-12-18 17:17:39 - [MESSAGE][PASSED] - Actual text and expected text of test object 'Object Repository/Page_Home - RisQIT/a_UX Lab' are matched.

2023-12-18 17:17:39 - [TEST_STEP][PASSED] - click(findTestObject("Object Repository/Page_Home - RisQIT/a_Software Testing")): Object: 'Object Repository/Page_Home - RisQIT/a_Software Testing' is clicked on

2023-12-18 17:17:39 - [MESSAGE][PASSED] - Object: 'Object Repository/Page_Home - RisQIT/a_Software Testing' is clicked on

2023-12-18 17:17:39 - [TEST_STEP][PASSED] - verifyElementText(findTestObject("Object Repository/Page_Software Testing - RisQIT/h1_Software Testing"), "Software Testing"): Actual text and expected text of test object 'Object Repository/Page_Software Testing - RisQIT/h1_Software Testing' are matched.

2023-12-18 17:17:40 - [MESSAGE][PASSED] - Actual text and expected text of test object 'Object Repository/Page_Software Testing - RisQIT/h1_Software Testing' are matched.

2023-12-18 17:17:40 - [TEST_STEP][PASSED] - navigateToUrl(actual_url): Navigate to 'https://nlrisqitww-chaca.savviihq.com/security-en-hackerstest-sht/' successfully

2023-12-18 17:17:40 - [MESSAGE][PASSED] - Navigate to 'https://nlrisqitww-chaca.savviihq.com/security-en-hackerstest-sht/' successfully

2023-12-18 17:17:40 - [TEST_STEP][PASSED] - click(findTestObject("Object Repository/Page_Home - RisQIT/button_Main Menu")): Object: 'Object Repository/Page_Home - RisQIT/button_Main Menu' is clicked on

2023-12-18 17:17:40 - [MESSAGE][PASSED] - Object: 'Object Repository/Page_Home - RisQIT/button_Main Menu' is clicked on

2023-12-18 17:17:40 - [TEST_STEP][PASSED] - click(findTestObject("Object Repository/Page_Software Testing - RisQIT/a_Diensten")): Object: 'Object Repository/Page_Software Testing - RisQIT/a_Diensten' is clicked on

2023-12-18 17:17:41 - [MESSAGE][PASSED] - Object: 'Object Repository/Page_Software Testing - RisQIT/a_Diensten' is clicked on

2023-12-18 17:17:41 - [TEST_STEP][PASSED] - click(findTestObject("Object Repository/Page_Software Testing - RisQIT/button_Menu schakelen")): Object: 'Object Repository/Page_Software Testing - RisQIT/button_Menu schakelen' is clicked on

2023-12-18 17:17:41 - [MESSAGE][PASSED] - Object: 'Object Repository/Page_Software Testing - RisQIT/button_Menu schakelen' is clicked on

2023-12-18 17:17:41 - [TEST_STEP][PASSED] - click(findTestObject("Object Repository/Page_Software Testing - RisQIT/a_Security en HackersTest (SHT)")): Object: 'Object Repository/Page_Software Testing - RisQIT/a_Security en HackersTest (SHT)' is clicked on

2023-12-18 17:17:42 - [MESSAGE][PASSED] - Object: 'Object Repository/Page_Software Testing - RisQIT/a_Security en HackersTest (SHT)' is clicked on

2023-12-18 17:17:42 - [TEST_STEP][PASSED] - verifyElementText(findTestObject("Page_Security en HackersTest (SHT) - RisQIT/h1_Security en HackersTest (SHT)"), "Security En HackersTest (SHT)"): Actual text and expected text of test object 'Object Repository/Page_Security en HackersTest (SHT) - RisQIT/h1_Security en HackersTest (SHT)' are matched.

2023-12-18 17:17:42 - [MESSAGE][PASSED] - Actual text and expected text of test object 'Object Repository/Page_Security en HackersTest (SHT) - RisQIT/h1_Security en HackersTest (SHT)' are matched.

2023-12-18 17:17:42 - [TEST_STEP][PASSED] - navigateToUrl(actual_url): Navigate to 'https://nlrisqitww-chaca.savviihq.com/security-en-hackerstest-sht/' successfully

2023-12-18 17:17:42 - [MESSAGE][PASSED] - Navigate to 'https://nlrisqitww-chaca.savviihq.com/security-en-hackerstest-sht/' successfully

2023-12-18 17:17:42 - [TEST_STEP][PASSED] - click(findTestObject("Object Repository/Page_Home - RisQIT/button_Main Menu")): Object: 'Object Repository/Page_Home - RisQIT/button_Main Menu' is clicked on

2023-12-18 17:17:43 - [MESSAGE][PASSED] - Object: 'Object Repository/Page_Home - RisQIT/button_Main Menu' is clicked on

2023-12-18 17:17:43 - [TEST_STEP][PASSED] - click(findTestObject("Object Repository/Page_Software Testing - RisQIT/a_Diensten")): Object: 'Object Repository/Page_Software Testing - RisQIT/a_Diensten' is clicked on

2023-12-18 17:17:43 - [MESSAGE][PASSED] - Object: 'Object Repository/Page_Software Testing - RisQIT/a_Diensten' is clicked on

2023-12-18 17:17:43 - [TEST_STEP][PASSED] - click(findTestObject("Object Repository/Page_Software Testing - RisQIT/button_Menu schakelen")): Object: 'Object Repository/Page_Software Testing - RisQIT/button_Menu schakelen' is clicked on

2023-12-18 17:17:44 - [MESSAGE][PASSED] - Object: 'Object Repository/Page_Software Testing - RisQIT/button_Menu schakelen' is clicked on

2023-12-18 17:17:44 - [TEST_STEP][PASSED] - click(findTestObject("Object Repository/Page_Security en HackersTest (SHT) - RisQIT/a_UX Lab")): Object: 'Object Repository/Page_Security en HackersTest (SHT) - RisQIT/a_UX Lab' is clicked on

2023-12-18 17:17:44 - [MESSAGE][PASSED] - Object: 'Object Repository/Page_Security en HackersTest (SHT) - RisQIT/a_UX Lab' is clicked on

2023-12-18 17:17:44 - [TEST_STEP][PASSED] - verifyElementText(findTestObject("Object Repository/Page_UX Lab - RisQIT/h1_UX Lab"), "UX Lab"): Actual text and expected text of test object 'Object Repository/Page_UX Lab - RisQIT/h1_UX Lab' are matched.

2023-12-18 17:17:45 - [MESSAGE][PASSED] - Actual text and expected text of test object 'Object Repository/Page_UX Lab - RisQIT/h1_UX Lab' are matched.

2023-12-18 17:17:45 - [TEST_STEP][PASSED] - navigateToUrl(actual_url): Navigate to 'https://nlrisqitww-chaca.savviihq.com/security-en-hackerstest-sht/' successfully

2023-12-18 17:17:45 - [MESSAGE][PASSED] - Navigate to 'https://nlrisqitww-chaca.savviihq.com/security-en-hackerstest-sht/' successfully

2023-12-18 17:17:45 - [TEST_STEP][PASSED] - click(findTestObject("Object Repository/Page_Home - RisQIT/button_Main Menu")): Object: 'Object Repository/Page_Home - RisQIT/button_Main Menu' is clicked on

2023-12-18 17:17:45 - [MESSAGE][PASSED] - Object: 'Object Repository/Page_Home - RisQIT/button_Main Menu' is clicked on

2023-12-18 17:17:45 - [TEST_STEP][PASSED] - click(findTestObject("Object Repository/Page_Software Testing - RisQIT/a_Diensten")): Object: 'Object Repository/Page_Software Testing - RisQIT/a_Diensten' is clicked on

2023-12-18 17:17:46 - [MESSAGE][PASSED] - Object: 'Object Repository/Page_Software Testing - RisQIT/a_Diensten' is clicked on

2023-12-18 17:17:46 - [TEST_STEP][PASSED] - click(findTestObject("Object Repository/Page_UX Lab - RisQIT/button_Menu schakelen")): Object: 'Object Repository/Page_UX Lab - RisQIT/button_Menu schakelen' is clicked on

2023-12-18 17:17:46 - [MESSAGE][PASSED] - Object: 'Object Repository/Page_UX Lab - RisQIT/button_Menu schakelen' is clicked on

2023-12-18 17:17:46 - [TEST_STEP][PASSED] - verifyElementText(findTestObject("Object Repository/Page_UX Lab - RisQIT/a_Missie  Visie"), "Missie & Visie"): Actual text and expected text of test object 'Object Repository/Page_UX Lab - RisQIT/a_Missie  Visie' are matched.

2023-12-18 17:17:46 - [MESSAGE][PASSED] - Actual text and expected text of test object 'Object Repository/Page_UX Lab - RisQIT/a_Missie  Visie' are matched.

2023-12-18 17:17:46 - [TEST_STEP][PASSED] - verifyElementText(findTestObject("Object Repository/Page_UX Lab - RisQIT/a_Het Gilde"), "Het Gilde"): Actual text and expected text of test object 'Object Repository/Page_UX Lab - RisQIT/a_Het Gilde' are matched.

2023-12-18 17:17:47 - [MESSAGE][PASSED] - Actual text and expected text of test object 'Object Repository/Page_UX Lab - RisQIT/a_Het Gilde' are matched.

2023-12-18 17:17:47 - [TEST_STEP][PASSED] - verifyElementText(findTestObject("Object Repository/Page_UX Lab - RisQIT/a_SuperTester"), "SuperTester"): Actual text and expected text of test object 'Object Repository/Page_UX Lab - RisQIT/a_SuperTester' are matched.

2023-12-18 17:17:47 - [MESSAGE][PASSED] - Actual text and expected text of test object 'Object Repository/Page_UX Lab - RisQIT/a_SuperTester' are matched.

2023-12-18 17:17:47 - [TEST_STEP][PASSED] - click(findTestObject("Object Repository/Page_UX Lab - RisQIT/a_Missie  Visie")): Object: 'Object Repository/Page_UX Lab - RisQIT/a_Missie  Visie' is clicked on

2023-12-18 17:17:47 - [MESSAGE][PASSED] - Object: 'Object Repository/Page_UX Lab - RisQIT/a_Missie  Visie' is clicked on

2023-12-18 17:17:47 - [TEST_STEP][PASSED] - verifyElementText(findTestObject("Object Repository/Page_Missie  Visie - RisQIT/h1_Missie  Visie"), "Missie & Visie"): Actual text and expected text of test object 'Object Repository/Page_Missie  Visie - RisQIT/h1_Missie  Visie' are matched.

2023-12-18 17:17:48 - [MESSAGE][PASSED] - Actual text and expected text of test object 'Object Repository/Page_Missie  Visie - RisQIT/h1_Missie  Visie' are matched.

2023-12-18 17:17:48 - [TEST_STEP][PASSED] - navigateToUrl(actual_url): Navigate to 'https://nlrisqitww-chaca.savviihq.com/security-en-hackerstest-sht/' successfully

2023-12-18 17:17:48 - [MESSAGE][PASSED] - Navigate to 'https://nlrisqitww-chaca.savviihq.com/security-en-hackerstest-sht/' successfully

2023-12-18 17:17:48 - [TEST_STEP][PASSED] - click(findTestObject("Object Repository/Page_Home - RisQIT/button_Main Menu")): Object: 'Object Repository/Page_Home - RisQIT/button_Main Menu' is clicked on

2023-12-18 17:17:48 - [MESSAGE][PASSED] - Object: 'Object Repository/Page_Home - RisQIT/button_Main Menu' is clicked on

2023-12-18 17:17:48 - [TEST_STEP][PASSED] - click(findTestObject("Object Repository/Page_Software Testing - RisQIT/a_Diensten")): Object: 'Object Repository/Page_Software Testing - RisQIT/a_Diensten' is clicked on

2023-12-18 17:17:49 - [MESSAGE][PASSED] - Object: 'Object Repository/Page_Software Testing - RisQIT/a_Diensten' is clicked on

2023-12-18 17:17:49 - [TEST_STEP][PASSED] - click(findTestObject("Object Repository/Page_UX Lab - RisQIT/button_Menu schakelen")): Object: 'Object Repository/Page_UX Lab - RisQIT/button_Menu schakelen' is clicked on

2023-12-18 17:17:49 - [MESSAGE][PASSED] - Object: 'Object Repository/Page_UX Lab - RisQIT/button_Menu schakelen' is clicked on

2023-12-18 17:17:49 - [TEST_STEP][PASSED] - click(findTestObject("Object Repository/Page_Missie  Visie - RisQIT/a_Het Gilde")): Object: 'Object Repository/Page_Missie  Visie - RisQIT/a_Het Gilde' is clicked on

2023-12-18 17:17:50 - [MESSAGE][PASSED] - Object: 'Object Repository/Page_Missie  Visie - RisQIT/a_Het Gilde' is clicked on

2023-12-18 17:17:50 - [TEST_STEP][PASSED] - verifyElementText(findTestObject("Object Repository/Page_Het Gilde - RisQIT/h1_Het Gilde"), "Het Gilde"): Actual text and expected text of test object 'Object Repository/Page_Het Gilde - RisQIT/h1_Het Gilde' are matched.

2023-12-18 17:17:50 - [MESSAGE][PASSED] - Actual text and expected text of test object 'Object Repository/Page_Het Gilde - RisQIT/h1_Het Gilde' are matched.

2023-12-18 17:17:50 - [TEST_STEP][PASSED] - navigateToUrl(actual_url): Navigate to 'https://nlrisqitww-chaca.savviihq.com/security-en-hackerstest-sht/' successfully

2023-12-18 17:17:50 - [MESSAGE][PASSED] - Navigate to 'https://nlrisqitww-chaca.savviihq.com/security-en-hackerstest-sht/' successfully

2023-12-18 17:17:50 - [TEST_STEP][PASSED] - click(findTestObject("Object Repository/Page_Home - RisQIT/button_Main Menu")): Object: 'Object Repository/Page_Home - RisQIT/button_Main Menu' is clicked on

2023-12-18 17:17:51 - [MESSAGE][PASSED] - Object: 'Object Repository/Page_Home - RisQIT/button_Main Menu' is clicked on

2023-12-18 17:17:51 - [TEST_STEP][PASSED] - click(findTestObject("Object Repository/Page_Software Testing - RisQIT/a_Diensten")): Object: 'Object Repository/Page_Software Testing - RisQIT/a_Diensten' is clicked on

2023-12-18 17:17:52 - [MESSAGE][PASSED] - Object: 'Object Repository/Page_Software Testing - RisQIT/a_Diensten' is clicked on

2023-12-18 17:17:52 - [TEST_STEP][PASSED] - click(findTestObject("Object Repository/Page_UX Lab - RisQIT/button_Menu schakelen")): Object: 'Object Repository/Page_UX Lab - RisQIT/button_Menu schakelen' is clicked on

2023-12-18 17:17:52 - [MESSAGE][PASSED] - Object: 'Object Repository/Page_UX Lab - RisQIT/button_Menu schakelen' is clicked on

2023-12-18 17:17:52 - [TEST_STEP][PASSED] - click(findTestObject("Object Repository/Page_Het Gilde - RisQIT/a_SuperTester")): Object: 'Object Repository/Page_Het Gilde - RisQIT/a_SuperTester' is clicked on

2023-12-18 17:17:52 - [MESSAGE][PASSED] - Object: 'Object Repository/Page_Het Gilde - RisQIT/a_SuperTester' is clicked on

2023-12-18 17:17:52 - [TEST_STEP][PASSED] - verifyElementText(findTestObject("Object Repository/Page_SuperTester - RisQIT/h1_Whitepaper SuperTester"), "Whitepaper SuperTester"): Actual text and expected text of test object 'Object Repository/Page_SuperTester - RisQIT/h1_Whitepaper SuperTester' are matched.

2023-12-18 17:17:53 - [MESSAGE][PASSED] - Actual text and expected text of test object 'Object Repository/Page_SuperTester - RisQIT/h1_Whitepaper SuperTester' are matched.

2023-12-18 17:17:53 - [TEST_STEP][PASSED] - navigateToUrl(actual_url): Navigate to 'https://nlrisqitww-chaca.savviihq.com/security-en-hackerstest-sht/' successfully

2023-12-18 17:17:53 - [MESSAGE][PASSED] - Navigate to 'https://nlrisqitww-chaca.savviihq.com/security-en-hackerstest-sht/' successfully

2023-12-18 17:17:53 - [TEST_STEP][PASSED] - click(findTestObject("Object Repository/Page_Home - RisQIT/button_Main Menu")): Object: 'Object Repository/Page_Home - RisQIT/button_Main Menu' is clicked on

2023-12-18 17:17:53 - [MESSAGE][PASSED] - Object: 'Object Repository/Page_Home - RisQIT/button_Main Menu' is clicked on

2023-12-18 17:17:53 - [TEST_STEP][PASSED] - click(findTestObject("Object Repository/Page_Software Testing - RisQIT/a_Diensten")): Object: 'Object Repository/Page_Software Testing - RisQIT/a_Diensten' is clicked on

2023-12-18 17:17:54 - [MESSAGE][PASSED] - Object: 'Object Repository/Page_Software Testing - RisQIT/a_Diensten' is clicked on

2023-12-18 17:17:54 - [TEST_STEP][PASSED] - click(findTestObject("Object Repository/Page_UX Lab - RisQIT/button_Menu schakelen")): Object: 'Object Repository/Page_UX Lab - RisQIT/button_Menu schakelen' is clicked on

2023-12-18 17:17:54 - [MESSAGE][PASSED] - Object: 'Object Repository/Page_UX Lab - RisQIT/button_Menu schakelen' is clicked on

2023-12-18 17:17:54 - [TEST_STEP][PASSED] - click(findTestObject("Object Repository/Page_Het Gilde - RisQIT/a_Blog")): Object: 'Object Repository/Page_Het Gilde - RisQIT/a_Blog' is clicked on

2023-12-18 17:17:55 - [MESSAGE][PASSED] - Object: 'Object Repository/Page_Het Gilde - RisQIT/a_Blog' is clicked on

2023-12-18 17:17:55 - [TEST_STEP][PASSED] - verifyElementText(findTestObject("Object Repository/Page_Blog - RisQIT/h1_Blog"), "Blog"): Actual text and expected text of test object 'Object Repository/Page_Blog - RisQIT/h1_Blog' are matched.

2023-12-18 17:17:55 - [MESSAGE][PASSED] - Actual text and expected text of test object 'Object Repository/Page_Blog - RisQIT/h1_Blog' are matched.

2023-12-18 17:17:55 - [TEST_STEP][PASSED] - navigateToUrl(actual_url): Navigate to 'https://nlrisqitww-chaca.savviihq.com/security-en-hackerstest-sht/' successfully

2023-12-18 17:17:55 - [MESSAGE][PASSED] - Navigate to 'https://nlrisqitww-chaca.savviihq.com/security-en-hackerstest-sht/' successfully

2023-12-18 17:17:55 - [TEST_STEP][PASSED] - click(findTestObject("Object Repository/Page_Home - RisQIT/button_Main Menu")): Object: 'Object Repository/Page_Home - RisQIT/button_Main Menu' is clicked on

2023-12-18 17:17:56 - [MESSAGE][PASSED] - Object: 'Object Repository/Page_Home - RisQIT/button_Main Menu' is clicked on

2023-12-18 17:17:56 - [TEST_STEP][PASSED] - click(findTestObject("Object Repository/Page_Software Testing - RisQIT/a_Diensten")): Object: 'Object Repository/Page_Software Testing - RisQIT/a_Diensten' is clicked on

2023-12-18 17:17:56 - [MESSAGE][PASSED] - Object: 'Object Repository/Page_Software Testing - RisQIT/a_Diensten' is clicked on

2023-12-18 17:17:56 - [TEST_STEP][PASSED] - click(findTestObject("Object Repository/Page_UX Lab - RisQIT/button_Menu schakelen")): Object: 'Object Repository/Page_UX Lab - RisQIT/button_Menu schakelen' is clicked on

2023-12-18 17:17:57 - [MESSAGE][PASSED] - Object: 'Object Repository/Page_UX Lab - RisQIT/button_Menu schakelen' is clicked on

2023-12-18 17:17:57 - [TEST_STEP][PASSED] - click(findTestObject("Object Repository/Page_Blog - RisQIT/a_Vacatures")): Object: 'Object Repository/Page_Blog - RisQIT/a_Vacatures' is clicked on

2023-12-18 17:17:57 - [MESSAGE][PASSED] - Object: 'Object Repository/Page_Blog - RisQIT/a_Vacatures' is clicked on

2023-12-18 17:17:57 - [TEST_STEP][PASSED] - verifyElementText(findTestObject("Object Repository/Page_Vacatures - RisQIT/h1_Vacatures"), "Vacatures"): Actual text and expected text of test object 'Object Repository/Page_Vacatures - RisQIT/h1_Vacatures' are matched.

2023-12-18 17:17:58 - [MESSAGE][PASSED] - Actual text and expected text of test object 'Object Repository/Page_Vacatures - RisQIT/h1_Vacatures' are matched.

2023-12-18 17:17:58 - [TEST_STEP][PASSED] - navigateToUrl(actual_url): Navigate to 'https://nlrisqitww-chaca.savviihq.com/security-en-hackerstest-sht/' successfully

2023-12-18 17:17:58 - [MESSAGE][PASSED] - Navigate to 'https://nlrisqitww-chaca.savviihq.com/security-en-hackerstest-sht/' successfully

2023-12-18 17:17:58 - [TEST_STEP][PASSED] - click(findTestObject("Object Repository/Page_Home - RisQIT/button_Main Menu")): Object: 'Object Repository/Page_Home - RisQIT/button_Main Menu' is clicked on

2023-12-18 17:17:58 - [MESSAGE][PASSED] - Object: 'Object Repository/Page_Home - RisQIT/button_Main Menu' is clicked on

2023-12-18 17:17:58 - [TEST_STEP][PASSED] - click(findTestObject("Object Repository/Page_Software Testing - RisQIT/a_Diensten")): Object: 'Object Repository/Page_Software Testing - RisQIT/a_Diensten' is clicked on

2023-12-18 17:17:59 - [MESSAGE][PASSED] - Object: 'Object Repository/Page_Software Testing - RisQIT/a_Diensten' is clicked on

2023-12-18 17:17:59 - [TEST_STEP][PASSED] - click(findTestObject("Object Repository/Page_UX Lab - RisQIT/button_Menu schakelen")): Object: 'Object Repository/Page_UX Lab - RisQIT/button_Menu schakelen' is clicked on

2023-12-18 17:17:59 - [MESSAGE][PASSED] - Object: 'Object Repository/Page_UX Lab - RisQIT/button_Menu schakelen' is clicked on

2023-12-18 17:17:59 - [TEST_STEP][PASSED] - click(findTestObject("Object Repository/Page_Vacatures - RisQIT/div_Contact opnemen")): Object: 'Object Repository/Page_Vacatures - RisQIT/div_Contact opnemen' is clicked on

2023-12-18 17:18:00 - [MESSAGE][PASSED] - Object: 'Object Repository/Page_Vacatures - RisQIT/div_Contact opnemen' is clicked on

2023-12-18 17:18:00 - [TEST_STEP][PASSED] - verifyElementText(findTestObject("Object Repository/Page_Contact - RisQIT/h1_Contact"), "Contact"): Actual text and expected text of test object 'Object Repository/Page_Contact - RisQIT/h1_Contact' are matched.

2023-12-18 17:18:00 - [MESSAGE][PASSED] - Actual text and expected text of test object 'Object Repository/Page_Contact - RisQIT/h1_Contact' are matched.

2023-12-18 17:18:00 - [TEST_STEP][PASSED] - navigateToUrl(actual_url): Navigate to 'https://nlrisqitww-chaca.savviihq.com/security-en-hackerstest-sht/' successfully

2023-12-18 17:18:00 - [MESSAGE][PASSED] - Navigate to 'https://nlrisqitww-chaca.savviihq.com/security-en-hackerstest-sht/' successfully

2023-12-18 17:18:00 - [TEST_STEP][PASSED] - click(findTestObject("Object Repository/Page_Contact - RisQIT/img_custom-logo entered lazyloaded")): Object: 'Object Repository/Page_Contact - RisQIT/img_custom-logo entered lazyloaded' is clicked on

2023-12-18 17:18:01 - [MESSAGE][PASSED] - Object: 'Object Repository/Page_Contact - RisQIT/img_custom-logo entered lazyloaded' is clicked on

2023-12-18 17:18:01 - [TEST_STEP][PASSED] - verifyElementText(findTestObject("Object Repository/Page_Home - RisQIT/h1_Ga voor duurzaamheid en vertrouwen, same_4bc4a8"), "Ga voor duurzaamheid en vertrouwen, samen met ons!"): Actual text and expected text of test object 'Object Repository/Page_Home - RisQIT/h1_Ga voor duurzaamheid en vertrouwen, same_4bc4a8' are matched.

2023-12-18 17:18:01 - [MESSAGE][PASSED] - Actual text and expected text of test object 'Object Repository/Page_Home - RisQIT/h1_Ga voor duurzaamheid en vertrouwen, same_4bc4a8' are matched.

2023-12-18 17:18:01 - [MESSAGE][PASSED] - Call Test Case 'Test Cases/Menu/RT000.2 MobileMenu' successfully

2023-12-18 17:18:01 - [TEST_STEP][PASSED] - closeBrowser(): Browser is closed

2023-12-18 17:18:01 - [MESSAGE][PASSED] - Browser is closed]]></system-out>
         <system-err><![CDATA[]]></system-err>
      </testcase>
      <testcase name="Test Cases/Menu/RT019 MobileMenu - UX-Lab" time="27.825" classname="Test Cases/Menu/RT019 MobileMenu - UX-Lab" status="PASSED">
         <system-out><![CDATA[2023-12-18 17:18:01 - [TEST_CASE][PASSED] - Test Cases/Menu/RT019 MobileMenu - UX-Lab: Test Cases/Menu/RT019 MobileMenu - UX-Lab

2023-12-18 17:18:02 - [TEST_STEP][PASSED] - openBrowser(""): Browser is opened with url: ''

2023-12-18 17:18:02 - [MESSAGE][INFO] - Starting 'Chrome' driver

2023-12-18 17:18:02 - [MESSAGE][INFO] - Action delay is set to 0 milliseconds

2023-12-18 17:18:02 - [MESSAGE][PASSED] - Browser is opened with url: ''

2023-12-18 17:18:02 - [TEST_STEP][PASSED] - navigateToUrl(URL + UXLAB): Navigate to 'https://nlrisqitww-chaca.savviihq.com/ux-lab/' successfully

2023-12-18 17:18:03 - [MESSAGE][PASSED] - Navigate to 'https://nlrisqitww-chaca.savviihq.com/ux-lab/' successfully

2023-12-18 17:18:03 - [TEST_STEP][PASSED] - callTestCase(findTestCase("Menu/RT000.2 MobileMenu"), [:], STOP_ON_FAILURE): Call Test Case 'Test Cases/Menu/RT000.2 MobileMenu' successfully

2023-12-18 17:18:03 - [TEST_CASE][PASSED] - Test Cases/Menu/RT000.2 MobileMenu: Test Cases/Menu/RT000.2 MobileMenu

2023-12-18 17:18:03 - [TEST_STEP][PASSED] - setViewPortSize(912, 1000): Viewport is set to new size with width = 912 and height = 1000

2023-12-18 17:18:03 - [MESSAGE][PASSED] - Viewport is set to new size with width = 912 and height = 1000

2023-12-18 17:18:03 - [TEST_STEP][PASSED] - actual_url = getUrl(): Current window's url is: 'https://nlrisqitww-chaca.savviihq.com/ux-lab/'

2023-12-18 17:18:03 - [MESSAGE][PASSED] - Current window's url is: 'https://nlrisqitww-chaca.savviihq.com/ux-lab/'

2023-12-18 17:18:03 - [TEST_STEP][PASSED] - verifyElementPresent(findTestObject("Object Repository/Page_Home - RisQIT/button_Main Menu"), 0): Object 'Object Repository/Page_Home - RisQIT/button_Main Menu' is present

2023-12-18 17:18:03 - [MESSAGE][WARNING] - Timeout '0' is invalid. Using default page load timeout: '30'

2023-12-18 17:18:03 - [MESSAGE][PASSED] - Object 'Object Repository/Page_Home - RisQIT/button_Main Menu' is present

2023-12-18 17:18:03 - [TEST_STEP][PASSED] - click(findTestObject("Object Repository/Page_Home - RisQIT/button_Main Menu")): Object: 'Object Repository/Page_Home - RisQIT/button_Main Menu' is clicked on

2023-12-18 17:18:03 - [MESSAGE][PASSED] - Object: 'Object Repository/Page_Home - RisQIT/button_Main Menu' is clicked on

2023-12-18 17:18:03 - [TEST_STEP][PASSED] - verifyElementText(findTestObject("Object Repository/Page_Home - RisQIT/a_Diensten"), "Diensten"): Actual text and expected text of test object 'Object Repository/Page_Home - RisQIT/a_Diensten' are matched.

2023-12-18 17:18:04 - [MESSAGE][PASSED] - Actual text and expected text of test object 'Object Repository/Page_Home - RisQIT/a_Diensten' are matched.

2023-12-18 17:18:04 - [TEST_STEP][PASSED] - verifyElementText(findTestObject("Object Repository/Page_Home - RisQIT/a_Over ons"), "Over ons"): Actual text and expected text of test object 'Object Repository/Page_Home - RisQIT/a_Over ons' are matched.

2023-12-18 17:18:05 - [MESSAGE][PASSED] - Actual text and expected text of test object 'Object Repository/Page_Home - RisQIT/a_Over ons' are matched.

2023-12-18 17:18:05 - [TEST_STEP][PASSED] - verifyElementText(findTestObject("Object Repository/Page_Home - RisQIT/a_Blog"), "Blog"): Actual text and expected text of test object 'Object Repository/Page_Home - RisQIT/a_Blog' are matched.

2023-12-18 17:18:05 - [MESSAGE][PASSED] - Actual text and expected text of test object 'Object Repository/Page_Home - RisQIT/a_Blog' are matched.

2023-12-18 17:18:05 - [TEST_STEP][PASSED] - verifyElementText(findTestObject("Object Repository/Page_Home - RisQIT/a_Vacatures"), "Vacatures"): Actual text and expected text of test object 'Object Repository/Page_Home - RisQIT/a_Vacatures' are matched.

2023-12-18 17:18:05 - [MESSAGE][PASSED] - Actual text and expected text of test object 'Object Repository/Page_Home - RisQIT/a_Vacatures' are matched.

2023-12-18 17:18:05 - [TEST_STEP][PASSED] - verifyElementText(findTestObject("Object Repository/Page_Home - RisQIT/div_Contact opnemen"), "Contact opnemen"): Actual text and expected text of test object 'Object Repository/Page_Home - RisQIT/div_Contact opnemen' are matched.

2023-12-18 17:18:06 - [MESSAGE][PASSED] - Actual text and expected text of test object 'Object Repository/Page_Home - RisQIT/div_Contact opnemen' are matched.

2023-12-18 17:18:06 - [TEST_STEP][PASSED] - click(findTestObject("Object Repository/Page_Home - RisQIT/button_Menu schakelen")): Object: 'Object Repository/Page_Home - RisQIT/button_Menu schakelen' is clicked on

2023-12-18 17:18:06 - [MESSAGE][PASSED] - Object: 'Object Repository/Page_Home - RisQIT/button_Menu schakelen' is clicked on

2023-12-18 17:18:06 - [TEST_STEP][PASSED] - verifyElementText(findTestObject("Object Repository/Page_Home - RisQIT/a_Software Testing"), "Software Testing"): Actual text and expected text of test object 'Object Repository/Page_Home - RisQIT/a_Software Testing' are matched.

2023-12-18 17:18:06 - [MESSAGE][PASSED] - Actual text and expected text of test object 'Object Repository/Page_Home - RisQIT/a_Software Testing' are matched.

2023-12-18 17:18:06 - [TEST_STEP][PASSED] - verifyElementText(findTestObject("Object Repository/Page_Home - RisQIT/a_Security en HackersTest (SHT)"), "Security en HackersTest (SHT)"): Actual text and expected text of test object 'Object Repository/Page_Home - RisQIT/a_Security en HackersTest (SHT)' are matched.

2023-12-18 17:18:06 - [MESSAGE][PASSED] - Actual text and expected text of test object 'Object Repository/Page_Home - RisQIT/a_Security en HackersTest (SHT)' are matched.

2023-12-18 17:18:06 - [TEST_STEP][PASSED] - verifyElementText(findTestObject("Object Repository/Page_Home - RisQIT/a_UX Lab"), "UX Lab"): Actual text and expected text of test object 'Object Repository/Page_Home - RisQIT/a_UX Lab' are matched.

2023-12-18 17:18:07 - [MESSAGE][PASSED] - Actual text and expected text of test object 'Object Repository/Page_Home - RisQIT/a_UX Lab' are matched.

2023-12-18 17:18:07 - [TEST_STEP][PASSED] - click(findTestObject("Object Repository/Page_Home - RisQIT/a_Software Testing")): Object: 'Object Repository/Page_Home - RisQIT/a_Software Testing' is clicked on

2023-12-18 17:18:07 - [MESSAGE][PASSED] - Object: 'Object Repository/Page_Home - RisQIT/a_Software Testing' is clicked on

2023-12-18 17:18:07 - [TEST_STEP][PASSED] - verifyElementText(findTestObject("Object Repository/Page_Software Testing - RisQIT/h1_Software Testing"), "Software Testing"): Actual text and expected text of test object 'Object Repository/Page_Software Testing - RisQIT/h1_Software Testing' are matched.

2023-12-18 17:18:08 - [MESSAGE][PASSED] - Actual text and expected text of test object 'Object Repository/Page_Software Testing - RisQIT/h1_Software Testing' are matched.

2023-12-18 17:18:08 - [TEST_STEP][PASSED] - navigateToUrl(actual_url): Navigate to 'https://nlrisqitww-chaca.savviihq.com/ux-lab/' successfully

2023-12-18 17:18:08 - [MESSAGE][PASSED] - Navigate to 'https://nlrisqitww-chaca.savviihq.com/ux-lab/' successfully

2023-12-18 17:18:08 - [TEST_STEP][PASSED] - click(findTestObject("Object Repository/Page_Home - RisQIT/button_Main Menu")): Object: 'Object Repository/Page_Home - RisQIT/button_Main Menu' is clicked on

2023-12-18 17:18:08 - [MESSAGE][PASSED] - Object: 'Object Repository/Page_Home - RisQIT/button_Main Menu' is clicked on

2023-12-18 17:18:08 - [TEST_STEP][PASSED] - click(findTestObject("Object Repository/Page_Software Testing - RisQIT/a_Diensten")): Object: 'Object Repository/Page_Software Testing - RisQIT/a_Diensten' is clicked on

2023-12-18 17:18:09 - [MESSAGE][PASSED] - Object: 'Object Repository/Page_Software Testing - RisQIT/a_Diensten' is clicked on

2023-12-18 17:18:09 - [TEST_STEP][PASSED] - click(findTestObject("Object Repository/Page_Software Testing - RisQIT/button_Menu schakelen")): Object: 'Object Repository/Page_Software Testing - RisQIT/button_Menu schakelen' is clicked on

2023-12-18 17:18:09 - [MESSAGE][PASSED] - Object: 'Object Repository/Page_Software Testing - RisQIT/button_Menu schakelen' is clicked on

2023-12-18 17:18:09 - [TEST_STEP][PASSED] - click(findTestObject("Object Repository/Page_Software Testing - RisQIT/a_Security en HackersTest (SHT)")): Object: 'Object Repository/Page_Software Testing - RisQIT/a_Security en HackersTest (SHT)' is clicked on

2023-12-18 17:18:10 - [MESSAGE][PASSED] - Object: 'Object Repository/Page_Software Testing - RisQIT/a_Security en HackersTest (SHT)' is clicked on

2023-12-18 17:18:10 - [TEST_STEP][PASSED] - verifyElementText(findTestObject("Page_Security en HackersTest (SHT) - RisQIT/h1_Security en HackersTest (SHT)"), "Security En HackersTest (SHT)"): Actual text and expected text of test object 'Object Repository/Page_Security en HackersTest (SHT) - RisQIT/h1_Security en HackersTest (SHT)' are matched.

2023-12-18 17:18:10 - [MESSAGE][PASSED] - Actual text and expected text of test object 'Object Repository/Page_Security en HackersTest (SHT) - RisQIT/h1_Security en HackersTest (SHT)' are matched.

2023-12-18 17:18:10 - [TEST_STEP][PASSED] - navigateToUrl(actual_url): Navigate to 'https://nlrisqitww-chaca.savviihq.com/ux-lab/' successfully

2023-12-18 17:18:10 - [MESSAGE][PASSED] - Navigate to 'https://nlrisqitww-chaca.savviihq.com/ux-lab/' successfully

2023-12-18 17:18:10 - [TEST_STEP][PASSED] - click(findTestObject("Object Repository/Page_Home - RisQIT/button_Main Menu")): Object: 'Object Repository/Page_Home - RisQIT/button_Main Menu' is clicked on

2023-12-18 17:18:11 - [MESSAGE][PASSED] - Object: 'Object Repository/Page_Home - RisQIT/button_Main Menu' is clicked on

2023-12-18 17:18:11 - [TEST_STEP][PASSED] - click(findTestObject("Object Repository/Page_Software Testing - RisQIT/a_Diensten")): Object: 'Object Repository/Page_Software Testing - RisQIT/a_Diensten' is clicked on

2023-12-18 17:18:11 - [MESSAGE][PASSED] - Object: 'Object Repository/Page_Software Testing - RisQIT/a_Diensten' is clicked on

2023-12-18 17:18:11 - [TEST_STEP][PASSED] - click(findTestObject("Object Repository/Page_Software Testing - RisQIT/button_Menu schakelen")): Object: 'Object Repository/Page_Software Testing - RisQIT/button_Menu schakelen' is clicked on

2023-12-18 17:18:12 - [MESSAGE][PASSED] - Object: 'Object Repository/Page_Software Testing - RisQIT/button_Menu schakelen' is clicked on

2023-12-18 17:18:12 - [TEST_STEP][PASSED] - click(findTestObject("Object Repository/Page_Security en HackersTest (SHT) - RisQIT/a_UX Lab")): Object: 'Object Repository/Page_Security en HackersTest (SHT) - RisQIT/a_UX Lab' is clicked on

2023-12-18 17:18:12 - [MESSAGE][PASSED] - Object: 'Object Repository/Page_Security en HackersTest (SHT) - RisQIT/a_UX Lab' is clicked on

2023-12-18 17:18:12 - [TEST_STEP][PASSED] - verifyElementText(findTestObject("Object Repository/Page_UX Lab - RisQIT/h1_UX Lab"), "UX Lab"): Actual text and expected text of test object 'Object Repository/Page_UX Lab - RisQIT/h1_UX Lab' are matched.

2023-12-18 17:18:13 - [MESSAGE][PASSED] - Actual text and expected text of test object 'Object Repository/Page_UX Lab - RisQIT/h1_UX Lab' are matched.

2023-12-18 17:18:13 - [TEST_STEP][PASSED] - navigateToUrl(actual_url): Navigate to 'https://nlrisqitww-chaca.savviihq.com/ux-lab/' successfully

2023-12-18 17:18:13 - [MESSAGE][PASSED] - Navigate to 'https://nlrisqitww-chaca.savviihq.com/ux-lab/' successfully

2023-12-18 17:18:13 - [TEST_STEP][PASSED] - click(findTestObject("Object Repository/Page_Home - RisQIT/button_Main Menu")): Object: 'Object Repository/Page_Home - RisQIT/button_Main Menu' is clicked on

2023-12-18 17:18:13 - [MESSAGE][PASSED] - Object: 'Object Repository/Page_Home - RisQIT/button_Main Menu' is clicked on

2023-12-18 17:18:13 - [TEST_STEP][PASSED] - click(findTestObject("Object Repository/Page_Software Testing - RisQIT/a_Diensten")): Object: 'Object Repository/Page_Software Testing - RisQIT/a_Diensten' is clicked on

2023-12-18 17:18:14 - [MESSAGE][PASSED] - Object: 'Object Repository/Page_Software Testing - RisQIT/a_Diensten' is clicked on

2023-12-18 17:18:14 - [TEST_STEP][PASSED] - click(findTestObject("Object Repository/Page_UX Lab - RisQIT/button_Menu schakelen")): Object: 'Object Repository/Page_UX Lab - RisQIT/button_Menu schakelen' is clicked on

2023-12-18 17:18:14 - [MESSAGE][PASSED] - Object: 'Object Repository/Page_UX Lab - RisQIT/button_Menu schakelen' is clicked on

2023-12-18 17:18:14 - [TEST_STEP][PASSED] - verifyElementText(findTestObject("Object Repository/Page_UX Lab - RisQIT/a_Missie  Visie"), "Missie & Visie"): Actual text and expected text of test object 'Object Repository/Page_UX Lab - RisQIT/a_Missie  Visie' are matched.

2023-12-18 17:18:14 - [MESSAGE][PASSED] - Actual text and expected text of test object 'Object Repository/Page_UX Lab - RisQIT/a_Missie  Visie' are matched.

2023-12-18 17:18:14 - [TEST_STEP][PASSED] - verifyElementText(findTestObject("Object Repository/Page_UX Lab - RisQIT/a_Het Gilde"), "Het Gilde"): Actual text and expected text of test object 'Object Repository/Page_UX Lab - RisQIT/a_Het Gilde' are matched.

2023-12-18 17:18:15 - [MESSAGE][PASSED] - Actual text and expected text of test object 'Object Repository/Page_UX Lab - RisQIT/a_Het Gilde' are matched.

2023-12-18 17:18:15 - [TEST_STEP][PASSED] - verifyElementText(findTestObject("Object Repository/Page_UX Lab - RisQIT/a_SuperTester"), "SuperTester"): Actual text and expected text of test object 'Object Repository/Page_UX Lab - RisQIT/a_SuperTester' are matched.

2023-12-18 17:18:15 - [MESSAGE][PASSED] - Actual text and expected text of test object 'Object Repository/Page_UX Lab - RisQIT/a_SuperTester' are matched.

2023-12-18 17:18:15 - [TEST_STEP][PASSED] - click(findTestObject("Object Repository/Page_UX Lab - RisQIT/a_Missie  Visie")): Object: 'Object Repository/Page_UX Lab - RisQIT/a_Missie  Visie' is clicked on

2023-12-18 17:18:15 - [MESSAGE][PASSED] - Object: 'Object Repository/Page_UX Lab - RisQIT/a_Missie  Visie' is clicked on

2023-12-18 17:18:15 - [TEST_STEP][PASSED] - verifyElementText(findTestObject("Object Repository/Page_Missie  Visie - RisQIT/h1_Missie  Visie"), "Missie & Visie"): Actual text and expected text of test object 'Object Repository/Page_Missie  Visie - RisQIT/h1_Missie  Visie' are matched.

2023-12-18 17:18:16 - [MESSAGE][PASSED] - Actual text and expected text of test object 'Object Repository/Page_Missie  Visie - RisQIT/h1_Missie  Visie' are matched.

2023-12-18 17:18:16 - [TEST_STEP][PASSED] - navigateToUrl(actual_url): Navigate to 'https://nlrisqitww-chaca.savviihq.com/ux-lab/' successfully

2023-12-18 17:18:16 - [MESSAGE][PASSED] - Navigate to 'https://nlrisqitww-chaca.savviihq.com/ux-lab/' successfully

2023-12-18 17:18:16 - [TEST_STEP][PASSED] - click(findTestObject("Object Repository/Page_Home - RisQIT/button_Main Menu")): Object: 'Object Repository/Page_Home - RisQIT/button_Main Menu' is clicked on

2023-12-18 17:18:16 - [MESSAGE][PASSED] - Object: 'Object Repository/Page_Home - RisQIT/button_Main Menu' is clicked on

2023-12-18 17:18:16 - [TEST_STEP][PASSED] - click(findTestObject("Object Repository/Page_Software Testing - RisQIT/a_Diensten")): Object: 'Object Repository/Page_Software Testing - RisQIT/a_Diensten' is clicked on

2023-12-18 17:18:17 - [MESSAGE][PASSED] - Object: 'Object Repository/Page_Software Testing - RisQIT/a_Diensten' is clicked on

2023-12-18 17:18:17 - [TEST_STEP][PASSED] - click(findTestObject("Object Repository/Page_UX Lab - RisQIT/button_Menu schakelen")): Object: 'Object Repository/Page_UX Lab - RisQIT/button_Menu schakelen' is clicked on

2023-12-18 17:18:17 - [MESSAGE][PASSED] - Object: 'Object Repository/Page_UX Lab - RisQIT/button_Menu schakelen' is clicked on

2023-12-18 17:18:17 - [TEST_STEP][PASSED] - click(findTestObject("Object Repository/Page_Missie  Visie - RisQIT/a_Het Gilde")): Object: 'Object Repository/Page_Missie  Visie - RisQIT/a_Het Gilde' is clicked on

2023-12-18 17:18:18 - [MESSAGE][PASSED] - Object: 'Object Repository/Page_Missie  Visie - RisQIT/a_Het Gilde' is clicked on

2023-12-18 17:18:18 - [TEST_STEP][PASSED] - verifyElementText(findTestObject("Object Repository/Page_Het Gilde - RisQIT/h1_Het Gilde"), "Het Gilde"): Actual text and expected text of test object 'Object Repository/Page_Het Gilde - RisQIT/h1_Het Gilde' are matched.

2023-12-18 17:18:18 - [MESSAGE][PASSED] - Actual text and expected text of test object 'Object Repository/Page_Het Gilde - RisQIT/h1_Het Gilde' are matched.

2023-12-18 17:18:18 - [TEST_STEP][PASSED] - navigateToUrl(actual_url): Navigate to 'https://nlrisqitww-chaca.savviihq.com/ux-lab/' successfully

2023-12-18 17:18:18 - [MESSAGE][PASSED] - Navigate to 'https://nlrisqitww-chaca.savviihq.com/ux-lab/' successfully

2023-12-18 17:18:18 - [TEST_STEP][PASSED] - click(findTestObject("Object Repository/Page_Home - RisQIT/button_Main Menu")): Object: 'Object Repository/Page_Home - RisQIT/button_Main Menu' is clicked on

2023-12-18 17:18:19 - [MESSAGE][PASSED] - Object: 'Object Repository/Page_Home - RisQIT/button_Main Menu' is clicked on

2023-12-18 17:18:19 - [TEST_STEP][PASSED] - click(findTestObject("Object Repository/Page_Software Testing - RisQIT/a_Diensten")): Object: 'Object Repository/Page_Software Testing - RisQIT/a_Diensten' is clicked on

2023-12-18 17:18:19 - [MESSAGE][PASSED] - Object: 'Object Repository/Page_Software Testing - RisQIT/a_Diensten' is clicked on

2023-12-18 17:18:19 - [TEST_STEP][PASSED] - click(findTestObject("Object Repository/Page_UX Lab - RisQIT/button_Menu schakelen")): Object: 'Object Repository/Page_UX Lab - RisQIT/button_Menu schakelen' is clicked on

2023-12-18 17:18:20 - [MESSAGE][PASSED] - Object: 'Object Repository/Page_UX Lab - RisQIT/button_Menu schakelen' is clicked on

2023-12-18 17:18:20 - [TEST_STEP][PASSED] - click(findTestObject("Object Repository/Page_Het Gilde - RisQIT/a_SuperTester")): Object: 'Object Repository/Page_Het Gilde - RisQIT/a_SuperTester' is clicked on

2023-12-18 17:18:20 - [MESSAGE][PASSED] - Object: 'Object Repository/Page_Het Gilde - RisQIT/a_SuperTester' is clicked on

2023-12-18 17:18:20 - [TEST_STEP][PASSED] - verifyElementText(findTestObject("Object Repository/Page_SuperTester - RisQIT/h1_Whitepaper SuperTester"), "Whitepaper SuperTester"): Actual text and expected text of test object 'Object Repository/Page_SuperTester - RisQIT/h1_Whitepaper SuperTester' are matched.

2023-12-18 17:18:21 - [MESSAGE][PASSED] - Actual text and expected text of test object 'Object Repository/Page_SuperTester - RisQIT/h1_Whitepaper SuperTester' are matched.

2023-12-18 17:18:21 - [TEST_STEP][PASSED] - navigateToUrl(actual_url): Navigate to 'https://nlrisqitww-chaca.savviihq.com/ux-lab/' successfully

2023-12-18 17:18:21 - [MESSAGE][PASSED] - Navigate to 'https://nlrisqitww-chaca.savviihq.com/ux-lab/' successfully

2023-12-18 17:18:21 - [TEST_STEP][PASSED] - click(findTestObject("Object Repository/Page_Home - RisQIT/button_Main Menu")): Object: 'Object Repository/Page_Home - RisQIT/button_Main Menu' is clicked on

2023-12-18 17:18:21 - [MESSAGE][PASSED] - Object: 'Object Repository/Page_Home - RisQIT/button_Main Menu' is clicked on

2023-12-18 17:18:21 - [TEST_STEP][PASSED] - click(findTestObject("Object Repository/Page_Software Testing - RisQIT/a_Diensten")): Object: 'Object Repository/Page_Software Testing - RisQIT/a_Diensten' is clicked on

2023-12-18 17:18:22 - [MESSAGE][PASSED] - Object: 'Object Repository/Page_Software Testing - RisQIT/a_Diensten' is clicked on

2023-12-18 17:18:22 - [TEST_STEP][PASSED] - click(findTestObject("Object Repository/Page_UX Lab - RisQIT/button_Menu schakelen")): Object: 'Object Repository/Page_UX Lab - RisQIT/button_Menu schakelen' is clicked on

2023-12-18 17:18:22 - [MESSAGE][PASSED] - Object: 'Object Repository/Page_UX Lab - RisQIT/button_Menu schakelen' is clicked on

2023-12-18 17:18:22 - [TEST_STEP][PASSED] - click(findTestObject("Object Repository/Page_Het Gilde - RisQIT/a_Blog")): Object: 'Object Repository/Page_Het Gilde - RisQIT/a_Blog' is clicked on

2023-12-18 17:18:23 - [MESSAGE][PASSED] - Object: 'Object Repository/Page_Het Gilde - RisQIT/a_Blog' is clicked on

2023-12-18 17:18:23 - [TEST_STEP][PASSED] - verifyElementText(findTestObject("Object Repository/Page_Blog - RisQIT/h1_Blog"), "Blog"): Actual text and expected text of test object 'Object Repository/Page_Blog - RisQIT/h1_Blog' are matched.

2023-12-18 17:18:23 - [MESSAGE][PASSED] - Actual text and expected text of test object 'Object Repository/Page_Blog - RisQIT/h1_Blog' are matched.

2023-12-18 17:18:23 - [TEST_STEP][PASSED] - navigateToUrl(actual_url): Navigate to 'https://nlrisqitww-chaca.savviihq.com/ux-lab/' successfully

2023-12-18 17:18:23 - [MESSAGE][PASSED] - Navigate to 'https://nlrisqitww-chaca.savviihq.com/ux-lab/' successfully

2023-12-18 17:18:23 - [TEST_STEP][PASSED] - click(findTestObject("Object Repository/Page_Home - RisQIT/button_Main Menu")): Object: 'Object Repository/Page_Home - RisQIT/button_Main Menu' is clicked on

2023-12-18 17:18:24 - [MESSAGE][PASSED] - Object: 'Object Repository/Page_Home - RisQIT/button_Main Menu' is clicked on

2023-12-18 17:18:24 - [TEST_STEP][PASSED] - click(findTestObject("Object Repository/Page_Software Testing - RisQIT/a_Diensten")): Object: 'Object Repository/Page_Software Testing - RisQIT/a_Diensten' is clicked on

2023-12-18 17:18:24 - [MESSAGE][PASSED] - Object: 'Object Repository/Page_Software Testing - RisQIT/a_Diensten' is clicked on

2023-12-18 17:18:24 - [TEST_STEP][PASSED] - click(findTestObject("Object Repository/Page_UX Lab - RisQIT/button_Menu schakelen")): Object: 'Object Repository/Page_UX Lab - RisQIT/button_Menu schakelen' is clicked on

2023-12-18 17:18:25 - [MESSAGE][PASSED] - Object: 'Object Repository/Page_UX Lab - RisQIT/button_Menu schakelen' is clicked on

2023-12-18 17:18:25 - [TEST_STEP][PASSED] - click(findTestObject("Object Repository/Page_Blog - RisQIT/a_Vacatures")): Object: 'Object Repository/Page_Blog - RisQIT/a_Vacatures' is clicked on

2023-12-18 17:18:25 - [MESSAGE][PASSED] - Object: 'Object Repository/Page_Blog - RisQIT/a_Vacatures' is clicked on

2023-12-18 17:18:25 - [TEST_STEP][PASSED] - verifyElementText(findTestObject("Object Repository/Page_Vacatures - RisQIT/h1_Vacatures"), "Vacatures"): Actual text and expected text of test object 'Object Repository/Page_Vacatures - RisQIT/h1_Vacatures' are matched.

2023-12-18 17:18:26 - [MESSAGE][PASSED] - Actual text and expected text of test object 'Object Repository/Page_Vacatures - RisQIT/h1_Vacatures' are matched.

2023-12-18 17:18:26 - [TEST_STEP][PASSED] - navigateToUrl(actual_url): Navigate to 'https://nlrisqitww-chaca.savviihq.com/ux-lab/' successfully

2023-12-18 17:18:26 - [MESSAGE][PASSED] - Navigate to 'https://nlrisqitww-chaca.savviihq.com/ux-lab/' successfully

2023-12-18 17:18:26 - [TEST_STEP][PASSED] - click(findTestObject("Object Repository/Page_Home - RisQIT/button_Main Menu")): Object: 'Object Repository/Page_Home - RisQIT/button_Main Menu' is clicked on

2023-12-18 17:18:26 - [MESSAGE][PASSED] - Object: 'Object Repository/Page_Home - RisQIT/button_Main Menu' is clicked on

2023-12-18 17:18:26 - [TEST_STEP][PASSED] - click(findTestObject("Object Repository/Page_Software Testing - RisQIT/a_Diensten")): Object: 'Object Repository/Page_Software Testing - RisQIT/a_Diensten' is clicked on

2023-12-18 17:18:27 - [MESSAGE][PASSED] - Object: 'Object Repository/Page_Software Testing - RisQIT/a_Diensten' is clicked on

2023-12-18 17:18:27 - [TEST_STEP][PASSED] - click(findTestObject("Object Repository/Page_UX Lab - RisQIT/button_Menu schakelen")): Object: 'Object Repository/Page_UX Lab - RisQIT/button_Menu schakelen' is clicked on

2023-12-18 17:18:27 - [MESSAGE][PASSED] - Object: 'Object Repository/Page_UX Lab - RisQIT/button_Menu schakelen' is clicked on

2023-12-18 17:18:27 - [TEST_STEP][PASSED] - click(findTestObject("Object Repository/Page_Vacatures - RisQIT/div_Contact opnemen")): Object: 'Object Repository/Page_Vacatures - RisQIT/div_Contact opnemen' is clicked on

2023-12-18 17:18:27 - [MESSAGE][PASSED] - Object: 'Object Repository/Page_Vacatures - RisQIT/div_Contact opnemen' is clicked on

2023-12-18 17:18:27 - [TEST_STEP][PASSED] - verifyElementText(findTestObject("Object Repository/Page_Contact - RisQIT/h1_Contact"), "Contact"): Actual text and expected text of test object 'Object Repository/Page_Contact - RisQIT/h1_Contact' are matched.

2023-12-18 17:18:28 - [MESSAGE][PASSED] - Actual text and expected text of test object 'Object Repository/Page_Contact - RisQIT/h1_Contact' are matched.

2023-12-18 17:18:28 - [TEST_STEP][PASSED] - navigateToUrl(actual_url): Navigate to 'https://nlrisqitww-chaca.savviihq.com/ux-lab/' successfully

2023-12-18 17:18:28 - [MESSAGE][PASSED] - Navigate to 'https://nlrisqitww-chaca.savviihq.com/ux-lab/' successfully

2023-12-18 17:18:28 - [TEST_STEP][PASSED] - click(findTestObject("Object Repository/Page_Contact - RisQIT/img_custom-logo entered lazyloaded")): Object: 'Object Repository/Page_Contact - RisQIT/img_custom-logo entered lazyloaded' is clicked on

2023-12-18 17:18:29 - [MESSAGE][PASSED] - Object: 'Object Repository/Page_Contact - RisQIT/img_custom-logo entered lazyloaded' is clicked on

2023-12-18 17:18:29 - [TEST_STEP][PASSED] - verifyElementText(findTestObject("Object Repository/Page_Home - RisQIT/h1_Ga voor duurzaamheid en vertrouwen, same_4bc4a8"), "Ga voor duurzaamheid en vertrouwen, samen met ons!"): Actual text and expected text of test object 'Object Repository/Page_Home - RisQIT/h1_Ga voor duurzaamheid en vertrouwen, same_4bc4a8' are matched.

2023-12-18 17:18:29 - [MESSAGE][PASSED] - Actual text and expected text of test object 'Object Repository/Page_Home - RisQIT/h1_Ga voor duurzaamheid en vertrouwen, same_4bc4a8' are matched.

2023-12-18 17:18:29 - [MESSAGE][PASSED] - Call Test Case 'Test Cases/Menu/RT000.2 MobileMenu' successfully

2023-12-18 17:18:29 - [TEST_STEP][PASSED] - closeBrowser(): Browser is closed

2023-12-18 17:18:29 - [MESSAGE][PASSED] - Browser is closed]]></system-out>
         <system-err><![CDATA[]]></system-err>
      </testcase>
      <testcase name="Test Cases/Menu/RT020 MobileMenu - Over Ons" time="28.101" classname="Test Cases/Menu/RT020 MobileMenu - Over Ons" status="PASSED">
         <system-out><![CDATA[2023-12-18 17:18:29 - [TEST_CASE][PASSED] - Test Cases/Menu/RT020 MobileMenu - Over Ons: Test Cases/Menu/RT020 MobileMenu - Over Ons

2023-12-18 17:18:29 - [TEST_STEP][PASSED] - openBrowser(""): Browser is opened with url: ''

2023-12-18 17:18:29 - [MESSAGE][INFO] - Starting 'Chrome' driver

2023-12-18 17:18:29 - [MESSAGE][INFO] - Action delay is set to 0 milliseconds

2023-12-18 17:18:30 - [MESSAGE][PASSED] - Browser is opened with url: ''

2023-12-18 17:18:30 - [TEST_STEP][PASSED] - navigateToUrl(URL + OVER_ONS): Navigate to 'https://nlrisqitww-chaca.savviihq.com/over-ons/' successfully

2023-12-18 17:18:30 - [MESSAGE][PASSED] - Navigate to 'https://nlrisqitww-chaca.savviihq.com/over-ons/' successfully

2023-12-18 17:18:30 - [TEST_STEP][PASSED] - callTestCase(findTestCase("Menu/RT000.2 MobileMenu"), [:], STOP_ON_FAILURE): Call Test Case 'Test Cases/Menu/RT000.2 MobileMenu' successfully

2023-12-18 17:18:30 - [TEST_CASE][PASSED] - Test Cases/Menu/RT000.2 MobileMenu: Test Cases/Menu/RT000.2 MobileMenu

2023-12-18 17:18:30 - [TEST_STEP][PASSED] - setViewPortSize(912, 1000): Viewport is set to new size with width = 912 and height = 1000

2023-12-18 17:18:30 - [MESSAGE][PASSED] - Viewport is set to new size with width = 912 and height = 1000

2023-12-18 17:18:30 - [TEST_STEP][PASSED] - actual_url = getUrl(): Current window's url is: 'https://nlrisqitww-chaca.savviihq.com/over-ons/'

2023-12-18 17:18:30 - [MESSAGE][PASSED] - Current window's url is: 'https://nlrisqitww-chaca.savviihq.com/over-ons/'

2023-12-18 17:18:30 - [TEST_STEP][PASSED] - verifyElementPresent(findTestObject("Object Repository/Page_Home - RisQIT/button_Main Menu"), 0): Object 'Object Repository/Page_Home - RisQIT/button_Main Menu' is present

2023-12-18 17:18:31 - [MESSAGE][WARNING] - Timeout '0' is invalid. Using default page load timeout: '30'

2023-12-18 17:18:31 - [MESSAGE][PASSED] - Object 'Object Repository/Page_Home - RisQIT/button_Main Menu' is present

2023-12-18 17:18:31 - [TEST_STEP][PASSED] - click(findTestObject("Object Repository/Page_Home - RisQIT/button_Main Menu")): Object: 'Object Repository/Page_Home - RisQIT/button_Main Menu' is clicked on

2023-12-18 17:18:31 - [MESSAGE][PASSED] - Object: 'Object Repository/Page_Home - RisQIT/button_Main Menu' is clicked on

2023-12-18 17:18:31 - [TEST_STEP][PASSED] - verifyElementText(findTestObject("Object Repository/Page_Home - RisQIT/a_Diensten"), "Diensten"): Actual text and expected text of test object 'Object Repository/Page_Home - RisQIT/a_Diensten' are matched.

2023-12-18 17:18:32 - [MESSAGE][PASSED] - Actual text and expected text of test object 'Object Repository/Page_Home - RisQIT/a_Diensten' are matched.

2023-12-18 17:18:32 - [TEST_STEP][PASSED] - verifyElementText(findTestObject("Object Repository/Page_Home - RisQIT/a_Over ons"), "Over ons"): Actual text and expected text of test object 'Object Repository/Page_Home - RisQIT/a_Over ons' are matched.

2023-12-18 17:18:33 - [MESSAGE][PASSED] - Actual text and expected text of test object 'Object Repository/Page_Home - RisQIT/a_Over ons' are matched.

2023-12-18 17:18:33 - [TEST_STEP][PASSED] - verifyElementText(findTestObject("Object Repository/Page_Home - RisQIT/a_Blog"), "Blog"): Actual text and expected text of test object 'Object Repository/Page_Home - RisQIT/a_Blog' are matched.

2023-12-18 17:18:33 - [MESSAGE][PASSED] - Actual text and expected text of test object 'Object Repository/Page_Home - RisQIT/a_Blog' are matched.

2023-12-18 17:18:33 - [TEST_STEP][PASSED] - verifyElementText(findTestObject("Object Repository/Page_Home - RisQIT/a_Vacatures"), "Vacatures"): Actual text and expected text of test object 'Object Repository/Page_Home - RisQIT/a_Vacatures' are matched.

2023-12-18 17:18:33 - [MESSAGE][PASSED] - Actual text and expected text of test object 'Object Repository/Page_Home - RisQIT/a_Vacatures' are matched.

2023-12-18 17:18:33 - [TEST_STEP][PASSED] - verifyElementText(findTestObject("Object Repository/Page_Home - RisQIT/div_Contact opnemen"), "Contact opnemen"): Actual text and expected text of test object 'Object Repository/Page_Home - RisQIT/div_Contact opnemen' are matched.

2023-12-18 17:18:33 - [MESSAGE][PASSED] - Actual text and expected text of test object 'Object Repository/Page_Home - RisQIT/div_Contact opnemen' are matched.

2023-12-18 17:18:33 - [TEST_STEP][PASSED] - click(findTestObject("Object Repository/Page_Home - RisQIT/button_Menu schakelen")): Object: 'Object Repository/Page_Home - RisQIT/button_Menu schakelen' is clicked on

2023-12-18 17:18:34 - [MESSAGE][PASSED] - Object: 'Object Repository/Page_Home - RisQIT/button_Menu schakelen' is clicked on

2023-12-18 17:18:34 - [TEST_STEP][PASSED] - verifyElementText(findTestObject("Object Repository/Page_Home - RisQIT/a_Software Testing"), "Software Testing"): Actual text and expected text of test object 'Object Repository/Page_Home - RisQIT/a_Software Testing' are matched.

2023-12-18 17:18:34 - [MESSAGE][PASSED] - Actual text and expected text of test object 'Object Repository/Page_Home - RisQIT/a_Software Testing' are matched.

2023-12-18 17:18:34 - [TEST_STEP][PASSED] - verifyElementText(findTestObject("Object Repository/Page_Home - RisQIT/a_Security en HackersTest (SHT)"), "Security en HackersTest (SHT)"): Actual text and expected text of test object 'Object Repository/Page_Home - RisQIT/a_Security en HackersTest (SHT)' are matched.

2023-12-18 17:18:34 - [MESSAGE][PASSED] - Actual text and expected text of test object 'Object Repository/Page_Home - RisQIT/a_Security en HackersTest (SHT)' are matched.

2023-12-18 17:18:34 - [TEST_STEP][PASSED] - verifyElementText(findTestObject("Object Repository/Page_Home - RisQIT/a_UX Lab"), "UX Lab"): Actual text and expected text of test object 'Object Repository/Page_Home - RisQIT/a_UX Lab' are matched.

2023-12-18 17:18:35 - [MESSAGE][PASSED] - Actual text and expected text of test object 'Object Repository/Page_Home - RisQIT/a_UX Lab' are matched.

2023-12-18 17:18:35 - [TEST_STEP][PASSED] - click(findTestObject("Object Repository/Page_Home - RisQIT/a_Software Testing")): Object: 'Object Repository/Page_Home - RisQIT/a_Software Testing' is clicked on

2023-12-18 17:18:35 - [MESSAGE][PASSED] - Object: 'Object Repository/Page_Home - RisQIT/a_Software Testing' is clicked on

2023-12-18 17:18:35 - [TEST_STEP][PASSED] - verifyElementText(findTestObject("Object Repository/Page_Software Testing - RisQIT/h1_Software Testing"), "Software Testing"): Actual text and expected text of test object 'Object Repository/Page_Software Testing - RisQIT/h1_Software Testing' are matched.

2023-12-18 17:18:36 - [MESSAGE][PASSED] - Actual text and expected text of test object 'Object Repository/Page_Software Testing - RisQIT/h1_Software Testing' are matched.

2023-12-18 17:18:36 - [TEST_STEP][PASSED] - navigateToUrl(actual_url): Navigate to 'https://nlrisqitww-chaca.savviihq.com/over-ons/' successfully

2023-12-18 17:18:36 - [MESSAGE][PASSED] - Navigate to 'https://nlrisqitww-chaca.savviihq.com/over-ons/' successfully

2023-12-18 17:18:36 - [TEST_STEP][PASSED] - click(findTestObject("Object Repository/Page_Home - RisQIT/button_Main Menu")): Object: 'Object Repository/Page_Home - RisQIT/button_Main Menu' is clicked on

2023-12-18 17:18:36 - [MESSAGE][PASSED] - Object: 'Object Repository/Page_Home - RisQIT/button_Main Menu' is clicked on

2023-12-18 17:18:36 - [TEST_STEP][PASSED] - click(findTestObject("Object Repository/Page_Software Testing - RisQIT/a_Diensten")): Object: 'Object Repository/Page_Software Testing - RisQIT/a_Diensten' is clicked on

2023-12-18 17:18:37 - [MESSAGE][PASSED] - Object: 'Object Repository/Page_Software Testing - RisQIT/a_Diensten' is clicked on

2023-12-18 17:18:37 - [TEST_STEP][PASSED] - click(findTestObject("Object Repository/Page_Software Testing - RisQIT/button_Menu schakelen")): Object: 'Object Repository/Page_Software Testing - RisQIT/button_Menu schakelen' is clicked on

2023-12-18 17:18:37 - [MESSAGE][PASSED] - Object: 'Object Repository/Page_Software Testing - RisQIT/button_Menu schakelen' is clicked on

2023-12-18 17:18:37 - [TEST_STEP][PASSED] - click(findTestObject("Object Repository/Page_Software Testing - RisQIT/a_Security en HackersTest (SHT)")): Object: 'Object Repository/Page_Software Testing - RisQIT/a_Security en HackersTest (SHT)' is clicked on

2023-12-18 17:18:38 - [MESSAGE][PASSED] - Object: 'Object Repository/Page_Software Testing - RisQIT/a_Security en HackersTest (SHT)' is clicked on

2023-12-18 17:18:38 - [TEST_STEP][PASSED] - verifyElementText(findTestObject("Page_Security en HackersTest (SHT) - RisQIT/h1_Security en HackersTest (SHT)"), "Security En HackersTest (SHT)"): Actual text and expected text of test object 'Object Repository/Page_Security en HackersTest (SHT) - RisQIT/h1_Security en HackersTest (SHT)' are matched.

2023-12-18 17:18:38 - [MESSAGE][PASSED] - Actual text and expected text of test object 'Object Repository/Page_Security en HackersTest (SHT) - RisQIT/h1_Security en HackersTest (SHT)' are matched.

2023-12-18 17:18:38 - [TEST_STEP][PASSED] - navigateToUrl(actual_url): Navigate to 'https://nlrisqitww-chaca.savviihq.com/over-ons/' successfully

2023-12-18 17:18:38 - [MESSAGE][PASSED] - Navigate to 'https://nlrisqitww-chaca.savviihq.com/over-ons/' successfully

2023-12-18 17:18:38 - [TEST_STEP][PASSED] - click(findTestObject("Object Repository/Page_Home - RisQIT/button_Main Menu")): Object: 'Object Repository/Page_Home - RisQIT/button_Main Menu' is clicked on

2023-12-18 17:18:39 - [MESSAGE][PASSED] - Object: 'Object Repository/Page_Home - RisQIT/button_Main Menu' is clicked on

2023-12-18 17:18:39 - [TEST_STEP][PASSED] - click(findTestObject("Object Repository/Page_Software Testing - RisQIT/a_Diensten")): Object: 'Object Repository/Page_Software Testing - RisQIT/a_Diensten' is clicked on

2023-12-18 17:18:39 - [MESSAGE][PASSED] - Object: 'Object Repository/Page_Software Testing - RisQIT/a_Diensten' is clicked on

2023-12-18 17:18:39 - [TEST_STEP][PASSED] - click(findTestObject("Object Repository/Page_Software Testing - RisQIT/button_Menu schakelen")): Object: 'Object Repository/Page_Software Testing - RisQIT/button_Menu schakelen' is clicked on

2023-12-18 17:18:40 - [MESSAGE][PASSED] - Object: 'Object Repository/Page_Software Testing - RisQIT/button_Menu schakelen' is clicked on

2023-12-18 17:18:40 - [TEST_STEP][PASSED] - click(findTestObject("Object Repository/Page_Security en HackersTest (SHT) - RisQIT/a_UX Lab")): Object: 'Object Repository/Page_Security en HackersTest (SHT) - RisQIT/a_UX Lab' is clicked on

2023-12-18 17:18:40 - [MESSAGE][PASSED] - Object: 'Object Repository/Page_Security en HackersTest (SHT) - RisQIT/a_UX Lab' is clicked on

2023-12-18 17:18:40 - [TEST_STEP][PASSED] - verifyElementText(findTestObject("Object Repository/Page_UX Lab - RisQIT/h1_UX Lab"), "UX Lab"): Actual text and expected text of test object 'Object Repository/Page_UX Lab - RisQIT/h1_UX Lab' are matched.

2023-12-18 17:18:41 - [MESSAGE][PASSED] - Actual text and expected text of test object 'Object Repository/Page_UX Lab - RisQIT/h1_UX Lab' are matched.

2023-12-18 17:18:41 - [TEST_STEP][PASSED] - navigateToUrl(actual_url): Navigate to 'https://nlrisqitww-chaca.savviihq.com/over-ons/' successfully

2023-12-18 17:18:41 - [MESSAGE][PASSED] - Navigate to 'https://nlrisqitww-chaca.savviihq.com/over-ons/' successfully

2023-12-18 17:18:41 - [TEST_STEP][PASSED] - click(findTestObject("Object Repository/Page_Home - RisQIT/button_Main Menu")): Object: 'Object Repository/Page_Home - RisQIT/button_Main Menu' is clicked on

2023-12-18 17:18:41 - [MESSAGE][PASSED] - Object: 'Object Repository/Page_Home - RisQIT/button_Main Menu' is clicked on

2023-12-18 17:18:41 - [TEST_STEP][PASSED] - click(findTestObject("Object Repository/Page_Software Testing - RisQIT/a_Diensten")): Object: 'Object Repository/Page_Software Testing - RisQIT/a_Diensten' is clicked on

2023-12-18 17:18:42 - [MESSAGE][PASSED] - Object: 'Object Repository/Page_Software Testing - RisQIT/a_Diensten' is clicked on

2023-12-18 17:18:42 - [TEST_STEP][PASSED] - click(findTestObject("Object Repository/Page_UX Lab - RisQIT/button_Menu schakelen")): Object: 'Object Repository/Page_UX Lab - RisQIT/button_Menu schakelen' is clicked on

2023-12-18 17:18:42 - [MESSAGE][PASSED] - Object: 'Object Repository/Page_UX Lab - RisQIT/button_Menu schakelen' is clicked on

2023-12-18 17:18:42 - [TEST_STEP][PASSED] - verifyElementText(findTestObject("Object Repository/Page_UX Lab - RisQIT/a_Missie  Visie"), "Missie & Visie"): Actual text and expected text of test object 'Object Repository/Page_UX Lab - RisQIT/a_Missie  Visie' are matched.

2023-12-18 17:18:42 - [MESSAGE][PASSED] - Actual text and expected text of test object 'Object Repository/Page_UX Lab - RisQIT/a_Missie  Visie' are matched.

2023-12-18 17:18:42 - [TEST_STEP][PASSED] - verifyElementText(findTestObject("Object Repository/Page_UX Lab - RisQIT/a_Het Gilde"), "Het Gilde"): Actual text and expected text of test object 'Object Repository/Page_UX Lab - RisQIT/a_Het Gilde' are matched.

2023-12-18 17:18:43 - [MESSAGE][PASSED] - Actual text and expected text of test object 'Object Repository/Page_UX Lab - RisQIT/a_Het Gilde' are matched.

2023-12-18 17:18:43 - [TEST_STEP][PASSED] - verifyElementText(findTestObject("Object Repository/Page_UX Lab - RisQIT/a_SuperTester"), "SuperTester"): Actual text and expected text of test object 'Object Repository/Page_UX Lab - RisQIT/a_SuperTester' are matched.

2023-12-18 17:18:43 - [MESSAGE][PASSED] - Actual text and expected text of test object 'Object Repository/Page_UX Lab - RisQIT/a_SuperTester' are matched.

2023-12-18 17:18:43 - [TEST_STEP][PASSED] - click(findTestObject("Object Repository/Page_UX Lab - RisQIT/a_Missie  Visie")): Object: 'Object Repository/Page_UX Lab - RisQIT/a_Missie  Visie' is clicked on

2023-12-18 17:18:43 - [MESSAGE][PASSED] - Object: 'Object Repository/Page_UX Lab - RisQIT/a_Missie  Visie' is clicked on

2023-12-18 17:18:43 - [TEST_STEP][PASSED] - verifyElementText(findTestObject("Object Repository/Page_Missie  Visie - RisQIT/h1_Missie  Visie"), "Missie & Visie"): Actual text and expected text of test object 'Object Repository/Page_Missie  Visie - RisQIT/h1_Missie  Visie' are matched.

2023-12-18 17:18:44 - [MESSAGE][PASSED] - Actual text and expected text of test object 'Object Repository/Page_Missie  Visie - RisQIT/h1_Missie  Visie' are matched.

2023-12-18 17:18:44 - [TEST_STEP][PASSED] - navigateToUrl(actual_url): Navigate to 'https://nlrisqitww-chaca.savviihq.com/over-ons/' successfully

2023-12-18 17:18:44 - [MESSAGE][PASSED] - Navigate to 'https://nlrisqitww-chaca.savviihq.com/over-ons/' successfully

2023-12-18 17:18:44 - [TEST_STEP][PASSED] - click(findTestObject("Object Repository/Page_Home - RisQIT/button_Main Menu")): Object: 'Object Repository/Page_Home - RisQIT/button_Main Menu' is clicked on

2023-12-18 17:18:44 - [MESSAGE][PASSED] - Object: 'Object Repository/Page_Home - RisQIT/button_Main Menu' is clicked on

2023-12-18 17:18:44 - [TEST_STEP][PASSED] - click(findTestObject("Object Repository/Page_Software Testing - RisQIT/a_Diensten")): Object: 'Object Repository/Page_Software Testing - RisQIT/a_Diensten' is clicked on

2023-12-18 17:18:45 - [MESSAGE][PASSED] - Object: 'Object Repository/Page_Software Testing - RisQIT/a_Diensten' is clicked on

2023-12-18 17:18:45 - [TEST_STEP][PASSED] - click(findTestObject("Object Repository/Page_UX Lab - RisQIT/button_Menu schakelen")): Object: 'Object Repository/Page_UX Lab - RisQIT/button_Menu schakelen' is clicked on

2023-12-18 17:18:45 - [MESSAGE][PASSED] - Object: 'Object Repository/Page_UX Lab - RisQIT/button_Menu schakelen' is clicked on

2023-12-18 17:18:45 - [TEST_STEP][PASSED] - click(findTestObject("Object Repository/Page_Missie  Visie - RisQIT/a_Het Gilde")): Object: 'Object Repository/Page_Missie  Visie - RisQIT/a_Het Gilde' is clicked on

2023-12-18 17:18:46 - [MESSAGE][PASSED] - Object: 'Object Repository/Page_Missie  Visie - RisQIT/a_Het Gilde' is clicked on

2023-12-18 17:18:46 - [TEST_STEP][PASSED] - verifyElementText(findTestObject("Object Repository/Page_Het Gilde - RisQIT/h1_Het Gilde"), "Het Gilde"): Actual text and expected text of test object 'Object Repository/Page_Het Gilde - RisQIT/h1_Het Gilde' are matched.

2023-12-18 17:18:46 - [MESSAGE][PASSED] - Actual text and expected text of test object 'Object Repository/Page_Het Gilde - RisQIT/h1_Het Gilde' are matched.

2023-12-18 17:18:46 - [TEST_STEP][PASSED] - navigateToUrl(actual_url): Navigate to 'https://nlrisqitww-chaca.savviihq.com/over-ons/' successfully

2023-12-18 17:18:46 - [MESSAGE][PASSED] - Navigate to 'https://nlrisqitww-chaca.savviihq.com/over-ons/' successfully

2023-12-18 17:18:46 - [TEST_STEP][PASSED] - click(findTestObject("Object Repository/Page_Home - RisQIT/button_Main Menu")): Object: 'Object Repository/Page_Home - RisQIT/button_Main Menu' is clicked on

2023-12-18 17:18:47 - [MESSAGE][PASSED] - Object: 'Object Repository/Page_Home - RisQIT/button_Main Menu' is clicked on

2023-12-18 17:18:47 - [TEST_STEP][PASSED] - click(findTestObject("Object Repository/Page_Software Testing - RisQIT/a_Diensten")): Object: 'Object Repository/Page_Software Testing - RisQIT/a_Diensten' is clicked on

2023-12-18 17:18:48 - [MESSAGE][PASSED] - Object: 'Object Repository/Page_Software Testing - RisQIT/a_Diensten' is clicked on

2023-12-18 17:18:48 - [TEST_STEP][PASSED] - click(findTestObject("Object Repository/Page_UX Lab - RisQIT/button_Menu schakelen")): Object: 'Object Repository/Page_UX Lab - RisQIT/button_Menu schakelen' is clicked on

2023-12-18 17:18:48 - [MESSAGE][PASSED] - Object: 'Object Repository/Page_UX Lab - RisQIT/button_Menu schakelen' is clicked on

2023-12-18 17:18:48 - [TEST_STEP][PASSED] - click(findTestObject("Object Repository/Page_Het Gilde - RisQIT/a_SuperTester")): Object: 'Object Repository/Page_Het Gilde - RisQIT/a_SuperTester' is clicked on

2023-12-18 17:18:48 - [MESSAGE][PASSED] - Object: 'Object Repository/Page_Het Gilde - RisQIT/a_SuperTester' is clicked on

2023-12-18 17:18:48 - [TEST_STEP][PASSED] - verifyElementText(findTestObject("Object Repository/Page_SuperTester - RisQIT/h1_Whitepaper SuperTester"), "Whitepaper SuperTester"): Actual text and expected text of test object 'Object Repository/Page_SuperTester - RisQIT/h1_Whitepaper SuperTester' are matched.

2023-12-18 17:18:49 - [MESSAGE][PASSED] - Actual text and expected text of test object 'Object Repository/Page_SuperTester - RisQIT/h1_Whitepaper SuperTester' are matched.

2023-12-18 17:18:49 - [TEST_STEP][PASSED] - navigateToUrl(actual_url): Navigate to 'https://nlrisqitww-chaca.savviihq.com/over-ons/' successfully

2023-12-18 17:18:49 - [MESSAGE][PASSED] - Navigate to 'https://nlrisqitww-chaca.savviihq.com/over-ons/' successfully

2023-12-18 17:18:49 - [TEST_STEP][PASSED] - click(findTestObject("Object Repository/Page_Home - RisQIT/button_Main Menu")): Object: 'Object Repository/Page_Home - RisQIT/button_Main Menu' is clicked on

2023-12-18 17:18:49 - [MESSAGE][PASSED] - Object: 'Object Repository/Page_Home - RisQIT/button_Main Menu' is clicked on

2023-12-18 17:18:49 - [TEST_STEP][PASSED] - click(findTestObject("Object Repository/Page_Software Testing - RisQIT/a_Diensten")): Object: 'Object Repository/Page_Software Testing - RisQIT/a_Diensten' is clicked on

2023-12-18 17:18:50 - [MESSAGE][PASSED] - Object: 'Object Repository/Page_Software Testing - RisQIT/a_Diensten' is clicked on

2023-12-18 17:18:50 - [TEST_STEP][PASSED] - click(findTestObject("Object Repository/Page_UX Lab - RisQIT/button_Menu schakelen")): Object: 'Object Repository/Page_UX Lab - RisQIT/button_Menu schakelen' is clicked on

2023-12-18 17:18:50 - [MESSAGE][PASSED] - Object: 'Object Repository/Page_UX Lab - RisQIT/button_Menu schakelen' is clicked on

2023-12-18 17:18:50 - [TEST_STEP][PASSED] - click(findTestObject("Object Repository/Page_Het Gilde - RisQIT/a_Blog")): Object: 'Object Repository/Page_Het Gilde - RisQIT/a_Blog' is clicked on

2023-12-18 17:18:51 - [MESSAGE][PASSED] - Object: 'Object Repository/Page_Het Gilde - RisQIT/a_Blog' is clicked on

2023-12-18 17:18:51 - [TEST_STEP][PASSED] - verifyElementText(findTestObject("Object Repository/Page_Blog - RisQIT/h1_Blog"), "Blog"): Actual text and expected text of test object 'Object Repository/Page_Blog - RisQIT/h1_Blog' are matched.

2023-12-18 17:18:51 - [MESSAGE][PASSED] - Actual text and expected text of test object 'Object Repository/Page_Blog - RisQIT/h1_Blog' are matched.

2023-12-18 17:18:51 - [TEST_STEP][PASSED] - navigateToUrl(actual_url): Navigate to 'https://nlrisqitww-chaca.savviihq.com/over-ons/' successfully

2023-12-18 17:18:51 - [MESSAGE][PASSED] - Navigate to 'https://nlrisqitww-chaca.savviihq.com/over-ons/' successfully

2023-12-18 17:18:51 - [TEST_STEP][PASSED] - click(findTestObject("Object Repository/Page_Home - RisQIT/button_Main Menu")): Object: 'Object Repository/Page_Home - RisQIT/button_Main Menu' is clicked on

2023-12-18 17:18:52 - [MESSAGE][PASSED] - Object: 'Object Repository/Page_Home - RisQIT/button_Main Menu' is clicked on

2023-12-18 17:18:52 - [TEST_STEP][PASSED] - click(findTestObject("Object Repository/Page_Software Testing - RisQIT/a_Diensten")): Object: 'Object Repository/Page_Software Testing - RisQIT/a_Diensten' is clicked on

2023-12-18 17:18:52 - [MESSAGE][PASSED] - Object: 'Object Repository/Page_Software Testing - RisQIT/a_Diensten' is clicked on

2023-12-18 17:18:52 - [TEST_STEP][PASSED] - click(findTestObject("Object Repository/Page_UX Lab - RisQIT/button_Menu schakelen")): Object: 'Object Repository/Page_UX Lab - RisQIT/button_Menu schakelen' is clicked on

2023-12-18 17:18:53 - [MESSAGE][PASSED] - Object: 'Object Repository/Page_UX Lab - RisQIT/button_Menu schakelen' is clicked on

2023-12-18 17:18:53 - [TEST_STEP][PASSED] - click(findTestObject("Object Repository/Page_Blog - RisQIT/a_Vacatures")): Object: 'Object Repository/Page_Blog - RisQIT/a_Vacatures' is clicked on

2023-12-18 17:18:53 - [MESSAGE][PASSED] - Object: 'Object Repository/Page_Blog - RisQIT/a_Vacatures' is clicked on

2023-12-18 17:18:53 - [TEST_STEP][PASSED] - verifyElementText(findTestObject("Object Repository/Page_Vacatures - RisQIT/h1_Vacatures"), "Vacatures"): Actual text and expected text of test object 'Object Repository/Page_Vacatures - RisQIT/h1_Vacatures' are matched.

2023-12-18 17:18:54 - [MESSAGE][PASSED] - Actual text and expected text of test object 'Object Repository/Page_Vacatures - RisQIT/h1_Vacatures' are matched.

2023-12-18 17:18:54 - [TEST_STEP][PASSED] - navigateToUrl(actual_url): Navigate to 'https://nlrisqitww-chaca.savviihq.com/over-ons/' successfully

2023-12-18 17:18:54 - [MESSAGE][PASSED] - Navigate to 'https://nlrisqitww-chaca.savviihq.com/over-ons/' successfully

2023-12-18 17:18:54 - [TEST_STEP][PASSED] - click(findTestObject("Object Repository/Page_Home - RisQIT/button_Main Menu")): Object: 'Object Repository/Page_Home - RisQIT/button_Main Menu' is clicked on

2023-12-18 17:18:54 - [MESSAGE][PASSED] - Object: 'Object Repository/Page_Home - RisQIT/button_Main Menu' is clicked on

2023-12-18 17:18:54 - [TEST_STEP][PASSED] - click(findTestObject("Object Repository/Page_Software Testing - RisQIT/a_Diensten")): Object: 'Object Repository/Page_Software Testing - RisQIT/a_Diensten' is clicked on

2023-12-18 17:18:55 - [MESSAGE][PASSED] - Object: 'Object Repository/Page_Software Testing - RisQIT/a_Diensten' is clicked on

2023-12-18 17:18:55 - [TEST_STEP][PASSED] - click(findTestObject("Object Repository/Page_UX Lab - RisQIT/button_Menu schakelen")): Object: 'Object Repository/Page_UX Lab - RisQIT/button_Menu schakelen' is clicked on

2023-12-18 17:18:55 - [MESSAGE][PASSED] - Object: 'Object Repository/Page_UX Lab - RisQIT/button_Menu schakelen' is clicked on

2023-12-18 17:18:55 - [TEST_STEP][PASSED] - click(findTestObject("Object Repository/Page_Vacatures - RisQIT/div_Contact opnemen")): Object: 'Object Repository/Page_Vacatures - RisQIT/div_Contact opnemen' is clicked on

2023-12-18 17:18:56 - [MESSAGE][PASSED] - Object: 'Object Repository/Page_Vacatures - RisQIT/div_Contact opnemen' is clicked on

2023-12-18 17:18:56 - [TEST_STEP][PASSED] - verifyElementText(findTestObject("Object Repository/Page_Contact - RisQIT/h1_Contact"), "Contact"): Actual text and expected text of test object 'Object Repository/Page_Contact - RisQIT/h1_Contact' are matched.

2023-12-18 17:18:56 - [MESSAGE][PASSED] - Actual text and expected text of test object 'Object Repository/Page_Contact - RisQIT/h1_Contact' are matched.

2023-12-18 17:18:56 - [TEST_STEP][PASSED] - navigateToUrl(actual_url): Navigate to 'https://nlrisqitww-chaca.savviihq.com/over-ons/' successfully

2023-12-18 17:18:56 - [MESSAGE][PASSED] - Navigate to 'https://nlrisqitww-chaca.savviihq.com/over-ons/' successfully

2023-12-18 17:18:56 - [TEST_STEP][PASSED] - click(findTestObject("Object Repository/Page_Contact - RisQIT/img_custom-logo entered lazyloaded")): Object: 'Object Repository/Page_Contact - RisQIT/img_custom-logo entered lazyloaded' is clicked on

2023-12-18 17:18:57 - [MESSAGE][PASSED] - Object: 'Object Repository/Page_Contact - RisQIT/img_custom-logo entered lazyloaded' is clicked on

2023-12-18 17:18:57 - [TEST_STEP][PASSED] - verifyElementText(findTestObject("Object Repository/Page_Home - RisQIT/h1_Ga voor duurzaamheid en vertrouwen, same_4bc4a8"), "Ga voor duurzaamheid en vertrouwen, samen met ons!"): Actual text and expected text of test object 'Object Repository/Page_Home - RisQIT/h1_Ga voor duurzaamheid en vertrouwen, same_4bc4a8' are matched.

2023-12-18 17:18:57 - [MESSAGE][PASSED] - Actual text and expected text of test object 'Object Repository/Page_Home - RisQIT/h1_Ga voor duurzaamheid en vertrouwen, same_4bc4a8' are matched.

2023-12-18 17:18:57 - [MESSAGE][PASSED] - Call Test Case 'Test Cases/Menu/RT000.2 MobileMenu' successfully

2023-12-18 17:18:57 - [TEST_STEP][PASSED] - closeBrowser(): Browser is closed

2023-12-18 17:18:57 - [MESSAGE][PASSED] - Browser is closed]]></system-out>
         <system-err><![CDATA[]]></system-err>
      </testcase>
      <testcase name="Test Cases/Menu/RT021 MobileMenu - Missie_Visie" time="28.313" classname="Test Cases/Menu/RT021 MobileMenu - Missie_Visie" status="PASSED">
         <system-out><![CDATA[2023-12-18 17:18:57 - [TEST_CASE][PASSED] - Test Cases/Menu/RT021 MobileMenu - Missie_Visie: Test Cases/Menu/RT021 MobileMenu - Missie_Visie

2023-12-18 17:18:57 - [TEST_STEP][PASSED] - openBrowser(""): Browser is opened with url: ''

2023-12-18 17:18:57 - [MESSAGE][INFO] - Starting 'Chrome' driver

2023-12-18 17:18:57 - [MESSAGE][INFO] - Action delay is set to 0 milliseconds

2023-12-18 17:18:58 - [MESSAGE][PASSED] - Browser is opened with url: ''

2023-12-18 17:18:58 - [TEST_STEP][PASSED] - navigateToUrl(URL + OVER_ONS + MISSIE_VISIE): Navigate to 'https://nlrisqitww-chaca.savviihq.com/over-ons/missie-visie/' successfully

2023-12-18 17:18:58 - [MESSAGE][PASSED] - Navigate to 'https://nlrisqitww-chaca.savviihq.com/over-ons/missie-visie/' successfully

2023-12-18 17:18:58 - [TEST_STEP][PASSED] - callTestCase(findTestCase("Menu/RT000.2 MobileMenu"), [:], STOP_ON_FAILURE): Call Test Case 'Test Cases/Menu/RT000.2 MobileMenu' successfully

2023-12-18 17:18:58 - [TEST_CASE][PASSED] - Test Cases/Menu/RT000.2 MobileMenu: Test Cases/Menu/RT000.2 MobileMenu

2023-12-18 17:18:58 - [TEST_STEP][PASSED] - setViewPortSize(912, 1000): Viewport is set to new size with width = 912 and height = 1000

2023-12-18 17:18:59 - [MESSAGE][PASSED] - Viewport is set to new size with width = 912 and height = 1000

2023-12-18 17:18:59 - [TEST_STEP][PASSED] - actual_url = getUrl(): Current window's url is: 'https://nlrisqitww-chaca.savviihq.com/over-ons/missie-visie/'

2023-12-18 17:18:59 - [MESSAGE][PASSED] - Current window's url is: 'https://nlrisqitww-chaca.savviihq.com/over-ons/missie-visie/'

2023-12-18 17:18:59 - [TEST_STEP][PASSED] - verifyElementPresent(findTestObject("Object Repository/Page_Home - RisQIT/button_Main Menu"), 0): Object 'Object Repository/Page_Home - RisQIT/button_Main Menu' is present

2023-12-18 17:18:59 - [MESSAGE][WARNING] - Timeout '0' is invalid. Using default page load timeout: '30'

2023-12-18 17:18:59 - [MESSAGE][PASSED] - Object 'Object Repository/Page_Home - RisQIT/button_Main Menu' is present

2023-12-18 17:18:59 - [TEST_STEP][PASSED] - click(findTestObject("Object Repository/Page_Home - RisQIT/button_Main Menu")): Object: 'Object Repository/Page_Home - RisQIT/button_Main Menu' is clicked on

2023-12-18 17:18:59 - [MESSAGE][PASSED] - Object: 'Object Repository/Page_Home - RisQIT/button_Main Menu' is clicked on

2023-12-18 17:18:59 - [TEST_STEP][PASSED] - verifyElementText(findTestObject("Object Repository/Page_Home - RisQIT/a_Diensten"), "Diensten"): Actual text and expected text of test object 'Object Repository/Page_Home - RisQIT/a_Diensten' are matched.

2023-12-18 17:19:00 - [MESSAGE][PASSED] - Actual text and expected text of test object 'Object Repository/Page_Home - RisQIT/a_Diensten' are matched.

2023-12-18 17:19:00 - [TEST_STEP][PASSED] - verifyElementText(findTestObject("Object Repository/Page_Home - RisQIT/a_Over ons"), "Over ons"): Actual text and expected text of test object 'Object Repository/Page_Home - RisQIT/a_Over ons' are matched.

2023-12-18 17:19:01 - [MESSAGE][PASSED] - Actual text and expected text of test object 'Object Repository/Page_Home - RisQIT/a_Over ons' are matched.

2023-12-18 17:19:01 - [TEST_STEP][PASSED] - verifyElementText(findTestObject("Object Repository/Page_Home - RisQIT/a_Blog"), "Blog"): Actual text and expected text of test object 'Object Repository/Page_Home - RisQIT/a_Blog' are matched.

2023-12-18 17:19:01 - [MESSAGE][PASSED] - Actual text and expected text of test object 'Object Repository/Page_Home - RisQIT/a_Blog' are matched.

2023-12-18 17:19:01 - [TEST_STEP][PASSED] - verifyElementText(findTestObject("Object Repository/Page_Home - RisQIT/a_Vacatures"), "Vacatures"): Actual text and expected text of test object 'Object Repository/Page_Home - RisQIT/a_Vacatures' are matched.

2023-12-18 17:19:01 - [MESSAGE][PASSED] - Actual text and expected text of test object 'Object Repository/Page_Home - RisQIT/a_Vacatures' are matched.

2023-12-18 17:19:01 - [TEST_STEP][PASSED] - verifyElementText(findTestObject("Object Repository/Page_Home - RisQIT/div_Contact opnemen"), "Contact opnemen"): Actual text and expected text of test object 'Object Repository/Page_Home - RisQIT/div_Contact opnemen' are matched.

2023-12-18 17:19:02 - [MESSAGE][PASSED] - Actual text and expected text of test object 'Object Repository/Page_Home - RisQIT/div_Contact opnemen' are matched.

2023-12-18 17:19:02 - [TEST_STEP][PASSED] - click(findTestObject("Object Repository/Page_Home - RisQIT/button_Menu schakelen")): Object: 'Object Repository/Page_Home - RisQIT/button_Menu schakelen' is clicked on

2023-12-18 17:19:02 - [MESSAGE][PASSED] - Object: 'Object Repository/Page_Home - RisQIT/button_Menu schakelen' is clicked on

2023-12-18 17:19:02 - [TEST_STEP][PASSED] - verifyElementText(findTestObject("Object Repository/Page_Home - RisQIT/a_Software Testing"), "Software Testing"): Actual text and expected text of test object 'Object Repository/Page_Home - RisQIT/a_Software Testing' are matched.

2023-12-18 17:19:02 - [MESSAGE][PASSED] - Actual text and expected text of test object 'Object Repository/Page_Home - RisQIT/a_Software Testing' are matched.

2023-12-18 17:19:02 - [TEST_STEP][PASSED] - verifyElementText(findTestObject("Object Repository/Page_Home - RisQIT/a_Security en HackersTest (SHT)"), "Security en HackersTest (SHT)"): Actual text and expected text of test object 'Object Repository/Page_Home - RisQIT/a_Security en HackersTest (SHT)' are matched.

2023-12-18 17:19:02 - [MESSAGE][PASSED] - Actual text and expected text of test object 'Object Repository/Page_Home - RisQIT/a_Security en HackersTest (SHT)' are matched.

2023-12-18 17:19:02 - [TEST_STEP][PASSED] - verifyElementText(findTestObject("Object Repository/Page_Home - RisQIT/a_UX Lab"), "UX Lab"): Actual text and expected text of test object 'Object Repository/Page_Home - RisQIT/a_UX Lab' are matched.

2023-12-18 17:19:03 - [MESSAGE][PASSED] - Actual text and expected text of test object 'Object Repository/Page_Home - RisQIT/a_UX Lab' are matched.

2023-12-18 17:19:03 - [TEST_STEP][PASSED] - click(findTestObject("Object Repository/Page_Home - RisQIT/a_Software Testing")): Object: 'Object Repository/Page_Home - RisQIT/a_Software Testing' is clicked on

2023-12-18 17:19:03 - [MESSAGE][PASSED] - Object: 'Object Repository/Page_Home - RisQIT/a_Software Testing' is clicked on

2023-12-18 17:19:03 - [TEST_STEP][PASSED] - verifyElementText(findTestObject("Object Repository/Page_Software Testing - RisQIT/h1_Software Testing"), "Software Testing"): Actual text and expected text of test object 'Object Repository/Page_Software Testing - RisQIT/h1_Software Testing' are matched.

2023-12-18 17:19:04 - [MESSAGE][PASSED] - Actual text and expected text of test object 'Object Repository/Page_Software Testing - RisQIT/h1_Software Testing' are matched.

2023-12-18 17:19:04 - [TEST_STEP][PASSED] - navigateToUrl(actual_url): Navigate to 'https://nlrisqitww-chaca.savviihq.com/over-ons/missie-visie/' successfully

2023-12-18 17:19:04 - [MESSAGE][PASSED] - Navigate to 'https://nlrisqitww-chaca.savviihq.com/over-ons/missie-visie/' successfully

2023-12-18 17:19:04 - [TEST_STEP][PASSED] - click(findTestObject("Object Repository/Page_Home - RisQIT/button_Main Menu")): Object: 'Object Repository/Page_Home - RisQIT/button_Main Menu' is clicked on

2023-12-18 17:19:04 - [MESSAGE][PASSED] - Object: 'Object Repository/Page_Home - RisQIT/button_Main Menu' is clicked on

2023-12-18 17:19:04 - [TEST_STEP][PASSED] - click(findTestObject("Object Repository/Page_Software Testing - RisQIT/a_Diensten")): Object: 'Object Repository/Page_Software Testing - RisQIT/a_Diensten' is clicked on

2023-12-18 17:19:05 - [MESSAGE][PASSED] - Object: 'Object Repository/Page_Software Testing - RisQIT/a_Diensten' is clicked on

2023-12-18 17:19:05 - [TEST_STEP][PASSED] - click(findTestObject("Object Repository/Page_Software Testing - RisQIT/button_Menu schakelen")): Object: 'Object Repository/Page_Software Testing - RisQIT/button_Menu schakelen' is clicked on

2023-12-18 17:19:05 - [MESSAGE][PASSED] - Object: 'Object Repository/Page_Software Testing - RisQIT/button_Menu schakelen' is clicked on

2023-12-18 17:19:05 - [TEST_STEP][PASSED] - click(findTestObject("Object Repository/Page_Software Testing - RisQIT/a_Security en HackersTest (SHT)")): Object: 'Object Repository/Page_Software Testing - RisQIT/a_Security en HackersTest (SHT)' is clicked on

2023-12-18 17:19:06 - [MESSAGE][PASSED] - Object: 'Object Repository/Page_Software Testing - RisQIT/a_Security en HackersTest (SHT)' is clicked on

2023-12-18 17:19:06 - [TEST_STEP][PASSED] - verifyElementText(findTestObject("Page_Security en HackersTest (SHT) - RisQIT/h1_Security en HackersTest (SHT)"), "Security En HackersTest (SHT)"): Actual text and expected text of test object 'Object Repository/Page_Security en HackersTest (SHT) - RisQIT/h1_Security en HackersTest (SHT)' are matched.

2023-12-18 17:19:06 - [MESSAGE][PASSED] - Actual text and expected text of test object 'Object Repository/Page_Security en HackersTest (SHT) - RisQIT/h1_Security en HackersTest (SHT)' are matched.

2023-12-18 17:19:06 - [TEST_STEP][PASSED] - navigateToUrl(actual_url): Navigate to 'https://nlrisqitww-chaca.savviihq.com/over-ons/missie-visie/' successfully

2023-12-18 17:19:06 - [MESSAGE][PASSED] - Navigate to 'https://nlrisqitww-chaca.savviihq.com/over-ons/missie-visie/' successfully

2023-12-18 17:19:06 - [TEST_STEP][PASSED] - click(findTestObject("Object Repository/Page_Home - RisQIT/button_Main Menu")): Object: 'Object Repository/Page_Home - RisQIT/button_Main Menu' is clicked on

2023-12-18 17:19:07 - [MESSAGE][PASSED] - Object: 'Object Repository/Page_Home - RisQIT/button_Main Menu' is clicked on

2023-12-18 17:19:07 - [TEST_STEP][PASSED] - click(findTestObject("Object Repository/Page_Software Testing - RisQIT/a_Diensten")): Object: 'Object Repository/Page_Software Testing - RisQIT/a_Diensten' is clicked on

2023-12-18 17:19:07 - [MESSAGE][PASSED] - Object: 'Object Repository/Page_Software Testing - RisQIT/a_Diensten' is clicked on

2023-12-18 17:19:07 - [TEST_STEP][PASSED] - click(findTestObject("Object Repository/Page_Software Testing - RisQIT/button_Menu schakelen")): Object: 'Object Repository/Page_Software Testing - RisQIT/button_Menu schakelen' is clicked on

2023-12-18 17:19:08 - [MESSAGE][PASSED] - Object: 'Object Repository/Page_Software Testing - RisQIT/button_Menu schakelen' is clicked on

2023-12-18 17:19:08 - [TEST_STEP][PASSED] - click(findTestObject("Object Repository/Page_Security en HackersTest (SHT) - RisQIT/a_UX Lab")): Object: 'Object Repository/Page_Security en HackersTest (SHT) - RisQIT/a_UX Lab' is clicked on

2023-12-18 17:19:08 - [MESSAGE][PASSED] - Object: 'Object Repository/Page_Security en HackersTest (SHT) - RisQIT/a_UX Lab' is clicked on

2023-12-18 17:19:08 - [TEST_STEP][PASSED] - verifyElementText(findTestObject("Object Repository/Page_UX Lab - RisQIT/h1_UX Lab"), "UX Lab"): Actual text and expected text of test object 'Object Repository/Page_UX Lab - RisQIT/h1_UX Lab' are matched.

2023-12-18 17:19:09 - [MESSAGE][PASSED] - Actual text and expected text of test object 'Object Repository/Page_UX Lab - RisQIT/h1_UX Lab' are matched.

2023-12-18 17:19:09 - [TEST_STEP][PASSED] - navigateToUrl(actual_url): Navigate to 'https://nlrisqitww-chaca.savviihq.com/over-ons/missie-visie/' successfully

2023-12-18 17:19:09 - [MESSAGE][PASSED] - Navigate to 'https://nlrisqitww-chaca.savviihq.com/over-ons/missie-visie/' successfully

2023-12-18 17:19:09 - [TEST_STEP][PASSED] - click(findTestObject("Object Repository/Page_Home - RisQIT/button_Main Menu")): Object: 'Object Repository/Page_Home - RisQIT/button_Main Menu' is clicked on

2023-12-18 17:19:09 - [MESSAGE][PASSED] - Object: 'Object Repository/Page_Home - RisQIT/button_Main Menu' is clicked on

2023-12-18 17:19:09 - [TEST_STEP][PASSED] - click(findTestObject("Object Repository/Page_Software Testing - RisQIT/a_Diensten")): Object: 'Object Repository/Page_Software Testing - RisQIT/a_Diensten' is clicked on

2023-12-18 17:19:10 - [MESSAGE][PASSED] - Object: 'Object Repository/Page_Software Testing - RisQIT/a_Diensten' is clicked on

2023-12-18 17:19:10 - [TEST_STEP][PASSED] - click(findTestObject("Object Repository/Page_UX Lab - RisQIT/button_Menu schakelen")): Object: 'Object Repository/Page_UX Lab - RisQIT/button_Menu schakelen' is clicked on

2023-12-18 17:19:10 - [MESSAGE][PASSED] - Object: 'Object Repository/Page_UX Lab - RisQIT/button_Menu schakelen' is clicked on

2023-12-18 17:19:10 - [TEST_STEP][PASSED] - verifyElementText(findTestObject("Object Repository/Page_UX Lab - RisQIT/a_Missie  Visie"), "Missie & Visie"): Actual text and expected text of test object 'Object Repository/Page_UX Lab - RisQIT/a_Missie  Visie' are matched.

2023-12-18 17:19:10 - [MESSAGE][PASSED] - Actual text and expected text of test object 'Object Repository/Page_UX Lab - RisQIT/a_Missie  Visie' are matched.

2023-12-18 17:19:10 - [TEST_STEP][PASSED] - verifyElementText(findTestObject("Object Repository/Page_UX Lab - RisQIT/a_Het Gilde"), "Het Gilde"): Actual text and expected text of test object 'Object Repository/Page_UX Lab - RisQIT/a_Het Gilde' are matched.

2023-12-18 17:19:11 - [MESSAGE][PASSED] - Actual text and expected text of test object 'Object Repository/Page_UX Lab - RisQIT/a_Het Gilde' are matched.

2023-12-18 17:19:11 - [TEST_STEP][PASSED] - verifyElementText(findTestObject("Object Repository/Page_UX Lab - RisQIT/a_SuperTester"), "SuperTester"): Actual text and expected text of test object 'Object Repository/Page_UX Lab - RisQIT/a_SuperTester' are matched.

2023-12-18 17:19:11 - [MESSAGE][PASSED] - Actual text and expected text of test object 'Object Repository/Page_UX Lab - RisQIT/a_SuperTester' are matched.

2023-12-18 17:19:11 - [TEST_STEP][PASSED] - click(findTestObject("Object Repository/Page_UX Lab - RisQIT/a_Missie  Visie")): Object: 'Object Repository/Page_UX Lab - RisQIT/a_Missie  Visie' is clicked on

2023-12-18 17:19:11 - [MESSAGE][PASSED] - Object: 'Object Repository/Page_UX Lab - RisQIT/a_Missie  Visie' is clicked on

2023-12-18 17:19:11 - [TEST_STEP][PASSED] - verifyElementText(findTestObject("Object Repository/Page_Missie  Visie - RisQIT/h1_Missie  Visie"), "Missie & Visie"): Actual text and expected text of test object 'Object Repository/Page_Missie  Visie - RisQIT/h1_Missie  Visie' are matched.

2023-12-18 17:19:12 - [MESSAGE][PASSED] - Actual text and expected text of test object 'Object Repository/Page_Missie  Visie - RisQIT/h1_Missie  Visie' are matched.

2023-12-18 17:19:12 - [TEST_STEP][PASSED] - navigateToUrl(actual_url): Navigate to 'https://nlrisqitww-chaca.savviihq.com/over-ons/missie-visie/' successfully

2023-12-18 17:19:12 - [MESSAGE][PASSED] - Navigate to 'https://nlrisqitww-chaca.savviihq.com/over-ons/missie-visie/' successfully

2023-12-18 17:19:12 - [TEST_STEP][PASSED] - click(findTestObject("Object Repository/Page_Home - RisQIT/button_Main Menu")): Object: 'Object Repository/Page_Home - RisQIT/button_Main Menu' is clicked on

2023-12-18 17:19:12 - [MESSAGE][PASSED] - Object: 'Object Repository/Page_Home - RisQIT/button_Main Menu' is clicked on

2023-12-18 17:19:12 - [TEST_STEP][PASSED] - click(findTestObject("Object Repository/Page_Software Testing - RisQIT/a_Diensten")): Object: 'Object Repository/Page_Software Testing - RisQIT/a_Diensten' is clicked on

2023-12-18 17:19:13 - [MESSAGE][PASSED] - Object: 'Object Repository/Page_Software Testing - RisQIT/a_Diensten' is clicked on

2023-12-18 17:19:13 - [TEST_STEP][PASSED] - click(findTestObject("Object Repository/Page_UX Lab - RisQIT/button_Menu schakelen")): Object: 'Object Repository/Page_UX Lab - RisQIT/button_Menu schakelen' is clicked on

2023-12-18 17:19:13 - [MESSAGE][PASSED] - Object: 'Object Repository/Page_UX Lab - RisQIT/button_Menu schakelen' is clicked on

2023-12-18 17:19:13 - [TEST_STEP][PASSED] - click(findTestObject("Object Repository/Page_Missie  Visie - RisQIT/a_Het Gilde")): Object: 'Object Repository/Page_Missie  Visie - RisQIT/a_Het Gilde' is clicked on

2023-12-18 17:19:14 - [MESSAGE][PASSED] - Object: 'Object Repository/Page_Missie  Visie - RisQIT/a_Het Gilde' is clicked on

2023-12-18 17:19:14 - [TEST_STEP][PASSED] - verifyElementText(findTestObject("Object Repository/Page_Het Gilde - RisQIT/h1_Het Gilde"), "Het Gilde"): Actual text and expected text of test object 'Object Repository/Page_Het Gilde - RisQIT/h1_Het Gilde' are matched.

2023-12-18 17:19:14 - [MESSAGE][PASSED] - Actual text and expected text of test object 'Object Repository/Page_Het Gilde - RisQIT/h1_Het Gilde' are matched.

2023-12-18 17:19:14 - [TEST_STEP][PASSED] - navigateToUrl(actual_url): Navigate to 'https://nlrisqitww-chaca.savviihq.com/over-ons/missie-visie/' successfully

2023-12-18 17:19:14 - [MESSAGE][PASSED] - Navigate to 'https://nlrisqitww-chaca.savviihq.com/over-ons/missie-visie/' successfully

2023-12-18 17:19:14 - [TEST_STEP][PASSED] - click(findTestObject("Object Repository/Page_Home - RisQIT/button_Main Menu")): Object: 'Object Repository/Page_Home - RisQIT/button_Main Menu' is clicked on

2023-12-18 17:19:15 - [MESSAGE][PASSED] - Object: 'Object Repository/Page_Home - RisQIT/button_Main Menu' is clicked on

2023-12-18 17:19:15 - [TEST_STEP][PASSED] - click(findTestObject("Object Repository/Page_Software Testing - RisQIT/a_Diensten")): Object: 'Object Repository/Page_Software Testing - RisQIT/a_Diensten' is clicked on

2023-12-18 17:19:15 - [MESSAGE][PASSED] - Object: 'Object Repository/Page_Software Testing - RisQIT/a_Diensten' is clicked on

2023-12-18 17:19:15 - [TEST_STEP][PASSED] - click(findTestObject("Object Repository/Page_UX Lab - RisQIT/button_Menu schakelen")): Object: 'Object Repository/Page_UX Lab - RisQIT/button_Menu schakelen' is clicked on

2023-12-18 17:19:16 - [MESSAGE][PASSED] - Object: 'Object Repository/Page_UX Lab - RisQIT/button_Menu schakelen' is clicked on

2023-12-18 17:19:16 - [TEST_STEP][PASSED] - click(findTestObject("Object Repository/Page_Het Gilde - RisQIT/a_SuperTester")): Object: 'Object Repository/Page_Het Gilde - RisQIT/a_SuperTester' is clicked on

2023-12-18 17:19:16 - [MESSAGE][PASSED] - Object: 'Object Repository/Page_Het Gilde - RisQIT/a_SuperTester' is clicked on

2023-12-18 17:19:16 - [TEST_STEP][PASSED] - verifyElementText(findTestObject("Object Repository/Page_SuperTester - RisQIT/h1_Whitepaper SuperTester"), "Whitepaper SuperTester"): Actual text and expected text of test object 'Object Repository/Page_SuperTester - RisQIT/h1_Whitepaper SuperTester' are matched.

2023-12-18 17:19:17 - [MESSAGE][PASSED] - Actual text and expected text of test object 'Object Repository/Page_SuperTester - RisQIT/h1_Whitepaper SuperTester' are matched.

2023-12-18 17:19:17 - [TEST_STEP][PASSED] - navigateToUrl(actual_url): Navigate to 'https://nlrisqitww-chaca.savviihq.com/over-ons/missie-visie/' successfully

2023-12-18 17:19:17 - [MESSAGE][PASSED] - Navigate to 'https://nlrisqitww-chaca.savviihq.com/over-ons/missie-visie/' successfully

2023-12-18 17:19:17 - [TEST_STEP][PASSED] - click(findTestObject("Object Repository/Page_Home - RisQIT/button_Main Menu")): Object: 'Object Repository/Page_Home - RisQIT/button_Main Menu' is clicked on

2023-12-18 17:19:17 - [MESSAGE][PASSED] - Object: 'Object Repository/Page_Home - RisQIT/button_Main Menu' is clicked on

2023-12-18 17:19:17 - [TEST_STEP][PASSED] - click(findTestObject("Object Repository/Page_Software Testing - RisQIT/a_Diensten")): Object: 'Object Repository/Page_Software Testing - RisQIT/a_Diensten' is clicked on

2023-12-18 17:19:18 - [MESSAGE][PASSED] - Object: 'Object Repository/Page_Software Testing - RisQIT/a_Diensten' is clicked on

2023-12-18 17:19:18 - [TEST_STEP][PASSED] - click(findTestObject("Object Repository/Page_UX Lab - RisQIT/button_Menu schakelen")): Object: 'Object Repository/Page_UX Lab - RisQIT/button_Menu schakelen' is clicked on

2023-12-18 17:19:18 - [MESSAGE][PASSED] - Object: 'Object Repository/Page_UX Lab - RisQIT/button_Menu schakelen' is clicked on

2023-12-18 17:19:18 - [TEST_STEP][PASSED] - click(findTestObject("Object Repository/Page_Het Gilde - RisQIT/a_Blog")): Object: 'Object Repository/Page_Het Gilde - RisQIT/a_Blog' is clicked on

2023-12-18 17:19:19 - [MESSAGE][PASSED] - Object: 'Object Repository/Page_Het Gilde - RisQIT/a_Blog' is clicked on

2023-12-18 17:19:19 - [TEST_STEP][PASSED] - verifyElementText(findTestObject("Object Repository/Page_Blog - RisQIT/h1_Blog"), "Blog"): Actual text and expected text of test object 'Object Repository/Page_Blog - RisQIT/h1_Blog' are matched.

2023-12-18 17:19:19 - [MESSAGE][PASSED] - Actual text and expected text of test object 'Object Repository/Page_Blog - RisQIT/h1_Blog' are matched.

2023-12-18 17:19:19 - [TEST_STEP][PASSED] - navigateToUrl(actual_url): Navigate to 'https://nlrisqitww-chaca.savviihq.com/over-ons/missie-visie/' successfully

2023-12-18 17:19:19 - [MESSAGE][PASSED] - Navigate to 'https://nlrisqitww-chaca.savviihq.com/over-ons/missie-visie/' successfully

2023-12-18 17:19:19 - [TEST_STEP][PASSED] - click(findTestObject("Object Repository/Page_Home - RisQIT/button_Main Menu")): Object: 'Object Repository/Page_Home - RisQIT/button_Main Menu' is clicked on

2023-12-18 17:19:20 - [MESSAGE][PASSED] - Object: 'Object Repository/Page_Home - RisQIT/button_Main Menu' is clicked on

2023-12-18 17:19:20 - [TEST_STEP][PASSED] - click(findTestObject("Object Repository/Page_Software Testing - RisQIT/a_Diensten")): Object: 'Object Repository/Page_Software Testing - RisQIT/a_Diensten' is clicked on

2023-12-18 17:19:20 - [MESSAGE][PASSED] - Object: 'Object Repository/Page_Software Testing - RisQIT/a_Diensten' is clicked on

2023-12-18 17:19:20 - [TEST_STEP][PASSED] - click(findTestObject("Object Repository/Page_UX Lab - RisQIT/button_Menu schakelen")): Object: 'Object Repository/Page_UX Lab - RisQIT/button_Menu schakelen' is clicked on

2023-12-18 17:19:21 - [MESSAGE][PASSED] - Object: 'Object Repository/Page_UX Lab - RisQIT/button_Menu schakelen' is clicked on

2023-12-18 17:19:21 - [TEST_STEP][PASSED] - click(findTestObject("Object Repository/Page_Blog - RisQIT/a_Vacatures")): Object: 'Object Repository/Page_Blog - RisQIT/a_Vacatures' is clicked on

2023-12-18 17:19:21 - [MESSAGE][PASSED] - Object: 'Object Repository/Page_Blog - RisQIT/a_Vacatures' is clicked on

2023-12-18 17:19:21 - [TEST_STEP][PASSED] - verifyElementText(findTestObject("Object Repository/Page_Vacatures - RisQIT/h1_Vacatures"), "Vacatures"): Actual text and expected text of test object 'Object Repository/Page_Vacatures - RisQIT/h1_Vacatures' are matched.

2023-12-18 17:19:22 - [MESSAGE][PASSED] - Actual text and expected text of test object 'Object Repository/Page_Vacatures - RisQIT/h1_Vacatures' are matched.

2023-12-18 17:19:22 - [TEST_STEP][PASSED] - navigateToUrl(actual_url): Navigate to 'https://nlrisqitww-chaca.savviihq.com/over-ons/missie-visie/' successfully

2023-12-18 17:19:22 - [MESSAGE][PASSED] - Navigate to 'https://nlrisqitww-chaca.savviihq.com/over-ons/missie-visie/' successfully

2023-12-18 17:19:22 - [TEST_STEP][PASSED] - click(findTestObject("Object Repository/Page_Home - RisQIT/button_Main Menu")): Object: 'Object Repository/Page_Home - RisQIT/button_Main Menu' is clicked on

2023-12-18 17:19:22 - [MESSAGE][PASSED] - Object: 'Object Repository/Page_Home - RisQIT/button_Main Menu' is clicked on

2023-12-18 17:19:22 - [TEST_STEP][PASSED] - click(findTestObject("Object Repository/Page_Software Testing - RisQIT/a_Diensten")): Object: 'Object Repository/Page_Software Testing - RisQIT/a_Diensten' is clicked on

2023-12-18 17:19:23 - [MESSAGE][PASSED] - Object: 'Object Repository/Page_Software Testing - RisQIT/a_Diensten' is clicked on

2023-12-18 17:19:23 - [TEST_STEP][PASSED] - click(findTestObject("Object Repository/Page_UX Lab - RisQIT/button_Menu schakelen")): Object: 'Object Repository/Page_UX Lab - RisQIT/button_Menu schakelen' is clicked on

2023-12-18 17:19:23 - [MESSAGE][PASSED] - Object: 'Object Repository/Page_UX Lab - RisQIT/button_Menu schakelen' is clicked on

2023-12-18 17:19:23 - [TEST_STEP][PASSED] - click(findTestObject("Object Repository/Page_Vacatures - RisQIT/div_Contact opnemen")): Object: 'Object Repository/Page_Vacatures - RisQIT/div_Contact opnemen' is clicked on

2023-12-18 17:19:24 - [MESSAGE][PASSED] - Object: 'Object Repository/Page_Vacatures - RisQIT/div_Contact opnemen' is clicked on

2023-12-18 17:19:24 - [TEST_STEP][PASSED] - verifyElementText(findTestObject("Object Repository/Page_Contact - RisQIT/h1_Contact"), "Contact"): Actual text and expected text of test object 'Object Repository/Page_Contact - RisQIT/h1_Contact' are matched.

2023-12-18 17:19:24 - [MESSAGE][PASSED] - Actual text and expected text of test object 'Object Repository/Page_Contact - RisQIT/h1_Contact' are matched.

2023-12-18 17:19:24 - [TEST_STEP][PASSED] - navigateToUrl(actual_url): Navigate to 'https://nlrisqitww-chaca.savviihq.com/over-ons/missie-visie/' successfully

2023-12-18 17:19:24 - [MESSAGE][PASSED] - Navigate to 'https://nlrisqitww-chaca.savviihq.com/over-ons/missie-visie/' successfully

2023-12-18 17:19:24 - [TEST_STEP][PASSED] - click(findTestObject("Object Repository/Page_Contact - RisQIT/img_custom-logo entered lazyloaded")): Object: 'Object Repository/Page_Contact - RisQIT/img_custom-logo entered lazyloaded' is clicked on

2023-12-18 17:19:25 - [MESSAGE][PASSED] - Object: 'Object Repository/Page_Contact - RisQIT/img_custom-logo entered lazyloaded' is clicked on

2023-12-18 17:19:25 - [TEST_STEP][PASSED] - verifyElementText(findTestObject("Object Repository/Page_Home - RisQIT/h1_Ga voor duurzaamheid en vertrouwen, same_4bc4a8"), "Ga voor duurzaamheid en vertrouwen, samen met ons!"): Actual text and expected text of test object 'Object Repository/Page_Home - RisQIT/h1_Ga voor duurzaamheid en vertrouwen, same_4bc4a8' are matched.

2023-12-18 17:19:26 - [MESSAGE][PASSED] - Actual text and expected text of test object 'Object Repository/Page_Home - RisQIT/h1_Ga voor duurzaamheid en vertrouwen, same_4bc4a8' are matched.

2023-12-18 17:19:26 - [MESSAGE][PASSED] - Call Test Case 'Test Cases/Menu/RT000.2 MobileMenu' successfully

2023-12-18 17:19:26 - [TEST_STEP][PASSED] - closeBrowser(): Browser is closed

2023-12-18 17:19:26 - [MESSAGE][PASSED] - Browser is closed]]></system-out>
         <system-err><![CDATA[]]></system-err>
      </testcase>
      <testcase name="Test Cases/Menu/RT022 MobileMenu - Het Gilde" time="27.352" classname="Test Cases/Menu/RT022 MobileMenu - Het Gilde" status="PASSED">
         <system-out><![CDATA[2023-12-18 17:19:26 - [TEST_CASE][PASSED] - Test Cases/Menu/RT022 MobileMenu - Het Gilde: Test Cases/Menu/RT022 MobileMenu - Het Gilde

2023-12-18 17:19:26 - [TEST_STEP][PASSED] - openBrowser(""): Browser is opened with url: ''

2023-12-18 17:19:26 - [MESSAGE][INFO] - Starting 'Chrome' driver

2023-12-18 17:19:26 - [MESSAGE][INFO] - Action delay is set to 0 milliseconds

2023-12-18 17:19:26 - [MESSAGE][PASSED] - Browser is opened with url: ''

2023-12-18 17:19:26 - [TEST_STEP][PASSED] - navigateToUrl(URL + OVER_ONS + HETGILDE): Navigate to 'https://nlrisqitww-chaca.savviihq.com/over-ons/kwaliteit/' successfully

2023-12-18 17:19:27 - [MESSAGE][PASSED] - Navigate to 'https://nlrisqitww-chaca.savviihq.com/over-ons/kwaliteit/' successfully

2023-12-18 17:19:27 - [TEST_STEP][PASSED] - callTestCase(findTestCase("Menu/RT000.2 MobileMenu"), [:], STOP_ON_FAILURE): Call Test Case 'Test Cases/Menu/RT000.2 MobileMenu' successfully

2023-12-18 17:19:27 - [TEST_CASE][PASSED] - Test Cases/Menu/RT000.2 MobileMenu: Test Cases/Menu/RT000.2 MobileMenu

2023-12-18 17:19:27 - [TEST_STEP][PASSED] - setViewPortSize(912, 1000): Viewport is set to new size with width = 912 and height = 1000

2023-12-18 17:19:27 - [MESSAGE][PASSED] - Viewport is set to new size with width = 912 and height = 1000

2023-12-18 17:19:27 - [TEST_STEP][PASSED] - actual_url = getUrl(): Current window's url is: 'https://nlrisqitww-chaca.savviihq.com/over-ons/kwaliteit/'

2023-12-18 17:19:27 - [MESSAGE][PASSED] - Current window's url is: 'https://nlrisqitww-chaca.savviihq.com/over-ons/kwaliteit/'

2023-12-18 17:19:27 - [TEST_STEP][PASSED] - verifyElementPresent(findTestObject("Object Repository/Page_Home - RisQIT/button_Main Menu"), 0): Object 'Object Repository/Page_Home - RisQIT/button_Main Menu' is present

2023-12-18 17:19:27 - [MESSAGE][WARNING] - Timeout '0' is invalid. Using default page load timeout: '30'

2023-12-18 17:19:27 - [MESSAGE][PASSED] - Object 'Object Repository/Page_Home - RisQIT/button_Main Menu' is present

2023-12-18 17:19:27 - [TEST_STEP][PASSED] - click(findTestObject("Object Repository/Page_Home - RisQIT/button_Main Menu")): Object: 'Object Repository/Page_Home - RisQIT/button_Main Menu' is clicked on

2023-12-18 17:19:28 - [MESSAGE][PASSED] - Object: 'Object Repository/Page_Home - RisQIT/button_Main Menu' is clicked on

2023-12-18 17:19:28 - [TEST_STEP][PASSED] - verifyElementText(findTestObject("Object Repository/Page_Home - RisQIT/a_Diensten"), "Diensten"): Actual text and expected text of test object 'Object Repository/Page_Home - RisQIT/a_Diensten' are matched.

2023-12-18 17:19:29 - [MESSAGE][PASSED] - Actual text and expected text of test object 'Object Repository/Page_Home - RisQIT/a_Diensten' are matched.

2023-12-18 17:19:29 - [TEST_STEP][PASSED] - verifyElementText(findTestObject("Object Repository/Page_Home - RisQIT/a_Over ons"), "Over ons"): Actual text and expected text of test object 'Object Repository/Page_Home - RisQIT/a_Over ons' are matched.

2023-12-18 17:19:29 - [MESSAGE][PASSED] - Actual text and expected text of test object 'Object Repository/Page_Home - RisQIT/a_Over ons' are matched.

2023-12-18 17:19:29 - [TEST_STEP][PASSED] - verifyElementText(findTestObject("Object Repository/Page_Home - RisQIT/a_Blog"), "Blog"): Actual text and expected text of test object 'Object Repository/Page_Home - RisQIT/a_Blog' are matched.

2023-12-18 17:19:29 - [MESSAGE][PASSED] - Actual text and expected text of test object 'Object Repository/Page_Home - RisQIT/a_Blog' are matched.

2023-12-18 17:19:29 - [TEST_STEP][PASSED] - verifyElementText(findTestObject("Object Repository/Page_Home - RisQIT/a_Vacatures"), "Vacatures"): Actual text and expected text of test object 'Object Repository/Page_Home - RisQIT/a_Vacatures' are matched.

2023-12-18 17:19:29 - [MESSAGE][PASSED] - Actual text and expected text of test object 'Object Repository/Page_Home - RisQIT/a_Vacatures' are matched.

2023-12-18 17:19:29 - [TEST_STEP][PASSED] - verifyElementText(findTestObject("Object Repository/Page_Home - RisQIT/div_Contact opnemen"), "Contact opnemen"): Actual text and expected text of test object 'Object Repository/Page_Home - RisQIT/div_Contact opnemen' are matched.

2023-12-18 17:19:30 - [MESSAGE][PASSED] - Actual text and expected text of test object 'Object Repository/Page_Home - RisQIT/div_Contact opnemen' are matched.

2023-12-18 17:19:30 - [TEST_STEP][PASSED] - click(findTestObject("Object Repository/Page_Home - RisQIT/button_Menu schakelen")): Object: 'Object Repository/Page_Home - RisQIT/button_Menu schakelen' is clicked on

2023-12-18 17:19:30 - [MESSAGE][PASSED] - Object: 'Object Repository/Page_Home - RisQIT/button_Menu schakelen' is clicked on

2023-12-18 17:19:30 - [TEST_STEP][PASSED] - verifyElementText(findTestObject("Object Repository/Page_Home - RisQIT/a_Software Testing"), "Software Testing"): Actual text and expected text of test object 'Object Repository/Page_Home - RisQIT/a_Software Testing' are matched.

2023-12-18 17:19:30 - [MESSAGE][PASSED] - Actual text and expected text of test object 'Object Repository/Page_Home - RisQIT/a_Software Testing' are matched.

2023-12-18 17:19:30 - [TEST_STEP][PASSED] - verifyElementText(findTestObject("Object Repository/Page_Home - RisQIT/a_Security en HackersTest (SHT)"), "Security en HackersTest (SHT)"): Actual text and expected text of test object 'Object Repository/Page_Home - RisQIT/a_Security en HackersTest (SHT)' are matched.

2023-12-18 17:19:31 - [MESSAGE][PASSED] - Actual text and expected text of test object 'Object Repository/Page_Home - RisQIT/a_Security en HackersTest (SHT)' are matched.

2023-12-18 17:19:31 - [TEST_STEP][PASSED] - verifyElementText(findTestObject("Object Repository/Page_Home - RisQIT/a_UX Lab"), "UX Lab"): Actual text and expected text of test object 'Object Repository/Page_Home - RisQIT/a_UX Lab' are matched.

2023-12-18 17:19:31 - [MESSAGE][PASSED] - Actual text and expected text of test object 'Object Repository/Page_Home - RisQIT/a_UX Lab' are matched.

2023-12-18 17:19:31 - [TEST_STEP][PASSED] - click(findTestObject("Object Repository/Page_Home - RisQIT/a_Software Testing")): Object: 'Object Repository/Page_Home - RisQIT/a_Software Testing' is clicked on

2023-12-18 17:19:31 - [MESSAGE][PASSED] - Object: 'Object Repository/Page_Home - RisQIT/a_Software Testing' is clicked on

2023-12-18 17:19:31 - [TEST_STEP][PASSED] - verifyElementText(findTestObject("Object Repository/Page_Software Testing - RisQIT/h1_Software Testing"), "Software Testing"): Actual text and expected text of test object 'Object Repository/Page_Software Testing - RisQIT/h1_Software Testing' are matched.

2023-12-18 17:19:32 - [MESSAGE][PASSED] - Actual text and expected text of test object 'Object Repository/Page_Software Testing - RisQIT/h1_Software Testing' are matched.

2023-12-18 17:19:32 - [TEST_STEP][PASSED] - navigateToUrl(actual_url): Navigate to 'https://nlrisqitww-chaca.savviihq.com/over-ons/kwaliteit/' successfully

2023-12-18 17:19:32 - [MESSAGE][PASSED] - Navigate to 'https://nlrisqitww-chaca.savviihq.com/over-ons/kwaliteit/' successfully

2023-12-18 17:19:32 - [TEST_STEP][PASSED] - click(findTestObject("Object Repository/Page_Home - RisQIT/button_Main Menu")): Object: 'Object Repository/Page_Home - RisQIT/button_Main Menu' is clicked on

2023-12-18 17:19:33 - [MESSAGE][PASSED] - Object: 'Object Repository/Page_Home - RisQIT/button_Main Menu' is clicked on

2023-12-18 17:19:33 - [TEST_STEP][PASSED] - click(findTestObject("Object Repository/Page_Software Testing - RisQIT/a_Diensten")): Object: 'Object Repository/Page_Software Testing - RisQIT/a_Diensten' is clicked on

2023-12-18 17:19:33 - [MESSAGE][PASSED] - Object: 'Object Repository/Page_Software Testing - RisQIT/a_Diensten' is clicked on

2023-12-18 17:19:33 - [TEST_STEP][PASSED] - click(findTestObject("Object Repository/Page_Software Testing - RisQIT/button_Menu schakelen")): Object: 'Object Repository/Page_Software Testing - RisQIT/button_Menu schakelen' is clicked on

2023-12-18 17:19:33 - [MESSAGE][PASSED] - Object: 'Object Repository/Page_Software Testing - RisQIT/button_Menu schakelen' is clicked on

2023-12-18 17:19:33 - [TEST_STEP][PASSED] - click(findTestObject("Object Repository/Page_Software Testing - RisQIT/a_Security en HackersTest (SHT)")): Object: 'Object Repository/Page_Software Testing - RisQIT/a_Security en HackersTest (SHT)' is clicked on

2023-12-18 17:19:34 - [MESSAGE][PASSED] - Object: 'Object Repository/Page_Software Testing - RisQIT/a_Security en HackersTest (SHT)' is clicked on

2023-12-18 17:19:34 - [TEST_STEP][PASSED] - verifyElementText(findTestObject("Page_Security en HackersTest (SHT) - RisQIT/h1_Security en HackersTest (SHT)"), "Security En HackersTest (SHT)"): Actual text and expected text of test object 'Object Repository/Page_Security en HackersTest (SHT) - RisQIT/h1_Security en HackersTest (SHT)' are matched.

2023-12-18 17:19:34 - [MESSAGE][PASSED] - Actual text and expected text of test object 'Object Repository/Page_Security en HackersTest (SHT) - RisQIT/h1_Security en HackersTest (SHT)' are matched.

2023-12-18 17:19:34 - [TEST_STEP][PASSED] - navigateToUrl(actual_url): Navigate to 'https://nlrisqitww-chaca.savviihq.com/over-ons/kwaliteit/' successfully

2023-12-18 17:19:34 - [MESSAGE][PASSED] - Navigate to 'https://nlrisqitww-chaca.savviihq.com/over-ons/kwaliteit/' successfully

2023-12-18 17:19:34 - [TEST_STEP][PASSED] - click(findTestObject("Object Repository/Page_Home - RisQIT/button_Main Menu")): Object: 'Object Repository/Page_Home - RisQIT/button_Main Menu' is clicked on

2023-12-18 17:19:35 - [MESSAGE][PASSED] - Object: 'Object Repository/Page_Home - RisQIT/button_Main Menu' is clicked on

2023-12-18 17:19:35 - [TEST_STEP][PASSED] - click(findTestObject("Object Repository/Page_Software Testing - RisQIT/a_Diensten")): Object: 'Object Repository/Page_Software Testing - RisQIT/a_Diensten' is clicked on

2023-12-18 17:19:36 - [MESSAGE][PASSED] - Object: 'Object Repository/Page_Software Testing - RisQIT/a_Diensten' is clicked on

2023-12-18 17:19:36 - [TEST_STEP][PASSED] - click(findTestObject("Object Repository/Page_Software Testing - RisQIT/button_Menu schakelen")): Object: 'Object Repository/Page_Software Testing - RisQIT/button_Menu schakelen' is clicked on

2023-12-18 17:19:36 - [MESSAGE][PASSED] - Object: 'Object Repository/Page_Software Testing - RisQIT/button_Menu schakelen' is clicked on

2023-12-18 17:19:36 - [TEST_STEP][PASSED] - click(findTestObject("Object Repository/Page_Security en HackersTest (SHT) - RisQIT/a_UX Lab")): Object: 'Object Repository/Page_Security en HackersTest (SHT) - RisQIT/a_UX Lab' is clicked on

2023-12-18 17:19:36 - [MESSAGE][PASSED] - Object: 'Object Repository/Page_Security en HackersTest (SHT) - RisQIT/a_UX Lab' is clicked on

2023-12-18 17:19:36 - [TEST_STEP][PASSED] - verifyElementText(findTestObject("Object Repository/Page_UX Lab - RisQIT/h1_UX Lab"), "UX Lab"): Actual text and expected text of test object 'Object Repository/Page_UX Lab - RisQIT/h1_UX Lab' are matched.

2023-12-18 17:19:37 - [MESSAGE][PASSED] - Actual text and expected text of test object 'Object Repository/Page_UX Lab - RisQIT/h1_UX Lab' are matched.

2023-12-18 17:19:37 - [TEST_STEP][PASSED] - navigateToUrl(actual_url): Navigate to 'https://nlrisqitww-chaca.savviihq.com/over-ons/kwaliteit/' successfully

2023-12-18 17:19:37 - [MESSAGE][PASSED] - Navigate to 'https://nlrisqitww-chaca.savviihq.com/over-ons/kwaliteit/' successfully

2023-12-18 17:19:37 - [TEST_STEP][PASSED] - click(findTestObject("Object Repository/Page_Home - RisQIT/button_Main Menu")): Object: 'Object Repository/Page_Home - RisQIT/button_Main Menu' is clicked on

2023-12-18 17:19:37 - [MESSAGE][PASSED] - Object: 'Object Repository/Page_Home - RisQIT/button_Main Menu' is clicked on

2023-12-18 17:19:37 - [TEST_STEP][PASSED] - click(findTestObject("Object Repository/Page_Software Testing - RisQIT/a_Diensten")): Object: 'Object Repository/Page_Software Testing - RisQIT/a_Diensten' is clicked on

2023-12-18 17:19:38 - [MESSAGE][PASSED] - Object: 'Object Repository/Page_Software Testing - RisQIT/a_Diensten' is clicked on

2023-12-18 17:19:38 - [TEST_STEP][PASSED] - click(findTestObject("Object Repository/Page_UX Lab - RisQIT/button_Menu schakelen")): Object: 'Object Repository/Page_UX Lab - RisQIT/button_Menu schakelen' is clicked on

2023-12-18 17:19:38 - [MESSAGE][PASSED] - Object: 'Object Repository/Page_UX Lab - RisQIT/button_Menu schakelen' is clicked on

2023-12-18 17:19:38 - [TEST_STEP][PASSED] - verifyElementText(findTestObject("Object Repository/Page_UX Lab - RisQIT/a_Missie  Visie"), "Missie & Visie"): Actual text and expected text of test object 'Object Repository/Page_UX Lab - RisQIT/a_Missie  Visie' are matched.

2023-12-18 17:19:39 - [MESSAGE][PASSED] - Actual text and expected text of test object 'Object Repository/Page_UX Lab - RisQIT/a_Missie  Visie' are matched.

2023-12-18 17:19:39 - [TEST_STEP][PASSED] - verifyElementText(findTestObject("Object Repository/Page_UX Lab - RisQIT/a_Het Gilde"), "Het Gilde"): Actual text and expected text of test object 'Object Repository/Page_UX Lab - RisQIT/a_Het Gilde' are matched.

2023-12-18 17:19:39 - [MESSAGE][PASSED] - Actual text and expected text of test object 'Object Repository/Page_UX Lab - RisQIT/a_Het Gilde' are matched.

2023-12-18 17:19:39 - [TEST_STEP][PASSED] - verifyElementText(findTestObject("Object Repository/Page_UX Lab - RisQIT/a_SuperTester"), "SuperTester"): Actual text and expected text of test object 'Object Repository/Page_UX Lab - RisQIT/a_SuperTester' are matched.

2023-12-18 17:19:39 - [MESSAGE][PASSED] - Actual text and expected text of test object 'Object Repository/Page_UX Lab - RisQIT/a_SuperTester' are matched.

2023-12-18 17:19:39 - [TEST_STEP][PASSED] - click(findTestObject("Object Repository/Page_UX Lab - RisQIT/a_Missie  Visie")): Object: 'Object Repository/Page_UX Lab - RisQIT/a_Missie  Visie' is clicked on

2023-12-18 17:19:40 - [MESSAGE][PASSED] - Object: 'Object Repository/Page_UX Lab - RisQIT/a_Missie  Visie' is clicked on

2023-12-18 17:19:40 - [TEST_STEP][PASSED] - verifyElementText(findTestObject("Object Repository/Page_Missie  Visie - RisQIT/h1_Missie  Visie"), "Missie & Visie"): Actual text and expected text of test object 'Object Repository/Page_Missie  Visie - RisQIT/h1_Missie  Visie' are matched.

2023-12-18 17:19:40 - [MESSAGE][PASSED] - Actual text and expected text of test object 'Object Repository/Page_Missie  Visie - RisQIT/h1_Missie  Visie' are matched.

2023-12-18 17:19:40 - [TEST_STEP][PASSED] - navigateToUrl(actual_url): Navigate to 'https://nlrisqitww-chaca.savviihq.com/over-ons/kwaliteit/' successfully

2023-12-18 17:19:40 - [MESSAGE][PASSED] - Navigate to 'https://nlrisqitww-chaca.savviihq.com/over-ons/kwaliteit/' successfully

2023-12-18 17:19:40 - [TEST_STEP][PASSED] - click(findTestObject("Object Repository/Page_Home - RisQIT/button_Main Menu")): Object: 'Object Repository/Page_Home - RisQIT/button_Main Menu' is clicked on

2023-12-18 17:19:41 - [MESSAGE][PASSED] - Object: 'Object Repository/Page_Home - RisQIT/button_Main Menu' is clicked on

2023-12-18 17:19:41 - [TEST_STEP][PASSED] - click(findTestObject("Object Repository/Page_Software Testing - RisQIT/a_Diensten")): Object: 'Object Repository/Page_Software Testing - RisQIT/a_Diensten' is clicked on

2023-12-18 17:19:41 - [MESSAGE][PASSED] - Object: 'Object Repository/Page_Software Testing - RisQIT/a_Diensten' is clicked on

2023-12-18 17:19:41 - [TEST_STEP][PASSED] - click(findTestObject("Object Repository/Page_UX Lab - RisQIT/button_Menu schakelen")): Object: 'Object Repository/Page_UX Lab - RisQIT/button_Menu schakelen' is clicked on

2023-12-18 17:19:42 - [MESSAGE][PASSED] - Object: 'Object Repository/Page_UX Lab - RisQIT/button_Menu schakelen' is clicked on

2023-12-18 17:19:42 - [TEST_STEP][PASSED] - click(findTestObject("Object Repository/Page_Missie  Visie - RisQIT/a_Het Gilde")): Object: 'Object Repository/Page_Missie  Visie - RisQIT/a_Het Gilde' is clicked on

2023-12-18 17:19:42 - [MESSAGE][PASSED] - Object: 'Object Repository/Page_Missie  Visie - RisQIT/a_Het Gilde' is clicked on

2023-12-18 17:19:42 - [TEST_STEP][PASSED] - verifyElementText(findTestObject("Object Repository/Page_Het Gilde - RisQIT/h1_Het Gilde"), "Het Gilde"): Actual text and expected text of test object 'Object Repository/Page_Het Gilde - RisQIT/h1_Het Gilde' are matched.

2023-12-18 17:19:42 - [MESSAGE][PASSED] - Actual text and expected text of test object 'Object Repository/Page_Het Gilde - RisQIT/h1_Het Gilde' are matched.

2023-12-18 17:19:42 - [TEST_STEP][PASSED] - navigateToUrl(actual_url): Navigate to 'https://nlrisqitww-chaca.savviihq.com/over-ons/kwaliteit/' successfully

2023-12-18 17:19:43 - [MESSAGE][PASSED] - Navigate to 'https://nlrisqitww-chaca.savviihq.com/over-ons/kwaliteit/' successfully

2023-12-18 17:19:43 - [TEST_STEP][PASSED] - click(findTestObject("Object Repository/Page_Home - RisQIT/button_Main Menu")): Object: 'Object Repository/Page_Home - RisQIT/button_Main Menu' is clicked on

2023-12-18 17:19:43 - [MESSAGE][PASSED] - Object: 'Object Repository/Page_Home - RisQIT/button_Main Menu' is clicked on

2023-12-18 17:19:43 - [TEST_STEP][PASSED] - click(findTestObject("Object Repository/Page_Software Testing - RisQIT/a_Diensten")): Object: 'Object Repository/Page_Software Testing - RisQIT/a_Diensten' is clicked on

2023-12-18 17:19:44 - [MESSAGE][PASSED] - Object: 'Object Repository/Page_Software Testing - RisQIT/a_Diensten' is clicked on

2023-12-18 17:19:44 - [TEST_STEP][PASSED] - click(findTestObject("Object Repository/Page_UX Lab - RisQIT/button_Menu schakelen")): Object: 'Object Repository/Page_UX Lab - RisQIT/button_Menu schakelen' is clicked on

2023-12-18 17:19:44 - [MESSAGE][PASSED] - Object: 'Object Repository/Page_UX Lab - RisQIT/button_Menu schakelen' is clicked on

2023-12-18 17:19:44 - [TEST_STEP][PASSED] - click(findTestObject("Object Repository/Page_Het Gilde - RisQIT/a_SuperTester")): Object: 'Object Repository/Page_Het Gilde - RisQIT/a_SuperTester' is clicked on

2023-12-18 17:19:44 - [MESSAGE][PASSED] - Object: 'Object Repository/Page_Het Gilde - RisQIT/a_SuperTester' is clicked on

2023-12-18 17:19:44 - [TEST_STEP][PASSED] - verifyElementText(findTestObject("Object Repository/Page_SuperTester - RisQIT/h1_Whitepaper SuperTester"), "Whitepaper SuperTester"): Actual text and expected text of test object 'Object Repository/Page_SuperTester - RisQIT/h1_Whitepaper SuperTester' are matched.

2023-12-18 17:19:45 - [MESSAGE][PASSED] - Actual text and expected text of test object 'Object Repository/Page_SuperTester - RisQIT/h1_Whitepaper SuperTester' are matched.

2023-12-18 17:19:45 - [TEST_STEP][PASSED] - navigateToUrl(actual_url): Navigate to 'https://nlrisqitww-chaca.savviihq.com/over-ons/kwaliteit/' successfully

2023-12-18 17:19:45 - [MESSAGE][PASSED] - Navigate to 'https://nlrisqitww-chaca.savviihq.com/over-ons/kwaliteit/' successfully

2023-12-18 17:19:45 - [TEST_STEP][PASSED] - click(findTestObject("Object Repository/Page_Home - RisQIT/button_Main Menu")): Object: 'Object Repository/Page_Home - RisQIT/button_Main Menu' is clicked on

2023-12-18 17:19:45 - [MESSAGE][PASSED] - Object: 'Object Repository/Page_Home - RisQIT/button_Main Menu' is clicked on

2023-12-18 17:19:45 - [TEST_STEP][PASSED] - click(findTestObject("Object Repository/Page_Software Testing - RisQIT/a_Diensten")): Object: 'Object Repository/Page_Software Testing - RisQIT/a_Diensten' is clicked on

2023-12-18 17:19:46 - [MESSAGE][PASSED] - Object: 'Object Repository/Page_Software Testing - RisQIT/a_Diensten' is clicked on

2023-12-18 17:19:46 - [TEST_STEP][PASSED] - click(findTestObject("Object Repository/Page_UX Lab - RisQIT/button_Menu schakelen")): Object: 'Object Repository/Page_UX Lab - RisQIT/button_Menu schakelen' is clicked on

2023-12-18 17:19:46 - [MESSAGE][PASSED] - Object: 'Object Repository/Page_UX Lab - RisQIT/button_Menu schakelen' is clicked on

2023-12-18 17:19:46 - [TEST_STEP][PASSED] - click(findTestObject("Object Repository/Page_Het Gilde - RisQIT/a_Blog")): Object: 'Object Repository/Page_Het Gilde - RisQIT/a_Blog' is clicked on

2023-12-18 17:19:47 - [MESSAGE][PASSED] - Object: 'Object Repository/Page_Het Gilde - RisQIT/a_Blog' is clicked on

2023-12-18 17:19:47 - [TEST_STEP][PASSED] - verifyElementText(findTestObject("Object Repository/Page_Blog - RisQIT/h1_Blog"), "Blog"): Actual text and expected text of test object 'Object Repository/Page_Blog - RisQIT/h1_Blog' are matched.

2023-12-18 17:19:47 - [MESSAGE][PASSED] - Actual text and expected text of test object 'Object Repository/Page_Blog - RisQIT/h1_Blog' are matched.

2023-12-18 17:19:47 - [TEST_STEP][PASSED] - navigateToUrl(actual_url): Navigate to 'https://nlrisqitww-chaca.savviihq.com/over-ons/kwaliteit/' successfully

2023-12-18 17:19:47 - [MESSAGE][PASSED] - Navigate to 'https://nlrisqitww-chaca.savviihq.com/over-ons/kwaliteit/' successfully

2023-12-18 17:19:47 - [TEST_STEP][PASSED] - click(findTestObject("Object Repository/Page_Home - RisQIT/button_Main Menu")): Object: 'Object Repository/Page_Home - RisQIT/button_Main Menu' is clicked on

2023-12-18 17:19:48 - [MESSAGE][PASSED] - Object: 'Object Repository/Page_Home - RisQIT/button_Main Menu' is clicked on

2023-12-18 17:19:48 - [TEST_STEP][PASSED] - click(findTestObject("Object Repository/Page_Software Testing - RisQIT/a_Diensten")): Object: 'Object Repository/Page_Software Testing - RisQIT/a_Diensten' is clicked on

2023-12-18 17:19:48 - [MESSAGE][PASSED] - Object: 'Object Repository/Page_Software Testing - RisQIT/a_Diensten' is clicked on

2023-12-18 17:19:48 - [TEST_STEP][PASSED] - click(findTestObject("Object Repository/Page_UX Lab - RisQIT/button_Menu schakelen")): Object: 'Object Repository/Page_UX Lab - RisQIT/button_Menu schakelen' is clicked on

2023-12-18 17:19:49 - [MESSAGE][PASSED] - Object: 'Object Repository/Page_UX Lab - RisQIT/button_Menu schakelen' is clicked on

2023-12-18 17:19:49 - [TEST_STEP][PASSED] - click(findTestObject("Object Repository/Page_Blog - RisQIT/a_Vacatures")): Object: 'Object Repository/Page_Blog - RisQIT/a_Vacatures' is clicked on

2023-12-18 17:19:49 - [MESSAGE][PASSED] - Object: 'Object Repository/Page_Blog - RisQIT/a_Vacatures' is clicked on

2023-12-18 17:19:49 - [TEST_STEP][PASSED] - verifyElementText(findTestObject("Object Repository/Page_Vacatures - RisQIT/h1_Vacatures"), "Vacatures"): Actual text and expected text of test object 'Object Repository/Page_Vacatures - RisQIT/h1_Vacatures' are matched.

2023-12-18 17:19:50 - [MESSAGE][PASSED] - Actual text and expected text of test object 'Object Repository/Page_Vacatures - RisQIT/h1_Vacatures' are matched.

2023-12-18 17:19:50 - [TEST_STEP][PASSED] - navigateToUrl(actual_url): Navigate to 'https://nlrisqitww-chaca.savviihq.com/over-ons/kwaliteit/' successfully

2023-12-18 17:19:50 - [MESSAGE][PASSED] - Navigate to 'https://nlrisqitww-chaca.savviihq.com/over-ons/kwaliteit/' successfully

2023-12-18 17:19:50 - [TEST_STEP][PASSED] - click(findTestObject("Object Repository/Page_Home - RisQIT/button_Main Menu")): Object: 'Object Repository/Page_Home - RisQIT/button_Main Menu' is clicked on

2023-12-18 17:19:50 - [MESSAGE][PASSED] - Object: 'Object Repository/Page_Home - RisQIT/button_Main Menu' is clicked on

2023-12-18 17:19:50 - [TEST_STEP][PASSED] - click(findTestObject("Object Repository/Page_Software Testing - RisQIT/a_Diensten")): Object: 'Object Repository/Page_Software Testing - RisQIT/a_Diensten' is clicked on

2023-12-18 17:19:51 - [MESSAGE][PASSED] - Object: 'Object Repository/Page_Software Testing - RisQIT/a_Diensten' is clicked on

2023-12-18 17:19:51 - [TEST_STEP][PASSED] - click(findTestObject("Object Repository/Page_UX Lab - RisQIT/button_Menu schakelen")): Object: 'Object Repository/Page_UX Lab - RisQIT/button_Menu schakelen' is clicked on

2023-12-18 17:19:51 - [MESSAGE][PASSED] - Object: 'Object Repository/Page_UX Lab - RisQIT/button_Menu schakelen' is clicked on

2023-12-18 17:19:51 - [TEST_STEP][PASSED] - click(findTestObject("Object Repository/Page_Vacatures - RisQIT/div_Contact opnemen")): Object: 'Object Repository/Page_Vacatures - RisQIT/div_Contact opnemen' is clicked on

2023-12-18 17:19:52 - [MESSAGE][PASSED] - Object: 'Object Repository/Page_Vacatures - RisQIT/div_Contact opnemen' is clicked on

2023-12-18 17:19:52 - [TEST_STEP][PASSED] - verifyElementText(findTestObject("Object Repository/Page_Contact - RisQIT/h1_Contact"), "Contact"): Actual text and expected text of test object 'Object Repository/Page_Contact - RisQIT/h1_Contact' are matched.

2023-12-18 17:19:52 - [MESSAGE][PASSED] - Actual text and expected text of test object 'Object Repository/Page_Contact - RisQIT/h1_Contact' are matched.

2023-12-18 17:19:52 - [TEST_STEP][PASSED] - navigateToUrl(actual_url): Navigate to 'https://nlrisqitww-chaca.savviihq.com/over-ons/kwaliteit/' successfully

2023-12-18 17:19:52 - [MESSAGE][PASSED] - Navigate to 'https://nlrisqitww-chaca.savviihq.com/over-ons/kwaliteit/' successfully

2023-12-18 17:19:52 - [TEST_STEP][PASSED] - click(findTestObject("Object Repository/Page_Contact - RisQIT/img_custom-logo entered lazyloaded")): Object: 'Object Repository/Page_Contact - RisQIT/img_custom-logo entered lazyloaded' is clicked on

2023-12-18 17:19:53 - [MESSAGE][PASSED] - Object: 'Object Repository/Page_Contact - RisQIT/img_custom-logo entered lazyloaded' is clicked on

2023-12-18 17:19:53 - [TEST_STEP][PASSED] - verifyElementText(findTestObject("Object Repository/Page_Home - RisQIT/h1_Ga voor duurzaamheid en vertrouwen, same_4bc4a8"), "Ga voor duurzaamheid en vertrouwen, samen met ons!"): Actual text and expected text of test object 'Object Repository/Page_Home - RisQIT/h1_Ga voor duurzaamheid en vertrouwen, same_4bc4a8' are matched.

2023-12-18 17:19:53 - [MESSAGE][PASSED] - Actual text and expected text of test object 'Object Repository/Page_Home - RisQIT/h1_Ga voor duurzaamheid en vertrouwen, same_4bc4a8' are matched.

2023-12-18 17:19:53 - [MESSAGE][PASSED] - Call Test Case 'Test Cases/Menu/RT000.2 MobileMenu' successfully

2023-12-18 17:19:53 - [TEST_STEP][PASSED] - closeBrowser(): Browser is closed

2023-12-18 17:19:53 - [MESSAGE][PASSED] - Browser is closed]]></system-out>
         <system-err><![CDATA[]]></system-err>
      </testcase>
      <testcase name="Test Cases/Menu/RT023 MobileMenu - SuperTester" time="2.809" classname="Test Cases/Menu/RT023 MobileMenu - SuperTester" status="FAILED">
         <failure type="FAILED" message="Test Cases/Menu/RT023 MobileMenu - SuperTester FAILED.&#xa;Reason:&#xa;com.kms.katalon.core.exception.StepFailedException: Call Test Case 'Test Cases/Menu/RT000.2 MobileMenu' failed&#xa;	at com.kms.katalon.core.keyword.builtin.CallTestCaseKeyword$_callTestCase_closure1.doCall(CallTestCaseKeyword.groovy:63)&#xa;	at com.kms.katalon.core.keyword.builtin.CallTestCaseKeyword$_callTestCase_closure1.call(CallTestCaseKeyword.groovy)&#xa;	at com.kms.katalon.core.keyword.internal.KeywordMain.runKeyword(KeywordMain.groovy:75)&#xa;	at com.kms.katalon.core.keyword.builtin.CallTestCaseKeyword.callTestCase(CallTestCaseKeyword.groovy:81)&#xa;	at com.kms.katalon.core.keyword.builtin.CallTestCaseKeyword.execute(CallTestCaseKeyword.groovy:44)&#xa;	at com.kms.katalon.core.keyword.internal.KeywordExecutor.executeKeywordForPlatform(KeywordExecutor.groovy:74)&#xa;	at com.kms.katalon.core.keyword.BuiltinKeywords.callTestCase(BuiltinKeywords.groovy:310)&#xa;	at java.base/jdk.internal.reflect.NativeMethodAccessorImpl.invoke0(Native Method)&#xa;	at java.base/jdk.internal.reflect.NativeMethodAccessorImpl.invoke(NativeMethodAccessorImpl.java:77)&#xa;	at java.base/jdk.internal.reflect.DelegatingMethodAccessorImpl.invoke(DelegatingMethodAccessorImpl.java:43)&#xa;	at RT023 MobileMenu - SuperTester.run(RT023 MobileMenu - SuperTester:24)&#xa;	at com.kms.katalon.core.main.ScriptEngine.run(ScriptEngine.java:194)&#xa;	at com.kms.katalon.core.main.ScriptEngine.runScriptAsRawText(ScriptEngine.java:119)&#xa;	at com.kms.katalon.core.main.TestCaseExecutor.runScript(TestCaseExecutor.java:448)&#xa;	at com.kms.katalon.core.main.TestCaseExecutor.doExecute(TestCaseExecutor.java:439)&#xa;	at com.kms.katalon.core.main.TestCaseExecutor.processExecutionPhase(TestCaseExecutor.java:418)&#xa;	at com.kms.katalon.core.main.TestCaseExecutor.accessMainPhase(TestCaseExecutor.java:410)&#xa;	at com.kms.katalon.core.main.TestCaseExecutor.execute(TestCaseExecutor.java:285)&#xa;	at com.kms.katalon.core.common.CommonExecutor.accessTestCaseMainPhase(CommonExecutor.java:65)&#xa;	at com.kms.katalon.core.main.TestSuiteExecutor.accessTestSuiteMainPhase(TestSuiteExecutor.java:148)&#xa;	at com.kms.katalon.core.main.TestSuiteExecutor.execute(TestSuiteExecutor.java:106)&#xa;	at com.kms.katalon.core.main.TestCaseMain.startTestSuite(TestCaseMain.java:187)&#xa;	at TempTestSuite1702916187814.run(TempTestSuite1702916187814.groovy:36)&#xa;	at java.base/jdk.internal.reflect.NativeMethodAccessorImpl.invoke0(Native Method)&#xa;	at java.base/jdk.internal.reflect.NativeMethodAccessorImpl.invoke(NativeMethodAccessorImpl.java:77)&#xa;	at java.base/jdk.internal.reflect.DelegatingMethodAccessorImpl.invoke(DelegatingMethodAccessorImpl.java:43)&#xa;Caused by: com.kms.katalon.core.exception.StepFailedException: Unable to click on object 'Object Repository/Page_Home - RisQIT/button_Main Menu'&#xa;	at com.kms.katalon.core.webui.keyword.internal.WebUIKeywordMain.stepFailed(WebUIKeywordMain.groovy:64)&#xa;	at com.kms.katalon.core.webui.keyword.internal.WebUIKeywordMain.runKeyword(WebUIKeywordMain.groovy:26)&#xa;	at com.kms.katalon.core.webui.keyword.builtin.ClickKeyword.click(ClickKeyword.groovy:74)&#xa;	at com.kms.katalon.core.webui.keyword.builtin.ClickKeyword.execute(ClickKeyword.groovy:40)&#xa;	at com.kms.katalon.core.keyword.internal.KeywordExecutor.executeKeywordForPlatform(KeywordExecutor.groovy:74)&#xa;	at com.kms.katalon.core.webui.keyword.WebUiBuiltInKeywords.click(WebUiBuiltInKeywords.groovy:620)&#xa;	at RT000.2 MobileMenu.run(RT000.2 MobileMenu:26)&#xa;	at com.kms.katalon.core.main.ScriptEngine.run(ScriptEngine.java:194)&#xa;	at com.kms.katalon.core.main.ScriptEngine.runScriptAsRawText(ScriptEngine.java:119)&#xa;	at com.kms.katalon.core.main.TestCaseExecutor.runScript(TestCaseExecutor.java:448)&#xa;	at com.kms.katalon.core.main.TestCaseExecutor.doExecute(TestCaseExecutor.java:439)&#xa;	at com.kms.katalon.core.main.TestCaseExecutor.processExecutionPhase(TestCaseExecutor.java:418)&#xa;	at com.kms.katalon.core.main.TestCaseExecutor.accessMainPhase(TestCaseExecutor.java:410)&#xa;	at com.kms.katalon.core.main.TestCaseExecutor.execute(TestCaseExecutor.java:285)&#xa;	at com.kms.katalon.core.main.TestCaseMain.runTestCase(TestCaseMain.java:144)&#xa;	at com.kms.katalon.core.keyword.builtin.CallTestCaseKeyword$_callTestCase_closure1.doCall(CallTestCaseKeyword.groovy:59)&#xa;	... 25 more&#xa;Caused by: org.openqa.selenium.ElementNotInteractableException: element not interactable&#xa;  (Session info: chrome=120.0.6099.72)&#xa;Build info: version: '3.141.59', revision: 'e82be7d358', time: '2018-11-14T08:25:53'&#xa;System info: host: 'BERGTOP', ip: '192.168.1.100', os.name: 'Windows 11', os.arch: 'amd64', os.version: '10.0', java.version: '17.0.7'&#xa;Driver info: com.kms.katalon.selenium.driver.CChromeDriver&#xa;Capabilities {acceptInsecureCerts: false, browserName: chrome, browserVersion: 120.0.6099.72, chrome: {chromedriverVersion: 119.0.6045.105 (38c72552c5e..., userDataDir: C:\Users\maart\AppData\Loca...}, fedcm:accounts: true, goog:chromeOptions: {debuggerAddress: localhost:59279}, javascriptEnabled: true, networkConnectionEnabled: false, pageLoadStrategy: normal, platform: WINDOWS, platformName: WINDOWS, proxy: Proxy(), setWindowRect: true, strictFileInteractability: false, timeouts: {implicit: 0, pageLoad: 300000, script: 30000}, unhandledPromptBehavior: dismiss and notify, webauthn:extension:credBlob: true, webauthn:extension:largeBlob: true, webauthn:extension:minPinLength: true, webauthn:extension:prf: true, webauthn:virtualAuthenticators: true}&#xa;Session ID: ce8a46b5ea0b073ceb8ab2ae084ba62e&#xa;	at java.base/jdk.internal.reflect.NativeConstructorAccessorImpl.newInstance0(Native Method)&#xa;	at java.base/jdk.internal.reflect.NativeConstructorAccessorImpl.newInstance(NativeConstructorAccessorImpl.java:77)&#xa;	at java.base/jdk.internal.reflect.DelegatingConstructorAccessorImpl.newInstance(DelegatingConstructorAccessorImpl.java:45)&#xa;	at org.openqa.selenium.remote.http.W3CHttpResponseCodec.createException(W3CHttpResponseCodec.java:187)&#xa;	at org.openqa.selenium.remote.http.W3CHttpResponseCodec.decode(W3CHttpResponseCodec.java:122)&#xa;	at org.openqa.selenium.remote.http.W3CHttpResponseCodec.decode(W3CHttpResponseCodec.java:49)&#xa;	at org.openqa.selenium.remote.HttpCommandExecutor.execute(HttpCommandExecutor.java:158)&#xa;	at org.openqa.selenium.remote.service.DriverCommandExecutor.execute(DriverCommandExecutor.java:83)&#xa;	at org.openqa.selenium.remote.RemoteWebDriver.execute(RemoteWebDriver.java:552)&#xa;	at com.kms.katalon.selenium.driver.CChromeDriver.execute(CChromeDriver.java:19)&#xa;	at org.openqa.selenium.remote.RemoteWebElement.execute(RemoteWebElement.java:285)&#xa;	at org.openqa.selenium.remote.RemoteWebElement.click(RemoteWebElement.java:84)&#xa;	at jdk.internal.reflect.GeneratedMethodAccessor13.invoke(Unknown Source)&#xa;	at java.base/jdk.internal.reflect.DelegatingMethodAccessorImpl.invoke(DelegatingMethodAccessorImpl.java:43)&#xa;	at org.openqa.selenium.support.events.EventFiringWebDriver$EventFiringWebElement.lambda$new$0(EventFiringWebDriver.java:404)&#xa;	at jdk.proxy2/jdk.proxy2.$Proxy24.click(Unknown Source)&#xa;	at org.openqa.selenium.support.events.EventFiringWebDriver$EventFiringWebElement.click(EventFiringWebDriver.java:417)&#xa;	at org.openqa.selenium.WebElement$click.call(Unknown Source)&#xa;	at com.kms.katalon.core.webui.keyword.builtin.ClickKeyword.clickUntilSuccessWithTimeout(ClickKeyword.groovy:81)&#xa;	at com.kms.katalon.core.webui.keyword.builtin.ClickKeyword.clickUntilSuccessWithTimeout(ClickKeyword.groovy)&#xa;	at jdk.internal.reflect.GeneratedMethodAccessor11.invoke(Unknown Source)&#xa;	at java.base/jdk.internal.reflect.DelegatingMethodAccessorImpl.invoke(DelegatingMethodAccessorImpl.java:43)&#xa;	at com.kms.katalon.core.webui.keyword.builtin.ClickKeyword$_click_closure1.doCall(ClickKeyword.groovy:67)&#xa;	at com.kms.katalon.core.webui.keyword.builtin.ClickKeyword$_click_closure1.call(ClickKeyword.groovy)&#xa;	at com.kms.katalon.core.webui.keyword.internal.WebUIKeywordMain.runKeyword(WebUIKeywordMain.groovy:20)&#xa;	... 39 more&#xa;"/>
         <system-out><![CDATA[2023-12-18 17:19:53 - [TEST_CASE][FAILED] - Test Cases/Menu/RT023 MobileMenu - SuperTester: Test Cases/Menu/RT023 MobileMenu - SuperTester FAILED.
Reason:
com.kms.katalon.core.exception.StepFailedException: Call Test Case 'Test Cases/Menu/RT000.2 MobileMenu' failed
	at com.kms.katalon.core.keyword.builtin.CallTestCaseKeyword$_callTestCase_closure1.doCall(CallTestCaseKeyword.groovy:63)
	at com.kms.katalon.core.keyword.builtin.CallTestCaseKeyword$_callTestCase_closure1.call(CallTestCaseKeyword.groovy)
	at com.kms.katalon.core.keyword.internal.KeywordMain.runKeyword(KeywordMain.groovy:75)
	at com.kms.katalon.core.keyword.builtin.CallTestCaseKeyword.callTestCase(CallTestCaseKeyword.groovy:81)
	at com.kms.katalon.core.keyword.builtin.CallTestCaseKeyword.execute(CallTestCaseKeyword.groovy:44)
	at com.kms.katalon.core.keyword.internal.KeywordExecutor.executeKeywordForPlatform(KeywordExecutor.groovy:74)
	at com.kms.katalon.core.keyword.BuiltinKeywords.callTestCase(BuiltinKeywords.groovy:310)
	at java.base/jdk.internal.reflect.NativeMethodAccessorImpl.invoke0(Native Method)
	at java.base/jdk.internal.reflect.NativeMethodAccessorImpl.invoke(NativeMethodAccessorImpl.java:77)
	at java.base/jdk.internal.reflect.DelegatingMethodAccessorImpl.invoke(DelegatingMethodAccessorImpl.java:43)
	at RT023 MobileMenu - SuperTester.run(RT023 MobileMenu - SuperTester:24)
	at com.kms.katalon.core.main.ScriptEngine.run(ScriptEngine.java:194)
	at com.kms.katalon.core.main.ScriptEngine.runScriptAsRawText(ScriptEngine.java:119)
	at com.kms.katalon.core.main.TestCaseExecutor.runScript(TestCaseExecutor.java:448)
	at com.kms.katalon.core.main.TestCaseExecutor.doExecute(TestCaseExecutor.java:439)
	at com.kms.katalon.core.main.TestCaseExecutor.processExecutionPhase(TestCaseExecutor.java:418)
	at com.kms.katalon.core.main.TestCaseExecutor.accessMainPhase(TestCaseExecutor.java:410)
	at com.kms.katalon.core.main.TestCaseExecutor.execute(TestCaseExecutor.java:285)
	at com.kms.katalon.core.common.CommonExecutor.accessTestCaseMainPhase(CommonExecutor.java:65)
	at com.kms.katalon.core.main.TestSuiteExecutor.accessTestSuiteMainPhase(TestSuiteExecutor.java:148)
	at com.kms.katalon.core.main.TestSuiteExecutor.execute(TestSuiteExecutor.java:106)
	at com.kms.katalon.core.main.TestCaseMain.startTestSuite(TestCaseMain.java:187)
	at TempTestSuite1702916187814.run(TempTestSuite1702916187814.groovy:36)
	at java.base/jdk.internal.reflect.NativeMethodAccessorImpl.invoke0(Native Method)
	at java.base/jdk.internal.reflect.NativeMethodAccessorImpl.invoke(NativeMethodAccessorImpl.java:77)
	at java.base/jdk.internal.reflect.DelegatingMethodAccessorImpl.invoke(DelegatingMethodAccessorImpl.java:43)
Caused by: com.kms.katalon.core.exception.StepFailedException: Unable to click on object 'Object Repository/Page_Home - RisQIT/button_Main Menu'
	at com.kms.katalon.core.webui.keyword.internal.WebUIKeywordMain.stepFailed(WebUIKeywordMain.groovy:64)
	at com.kms.katalon.core.webui.keyword.internal.WebUIKeywordMain.runKeyword(WebUIKeywordMain.groovy:26)
	at com.kms.katalon.core.webui.keyword.builtin.ClickKeyword.click(ClickKeyword.groovy:74)
	at com.kms.katalon.core.webui.keyword.builtin.ClickKeyword.execute(ClickKeyword.groovy:40)
	at com.kms.katalon.core.keyword.internal.KeywordExecutor.executeKeywordForPlatform(KeywordExecutor.groovy:74)
	at com.kms.katalon.core.webui.keyword.WebUiBuiltInKeywords.click(WebUiBuiltInKeywords.groovy:620)
	at RT000.2 MobileMenu.run(RT000.2 MobileMenu:26)
	at com.kms.katalon.core.main.ScriptEngine.run(ScriptEngine.java:194)
	at com.kms.katalon.core.main.ScriptEngine.runScriptAsRawText(ScriptEngine.java:119)
	at com.kms.katalon.core.main.TestCaseExecutor.runScript(TestCaseExecutor.java:448)
	at com.kms.katalon.core.main.TestCaseExecutor.doExecute(TestCaseExecutor.java:439)
	at com.kms.katalon.core.main.TestCaseExecutor.processExecutionPhase(TestCaseExecutor.java:418)
	at com.kms.katalon.core.main.TestCaseExecutor.accessMainPhase(TestCaseExecutor.java:410)
	at com.kms.katalon.core.main.TestCaseExecutor.execute(TestCaseExecutor.java:285)
	at com.kms.katalon.core.main.TestCaseMain.runTestCase(TestCaseMain.java:144)
	at com.kms.katalon.core.keyword.builtin.CallTestCaseKeyword$_callTestCase_closure1.doCall(CallTestCaseKeyword.groovy:59)
	... 25 more
Caused by: org.openqa.selenium.ElementNotInteractableException: element not interactable
  (Session info: chrome=120.0.6099.72)
Build info: version: '3.141.59', revision: 'e82be7d358', time: '2018-11-14T08:25:53'
System info: host: 'BERGTOP', ip: '192.168.1.100', os.name: 'Windows 11', os.arch: 'amd64', os.version: '10.0', java.version: '17.0.7'
Driver info: com.kms.katalon.selenium.driver.CChromeDriver
Capabilities {acceptInsecureCerts: false, browserName: chrome, browserVersion: 120.0.6099.72, chrome: {chromedriverVersion: 119.0.6045.105 (38c72552c5e..., userDataDir: C:\Users\maart\AppData\Loca...}, fedcm:accounts: true, goog:chromeOptions: {debuggerAddress: localhost:59279}, javascriptEnabled: true, networkConnectionEnabled: false, pageLoadStrategy: normal, platform: WINDOWS, platformName: WINDOWS, proxy: Proxy(), setWindowRect: true, strictFileInteractability: false, timeouts: {implicit: 0, pageLoad: 300000, script: 30000}, unhandledPromptBehavior: dismiss and notify, webauthn:extension:credBlob: true, webauthn:extension:largeBlob: true, webauthn:extension:minPinLength: true, webauthn:extension:prf: true, webauthn:virtualAuthenticators: true}
Session ID: ce8a46b5ea0b073ceb8ab2ae084ba62e
	at java.base/jdk.internal.reflect.NativeConstructorAccessorImpl.newInstance0(Native Method)
	at java.base/jdk.internal.reflect.NativeConstructorAccessorImpl.newInstance(NativeConstructorAccessorImpl.java:77)
	at java.base/jdk.internal.reflect.DelegatingConstructorAccessorImpl.newInstance(DelegatingConstructorAccessorImpl.java:45)
	at org.openqa.selenium.remote.http.W3CHttpResponseCodec.createException(W3CHttpResponseCodec.java:187)
	at org.openqa.selenium.remote.http.W3CHttpResponseCodec.decode(W3CHttpResponseCodec.java:122)
	at org.openqa.selenium.remote.http.W3CHttpResponseCodec.decode(W3CHttpResponseCodec.java:49)
	at org.openqa.selenium.remote.HttpCommandExecutor.execute(HttpCommandExecutor.java:158)
	at org.openqa.selenium.remote.service.DriverCommandExecutor.execute(DriverCommandExecutor.java:83)
	at org.openqa.selenium.remote.RemoteWebDriver.execute(RemoteWebDriver.java:552)
	at com.kms.katalon.selenium.driver.CChromeDriver.execute(CChromeDriver.java:19)
	at org.openqa.selenium.remote.RemoteWebElement.execute(RemoteWebElement.java:285)
	at org.openqa.selenium.remote.RemoteWebElement.click(RemoteWebElement.java:84)
	at jdk.internal.reflect.GeneratedMethodAccessor13.invoke(Unknown Source)
	at java.base/jdk.internal.reflect.DelegatingMethodAccessorImpl.invoke(DelegatingMethodAccessorImpl.java:43)
	at org.openqa.selenium.support.events.EventFiringWebDriver$EventFiringWebElement.lambda$new$0(EventFiringWebDriver.java:404)
	at jdk.proxy2/jdk.proxy2.$Proxy24.click(Unknown Source)
	at org.openqa.selenium.support.events.EventFiringWebDriver$EventFiringWebElement.click(EventFiringWebDriver.java:417)
	at org.openqa.selenium.WebElement$click.call(Unknown Source)
	at com.kms.katalon.core.webui.keyword.builtin.ClickKeyword.clickUntilSuccessWithTimeout(ClickKeyword.groovy:81)
	at com.kms.katalon.core.webui.keyword.builtin.ClickKeyword.clickUntilSuccessWithTimeout(ClickKeyword.groovy)
	at jdk.internal.reflect.GeneratedMethodAccessor11.invoke(Unknown Source)
	at java.base/jdk.internal.reflect.DelegatingMethodAccessorImpl.invoke(DelegatingMethodAccessorImpl.java:43)
	at com.kms.katalon.core.webui.keyword.builtin.ClickKeyword$_click_closure1.doCall(ClickKeyword.groovy:67)
	at com.kms.katalon.core.webui.keyword.builtin.ClickKeyword$_click_closure1.call(ClickKeyword.groovy)
	at com.kms.katalon.core.webui.keyword.internal.WebUIKeywordMain.runKeyword(WebUIKeywordMain.groovy:20)
	... 39 more


2023-12-18 17:19:53 - [TEST_STEP][PASSED] - openBrowser(""): Browser is opened with url: ''

2023-12-18 17:19:53 - [MESSAGE][INFO] - Starting 'Chrome' driver

2023-12-18 17:19:53 - [MESSAGE][INFO] - Action delay is set to 0 milliseconds

2023-12-18 17:19:54 - [MESSAGE][PASSED] - Browser is opened with url: ''

2023-12-18 17:19:54 - [TEST_STEP][PASSED] - navigateToUrl(URL + OVER_ONS + SUPERTESTER): Navigate to 'https://nlrisqitww-chaca.savviihq.com/over-ons/supertester/' successfully

2023-12-18 17:19:55 - [MESSAGE][PASSED] - Navigate to 'https://nlrisqitww-chaca.savviihq.com/over-ons/supertester/' successfully

2023-12-18 17:19:55 - [TEST_STEP][FAILED] - callTestCase(findTestCase("Menu/RT000.2 MobileMenu"), [:], STOP_ON_FAILURE): Unable to call Test Case 'Test Cases/Menu/RT000.2 MobileMenu' (Root cause: com.kms.katalon.core.exception.StepFailedException: Call Test Case 'Test Cases/Menu/RT000.2 MobileMenu' failed
	at com.kms.katalon.core.keyword.builtin.CallTestCaseKeyword$_callTestCase_closure1.doCall(CallTestCaseKeyword.groovy:63)
	at com.kms.katalon.core.keyword.builtin.CallTestCaseKeyword$_callTestCase_closure1.call(CallTestCaseKeyword.groovy)
	at com.kms.katalon.core.keyword.internal.KeywordMain.runKeyword(KeywordMain.groovy:75)
	at com.kms.katalon.core.keyword.builtin.CallTestCaseKeyword.callTestCase(CallTestCaseKeyword.groovy:81)
	at com.kms.katalon.core.keyword.builtin.CallTestCaseKeyword.execute(CallTestCaseKeyword.groovy:44)
	at com.kms.katalon.core.keyword.internal.KeywordExecutor.executeKeywordForPlatform(KeywordExecutor.groovy:74)
	at com.kms.katalon.core.keyword.BuiltinKeywords.callTestCase(BuiltinKeywords.groovy:310)
	at java.base/jdk.internal.reflect.NativeMethodAccessorImpl.invoke0(Native Method)
	at java.base/jdk.internal.reflect.NativeMethodAccessorImpl.invoke(NativeMethodAccessorImpl.java:77)
	at java.base/jdk.internal.reflect.DelegatingMethodAccessorImpl.invoke(DelegatingMethodAccessorImpl.java:43)
	at RT023 MobileMenu - SuperTester.run(RT023 MobileMenu - SuperTester:24)
	at com.kms.katalon.core.main.ScriptEngine.run(ScriptEngine.java:194)
	at com.kms.katalon.core.main.ScriptEngine.runScriptAsRawText(ScriptEngine.java:119)
	at com.kms.katalon.core.main.TestCaseExecutor.runScript(TestCaseExecutor.java:448)
	at com.kms.katalon.core.main.TestCaseExecutor.doExecute(TestCaseExecutor.java:439)
	at com.kms.katalon.core.main.TestCaseExecutor.processExecutionPhase(TestCaseExecutor.java:418)
	at com.kms.katalon.core.main.TestCaseExecutor.accessMainPhase(TestCaseExecutor.java:410)
	at com.kms.katalon.core.main.TestCaseExecutor.execute(TestCaseExecutor.java:285)
	at com.kms.katalon.core.common.CommonExecutor.accessTestCaseMainPhase(CommonExecutor.java:65)
	at com.kms.katalon.core.main.TestSuiteExecutor.accessTestSuiteMainPhase(TestSuiteExecutor.java:148)
	at com.kms.katalon.core.main.TestSuiteExecutor.execute(TestSuiteExecutor.java:106)
	at com.kms.katalon.core.main.TestCaseMain.startTestSuite(TestCaseMain.java:187)
	at TempTestSuite1702916187814.run(TempTestSuite1702916187814.groovy:36)
	at java.base/jdk.internal.reflect.NativeMethodAccessorImpl.invoke0(Native Method)
	at java.base/jdk.internal.reflect.NativeMethodAccessorImpl.invoke(NativeMethodAccessorImpl.java:77)
	at java.base/jdk.internal.reflect.DelegatingMethodAccessorImpl.invoke(DelegatingMethodAccessorImpl.java:43)
Caused by: com.kms.katalon.core.exception.StepFailedException: Unable to click on object 'Object Repository/Page_Home - RisQIT/button_Main Menu'
	at com.kms.katalon.core.webui.keyword.internal.WebUIKeywordMain.stepFailed(WebUIKeywordMain.groovy:64)
	at com.kms.katalon.core.webui.keyword.internal.WebUIKeywordMain.runKeyword(WebUIKeywordMain.groovy:26)
	at com.kms.katalon.core.webui.keyword.builtin.ClickKeyword.click(ClickKeyword.groovy:74)
	at com.kms.katalon.core.webui.keyword.builtin.ClickKeyword.execute(ClickKeyword.groovy:40)
	at com.kms.katalon.core.keyword.internal.KeywordExecutor.executeKeywordForPlatform(KeywordExecutor.groovy:74)
	at com.kms.katalon.core.webui.keyword.WebUiBuiltInKeywords.click(WebUiBuiltInKeywords.groovy:620)
	at RT000.2 MobileMenu.run(RT000.2 MobileMenu:26)
	at com.kms.katalon.core.main.ScriptEngine.run(ScriptEngine.java:194)
	at com.kms.katalon.core.main.ScriptEngine.runScriptAsRawText(ScriptEngine.java:119)
	at com.kms.katalon.core.main.TestCaseExecutor.runScript(TestCaseExecutor.java:448)
	at com.kms.katalon.core.main.TestCaseExecutor.doExecute(TestCaseExecutor.java:439)
	at com.kms.katalon.core.main.TestCaseExecutor.processExecutionPhase(TestCaseExecutor.java:418)
	at com.kms.katalon.core.main.TestCaseExecutor.accessMainPhase(TestCaseExecutor.java:410)
	at com.kms.katalon.core.main.TestCaseExecutor.execute(TestCaseExecutor.java:285)
	at com.kms.katalon.core.main.TestCaseMain.runTestCase(TestCaseMain.java:144)
	at com.kms.katalon.core.keyword.builtin.CallTestCaseKeyword$_callTestCase_closure1.doCall(CallTestCaseKeyword.groovy:59)
	... 25 more
Caused by: org.openqa.selenium.ElementNotInteractableException: element not interactable
  (Session info: chrome=120.0.6099.72)
Build info: version: '3.141.59', revision: 'e82be7d358', time: '2018-11-14T08:25:53'
System info: host: 'BERGTOP', ip: '192.168.1.100', os.name: 'Windows 11', os.arch: 'amd64', os.version: '10.0', java.version: '17.0.7'
Driver info: com.kms.katalon.selenium.driver.CChromeDriver
Capabilities {acceptInsecureCerts: false, browserName: chrome, browserVersion: 120.0.6099.72, chrome: {chromedriverVersion: 119.0.6045.105 (38c72552c5e..., userDataDir: C:\Users\maart\AppData\Loca...}, fedcm:accounts: true, goog:chromeOptions: {debuggerAddress: localhost:59279}, javascriptEnabled: true, networkConnectionEnabled: false, pageLoadStrategy: normal, platform: WINDOWS, platformName: WINDOWS, proxy: Proxy(), setWindowRect: true, strictFileInteractability: false, timeouts: {implicit: 0, pageLoad: 300000, script: 30000}, unhandledPromptBehavior: dismiss and notify, webauthn:extension:credBlob: true, webauthn:extension:largeBlob: true, webauthn:extension:minPinLength: true, webauthn:extension:prf: true, webauthn:virtualAuthenticators: true}
Session ID: ce8a46b5ea0b073ceb8ab2ae084ba62e
	at java.base/jdk.internal.reflect.NativeConstructorAccessorImpl.newInstance0(Native Method)
	at java.base/jdk.internal.reflect.NativeConstructorAccessorImpl.newInstance(NativeConstructorAccessorImpl.java:77)
	at java.base/jdk.internal.reflect.DelegatingConstructorAccessorImpl.newInstance(DelegatingConstructorAccessorImpl.java:45)
	at org.openqa.selenium.remote.http.W3CHttpResponseCodec.createException(W3CHttpResponseCodec.java:187)
	at org.openqa.selenium.remote.http.W3CHttpResponseCodec.decode(W3CHttpResponseCodec.java:122)
	at org.openqa.selenium.remote.http.W3CHttpResponseCodec.decode(W3CHttpResponseCodec.java:49)
	at org.openqa.selenium.remote.HttpCommandExecutor.execute(HttpCommandExecutor.java:158)
	at org.openqa.selenium.remote.service.DriverCommandExecutor.execute(DriverCommandExecutor.java:83)
	at org.openqa.selenium.remote.RemoteWebDriver.execute(RemoteWebDriver.java:552)
	at com.kms.katalon.selenium.driver.CChromeDriver.execute(CChromeDriver.java:19)
	at org.openqa.selenium.remote.RemoteWebElement.execute(RemoteWebElement.java:285)
	at org.openqa.selenium.remote.RemoteWebElement.click(RemoteWebElement.java:84)
	at jdk.internal.reflect.GeneratedMethodAccessor13.invoke(Unknown Source)
	at java.base/jdk.internal.reflect.DelegatingMethodAccessorImpl.invoke(DelegatingMethodAccessorImpl.java:43)
	at org.openqa.selenium.support.events.EventFiringWebDriver$EventFiringWebElement.lambda$new$0(EventFiringWebDriver.java:404)
	at jdk.proxy2/jdk.proxy2.$Proxy24.click(Unknown Source)
	at org.openqa.selenium.support.events.EventFiringWebDriver$EventFiringWebElement.click(EventFiringWebDriver.java:417)
	at org.openqa.selenium.WebElement$click.call(Unknown Source)
	at com.kms.katalon.core.webui.keyword.builtin.ClickKeyword.clickUntilSuccessWithTimeout(ClickKeyword.groovy:81)
	at com.kms.katalon.core.webui.keyword.builtin.ClickKeyword.clickUntilSuccessWithTimeout(ClickKeyword.groovy)
	at jdk.internal.reflect.GeneratedMethodAccessor11.invoke(Unknown Source)
	at java.base/jdk.internal.reflect.DelegatingMethodAccessorImpl.invoke(DelegatingMethodAccessorImpl.java:43)
	at com.kms.katalon.core.webui.keyword.builtin.ClickKeyword$_click_closure1.doCall(ClickKeyword.groovy:67)
	at com.kms.katalon.core.webui.keyword.builtin.ClickKeyword$_click_closure1.call(ClickKeyword.groovy)
	at com.kms.katalon.core.webui.keyword.internal.WebUIKeywordMain.runKeyword(WebUIKeywordMain.groovy:20)
	... 39 more
)

2023-12-18 17:19:55 - [TEST_CASE][FAILED] - Test Cases/Menu/RT000.2 MobileMenu: Test Cases/Menu/RT000.2 MobileMenu FAILED.
Reason:
com.kms.katalon.core.exception.StepFailedException: Unable to click on object 'Object Repository/Page_Home - RisQIT/button_Main Menu'
	at com.kms.katalon.core.webui.keyword.internal.WebUIKeywordMain.stepFailed(WebUIKeywordMain.groovy:64)
	at com.kms.katalon.core.webui.keyword.internal.WebUIKeywordMain.runKeyword(WebUIKeywordMain.groovy:26)
	at com.kms.katalon.core.webui.keyword.builtin.ClickKeyword.click(ClickKeyword.groovy:74)
	at com.kms.katalon.core.webui.keyword.builtin.ClickKeyword.execute(ClickKeyword.groovy:40)
	at com.kms.katalon.core.keyword.internal.KeywordExecutor.executeKeywordForPlatform(KeywordExecutor.groovy:74)
	at com.kms.katalon.core.webui.keyword.WebUiBuiltInKeywords.click(WebUiBuiltInKeywords.groovy:620)
	at RT000.2 MobileMenu.run(RT000.2 MobileMenu:26)
	at com.kms.katalon.core.main.ScriptEngine.run(ScriptEngine.java:194)
	at com.kms.katalon.core.main.ScriptEngine.runScriptAsRawText(ScriptEngine.java:119)
	at com.kms.katalon.core.main.TestCaseExecutor.runScript(TestCaseExecutor.java:448)
	at com.kms.katalon.core.main.TestCaseExecutor.doExecute(TestCaseExecutor.java:439)
	at com.kms.katalon.core.main.TestCaseExecutor.processExecutionPhase(TestCaseExecutor.java:418)
	at com.kms.katalon.core.main.TestCaseExecutor.accessMainPhase(TestCaseExecutor.java:410)
	at com.kms.katalon.core.main.TestCaseExecutor.execute(TestCaseExecutor.java:285)
	at com.kms.katalon.core.main.TestCaseMain.runTestCase(TestCaseMain.java:144)
	at com.kms.katalon.core.keyword.builtin.CallTestCaseKeyword$_callTestCase_closure1.doCall(CallTestCaseKeyword.groovy:59)
	at com.kms.katalon.core.keyword.builtin.CallTestCaseKeyword$_callTestCase_closure1.call(CallTestCaseKeyword.groovy)
	at com.kms.katalon.core.keyword.internal.KeywordMain.runKeyword(KeywordMain.groovy:75)
	at com.kms.katalon.core.keyword.builtin.CallTestCaseKeyword.callTestCase(CallTestCaseKeyword.groovy:81)
	at com.kms.katalon.core.keyword.builtin.CallTestCaseKeyword.execute(CallTestCaseKeyword.groovy:44)
	at com.kms.katalon.core.keyword.internal.KeywordExecutor.executeKeywordForPlatform(KeywordExecutor.groovy:74)
	at com.kms.katalon.core.keyword.BuiltinKeywords.callTestCase(BuiltinKeywords.groovy:310)
	at java.base/jdk.internal.reflect.NativeMethodAccessorImpl.invoke0(Native Method)
	at java.base/jdk.internal.reflect.NativeMethodAccessorImpl.invoke(NativeMethodAccessorImpl.java:77)
	at java.base/jdk.internal.reflect.DelegatingMethodAccessorImpl.invoke(DelegatingMethodAccessorImpl.java:43)
	at RT023 MobileMenu - SuperTester.run(RT023 MobileMenu - SuperTester:24)
	at com.kms.katalon.core.main.ScriptEngine.run(ScriptEngine.java:194)
	at com.kms.katalon.core.main.ScriptEngine.runScriptAsRawText(ScriptEngine.java:119)
	at com.kms.katalon.core.main.TestCaseExecutor.runScript(TestCaseExecutor.java:448)
	at com.kms.katalon.core.main.TestCaseExecutor.doExecute(TestCaseExecutor.java:439)
	at com.kms.katalon.core.main.TestCaseExecutor.processExecutionPhase(TestCaseExecutor.java:418)
	at com.kms.katalon.core.main.TestCaseExecutor.accessMainPhase(TestCaseExecutor.java:410)
	at com.kms.katalon.core.main.TestCaseExecutor.execute(TestCaseExecutor.java:285)
	at com.kms.katalon.core.common.CommonExecutor.accessTestCaseMainPhase(CommonExecutor.java:65)
	at com.kms.katalon.core.main.TestSuiteExecutor.accessTestSuiteMainPhase(TestSuiteExecutor.java:148)
	at com.kms.katalon.core.main.TestSuiteExecutor.execute(TestSuiteExecutor.java:106)
	at com.kms.katalon.core.main.TestCaseMain.startTestSuite(TestCaseMain.java:187)
	at TempTestSuite1702916187814.run(TempTestSuite1702916187814.groovy:36)
	at java.base/jdk.internal.reflect.NativeMethodAccessorImpl.invoke0(Native Method)
	at java.base/jdk.internal.reflect.NativeMethodAccessorImpl.invoke(NativeMethodAccessorImpl.java:77)
	at java.base/jdk.internal.reflect.DelegatingMethodAccessorImpl.invoke(DelegatingMethodAccessorImpl.java:43)
Caused by: org.openqa.selenium.ElementNotInteractableException: element not interactable
  (Session info: chrome=120.0.6099.72)
Build info: version: '3.141.59', revision: 'e82be7d358', time: '2018-11-14T08:25:53'
System info: host: 'BERGTOP', ip: '192.168.1.100', os.name: 'Windows 11', os.arch: 'amd64', os.version: '10.0', java.version: '17.0.7'
Driver info: com.kms.katalon.selenium.driver.CChromeDriver
Capabilities {acceptInsecureCerts: false, browserName: chrome, browserVersion: 120.0.6099.72, chrome: {chromedriverVersion: 119.0.6045.105 (38c72552c5e..., userDataDir: C:\Users\maart\AppData\Loca...}, fedcm:accounts: true, goog:chromeOptions: {debuggerAddress: localhost:59279}, javascriptEnabled: true, networkConnectionEnabled: false, pageLoadStrategy: normal, platform: WINDOWS, platformName: WINDOWS, proxy: Proxy(), setWindowRect: true, strictFileInteractability: false, timeouts: {implicit: 0, pageLoad: 300000, script: 30000}, unhandledPromptBehavior: dismiss and notify, webauthn:extension:credBlob: true, webauthn:extension:largeBlob: true, webauthn:extension:minPinLength: true, webauthn:extension:prf: true, webauthn:virtualAuthenticators: true}
Session ID: ce8a46b5ea0b073ceb8ab2ae084ba62e
	at java.base/jdk.internal.reflect.NativeConstructorAccessorImpl.newInstance0(Native Method)
	at java.base/jdk.internal.reflect.NativeConstructorAccessorImpl.newInstance(NativeConstructorAccessorImpl.java:77)
	at java.base/jdk.internal.reflect.DelegatingConstructorAccessorImpl.newInstance(DelegatingConstructorAccessorImpl.java:45)
	at org.openqa.selenium.remote.http.W3CHttpResponseCodec.createException(W3CHttpResponseCodec.java:187)
	at org.openqa.selenium.remote.http.W3CHttpResponseCodec.decode(W3CHttpResponseCodec.java:122)
	at org.openqa.selenium.remote.http.W3CHttpResponseCodec.decode(W3CHttpResponseCodec.java:49)
	at org.openqa.selenium.remote.HttpCommandExecutor.execute(HttpCommandExecutor.java:158)
	at org.openqa.selenium.remote.service.DriverCommandExecutor.execute(DriverCommandExecutor.java:83)
	at org.openqa.selenium.remote.RemoteWebDriver.execute(RemoteWebDriver.java:552)
	at com.kms.katalon.selenium.driver.CChromeDriver.execute(CChromeDriver.java:19)
	at org.openqa.selenium.remote.RemoteWebElement.execute(RemoteWebElement.java:285)
	at org.openqa.selenium.remote.RemoteWebElement.click(RemoteWebElement.java:84)
	at jdk.internal.reflect.GeneratedMethodAccessor13.invoke(Unknown Source)
	at java.base/jdk.internal.reflect.DelegatingMethodAccessorImpl.invoke(DelegatingMethodAccessorImpl.java:43)
	at org.openqa.selenium.support.events.EventFiringWebDriver$EventFiringWebElement.lambda$new$0(EventFiringWebDriver.java:404)
	at jdk.proxy2/jdk.proxy2.$Proxy24.click(Unknown Source)
	at org.openqa.selenium.support.events.EventFiringWebDriver$EventFiringWebElement.click(EventFiringWebDriver.java:417)
	at org.openqa.selenium.WebElement$click.call(Unknown Source)
	at com.kms.katalon.core.webui.keyword.builtin.ClickKeyword.clickUntilSuccessWithTimeout(ClickKeyword.groovy:81)
	at com.kms.katalon.core.webui.keyword.builtin.ClickKeyword.clickUntilSuccessWithTimeout(ClickKeyword.groovy)
	at jdk.internal.reflect.GeneratedMethodAccessor11.invoke(Unknown Source)
	at java.base/jdk.internal.reflect.DelegatingMethodAccessorImpl.invoke(DelegatingMethodAccessorImpl.java:43)
	at com.kms.katalon.core.webui.keyword.builtin.ClickKeyword$_click_closure1.doCall(ClickKeyword.groovy:67)
	at com.kms.katalon.core.webui.keyword.builtin.ClickKeyword$_click_closure1.call(ClickKeyword.groovy)
	at com.kms.katalon.core.webui.keyword.internal.WebUIKeywordMain.runKeyword(WebUIKeywordMain.groovy:20)
	... 39 more


2023-12-18 17:19:55 - [TEST_STEP][PASSED] - setViewPortSize(912, 1000): Viewport is set to new size with width = 912 and height = 1000

2023-12-18 17:19:55 - [MESSAGE][PASSED] - Viewport is set to new size with width = 912 and height = 1000

2023-12-18 17:19:55 - [TEST_STEP][PASSED] - actual_url = getUrl(): Current window's url is: 'https://nlrisqitww-chaca.savviihq.com/supertester/'

2023-12-18 17:19:55 - [MESSAGE][PASSED] - Current window's url is: 'https://nlrisqitww-chaca.savviihq.com/supertester/'

2023-12-18 17:19:55 - [TEST_STEP][PASSED] - verifyElementPresent(findTestObject("Object Repository/Page_Home - RisQIT/button_Main Menu"), 0): Object 'Object Repository/Page_Home - RisQIT/button_Main Menu' is present

2023-12-18 17:19:55 - [MESSAGE][WARNING] - Timeout '0' is invalid. Using default page load timeout: '30'

2023-12-18 17:19:55 - [MESSAGE][PASSED] - Object 'Object Repository/Page_Home - RisQIT/button_Main Menu' is present

2023-12-18 17:19:55 - [TEST_STEP][FAILED] - click(findTestObject("Object Repository/Page_Home - RisQIT/button_Main Menu")): Unable to click on object 'Object Repository/Page_Home - RisQIT/button_Main Menu' (Root cause: com.kms.katalon.core.exception.StepFailedException: Unable to click on object 'Object Repository/Page_Home - RisQIT/button_Main Menu'
	at com.kms.katalon.core.webui.keyword.internal.WebUIKeywordMain.stepFailed(WebUIKeywordMain.groovy:64)
	at com.kms.katalon.core.webui.keyword.internal.WebUIKeywordMain.runKeyword(WebUIKeywordMain.groovy:26)
	at com.kms.katalon.core.webui.keyword.builtin.ClickKeyword.click(ClickKeyword.groovy:74)
	at com.kms.katalon.core.webui.keyword.builtin.ClickKeyword.execute(ClickKeyword.groovy:40)
	at com.kms.katalon.core.keyword.internal.KeywordExecutor.executeKeywordForPlatform(KeywordExecutor.groovy:74)
	at com.kms.katalon.core.webui.keyword.WebUiBuiltInKeywords.click(WebUiBuiltInKeywords.groovy:620)
	at RT000.2 MobileMenu.run(RT000.2 MobileMenu:26)
	at com.kms.katalon.core.main.ScriptEngine.run(ScriptEngine.java:194)
	at com.kms.katalon.core.main.ScriptEngine.runScriptAsRawText(ScriptEngine.java:119)
	at com.kms.katalon.core.main.TestCaseExecutor.runScript(TestCaseExecutor.java:448)
	at com.kms.katalon.core.main.TestCaseExecutor.doExecute(TestCaseExecutor.java:439)
	at com.kms.katalon.core.main.TestCaseExecutor.processExecutionPhase(TestCaseExecutor.java:418)
	at com.kms.katalon.core.main.TestCaseExecutor.accessMainPhase(TestCaseExecutor.java:410)
	at com.kms.katalon.core.main.TestCaseExecutor.execute(TestCaseExecutor.java:285)
	at com.kms.katalon.core.main.TestCaseMain.runTestCase(TestCaseMain.java:144)
	at com.kms.katalon.core.keyword.builtin.CallTestCaseKeyword$_callTestCase_closure1.doCall(CallTestCaseKeyword.groovy:59)
	at com.kms.katalon.core.keyword.builtin.CallTestCaseKeyword$_callTestCase_closure1.call(CallTestCaseKeyword.groovy)
	at com.kms.katalon.core.keyword.internal.KeywordMain.runKeyword(KeywordMain.groovy:75)
	at com.kms.katalon.core.keyword.builtin.CallTestCaseKeyword.callTestCase(CallTestCaseKeyword.groovy:81)
	at com.kms.katalon.core.keyword.builtin.CallTestCaseKeyword.execute(CallTestCaseKeyword.groovy:44)
	at com.kms.katalon.core.keyword.internal.KeywordExecutor.executeKeywordForPlatform(KeywordExecutor.groovy:74)
	at com.kms.katalon.core.keyword.BuiltinKeywords.callTestCase(BuiltinKeywords.groovy:310)
	at java.base/jdk.internal.reflect.NativeMethodAccessorImpl.invoke0(Native Method)
	at java.base/jdk.internal.reflect.NativeMethodAccessorImpl.invoke(NativeMethodAccessorImpl.java:77)
	at java.base/jdk.internal.reflect.DelegatingMethodAccessorImpl.invoke(DelegatingMethodAccessorImpl.java:43)
	at RT023 MobileMenu - SuperTester.run(RT023 MobileMenu - SuperTester:24)
	at com.kms.katalon.core.main.ScriptEngine.run(ScriptEngine.java:194)
	at com.kms.katalon.core.main.ScriptEngine.runScriptAsRawText(ScriptEngine.java:119)
	at com.kms.katalon.core.main.TestCaseExecutor.runScript(TestCaseExecutor.java:448)
	at com.kms.katalon.core.main.TestCaseExecutor.doExecute(TestCaseExecutor.java:439)
	at com.kms.katalon.core.main.TestCaseExecutor.processExecutionPhase(TestCaseExecutor.java:418)
	at com.kms.katalon.core.main.TestCaseExecutor.accessMainPhase(TestCaseExecutor.java:410)
	at com.kms.katalon.core.main.TestCaseExecutor.execute(TestCaseExecutor.java:285)
	at com.kms.katalon.core.common.CommonExecutor.accessTestCaseMainPhase(CommonExecutor.java:65)
	at com.kms.katalon.core.main.TestSuiteExecutor.accessTestSuiteMainPhase(TestSuiteExecutor.java:148)
	at com.kms.katalon.core.main.TestSuiteExecutor.execute(TestSuiteExecutor.java:106)
	at com.kms.katalon.core.main.TestCaseMain.startTestSuite(TestCaseMain.java:187)
	at TempTestSuite1702916187814.run(TempTestSuite1702916187814.groovy:36)
	at java.base/jdk.internal.reflect.NativeMethodAccessorImpl.invoke0(Native Method)
	at java.base/jdk.internal.reflect.NativeMethodAccessorImpl.invoke(NativeMethodAccessorImpl.java:77)
	at java.base/jdk.internal.reflect.DelegatingMethodAccessorImpl.invoke(DelegatingMethodAccessorImpl.java:43)
Caused by: org.openqa.selenium.ElementNotInteractableException: element not interactable
  (Session info: chrome=120.0.6099.72)
Build info: version: '3.141.59', revision: 'e82be7d358', time: '2018-11-14T08:25:53'
System info: host: 'BERGTOP', ip: '192.168.1.100', os.name: 'Windows 11', os.arch: 'amd64', os.version: '10.0', java.version: '17.0.7'
Driver info: com.kms.katalon.selenium.driver.CChromeDriver
Capabilities {acceptInsecureCerts: false, browserName: chrome, browserVersion: 120.0.6099.72, chrome: {chromedriverVersion: 119.0.6045.105 (38c72552c5e..., userDataDir: C:\Users\maart\AppData\Loca...}, fedcm:accounts: true, goog:chromeOptions: {debuggerAddress: localhost:59279}, javascriptEnabled: true, networkConnectionEnabled: false, pageLoadStrategy: normal, platform: WINDOWS, platformName: WINDOWS, proxy: Proxy(), setWindowRect: true, strictFileInteractability: false, timeouts: {implicit: 0, pageLoad: 300000, script: 30000}, unhandledPromptBehavior: dismiss and notify, webauthn:extension:credBlob: true, webauthn:extension:largeBlob: true, webauthn:extension:minPinLength: true, webauthn:extension:prf: true, webauthn:virtualAuthenticators: true}
Session ID: ce8a46b5ea0b073ceb8ab2ae084ba62e
	at java.base/jdk.internal.reflect.NativeConstructorAccessorImpl.newInstance0(Native Method)
	at java.base/jdk.internal.reflect.NativeConstructorAccessorImpl.newInstance(NativeConstructorAccessorImpl.java:77)
	at java.base/jdk.internal.reflect.DelegatingConstructorAccessorImpl.newInstance(DelegatingConstructorAccessorImpl.java:45)
	at org.openqa.selenium.remote.http.W3CHttpResponseCodec.createException(W3CHttpResponseCodec.java:187)
	at org.openqa.selenium.remote.http.W3CHttpResponseCodec.decode(W3CHttpResponseCodec.java:122)
	at org.openqa.selenium.remote.http.W3CHttpResponseCodec.decode(W3CHttpResponseCodec.java:49)
	at org.openqa.selenium.remote.HttpCommandExecutor.execute(HttpCommandExecutor.java:158)
	at org.openqa.selenium.remote.service.DriverCommandExecutor.execute(DriverCommandExecutor.java:83)
	at org.openqa.selenium.remote.RemoteWebDriver.execute(RemoteWebDriver.java:552)
	at com.kms.katalon.selenium.driver.CChromeDriver.execute(CChromeDriver.java:19)
	at org.openqa.selenium.remote.RemoteWebElement.execute(RemoteWebElement.java:285)
	at org.openqa.selenium.remote.RemoteWebElement.click(RemoteWebElement.java:84)
	at jdk.internal.reflect.GeneratedMethodAccessor13.invoke(Unknown Source)
	at java.base/jdk.internal.reflect.DelegatingMethodAccessorImpl.invoke(DelegatingMethodAccessorImpl.java:43)
	at org.openqa.selenium.support.events.EventFiringWebDriver$EventFiringWebElement.lambda$new$0(EventFiringWebDriver.java:404)
	at jdk.proxy2/jdk.proxy2.$Proxy24.click(Unknown Source)
	at org.openqa.selenium.support.events.EventFiringWebDriver$EventFiringWebElement.click(EventFiringWebDriver.java:417)
	at org.openqa.selenium.WebElement$click.call(Unknown Source)
	at com.kms.katalon.core.webui.keyword.builtin.ClickKeyword.clickUntilSuccessWithTimeout(ClickKeyword.groovy:81)
	at com.kms.katalon.core.webui.keyword.builtin.ClickKeyword.clickUntilSuccessWithTimeout(ClickKeyword.groovy)
	at jdk.internal.reflect.GeneratedMethodAccessor11.invoke(Unknown Source)
	at java.base/jdk.internal.reflect.DelegatingMethodAccessorImpl.invoke(DelegatingMethodAccessorImpl.java:43)
	at com.kms.katalon.core.webui.keyword.builtin.ClickKeyword$_click_closure1.doCall(ClickKeyword.groovy:67)
	at com.kms.katalon.core.webui.keyword.builtin.ClickKeyword$_click_closure1.call(ClickKeyword.groovy)
	at com.kms.katalon.core.webui.keyword.internal.WebUIKeywordMain.runKeyword(WebUIKeywordMain.groovy:20)
	at com.kms.katalon.core.webui.keyword.builtin.ClickKeyword.click(ClickKeyword.groovy:74)
	at com.kms.katalon.core.webui.keyword.builtin.ClickKeyword.execute(ClickKeyword.groovy:40)
	at com.kms.katalon.core.keyword.internal.KeywordExecutor.executeKeywordForPlatform(KeywordExecutor.groovy:74)
	at com.kms.katalon.core.webui.keyword.WebUiBuiltInKeywords.click(WebUiBuiltInKeywords.groovy:620)
	at Script1702915960103.run(Script1702915960103.groovy:26)
	at com.kms.katalon.core.main.ScriptEngine.run(ScriptEngine.java:194)
	at com.kms.katalon.core.main.ScriptEngine.runScriptAsRawText(ScriptEngine.java:119)
	at com.kms.katalon.core.main.TestCaseExecutor.runScript(TestCaseExecutor.java:448)
	at com.kms.katalon.core.main.TestCaseExecutor.doExecute(TestCaseExecutor.java:439)
	at com.kms.katalon.core.main.TestCaseExecutor.processExecutionPhase(TestCaseExecutor.java:418)
	at com.kms.katalon.core.main.TestCaseExecutor.accessMainPhase(TestCaseExecutor.java:410)
	at com.kms.katalon.core.main.TestCaseExecutor.execute(TestCaseExecutor.java:285)
	at com.kms.katalon.core.main.TestCaseMain.runTestCase(TestCaseMain.java:144)
	at com.kms.katalon.core.keyword.builtin.CallTestCaseKeyword$_callTestCase_closure1.doCall(CallTestCaseKeyword.groovy:59)
	at com.kms.katalon.core.keyword.builtin.CallTestCaseKeyword$_callTestCase_closure1.call(CallTestCaseKeyword.groovy)
	at com.kms.katalon.core.keyword.internal.KeywordMain.runKeyword(KeywordMain.groovy:75)
	at com.kms.katalon.core.keyword.builtin.CallTestCaseKeyword.callTestCase(CallTestCaseKeyword.groovy:81)
	at com.kms.katalon.core.keyword.builtin.CallTestCaseKeyword.execute(CallTestCaseKeyword.groovy:44)
	at com.kms.katalon.core.keyword.internal.KeywordExecutor.executeKeywordForPlatform(KeywordExecutor.groovy:74)
	at com.kms.katalon.core.keyword.BuiltinKeywords.callTestCase(BuiltinKeywords.groovy:310)
	at java.base/jdk.internal.reflect.NativeMethodAccessorImpl.invoke0(Native Method)
	at java.base/jdk.internal.reflect.NativeMethodAccessorImpl.invoke(NativeMethodAccessorImpl.java:77)
	at java.base/jdk.internal.reflect.DelegatingMethodAccessorImpl.invoke(DelegatingMethodAccessorImpl.java:43)
	at Script1702914467060.run(Script1702914467060.groovy:24)
	... 15 more
)

2023-12-18 17:19:56 - [MESSAGE][FAILED] - Unable to click on object 'Object Repository/Page_Home - RisQIT/button_Main Menu' (Root cause: com.kms.katalon.core.exception.StepFailedException: Unable to click on object 'Object Repository/Page_Home - RisQIT/button_Main Menu'
	at com.kms.katalon.core.webui.keyword.internal.WebUIKeywordMain.stepFailed(WebUIKeywordMain.groovy:64)
	at com.kms.katalon.core.webui.keyword.internal.WebUIKeywordMain.runKeyword(WebUIKeywordMain.groovy:26)
	at com.kms.katalon.core.webui.keyword.builtin.ClickKeyword.click(ClickKeyword.groovy:74)
	at com.kms.katalon.core.webui.keyword.builtin.ClickKeyword.execute(ClickKeyword.groovy:40)
	at com.kms.katalon.core.keyword.internal.KeywordExecutor.executeKeywordForPlatform(KeywordExecutor.groovy:74)
	at com.kms.katalon.core.webui.keyword.WebUiBuiltInKeywords.click(WebUiBuiltInKeywords.groovy:620)
	at RT000.2 MobileMenu.run(RT000.2 MobileMenu:26)
	at com.kms.katalon.core.main.ScriptEngine.run(ScriptEngine.java:194)
	at com.kms.katalon.core.main.ScriptEngine.runScriptAsRawText(ScriptEngine.java:119)
	at com.kms.katalon.core.main.TestCaseExecutor.runScript(TestCaseExecutor.java:448)
	at com.kms.katalon.core.main.TestCaseExecutor.doExecute(TestCaseExecutor.java:439)
	at com.kms.katalon.core.main.TestCaseExecutor.processExecutionPhase(TestCaseExecutor.java:418)
	at com.kms.katalon.core.main.TestCaseExecutor.accessMainPhase(TestCaseExecutor.java:410)
	at com.kms.katalon.core.main.TestCaseExecutor.execute(TestCaseExecutor.java:285)
	at com.kms.katalon.core.main.TestCaseMain.runTestCase(TestCaseMain.java:144)
	at com.kms.katalon.core.keyword.builtin.CallTestCaseKeyword$_callTestCase_closure1.doCall(CallTestCaseKeyword.groovy:59)
	at com.kms.katalon.core.keyword.builtin.CallTestCaseKeyword$_callTestCase_closure1.call(CallTestCaseKeyword.groovy)
	at com.kms.katalon.core.keyword.internal.KeywordMain.runKeyword(KeywordMain.groovy:75)
	at com.kms.katalon.core.keyword.builtin.CallTestCaseKeyword.callTestCase(CallTestCaseKeyword.groovy:81)
	at com.kms.katalon.core.keyword.builtin.CallTestCaseKeyword.execute(CallTestCaseKeyword.groovy:44)
	at com.kms.katalon.core.keyword.internal.KeywordExecutor.executeKeywordForPlatform(KeywordExecutor.groovy:74)
	at com.kms.katalon.core.keyword.BuiltinKeywords.callTestCase(BuiltinKeywords.groovy:310)
	at java.base/jdk.internal.reflect.NativeMethodAccessorImpl.invoke0(Native Method)
	at java.base/jdk.internal.reflect.NativeMethodAccessorImpl.invoke(NativeMethodAccessorImpl.java:77)
	at java.base/jdk.internal.reflect.DelegatingMethodAccessorImpl.invoke(DelegatingMethodAccessorImpl.java:43)
	at RT023 MobileMenu - SuperTester.run(RT023 MobileMenu - SuperTester:24)
	at com.kms.katalon.core.main.ScriptEngine.run(ScriptEngine.java:194)
	at com.kms.katalon.core.main.ScriptEngine.runScriptAsRawText(ScriptEngine.java:119)
	at com.kms.katalon.core.main.TestCaseExecutor.runScript(TestCaseExecutor.java:448)
	at com.kms.katalon.core.main.TestCaseExecutor.doExecute(TestCaseExecutor.java:439)
	at com.kms.katalon.core.main.TestCaseExecutor.processExecutionPhase(TestCaseExecutor.java:418)
	at com.kms.katalon.core.main.TestCaseExecutor.accessMainPhase(TestCaseExecutor.java:410)
	at com.kms.katalon.core.main.TestCaseExecutor.execute(TestCaseExecutor.java:285)
	at com.kms.katalon.core.common.CommonExecutor.accessTestCaseMainPhase(CommonExecutor.java:65)
	at com.kms.katalon.core.main.TestSuiteExecutor.accessTestSuiteMainPhase(TestSuiteExecutor.java:148)
	at com.kms.katalon.core.main.TestSuiteExecutor.execute(TestSuiteExecutor.java:106)
	at com.kms.katalon.core.main.TestCaseMain.startTestSuite(TestCaseMain.java:187)
	at TempTestSuite1702916187814.run(TempTestSuite1702916187814.groovy:36)
	at java.base/jdk.internal.reflect.NativeMethodAccessorImpl.invoke0(Native Method)
	at java.base/jdk.internal.reflect.NativeMethodAccessorImpl.invoke(NativeMethodAccessorImpl.java:77)
	at java.base/jdk.internal.reflect.DelegatingMethodAccessorImpl.invoke(DelegatingMethodAccessorImpl.java:43)
Caused by: org.openqa.selenium.ElementNotInteractableException: element not interactable
  (Session info: chrome=120.0.6099.72)
Build info: version: '3.141.59', revision: 'e82be7d358', time: '2018-11-14T08:25:53'
System info: host: 'BERGTOP', ip: '192.168.1.100', os.name: 'Windows 11', os.arch: 'amd64', os.version: '10.0', java.version: '17.0.7'
Driver info: com.kms.katalon.selenium.driver.CChromeDriver
Capabilities {acceptInsecureCerts: false, browserName: chrome, browserVersion: 120.0.6099.72, chrome: {chromedriverVersion: 119.0.6045.105 (38c72552c5e..., userDataDir: C:\Users\maart\AppData\Loca...}, fedcm:accounts: true, goog:chromeOptions: {debuggerAddress: localhost:59279}, javascriptEnabled: true, networkConnectionEnabled: false, pageLoadStrategy: normal, platform: WINDOWS, platformName: WINDOWS, proxy: Proxy(), setWindowRect: true, strictFileInteractability: false, timeouts: {implicit: 0, pageLoad: 300000, script: 30000}, unhandledPromptBehavior: dismiss and notify, webauthn:extension:credBlob: true, webauthn:extension:largeBlob: true, webauthn:extension:minPinLength: true, webauthn:extension:prf: true, webauthn:virtualAuthenticators: true}
Session ID: ce8a46b5ea0b073ceb8ab2ae084ba62e
	at java.base/jdk.internal.reflect.NativeConstructorAccessorImpl.newInstance0(Native Method)
	at java.base/jdk.internal.reflect.NativeConstructorAccessorImpl.newInstance(NativeConstructorAccessorImpl.java:77)
	at java.base/jdk.internal.reflect.DelegatingConstructorAccessorImpl.newInstance(DelegatingConstructorAccessorImpl.java:45)
	at org.openqa.selenium.remote.http.W3CHttpResponseCodec.createException(W3CHttpResponseCodec.java:187)
	at org.openqa.selenium.remote.http.W3CHttpResponseCodec.decode(W3CHttpResponseCodec.java:122)
	at org.openqa.selenium.remote.http.W3CHttpResponseCodec.decode(W3CHttpResponseCodec.java:49)
	at org.openqa.selenium.remote.HttpCommandExecutor.execute(HttpCommandExecutor.java:158)
	at org.openqa.selenium.remote.service.DriverCommandExecutor.execute(DriverCommandExecutor.java:83)
	at org.openqa.selenium.remote.RemoteWebDriver.execute(RemoteWebDriver.java:552)
	at com.kms.katalon.selenium.driver.CChromeDriver.execute(CChromeDriver.java:19)
	at org.openqa.selenium.remote.RemoteWebElement.execute(RemoteWebElement.java:285)
	at org.openqa.selenium.remote.RemoteWebElement.click(RemoteWebElement.java:84)
	at jdk.internal.reflect.GeneratedMethodAccessor13.invoke(Unknown Source)
	at java.base/jdk.internal.reflect.DelegatingMethodAccessorImpl.invoke(DelegatingMethodAccessorImpl.java:43)
	at org.openqa.selenium.support.events.EventFiringWebDriver$EventFiringWebElement.lambda$new$0(EventFiringWebDriver.java:404)
	at jdk.proxy2/jdk.proxy2.$Proxy24.click(Unknown Source)
	at org.openqa.selenium.support.events.EventFiringWebDriver$EventFiringWebElement.click(EventFiringWebDriver.java:417)
	at org.openqa.selenium.WebElement$click.call(Unknown Source)
	at com.kms.katalon.core.webui.keyword.builtin.ClickKeyword.clickUntilSuccessWithTimeout(ClickKeyword.groovy:81)
	at com.kms.katalon.core.webui.keyword.builtin.ClickKeyword.clickUntilSuccessWithTimeout(ClickKeyword.groovy)
	at jdk.internal.reflect.GeneratedMethodAccessor11.invoke(Unknown Source)
	at java.base/jdk.internal.reflect.DelegatingMethodAccessorImpl.invoke(DelegatingMethodAccessorImpl.java:43)
	at com.kms.katalon.core.webui.keyword.builtin.ClickKeyword$_click_closure1.doCall(ClickKeyword.groovy:67)
	at com.kms.katalon.core.webui.keyword.builtin.ClickKeyword$_click_closure1.call(ClickKeyword.groovy)
	at com.kms.katalon.core.webui.keyword.internal.WebUIKeywordMain.runKeyword(WebUIKeywordMain.groovy:20)
	at com.kms.katalon.core.webui.keyword.builtin.ClickKeyword.click(ClickKeyword.groovy:74)
	at com.kms.katalon.core.webui.keyword.builtin.ClickKeyword.execute(ClickKeyword.groovy:40)
	at com.kms.katalon.core.keyword.internal.KeywordExecutor.executeKeywordForPlatform(KeywordExecutor.groovy:74)
	at com.kms.katalon.core.webui.keyword.WebUiBuiltInKeywords.click(WebUiBuiltInKeywords.groovy:620)
	at Script1702915960103.run(Script1702915960103.groovy:26)
	at com.kms.katalon.core.main.ScriptEngine.run(ScriptEngine.java:194)
	at com.kms.katalon.core.main.ScriptEngine.runScriptAsRawText(ScriptEngine.java:119)
	at com.kms.katalon.core.main.TestCaseExecutor.runScript(TestCaseExecutor.java:448)
	at com.kms.katalon.core.main.TestCaseExecutor.doExecute(TestCaseExecutor.java:439)
	at com.kms.katalon.core.main.TestCaseExecutor.processExecutionPhase(TestCaseExecutor.java:418)
	at com.kms.katalon.core.main.TestCaseExecutor.accessMainPhase(TestCaseExecutor.java:410)
	at com.kms.katalon.core.main.TestCaseExecutor.execute(TestCaseExecutor.java:285)
	at com.kms.katalon.core.main.TestCaseMain.runTestCase(TestCaseMain.java:144)
	at com.kms.katalon.core.keyword.builtin.CallTestCaseKeyword$_callTestCase_closure1.doCall(CallTestCaseKeyword.groovy:59)
	at com.kms.katalon.core.keyword.builtin.CallTestCaseKeyword$_callTestCase_closure1.call(CallTestCaseKeyword.groovy)
	at com.kms.katalon.core.keyword.internal.KeywordMain.runKeyword(KeywordMain.groovy:75)
	at com.kms.katalon.core.keyword.builtin.CallTestCaseKeyword.callTestCase(CallTestCaseKeyword.groovy:81)
	at com.kms.katalon.core.keyword.builtin.CallTestCaseKeyword.execute(CallTestCaseKeyword.groovy:44)
	at com.kms.katalon.core.keyword.internal.KeywordExecutor.executeKeywordForPlatform(KeywordExecutor.groovy:74)
	at com.kms.katalon.core.keyword.BuiltinKeywords.callTestCase(BuiltinKeywords.groovy:310)
	at java.base/jdk.internal.reflect.NativeMethodAccessorImpl.invoke0(Native Method)
	at java.base/jdk.internal.reflect.NativeMethodAccessorImpl.invoke(NativeMethodAccessorImpl.java:77)
	at java.base/jdk.internal.reflect.DelegatingMethodAccessorImpl.invoke(DelegatingMethodAccessorImpl.java:43)
	at Script1702914467060.run(Script1702914467060.groovy:24)
	... 15 more
)
[[ATTACHMENT|C:\\Users\\maart\\Katalon Studio\\RisQIT Website\\Reports\\20231218_171626\\TS02 MenuMobile\\20231218_171627\\1702916396102.png]]

2023-12-18 17:19:56 - [MESSAGE][FAILED] - Unable to call Test Case 'Test Cases/Menu/RT000.2 MobileMenu' (Root cause: com.kms.katalon.core.exception.StepFailedException: Call Test Case 'Test Cases/Menu/RT000.2 MobileMenu' failed
	at com.kms.katalon.core.keyword.builtin.CallTestCaseKeyword$_callTestCase_closure1.doCall(CallTestCaseKeyword.groovy:63)
	at com.kms.katalon.core.keyword.builtin.CallTestCaseKeyword$_callTestCase_closure1.call(CallTestCaseKeyword.groovy)
	at com.kms.katalon.core.keyword.internal.KeywordMain.runKeyword(KeywordMain.groovy:75)
	at com.kms.katalon.core.keyword.builtin.CallTestCaseKeyword.callTestCase(CallTestCaseKeyword.groovy:81)
	at com.kms.katalon.core.keyword.builtin.CallTestCaseKeyword.execute(CallTestCaseKeyword.groovy:44)
	at com.kms.katalon.core.keyword.internal.KeywordExecutor.executeKeywordForPlatform(KeywordExecutor.groovy:74)
	at com.kms.katalon.core.keyword.BuiltinKeywords.callTestCase(BuiltinKeywords.groovy:310)
	at java.base/jdk.internal.reflect.NativeMethodAccessorImpl.invoke0(Native Method)
	at java.base/jdk.internal.reflect.NativeMethodAccessorImpl.invoke(NativeMethodAccessorImpl.java:77)
	at java.base/jdk.internal.reflect.DelegatingMethodAccessorImpl.invoke(DelegatingMethodAccessorImpl.java:43)
	at RT023 MobileMenu - SuperTester.run(RT023 MobileMenu - SuperTester:24)
	at com.kms.katalon.core.main.ScriptEngine.run(ScriptEngine.java:194)
	at com.kms.katalon.core.main.ScriptEngine.runScriptAsRawText(ScriptEngine.java:119)
	at com.kms.katalon.core.main.TestCaseExecutor.runScript(TestCaseExecutor.java:448)
	at com.kms.katalon.core.main.TestCaseExecutor.doExecute(TestCaseExecutor.java:439)
	at com.kms.katalon.core.main.TestCaseExecutor.processExecutionPhase(TestCaseExecutor.java:418)
	at com.kms.katalon.core.main.TestCaseExecutor.accessMainPhase(TestCaseExecutor.java:410)
	at com.kms.katalon.core.main.TestCaseExecutor.execute(TestCaseExecutor.java:285)
	at com.kms.katalon.core.common.CommonExecutor.accessTestCaseMainPhase(CommonExecutor.java:65)
	at com.kms.katalon.core.main.TestSuiteExecutor.accessTestSuiteMainPhase(TestSuiteExecutor.java:148)
	at com.kms.katalon.core.main.TestSuiteExecutor.execute(TestSuiteExecutor.java:106)
	at com.kms.katalon.core.main.TestCaseMain.startTestSuite(TestCaseMain.java:187)
	at TempTestSuite1702916187814.run(TempTestSuite1702916187814.groovy:36)
	at java.base/jdk.internal.reflect.NativeMethodAccessorImpl.invoke0(Native Method)
	at java.base/jdk.internal.reflect.NativeMethodAccessorImpl.invoke(NativeMethodAccessorImpl.java:77)
	at java.base/jdk.internal.reflect.DelegatingMethodAccessorImpl.invoke(DelegatingMethodAccessorImpl.java:43)
Caused by: com.kms.katalon.core.exception.StepFailedException: Unable to click on object 'Object Repository/Page_Home - RisQIT/button_Main Menu'
	at com.kms.katalon.core.webui.keyword.internal.WebUIKeywordMain.stepFailed(WebUIKeywordMain.groovy:64)
	at com.kms.katalon.core.webui.keyword.internal.WebUIKeywordMain.runKeyword(WebUIKeywordMain.groovy:26)
	at com.kms.katalon.core.webui.keyword.builtin.ClickKeyword.click(ClickKeyword.groovy:74)
	at com.kms.katalon.core.webui.keyword.builtin.ClickKeyword.execute(ClickKeyword.groovy:40)
	at com.kms.katalon.core.keyword.internal.KeywordExecutor.executeKeywordForPlatform(KeywordExecutor.groovy:74)
	at com.kms.katalon.core.webui.keyword.WebUiBuiltInKeywords.click(WebUiBuiltInKeywords.groovy:620)
	at RT000.2 MobileMenu.run(RT000.2 MobileMenu:26)
	at com.kms.katalon.core.main.ScriptEngine.run(ScriptEngine.java:194)
	at com.kms.katalon.core.main.ScriptEngine.runScriptAsRawText(ScriptEngine.java:119)
	at com.kms.katalon.core.main.TestCaseExecutor.runScript(TestCaseExecutor.java:448)
	at com.kms.katalon.core.main.TestCaseExecutor.doExecute(TestCaseExecutor.java:439)
	at com.kms.katalon.core.main.TestCaseExecutor.processExecutionPhase(TestCaseExecutor.java:418)
	at com.kms.katalon.core.main.TestCaseExecutor.accessMainPhase(TestCaseExecutor.java:410)
	at com.kms.katalon.core.main.TestCaseExecutor.execute(TestCaseExecutor.java:285)
	at com.kms.katalon.core.main.TestCaseMain.runTestCase(TestCaseMain.java:144)
	at com.kms.katalon.core.keyword.builtin.CallTestCaseKeyword$_callTestCase_closure1.doCall(CallTestCaseKeyword.groovy:59)
	... 25 more
Caused by: org.openqa.selenium.ElementNotInteractableException: element not interactable
  (Session info: chrome=120.0.6099.72)
Build info: version: '3.141.59', revision: 'e82be7d358', time: '2018-11-14T08:25:53'
System info: host: 'BERGTOP', ip: '192.168.1.100', os.name: 'Windows 11', os.arch: 'amd64', os.version: '10.0', java.version: '17.0.7'
Driver info: com.kms.katalon.selenium.driver.CChromeDriver
Capabilities {acceptInsecureCerts: false, browserName: chrome, browserVersion: 120.0.6099.72, chrome: {chromedriverVersion: 119.0.6045.105 (38c72552c5e..., userDataDir: C:\Users\maart\AppData\Loca...}, fedcm:accounts: true, goog:chromeOptions: {debuggerAddress: localhost:59279}, javascriptEnabled: true, networkConnectionEnabled: false, pageLoadStrategy: normal, platform: WINDOWS, platformName: WINDOWS, proxy: Proxy(), setWindowRect: true, strictFileInteractability: false, timeouts: {implicit: 0, pageLoad: 300000, script: 30000}, unhandledPromptBehavior: dismiss and notify, webauthn:extension:credBlob: true, webauthn:extension:largeBlob: true, webauthn:extension:minPinLength: true, webauthn:extension:prf: true, webauthn:virtualAuthenticators: true}
Session ID: ce8a46b5ea0b073ceb8ab2ae084ba62e
	at java.base/jdk.internal.reflect.NativeConstructorAccessorImpl.newInstance0(Native Method)
	at java.base/jdk.internal.reflect.NativeConstructorAccessorImpl.newInstance(NativeConstructorAccessorImpl.java:77)
	at java.base/jdk.internal.reflect.DelegatingConstructorAccessorImpl.newInstance(DelegatingConstructorAccessorImpl.java:45)
	at org.openqa.selenium.remote.http.W3CHttpResponseCodec.createException(W3CHttpResponseCodec.java:187)
	at org.openqa.selenium.remote.http.W3CHttpResponseCodec.decode(W3CHttpResponseCodec.java:122)
	at org.openqa.selenium.remote.http.W3CHttpResponseCodec.decode(W3CHttpResponseCodec.java:49)
	at org.openqa.selenium.remote.HttpCommandExecutor.execute(HttpCommandExecutor.java:158)
	at org.openqa.selenium.remote.service.DriverCommandExecutor.execute(DriverCommandExecutor.java:83)
	at org.openqa.selenium.remote.RemoteWebDriver.execute(RemoteWebDriver.java:552)
	at com.kms.katalon.selenium.driver.CChromeDriver.execute(CChromeDriver.java:19)
	at org.openqa.selenium.remote.RemoteWebElement.execute(RemoteWebElement.java:285)
	at org.openqa.selenium.remote.RemoteWebElement.click(RemoteWebElement.java:84)
	at jdk.internal.reflect.GeneratedMethodAccessor13.invoke(Unknown Source)
	at java.base/jdk.internal.reflect.DelegatingMethodAccessorImpl.invoke(DelegatingMethodAccessorImpl.java:43)
	at org.openqa.selenium.support.events.EventFiringWebDriver$EventFiringWebElement.lambda$new$0(EventFiringWebDriver.java:404)
	at jdk.proxy2/jdk.proxy2.$Proxy24.click(Unknown Source)
	at org.openqa.selenium.support.events.EventFiringWebDriver$EventFiringWebElement.click(EventFiringWebDriver.java:417)
	at org.openqa.selenium.WebElement$click.call(Unknown Source)
	at com.kms.katalon.core.webui.keyword.builtin.ClickKeyword.clickUntilSuccessWithTimeout(ClickKeyword.groovy:81)
	at com.kms.katalon.core.webui.keyword.builtin.ClickKeyword.clickUntilSuccessWithTimeout(ClickKeyword.groovy)
	at jdk.internal.reflect.GeneratedMethodAccessor11.invoke(Unknown Source)
	at java.base/jdk.internal.reflect.DelegatingMethodAccessorImpl.invoke(DelegatingMethodAccessorImpl.java:43)
	at com.kms.katalon.core.webui.keyword.builtin.ClickKeyword$_click_closure1.doCall(ClickKeyword.groovy:67)
	at com.kms.katalon.core.webui.keyword.builtin.ClickKeyword$_click_closure1.call(ClickKeyword.groovy)
	at com.kms.katalon.core.webui.keyword.internal.WebUIKeywordMain.runKeyword(WebUIKeywordMain.groovy:20)
	... 39 more
)]]></system-out>
         <system-err><![CDATA[2023-12-18 17:19:53 - [TEST_CASE][FAILED] - Test Cases/Menu/RT023 MobileMenu - SuperTester: Test Cases/Menu/RT023 MobileMenu - SuperTester FAILED.
Reason:
com.kms.katalon.core.exception.StepFailedException: Call Test Case 'Test Cases/Menu/RT000.2 MobileMenu' failed
	at com.kms.katalon.core.keyword.builtin.CallTestCaseKeyword$_callTestCase_closure1.doCall(CallTestCaseKeyword.groovy:63)
	at com.kms.katalon.core.keyword.builtin.CallTestCaseKeyword$_callTestCase_closure1.call(CallTestCaseKeyword.groovy)
	at com.kms.katalon.core.keyword.internal.KeywordMain.runKeyword(KeywordMain.groovy:75)
	at com.kms.katalon.core.keyword.builtin.CallTestCaseKeyword.callTestCase(CallTestCaseKeyword.groovy:81)
	at com.kms.katalon.core.keyword.builtin.CallTestCaseKeyword.execute(CallTestCaseKeyword.groovy:44)
	at com.kms.katalon.core.keyword.internal.KeywordExecutor.executeKeywordForPlatform(KeywordExecutor.groovy:74)
	at com.kms.katalon.core.keyword.BuiltinKeywords.callTestCase(BuiltinKeywords.groovy:310)
	at java.base/jdk.internal.reflect.NativeMethodAccessorImpl.invoke0(Native Method)
	at java.base/jdk.internal.reflect.NativeMethodAccessorImpl.invoke(NativeMethodAccessorImpl.java:77)
	at java.base/jdk.internal.reflect.DelegatingMethodAccessorImpl.invoke(DelegatingMethodAccessorImpl.java:43)
	at RT023 MobileMenu - SuperTester.run(RT023 MobileMenu - SuperTester:24)
	at com.kms.katalon.core.main.ScriptEngine.run(ScriptEngine.java:194)
	at com.kms.katalon.core.main.ScriptEngine.runScriptAsRawText(ScriptEngine.java:119)
	at com.kms.katalon.core.main.TestCaseExecutor.runScript(TestCaseExecutor.java:448)
	at com.kms.katalon.core.main.TestCaseExecutor.doExecute(TestCaseExecutor.java:439)
	at com.kms.katalon.core.main.TestCaseExecutor.processExecutionPhase(TestCaseExecutor.java:418)
	at com.kms.katalon.core.main.TestCaseExecutor.accessMainPhase(TestCaseExecutor.java:410)
	at com.kms.katalon.core.main.TestCaseExecutor.execute(TestCaseExecutor.java:285)
	at com.kms.katalon.core.common.CommonExecutor.accessTestCaseMainPhase(CommonExecutor.java:65)
	at com.kms.katalon.core.main.TestSuiteExecutor.accessTestSuiteMainPhase(TestSuiteExecutor.java:148)
	at com.kms.katalon.core.main.TestSuiteExecutor.execute(TestSuiteExecutor.java:106)
	at com.kms.katalon.core.main.TestCaseMain.startTestSuite(TestCaseMain.java:187)
	at TempTestSuite1702916187814.run(TempTestSuite1702916187814.groovy:36)
	at java.base/jdk.internal.reflect.NativeMethodAccessorImpl.invoke0(Native Method)
	at java.base/jdk.internal.reflect.NativeMethodAccessorImpl.invoke(NativeMethodAccessorImpl.java:77)
	at java.base/jdk.internal.reflect.DelegatingMethodAccessorImpl.invoke(DelegatingMethodAccessorImpl.java:43)
Caused by: com.kms.katalon.core.exception.StepFailedException: Unable to click on object 'Object Repository/Page_Home - RisQIT/button_Main Menu'
	at com.kms.katalon.core.webui.keyword.internal.WebUIKeywordMain.stepFailed(WebUIKeywordMain.groovy:64)
	at com.kms.katalon.core.webui.keyword.internal.WebUIKeywordMain.runKeyword(WebUIKeywordMain.groovy:26)
	at com.kms.katalon.core.webui.keyword.builtin.ClickKeyword.click(ClickKeyword.groovy:74)
	at com.kms.katalon.core.webui.keyword.builtin.ClickKeyword.execute(ClickKeyword.groovy:40)
	at com.kms.katalon.core.keyword.internal.KeywordExecutor.executeKeywordForPlatform(KeywordExecutor.groovy:74)
	at com.kms.katalon.core.webui.keyword.WebUiBuiltInKeywords.click(WebUiBuiltInKeywords.groovy:620)
	at RT000.2 MobileMenu.run(RT000.2 MobileMenu:26)
	at com.kms.katalon.core.main.ScriptEngine.run(ScriptEngine.java:194)
	at com.kms.katalon.core.main.ScriptEngine.runScriptAsRawText(ScriptEngine.java:119)
	at com.kms.katalon.core.main.TestCaseExecutor.runScript(TestCaseExecutor.java:448)
	at com.kms.katalon.core.main.TestCaseExecutor.doExecute(TestCaseExecutor.java:439)
	at com.kms.katalon.core.main.TestCaseExecutor.processExecutionPhase(TestCaseExecutor.java:418)
	at com.kms.katalon.core.main.TestCaseExecutor.accessMainPhase(TestCaseExecutor.java:410)
	at com.kms.katalon.core.main.TestCaseExecutor.execute(TestCaseExecutor.java:285)
	at com.kms.katalon.core.main.TestCaseMain.runTestCase(TestCaseMain.java:144)
	at com.kms.katalon.core.keyword.builtin.CallTestCaseKeyword$_callTestCase_closure1.doCall(CallTestCaseKeyword.groovy:59)
	... 25 more
Caused by: org.openqa.selenium.ElementNotInteractableException: element not interactable
  (Session info: chrome=120.0.6099.72)
Build info: version: '3.141.59', revision: 'e82be7d358', time: '2018-11-14T08:25:53'
System info: host: 'BERGTOP', ip: '192.168.1.100', os.name: 'Windows 11', os.arch: 'amd64', os.version: '10.0', java.version: '17.0.7'
Driver info: com.kms.katalon.selenium.driver.CChromeDriver
Capabilities {acceptInsecureCerts: false, browserName: chrome, browserVersion: 120.0.6099.72, chrome: {chromedriverVersion: 119.0.6045.105 (38c72552c5e..., userDataDir: C:\Users\maart\AppData\Loca...}, fedcm:accounts: true, goog:chromeOptions: {debuggerAddress: localhost:59279}, javascriptEnabled: true, networkConnectionEnabled: false, pageLoadStrategy: normal, platform: WINDOWS, platformName: WINDOWS, proxy: Proxy(), setWindowRect: true, strictFileInteractability: false, timeouts: {implicit: 0, pageLoad: 300000, script: 30000}, unhandledPromptBehavior: dismiss and notify, webauthn:extension:credBlob: true, webauthn:extension:largeBlob: true, webauthn:extension:minPinLength: true, webauthn:extension:prf: true, webauthn:virtualAuthenticators: true}
Session ID: ce8a46b5ea0b073ceb8ab2ae084ba62e
	at java.base/jdk.internal.reflect.NativeConstructorAccessorImpl.newInstance0(Native Method)
	at java.base/jdk.internal.reflect.NativeConstructorAccessorImpl.newInstance(NativeConstructorAccessorImpl.java:77)
	at java.base/jdk.internal.reflect.DelegatingConstructorAccessorImpl.newInstance(DelegatingConstructorAccessorImpl.java:45)
	at org.openqa.selenium.remote.http.W3CHttpResponseCodec.createException(W3CHttpResponseCodec.java:187)
	at org.openqa.selenium.remote.http.W3CHttpResponseCodec.decode(W3CHttpResponseCodec.java:122)
	at org.openqa.selenium.remote.http.W3CHttpResponseCodec.decode(W3CHttpResponseCodec.java:49)
	at org.openqa.selenium.remote.HttpCommandExecutor.execute(HttpCommandExecutor.java:158)
	at org.openqa.selenium.remote.service.DriverCommandExecutor.execute(DriverCommandExecutor.java:83)
	at org.openqa.selenium.remote.RemoteWebDriver.execute(RemoteWebDriver.java:552)
	at com.kms.katalon.selenium.driver.CChromeDriver.execute(CChromeDriver.java:19)
	at org.openqa.selenium.remote.RemoteWebElement.execute(RemoteWebElement.java:285)
	at org.openqa.selenium.remote.RemoteWebElement.click(RemoteWebElement.java:84)
	at jdk.internal.reflect.GeneratedMethodAccessor13.invoke(Unknown Source)
	at java.base/jdk.internal.reflect.DelegatingMethodAccessorImpl.invoke(DelegatingMethodAccessorImpl.java:43)
	at org.openqa.selenium.support.events.EventFiringWebDriver$EventFiringWebElement.lambda$new$0(EventFiringWebDriver.java:404)
	at jdk.proxy2/jdk.proxy2.$Proxy24.click(Unknown Source)
	at org.openqa.selenium.support.events.EventFiringWebDriver$EventFiringWebElement.click(EventFiringWebDriver.java:417)
	at org.openqa.selenium.WebElement$click.call(Unknown Source)
	at com.kms.katalon.core.webui.keyword.builtin.ClickKeyword.clickUntilSuccessWithTimeout(ClickKeyword.groovy:81)
	at com.kms.katalon.core.webui.keyword.builtin.ClickKeyword.clickUntilSuccessWithTimeout(ClickKeyword.groovy)
	at jdk.internal.reflect.GeneratedMethodAccessor11.invoke(Unknown Source)
	at java.base/jdk.internal.reflect.DelegatingMethodAccessorImpl.invoke(DelegatingMethodAccessorImpl.java:43)
	at com.kms.katalon.core.webui.keyword.builtin.ClickKeyword$_click_closure1.doCall(ClickKeyword.groovy:67)
	at com.kms.katalon.core.webui.keyword.builtin.ClickKeyword$_click_closure1.call(ClickKeyword.groovy)
	at com.kms.katalon.core.webui.keyword.internal.WebUIKeywordMain.runKeyword(WebUIKeywordMain.groovy:20)
	... 39 more]]></system-err>
      </testcase>
      <testcase name="Test Cases/Menu/RT024 MobileMenu - Blog" time="28.083" classname="Test Cases/Menu/RT024 MobileMenu - Blog" status="PASSED">
         <system-out><![CDATA[2023-12-18 17:19:56 - [TEST_CASE][PASSED] - Test Cases/Menu/RT024 MobileMenu - Blog: Test Cases/Menu/RT024 MobileMenu - Blog

2023-12-18 17:19:56 - [TEST_STEP][PASSED] - openBrowser(""): Browser is opened with url: ''

2023-12-18 17:19:56 - [MESSAGE][WARNING] - A browser is already opened. Closing browser and opening a new one

2023-12-18 17:19:56 - [MESSAGE][INFO] - Starting 'Chrome' driver

2023-12-18 17:19:56 - [MESSAGE][INFO] - Action delay is set to 0 milliseconds

2023-12-18 17:19:57 - [MESSAGE][PASSED] - Browser is opened with url: ''

2023-12-18 17:19:57 - [TEST_STEP][PASSED] - navigateToUrl(URL + BLOG): Navigate to 'https://nlrisqitww-chaca.savviihq.com/blog/' successfully

2023-12-18 17:19:57 - [MESSAGE][PASSED] - Navigate to 'https://nlrisqitww-chaca.savviihq.com/blog/' successfully

2023-12-18 17:19:57 - [TEST_STEP][PASSED] - callTestCase(findTestCase("Menu/RT000.2 MobileMenu"), [:], STOP_ON_FAILURE): Call Test Case 'Test Cases/Menu/RT000.2 MobileMenu' successfully

2023-12-18 17:19:57 - [TEST_CASE][PASSED] - Test Cases/Menu/RT000.2 MobileMenu: Test Cases/Menu/RT000.2 MobileMenu

2023-12-18 17:19:57 - [TEST_STEP][PASSED] - setViewPortSize(912, 1000): Viewport is set to new size with width = 912 and height = 1000

2023-12-18 17:19:57 - [MESSAGE][PASSED] - Viewport is set to new size with width = 912 and height = 1000

2023-12-18 17:19:57 - [TEST_STEP][PASSED] - actual_url = getUrl(): Current window's url is: 'https://nlrisqitww-chaca.savviihq.com/blog/'

2023-12-18 17:19:57 - [MESSAGE][PASSED] - Current window's url is: 'https://nlrisqitww-chaca.savviihq.com/blog/'

2023-12-18 17:19:57 - [TEST_STEP][PASSED] - verifyElementPresent(findTestObject("Object Repository/Page_Home - RisQIT/button_Main Menu"), 0): Object 'Object Repository/Page_Home - RisQIT/button_Main Menu' is present

2023-12-18 17:19:57 - [MESSAGE][WARNING] - Timeout '0' is invalid. Using default page load timeout: '30'

2023-12-18 17:19:58 - [MESSAGE][PASSED] - Object 'Object Repository/Page_Home - RisQIT/button_Main Menu' is present

2023-12-18 17:19:58 - [TEST_STEP][PASSED] - click(findTestObject("Object Repository/Page_Home - RisQIT/button_Main Menu")): Object: 'Object Repository/Page_Home - RisQIT/button_Main Menu' is clicked on

2023-12-18 17:19:58 - [MESSAGE][PASSED] - Object: 'Object Repository/Page_Home - RisQIT/button_Main Menu' is clicked on

2023-12-18 17:19:58 - [TEST_STEP][PASSED] - verifyElementText(findTestObject("Object Repository/Page_Home - RisQIT/a_Diensten"), "Diensten"): Actual text and expected text of test object 'Object Repository/Page_Home - RisQIT/a_Diensten' are matched.

2023-12-18 17:19:59 - [MESSAGE][PASSED] - Actual text and expected text of test object 'Object Repository/Page_Home - RisQIT/a_Diensten' are matched.

2023-12-18 17:19:59 - [TEST_STEP][PASSED] - verifyElementText(findTestObject("Object Repository/Page_Home - RisQIT/a_Over ons"), "Over ons"): Actual text and expected text of test object 'Object Repository/Page_Home - RisQIT/a_Over ons' are matched.

2023-12-18 17:19:59 - [MESSAGE][PASSED] - Actual text and expected text of test object 'Object Repository/Page_Home - RisQIT/a_Over ons' are matched.

2023-12-18 17:19:59 - [TEST_STEP][PASSED] - verifyElementText(findTestObject("Object Repository/Page_Home - RisQIT/a_Blog"), "Blog"): Actual text and expected text of test object 'Object Repository/Page_Home - RisQIT/a_Blog' are matched.

2023-12-18 17:20:00 - [MESSAGE][PASSED] - Actual text and expected text of test object 'Object Repository/Page_Home - RisQIT/a_Blog' are matched.

2023-12-18 17:20:00 - [TEST_STEP][PASSED] - verifyElementText(findTestObject("Object Repository/Page_Home - RisQIT/a_Vacatures"), "Vacatures"): Actual text and expected text of test object 'Object Repository/Page_Home - RisQIT/a_Vacatures' are matched.

2023-12-18 17:20:00 - [MESSAGE][PASSED] - Actual text and expected text of test object 'Object Repository/Page_Home - RisQIT/a_Vacatures' are matched.

2023-12-18 17:20:00 - [TEST_STEP][PASSED] - verifyElementText(findTestObject("Object Repository/Page_Home - RisQIT/div_Contact opnemen"), "Contact opnemen"): Actual text and expected text of test object 'Object Repository/Page_Home - RisQIT/div_Contact opnemen' are matched.

2023-12-18 17:20:00 - [MESSAGE][PASSED] - Actual text and expected text of test object 'Object Repository/Page_Home - RisQIT/div_Contact opnemen' are matched.

2023-12-18 17:20:00 - [TEST_STEP][PASSED] - click(findTestObject("Object Repository/Page_Home - RisQIT/button_Menu schakelen")): Object: 'Object Repository/Page_Home - RisQIT/button_Menu schakelen' is clicked on

2023-12-18 17:20:00 - [MESSAGE][PASSED] - Object: 'Object Repository/Page_Home - RisQIT/button_Menu schakelen' is clicked on

2023-12-18 17:20:00 - [TEST_STEP][PASSED] - verifyElementText(findTestObject("Object Repository/Page_Home - RisQIT/a_Software Testing"), "Software Testing"): Actual text and expected text of test object 'Object Repository/Page_Home - RisQIT/a_Software Testing' are matched.

2023-12-18 17:20:01 - [MESSAGE][PASSED] - Actual text and expected text of test object 'Object Repository/Page_Home - RisQIT/a_Software Testing' are matched.

2023-12-18 17:20:01 - [TEST_STEP][PASSED] - verifyElementText(findTestObject("Object Repository/Page_Home - RisQIT/a_Security en HackersTest (SHT)"), "Security en HackersTest (SHT)"): Actual text and expected text of test object 'Object Repository/Page_Home - RisQIT/a_Security en HackersTest (SHT)' are matched.

2023-12-18 17:20:01 - [MESSAGE][PASSED] - Actual text and expected text of test object 'Object Repository/Page_Home - RisQIT/a_Security en HackersTest (SHT)' are matched.

2023-12-18 17:20:01 - [TEST_STEP][PASSED] - verifyElementText(findTestObject("Object Repository/Page_Home - RisQIT/a_UX Lab"), "UX Lab"): Actual text and expected text of test object 'Object Repository/Page_Home - RisQIT/a_UX Lab' are matched.

2023-12-18 17:20:01 - [MESSAGE][PASSED] - Actual text and expected text of test object 'Object Repository/Page_Home - RisQIT/a_UX Lab' are matched.

2023-12-18 17:20:01 - [TEST_STEP][PASSED] - click(findTestObject("Object Repository/Page_Home - RisQIT/a_Software Testing")): Object: 'Object Repository/Page_Home - RisQIT/a_Software Testing' is clicked on

2023-12-18 17:20:02 - [MESSAGE][PASSED] - Object: 'Object Repository/Page_Home - RisQIT/a_Software Testing' is clicked on

2023-12-18 17:20:02 - [TEST_STEP][PASSED] - verifyElementText(findTestObject("Object Repository/Page_Software Testing - RisQIT/h1_Software Testing"), "Software Testing"): Actual text and expected text of test object 'Object Repository/Page_Software Testing - RisQIT/h1_Software Testing' are matched.

2023-12-18 17:20:02 - [MESSAGE][PASSED] - Actual text and expected text of test object 'Object Repository/Page_Software Testing - RisQIT/h1_Software Testing' are matched.

2023-12-18 17:20:02 - [TEST_STEP][PASSED] - navigateToUrl(actual_url): Navigate to 'https://nlrisqitww-chaca.savviihq.com/blog/' successfully

2023-12-18 17:20:02 - [MESSAGE][PASSED] - Navigate to 'https://nlrisqitww-chaca.savviihq.com/blog/' successfully

2023-12-18 17:20:02 - [TEST_STEP][PASSED] - click(findTestObject("Object Repository/Page_Home - RisQIT/button_Main Menu")): Object: 'Object Repository/Page_Home - RisQIT/button_Main Menu' is clicked on

2023-12-18 17:20:03 - [MESSAGE][PASSED] - Object: 'Object Repository/Page_Home - RisQIT/button_Main Menu' is clicked on

2023-12-18 17:20:03 - [TEST_STEP][PASSED] - click(findTestObject("Object Repository/Page_Software Testing - RisQIT/a_Diensten")): Object: 'Object Repository/Page_Software Testing - RisQIT/a_Diensten' is clicked on

2023-12-18 17:20:03 - [MESSAGE][PASSED] - Object: 'Object Repository/Page_Software Testing - RisQIT/a_Diensten' is clicked on

2023-12-18 17:20:03 - [TEST_STEP][PASSED] - click(findTestObject("Object Repository/Page_Software Testing - RisQIT/button_Menu schakelen")): Object: 'Object Repository/Page_Software Testing - RisQIT/button_Menu schakelen' is clicked on

2023-12-18 17:20:04 - [MESSAGE][PASSED] - Object: 'Object Repository/Page_Software Testing - RisQIT/button_Menu schakelen' is clicked on

2023-12-18 17:20:04 - [TEST_STEP][PASSED] - click(findTestObject("Object Repository/Page_Software Testing - RisQIT/a_Security en HackersTest (SHT)")): Object: 'Object Repository/Page_Software Testing - RisQIT/a_Security en HackersTest (SHT)' is clicked on

2023-12-18 17:20:04 - [MESSAGE][PASSED] - Object: 'Object Repository/Page_Software Testing - RisQIT/a_Security en HackersTest (SHT)' is clicked on

2023-12-18 17:20:04 - [TEST_STEP][PASSED] - verifyElementText(findTestObject("Page_Security en HackersTest (SHT) - RisQIT/h1_Security en HackersTest (SHT)"), "Security En HackersTest (SHT)"): Actual text and expected text of test object 'Object Repository/Page_Security en HackersTest (SHT) - RisQIT/h1_Security en HackersTest (SHT)' are matched.

2023-12-18 17:20:05 - [MESSAGE][PASSED] - Actual text and expected text of test object 'Object Repository/Page_Security en HackersTest (SHT) - RisQIT/h1_Security en HackersTest (SHT)' are matched.

2023-12-18 17:20:05 - [TEST_STEP][PASSED] - navigateToUrl(actual_url): Navigate to 'https://nlrisqitww-chaca.savviihq.com/blog/' successfully

2023-12-18 17:20:05 - [MESSAGE][PASSED] - Navigate to 'https://nlrisqitww-chaca.savviihq.com/blog/' successfully

2023-12-18 17:20:05 - [TEST_STEP][PASSED] - click(findTestObject("Object Repository/Page_Home - RisQIT/button_Main Menu")): Object: 'Object Repository/Page_Home - RisQIT/button_Main Menu' is clicked on

2023-12-18 17:20:05 - [MESSAGE][PASSED] - Object: 'Object Repository/Page_Home - RisQIT/button_Main Menu' is clicked on

2023-12-18 17:20:05 - [TEST_STEP][PASSED] - click(findTestObject("Object Repository/Page_Software Testing - RisQIT/a_Diensten")): Object: 'Object Repository/Page_Software Testing - RisQIT/a_Diensten' is clicked on

2023-12-18 17:20:06 - [MESSAGE][PASSED] - Object: 'Object Repository/Page_Software Testing - RisQIT/a_Diensten' is clicked on

2023-12-18 17:20:06 - [TEST_STEP][PASSED] - click(findTestObject("Object Repository/Page_Software Testing - RisQIT/button_Menu schakelen")): Object: 'Object Repository/Page_Software Testing - RisQIT/button_Menu schakelen' is clicked on

2023-12-18 17:20:06 - [MESSAGE][PASSED] - Object: 'Object Repository/Page_Software Testing - RisQIT/button_Menu schakelen' is clicked on

2023-12-18 17:20:06 - [TEST_STEP][PASSED] - click(findTestObject("Object Repository/Page_Security en HackersTest (SHT) - RisQIT/a_UX Lab")): Object: 'Object Repository/Page_Security en HackersTest (SHT) - RisQIT/a_UX Lab' is clicked on

2023-12-18 17:20:07 - [MESSAGE][PASSED] - Object: 'Object Repository/Page_Security en HackersTest (SHT) - RisQIT/a_UX Lab' is clicked on

2023-12-18 17:20:07 - [TEST_STEP][PASSED] - verifyElementText(findTestObject("Object Repository/Page_UX Lab - RisQIT/h1_UX Lab"), "UX Lab"): Actual text and expected text of test object 'Object Repository/Page_UX Lab - RisQIT/h1_UX Lab' are matched.

2023-12-18 17:20:07 - [MESSAGE][PASSED] - Actual text and expected text of test object 'Object Repository/Page_UX Lab - RisQIT/h1_UX Lab' are matched.

2023-12-18 17:20:07 - [TEST_STEP][PASSED] - navigateToUrl(actual_url): Navigate to 'https://nlrisqitww-chaca.savviihq.com/blog/' successfully

2023-12-18 17:20:07 - [MESSAGE][PASSED] - Navigate to 'https://nlrisqitww-chaca.savviihq.com/blog/' successfully

2023-12-18 17:20:07 - [TEST_STEP][PASSED] - click(findTestObject("Object Repository/Page_Home - RisQIT/button_Main Menu")): Object: 'Object Repository/Page_Home - RisQIT/button_Main Menu' is clicked on

2023-12-18 17:20:08 - [MESSAGE][PASSED] - Object: 'Object Repository/Page_Home - RisQIT/button_Main Menu' is clicked on

2023-12-18 17:20:08 - [TEST_STEP][PASSED] - click(findTestObject("Object Repository/Page_Software Testing - RisQIT/a_Diensten")): Object: 'Object Repository/Page_Software Testing - RisQIT/a_Diensten' is clicked on

2023-12-18 17:20:08 - [MESSAGE][PASSED] - Object: 'Object Repository/Page_Software Testing - RisQIT/a_Diensten' is clicked on

2023-12-18 17:20:08 - [TEST_STEP][PASSED] - click(findTestObject("Object Repository/Page_UX Lab - RisQIT/button_Menu schakelen")): Object: 'Object Repository/Page_UX Lab - RisQIT/button_Menu schakelen' is clicked on

2023-12-18 17:20:09 - [MESSAGE][PASSED] - Object: 'Object Repository/Page_UX Lab - RisQIT/button_Menu schakelen' is clicked on

2023-12-18 17:20:09 - [TEST_STEP][PASSED] - verifyElementText(findTestObject("Object Repository/Page_UX Lab - RisQIT/a_Missie  Visie"), "Missie & Visie"): Actual text and expected text of test object 'Object Repository/Page_UX Lab - RisQIT/a_Missie  Visie' are matched.

2023-12-18 17:20:09 - [MESSAGE][PASSED] - Actual text and expected text of test object 'Object Repository/Page_UX Lab - RisQIT/a_Missie  Visie' are matched.

2023-12-18 17:20:09 - [TEST_STEP][PASSED] - verifyElementText(findTestObject("Object Repository/Page_UX Lab - RisQIT/a_Het Gilde"), "Het Gilde"): Actual text and expected text of test object 'Object Repository/Page_UX Lab - RisQIT/a_Het Gilde' are matched.

2023-12-18 17:20:09 - [MESSAGE][PASSED] - Actual text and expected text of test object 'Object Repository/Page_UX Lab - RisQIT/a_Het Gilde' are matched.

2023-12-18 17:20:09 - [TEST_STEP][PASSED] - verifyElementText(findTestObject("Object Repository/Page_UX Lab - RisQIT/a_SuperTester"), "SuperTester"): Actual text and expected text of test object 'Object Repository/Page_UX Lab - RisQIT/a_SuperTester' are matched.

2023-12-18 17:20:09 - [MESSAGE][PASSED] - Actual text and expected text of test object 'Object Repository/Page_UX Lab - RisQIT/a_SuperTester' are matched.

2023-12-18 17:20:09 - [TEST_STEP][PASSED] - click(findTestObject("Object Repository/Page_UX Lab - RisQIT/a_Missie  Visie")): Object: 'Object Repository/Page_UX Lab - RisQIT/a_Missie  Visie' is clicked on

2023-12-18 17:20:10 - [MESSAGE][PASSED] - Object: 'Object Repository/Page_UX Lab - RisQIT/a_Missie  Visie' is clicked on

2023-12-18 17:20:10 - [TEST_STEP][PASSED] - verifyElementText(findTestObject("Object Repository/Page_Missie  Visie - RisQIT/h1_Missie  Visie"), "Missie & Visie"): Actual text and expected text of test object 'Object Repository/Page_Missie  Visie - RisQIT/h1_Missie  Visie' are matched.

2023-12-18 17:20:10 - [MESSAGE][PASSED] - Actual text and expected text of test object 'Object Repository/Page_Missie  Visie - RisQIT/h1_Missie  Visie' are matched.

2023-12-18 17:20:10 - [TEST_STEP][PASSED] - navigateToUrl(actual_url): Navigate to 'https://nlrisqitww-chaca.savviihq.com/blog/' successfully

2023-12-18 17:20:11 - [MESSAGE][PASSED] - Navigate to 'https://nlrisqitww-chaca.savviihq.com/blog/' successfully

2023-12-18 17:20:11 - [TEST_STEP][PASSED] - click(findTestObject("Object Repository/Page_Home - RisQIT/button_Main Menu")): Object: 'Object Repository/Page_Home - RisQIT/button_Main Menu' is clicked on

2023-12-18 17:20:11 - [MESSAGE][PASSED] - Object: 'Object Repository/Page_Home - RisQIT/button_Main Menu' is clicked on

2023-12-18 17:20:11 - [TEST_STEP][PASSED] - click(findTestObject("Object Repository/Page_Software Testing - RisQIT/a_Diensten")): Object: 'Object Repository/Page_Software Testing - RisQIT/a_Diensten' is clicked on

2023-12-18 17:20:12 - [MESSAGE][PASSED] - Object: 'Object Repository/Page_Software Testing - RisQIT/a_Diensten' is clicked on

2023-12-18 17:20:12 - [TEST_STEP][PASSED] - click(findTestObject("Object Repository/Page_UX Lab - RisQIT/button_Menu schakelen")): Object: 'Object Repository/Page_UX Lab - RisQIT/button_Menu schakelen' is clicked on

2023-12-18 17:20:12 - [MESSAGE][PASSED] - Object: 'Object Repository/Page_UX Lab - RisQIT/button_Menu schakelen' is clicked on

2023-12-18 17:20:12 - [TEST_STEP][PASSED] - click(findTestObject("Object Repository/Page_Missie  Visie - RisQIT/a_Het Gilde")): Object: 'Object Repository/Page_Missie  Visie - RisQIT/a_Het Gilde' is clicked on

2023-12-18 17:20:12 - [MESSAGE][PASSED] - Object: 'Object Repository/Page_Missie  Visie - RisQIT/a_Het Gilde' is clicked on

2023-12-18 17:20:12 - [TEST_STEP][PASSED] - verifyElementText(findTestObject("Object Repository/Page_Het Gilde - RisQIT/h1_Het Gilde"), "Het Gilde"): Actual text and expected text of test object 'Object Repository/Page_Het Gilde - RisQIT/h1_Het Gilde' are matched.

2023-12-18 17:20:13 - [MESSAGE][PASSED] - Actual text and expected text of test object 'Object Repository/Page_Het Gilde - RisQIT/h1_Het Gilde' are matched.

2023-12-18 17:20:13 - [TEST_STEP][PASSED] - navigateToUrl(actual_url): Navigate to 'https://nlrisqitww-chaca.savviihq.com/blog/' successfully

2023-12-18 17:20:13 - [MESSAGE][PASSED] - Navigate to 'https://nlrisqitww-chaca.savviihq.com/blog/' successfully

2023-12-18 17:20:13 - [TEST_STEP][PASSED] - click(findTestObject("Object Repository/Page_Home - RisQIT/button_Main Menu")): Object: 'Object Repository/Page_Home - RisQIT/button_Main Menu' is clicked on

2023-12-18 17:20:13 - [MESSAGE][PASSED] - Object: 'Object Repository/Page_Home - RisQIT/button_Main Menu' is clicked on

2023-12-18 17:20:13 - [TEST_STEP][PASSED] - click(findTestObject("Object Repository/Page_Software Testing - RisQIT/a_Diensten")): Object: 'Object Repository/Page_Software Testing - RisQIT/a_Diensten' is clicked on

2023-12-18 17:20:14 - [MESSAGE][PASSED] - Object: 'Object Repository/Page_Software Testing - RisQIT/a_Diensten' is clicked on

2023-12-18 17:20:14 - [TEST_STEP][PASSED] - click(findTestObject("Object Repository/Page_UX Lab - RisQIT/button_Menu schakelen")): Object: 'Object Repository/Page_UX Lab - RisQIT/button_Menu schakelen' is clicked on

2023-12-18 17:20:14 - [MESSAGE][PASSED] - Object: 'Object Repository/Page_UX Lab - RisQIT/button_Menu schakelen' is clicked on

2023-12-18 17:20:14 - [TEST_STEP][PASSED] - click(findTestObject("Object Repository/Page_Het Gilde - RisQIT/a_SuperTester")): Object: 'Object Repository/Page_Het Gilde - RisQIT/a_SuperTester' is clicked on

2023-12-18 17:20:15 - [MESSAGE][PASSED] - Object: 'Object Repository/Page_Het Gilde - RisQIT/a_SuperTester' is clicked on

2023-12-18 17:20:15 - [TEST_STEP][PASSED] - verifyElementText(findTestObject("Object Repository/Page_SuperTester - RisQIT/h1_Whitepaper SuperTester"), "Whitepaper SuperTester"): Actual text and expected text of test object 'Object Repository/Page_SuperTester - RisQIT/h1_Whitepaper SuperTester' are matched.

2023-12-18 17:20:15 - [MESSAGE][PASSED] - Actual text and expected text of test object 'Object Repository/Page_SuperTester - RisQIT/h1_Whitepaper SuperTester' are matched.

2023-12-18 17:20:15 - [TEST_STEP][PASSED] - navigateToUrl(actual_url): Navigate to 'https://nlrisqitww-chaca.savviihq.com/blog/' successfully

2023-12-18 17:20:15 - [MESSAGE][PASSED] - Navigate to 'https://nlrisqitww-chaca.savviihq.com/blog/' successfully

2023-12-18 17:20:15 - [TEST_STEP][PASSED] - click(findTestObject("Object Repository/Page_Home - RisQIT/button_Main Menu")): Object: 'Object Repository/Page_Home - RisQIT/button_Main Menu' is clicked on

2023-12-18 17:20:16 - [MESSAGE][PASSED] - Object: 'Object Repository/Page_Home - RisQIT/button_Main Menu' is clicked on

2023-12-18 17:20:16 - [TEST_STEP][PASSED] - click(findTestObject("Object Repository/Page_Software Testing - RisQIT/a_Diensten")): Object: 'Object Repository/Page_Software Testing - RisQIT/a_Diensten' is clicked on

2023-12-18 17:20:16 - [MESSAGE][PASSED] - Object: 'Object Repository/Page_Software Testing - RisQIT/a_Diensten' is clicked on

2023-12-18 17:20:16 - [TEST_STEP][PASSED] - click(findTestObject("Object Repository/Page_UX Lab - RisQIT/button_Menu schakelen")): Object: 'Object Repository/Page_UX Lab - RisQIT/button_Menu schakelen' is clicked on

2023-12-18 17:20:17 - [MESSAGE][PASSED] - Object: 'Object Repository/Page_UX Lab - RisQIT/button_Menu schakelen' is clicked on

2023-12-18 17:20:17 - [TEST_STEP][PASSED] - click(findTestObject("Object Repository/Page_Het Gilde - RisQIT/a_Blog")): Object: 'Object Repository/Page_Het Gilde - RisQIT/a_Blog' is clicked on

2023-12-18 17:20:17 - [MESSAGE][PASSED] - Object: 'Object Repository/Page_Het Gilde - RisQIT/a_Blog' is clicked on

2023-12-18 17:20:17 - [TEST_STEP][PASSED] - verifyElementText(findTestObject("Object Repository/Page_Blog - RisQIT/h1_Blog"), "Blog"): Actual text and expected text of test object 'Object Repository/Page_Blog - RisQIT/h1_Blog' are matched.

2023-12-18 17:20:18 - [MESSAGE][PASSED] - Actual text and expected text of test object 'Object Repository/Page_Blog - RisQIT/h1_Blog' are matched.

2023-12-18 17:20:18 - [TEST_STEP][PASSED] - navigateToUrl(actual_url): Navigate to 'https://nlrisqitww-chaca.savviihq.com/blog/' successfully

2023-12-18 17:20:18 - [MESSAGE][PASSED] - Navigate to 'https://nlrisqitww-chaca.savviihq.com/blog/' successfully

2023-12-18 17:20:18 - [TEST_STEP][PASSED] - click(findTestObject("Object Repository/Page_Home - RisQIT/button_Main Menu")): Object: 'Object Repository/Page_Home - RisQIT/button_Main Menu' is clicked on

2023-12-18 17:20:18 - [MESSAGE][PASSED] - Object: 'Object Repository/Page_Home - RisQIT/button_Main Menu' is clicked on

2023-12-18 17:20:18 - [TEST_STEP][PASSED] - click(findTestObject("Object Repository/Page_Software Testing - RisQIT/a_Diensten")): Object: 'Object Repository/Page_Software Testing - RisQIT/a_Diensten' is clicked on

2023-12-18 17:20:19 - [MESSAGE][PASSED] - Object: 'Object Repository/Page_Software Testing - RisQIT/a_Diensten' is clicked on

2023-12-18 17:20:19 - [TEST_STEP][PASSED] - click(findTestObject("Object Repository/Page_UX Lab - RisQIT/button_Menu schakelen")): Object: 'Object Repository/Page_UX Lab - RisQIT/button_Menu schakelen' is clicked on

2023-12-18 17:20:19 - [MESSAGE][PASSED] - Object: 'Object Repository/Page_UX Lab - RisQIT/button_Menu schakelen' is clicked on

2023-12-18 17:20:19 - [TEST_STEP][PASSED] - click(findTestObject("Object Repository/Page_Blog - RisQIT/a_Vacatures")): Object: 'Object Repository/Page_Blog - RisQIT/a_Vacatures' is clicked on

2023-12-18 17:20:20 - [MESSAGE][PASSED] - Object: 'Object Repository/Page_Blog - RisQIT/a_Vacatures' is clicked on

2023-12-18 17:20:20 - [TEST_STEP][PASSED] - verifyElementText(findTestObject("Object Repository/Page_Vacatures - RisQIT/h1_Vacatures"), "Vacatures"): Actual text and expected text of test object 'Object Repository/Page_Vacatures - RisQIT/h1_Vacatures' are matched.

2023-12-18 17:20:20 - [MESSAGE][PASSED] - Actual text and expected text of test object 'Object Repository/Page_Vacatures - RisQIT/h1_Vacatures' are matched.

2023-12-18 17:20:20 - [TEST_STEP][PASSED] - navigateToUrl(actual_url): Navigate to 'https://nlrisqitww-chaca.savviihq.com/blog/' successfully

2023-12-18 17:20:20 - [MESSAGE][PASSED] - Navigate to 'https://nlrisqitww-chaca.savviihq.com/blog/' successfully

2023-12-18 17:20:20 - [TEST_STEP][PASSED] - click(findTestObject("Object Repository/Page_Home - RisQIT/button_Main Menu")): Object: 'Object Repository/Page_Home - RisQIT/button_Main Menu' is clicked on

2023-12-18 17:20:21 - [MESSAGE][PASSED] - Object: 'Object Repository/Page_Home - RisQIT/button_Main Menu' is clicked on

2023-12-18 17:20:21 - [TEST_STEP][PASSED] - click(findTestObject("Object Repository/Page_Software Testing - RisQIT/a_Diensten")): Object: 'Object Repository/Page_Software Testing - RisQIT/a_Diensten' is clicked on

2023-12-18 17:20:21 - [MESSAGE][PASSED] - Object: 'Object Repository/Page_Software Testing - RisQIT/a_Diensten' is clicked on

2023-12-18 17:20:21 - [TEST_STEP][PASSED] - click(findTestObject("Object Repository/Page_UX Lab - RisQIT/button_Menu schakelen")): Object: 'Object Repository/Page_UX Lab - RisQIT/button_Menu schakelen' is clicked on

2023-12-18 17:20:22 - [MESSAGE][PASSED] - Object: 'Object Repository/Page_UX Lab - RisQIT/button_Menu schakelen' is clicked on

2023-12-18 17:20:22 - [TEST_STEP][PASSED] - click(findTestObject("Object Repository/Page_Vacatures - RisQIT/div_Contact opnemen")): Object: 'Object Repository/Page_Vacatures - RisQIT/div_Contact opnemen' is clicked on

2023-12-18 17:20:22 - [MESSAGE][PASSED] - Object: 'Object Repository/Page_Vacatures - RisQIT/div_Contact opnemen' is clicked on

2023-12-18 17:20:22 - [TEST_STEP][PASSED] - verifyElementText(findTestObject("Object Repository/Page_Contact - RisQIT/h1_Contact"), "Contact"): Actual text and expected text of test object 'Object Repository/Page_Contact - RisQIT/h1_Contact' are matched.

2023-12-18 17:20:23 - [MESSAGE][PASSED] - Actual text and expected text of test object 'Object Repository/Page_Contact - RisQIT/h1_Contact' are matched.

2023-12-18 17:20:23 - [TEST_STEP][PASSED] - navigateToUrl(actual_url): Navigate to 'https://nlrisqitww-chaca.savviihq.com/blog/' successfully

2023-12-18 17:20:23 - [MESSAGE][PASSED] - Navigate to 'https://nlrisqitww-chaca.savviihq.com/blog/' successfully

2023-12-18 17:20:23 - [TEST_STEP][PASSED] - click(findTestObject("Object Repository/Page_Contact - RisQIT/img_custom-logo entered lazyloaded")): Object: 'Object Repository/Page_Contact - RisQIT/img_custom-logo entered lazyloaded' is clicked on

2023-12-18 17:20:23 - [MESSAGE][PASSED] - Object: 'Object Repository/Page_Contact - RisQIT/img_custom-logo entered lazyloaded' is clicked on

2023-12-18 17:20:23 - [TEST_STEP][PASSED] - verifyElementText(findTestObject("Object Repository/Page_Home - RisQIT/h1_Ga voor duurzaamheid en vertrouwen, same_4bc4a8"), "Ga voor duurzaamheid en vertrouwen, samen met ons!"): Actual text and expected text of test object 'Object Repository/Page_Home - RisQIT/h1_Ga voor duurzaamheid en vertrouwen, same_4bc4a8' are matched.

2023-12-18 17:20:24 - [MESSAGE][PASSED] - Actual text and expected text of test object 'Object Repository/Page_Home - RisQIT/h1_Ga voor duurzaamheid en vertrouwen, same_4bc4a8' are matched.

2023-12-18 17:20:24 - [MESSAGE][PASSED] - Call Test Case 'Test Cases/Menu/RT000.2 MobileMenu' successfully

2023-12-18 17:20:24 - [TEST_STEP][PASSED] - closeBrowser(): Browser is closed

2023-12-18 17:20:24 - [MESSAGE][PASSED] - Browser is closed]]></system-out>
         <system-err><![CDATA[]]></system-err>
      </testcase>
      <testcase name="Test Cases/Menu/RT025 MobileMenu - Vacatures" time="28.026" classname="Test Cases/Menu/RT025 MobileMenu - Vacatures" status="PASSED">
         <system-out><![CDATA[2023-12-18 17:20:24 - [TEST_CASE][PASSED] - Test Cases/Menu/RT025 MobileMenu - Vacatures: Test Cases/Menu/RT025 MobileMenu - Vacatures

2023-12-18 17:20:24 - [TEST_STEP][PASSED] - openBrowser(""): Browser is opened with url: ''

2023-12-18 17:20:24 - [MESSAGE][INFO] - Starting 'Chrome' driver

2023-12-18 17:20:24 - [MESSAGE][INFO] - Action delay is set to 0 milliseconds

2023-12-18 17:20:25 - [MESSAGE][PASSED] - Browser is opened with url: ''

2023-12-18 17:20:25 - [TEST_STEP][PASSED] - navigateToUrl(URL + VACATURES): Navigate to 'https://nlrisqitww-chaca.savviihq.com/vacatures/' successfully

2023-12-18 17:20:25 - [MESSAGE][PASSED] - Navigate to 'https://nlrisqitww-chaca.savviihq.com/vacatures/' successfully

2023-12-18 17:20:25 - [TEST_STEP][PASSED] - callTestCase(findTestCase("Menu/RT000.2 MobileMenu"), [:], STOP_ON_FAILURE): Call Test Case 'Test Cases/Menu/RT000.2 MobileMenu' successfully

2023-12-18 17:20:25 - [TEST_CASE][PASSED] - Test Cases/Menu/RT000.2 MobileMenu: Test Cases/Menu/RT000.2 MobileMenu

2023-12-18 17:20:25 - [TEST_STEP][PASSED] - setViewPortSize(912, 1000): Viewport is set to new size with width = 912 and height = 1000

2023-12-18 17:20:25 - [MESSAGE][PASSED] - Viewport is set to new size with width = 912 and height = 1000

2023-12-18 17:20:25 - [TEST_STEP][PASSED] - actual_url = getUrl(): Current window's url is: 'https://nlrisqitww-chaca.savviihq.com/vacatures/'

2023-12-18 17:20:25 - [MESSAGE][PASSED] - Current window's url is: 'https://nlrisqitww-chaca.savviihq.com/vacatures/'

2023-12-18 17:20:25 - [TEST_STEP][PASSED] - verifyElementPresent(findTestObject("Object Repository/Page_Home - RisQIT/button_Main Menu"), 0): Object 'Object Repository/Page_Home - RisQIT/button_Main Menu' is present

2023-12-18 17:20:25 - [MESSAGE][WARNING] - Timeout '0' is invalid. Using default page load timeout: '30'

2023-12-18 17:20:26 - [MESSAGE][PASSED] - Object 'Object Repository/Page_Home - RisQIT/button_Main Menu' is present

2023-12-18 17:20:26 - [TEST_STEP][PASSED] - click(findTestObject("Object Repository/Page_Home - RisQIT/button_Main Menu")): Object: 'Object Repository/Page_Home - RisQIT/button_Main Menu' is clicked on

2023-12-18 17:20:26 - [MESSAGE][PASSED] - Object: 'Object Repository/Page_Home - RisQIT/button_Main Menu' is clicked on

2023-12-18 17:20:26 - [TEST_STEP][PASSED] - verifyElementText(findTestObject("Object Repository/Page_Home - RisQIT/a_Diensten"), "Diensten"): Actual text and expected text of test object 'Object Repository/Page_Home - RisQIT/a_Diensten' are matched.

2023-12-18 17:20:27 - [MESSAGE][PASSED] - Actual text and expected text of test object 'Object Repository/Page_Home - RisQIT/a_Diensten' are matched.

2023-12-18 17:20:27 - [TEST_STEP][PASSED] - verifyElementText(findTestObject("Object Repository/Page_Home - RisQIT/a_Over ons"), "Over ons"): Actual text and expected text of test object 'Object Repository/Page_Home - RisQIT/a_Over ons' are matched.

2023-12-18 17:20:27 - [MESSAGE][PASSED] - Actual text and expected text of test object 'Object Repository/Page_Home - RisQIT/a_Over ons' are matched.

2023-12-18 17:20:27 - [TEST_STEP][PASSED] - verifyElementText(findTestObject("Object Repository/Page_Home - RisQIT/a_Blog"), "Blog"): Actual text and expected text of test object 'Object Repository/Page_Home - RisQIT/a_Blog' are matched.

2023-12-18 17:20:27 - [MESSAGE][PASSED] - Actual text and expected text of test object 'Object Repository/Page_Home - RisQIT/a_Blog' are matched.

2023-12-18 17:20:27 - [TEST_STEP][PASSED] - verifyElementText(findTestObject("Object Repository/Page_Home - RisQIT/a_Vacatures"), "Vacatures"): Actual text and expected text of test object 'Object Repository/Page_Home - RisQIT/a_Vacatures' are matched.

2023-12-18 17:20:28 - [MESSAGE][PASSED] - Actual text and expected text of test object 'Object Repository/Page_Home - RisQIT/a_Vacatures' are matched.

2023-12-18 17:20:28 - [TEST_STEP][PASSED] - verifyElementText(findTestObject("Object Repository/Page_Home - RisQIT/div_Contact opnemen"), "Contact opnemen"): Actual text and expected text of test object 'Object Repository/Page_Home - RisQIT/div_Contact opnemen' are matched.

2023-12-18 17:20:28 - [MESSAGE][PASSED] - Actual text and expected text of test object 'Object Repository/Page_Home - RisQIT/div_Contact opnemen' are matched.

2023-12-18 17:20:28 - [TEST_STEP][PASSED] - click(findTestObject("Object Repository/Page_Home - RisQIT/button_Menu schakelen")): Object: 'Object Repository/Page_Home - RisQIT/button_Menu schakelen' is clicked on

2023-12-18 17:20:28 - [MESSAGE][PASSED] - Object: 'Object Repository/Page_Home - RisQIT/button_Menu schakelen' is clicked on

2023-12-18 17:20:28 - [TEST_STEP][PASSED] - verifyElementText(findTestObject("Object Repository/Page_Home - RisQIT/a_Software Testing"), "Software Testing"): Actual text and expected text of test object 'Object Repository/Page_Home - RisQIT/a_Software Testing' are matched.

2023-12-18 17:20:29 - [MESSAGE][PASSED] - Actual text and expected text of test object 'Object Repository/Page_Home - RisQIT/a_Software Testing' are matched.

2023-12-18 17:20:29 - [TEST_STEP][PASSED] - verifyElementText(findTestObject("Object Repository/Page_Home - RisQIT/a_Security en HackersTest (SHT)"), "Security en HackersTest (SHT)"): Actual text and expected text of test object 'Object Repository/Page_Home - RisQIT/a_Security en HackersTest (SHT)' are matched.

2023-12-18 17:20:29 - [MESSAGE][PASSED] - Actual text and expected text of test object 'Object Repository/Page_Home - RisQIT/a_Security en HackersTest (SHT)' are matched.

2023-12-18 17:20:29 - [TEST_STEP][PASSED] - verifyElementText(findTestObject("Object Repository/Page_Home - RisQIT/a_UX Lab"), "UX Lab"): Actual text and expected text of test object 'Object Repository/Page_Home - RisQIT/a_UX Lab' are matched.

2023-12-18 17:20:29 - [MESSAGE][PASSED] - Actual text and expected text of test object 'Object Repository/Page_Home - RisQIT/a_UX Lab' are matched.

2023-12-18 17:20:29 - [TEST_STEP][PASSED] - click(findTestObject("Object Repository/Page_Home - RisQIT/a_Software Testing")): Object: 'Object Repository/Page_Home - RisQIT/a_Software Testing' is clicked on

2023-12-18 17:20:30 - [MESSAGE][PASSED] - Object: 'Object Repository/Page_Home - RisQIT/a_Software Testing' is clicked on

2023-12-18 17:20:30 - [TEST_STEP][PASSED] - verifyElementText(findTestObject("Object Repository/Page_Software Testing - RisQIT/h1_Software Testing"), "Software Testing"): Actual text and expected text of test object 'Object Repository/Page_Software Testing - RisQIT/h1_Software Testing' are matched.

2023-12-18 17:20:30 - [MESSAGE][PASSED] - Actual text and expected text of test object 'Object Repository/Page_Software Testing - RisQIT/h1_Software Testing' are matched.

2023-12-18 17:20:30 - [TEST_STEP][PASSED] - navigateToUrl(actual_url): Navigate to 'https://nlrisqitww-chaca.savviihq.com/vacatures/' successfully

2023-12-18 17:20:30 - [MESSAGE][PASSED] - Navigate to 'https://nlrisqitww-chaca.savviihq.com/vacatures/' successfully

2023-12-18 17:20:30 - [TEST_STEP][PASSED] - click(findTestObject("Object Repository/Page_Home - RisQIT/button_Main Menu")): Object: 'Object Repository/Page_Home - RisQIT/button_Main Menu' is clicked on

2023-12-18 17:20:31 - [MESSAGE][PASSED] - Object: 'Object Repository/Page_Home - RisQIT/button_Main Menu' is clicked on

2023-12-18 17:20:31 - [TEST_STEP][PASSED] - click(findTestObject("Object Repository/Page_Software Testing - RisQIT/a_Diensten")): Object: 'Object Repository/Page_Software Testing - RisQIT/a_Diensten' is clicked on

2023-12-18 17:20:31 - [MESSAGE][PASSED] - Object: 'Object Repository/Page_Software Testing - RisQIT/a_Diensten' is clicked on

2023-12-18 17:20:31 - [TEST_STEP][PASSED] - click(findTestObject("Object Repository/Page_Software Testing - RisQIT/button_Menu schakelen")): Object: 'Object Repository/Page_Software Testing - RisQIT/button_Menu schakelen' is clicked on

2023-12-18 17:20:32 - [MESSAGE][PASSED] - Object: 'Object Repository/Page_Software Testing - RisQIT/button_Menu schakelen' is clicked on

2023-12-18 17:20:32 - [TEST_STEP][PASSED] - click(findTestObject("Object Repository/Page_Software Testing - RisQIT/a_Security en HackersTest (SHT)")): Object: 'Object Repository/Page_Software Testing - RisQIT/a_Security en HackersTest (SHT)' is clicked on

2023-12-18 17:20:32 - [MESSAGE][PASSED] - Object: 'Object Repository/Page_Software Testing - RisQIT/a_Security en HackersTest (SHT)' is clicked on

2023-12-18 17:20:32 - [TEST_STEP][PASSED] - verifyElementText(findTestObject("Page_Security en HackersTest (SHT) - RisQIT/h1_Security en HackersTest (SHT)"), "Security En HackersTest (SHT)"): Actual text and expected text of test object 'Object Repository/Page_Security en HackersTest (SHT) - RisQIT/h1_Security en HackersTest (SHT)' are matched.

2023-12-18 17:20:33 - [MESSAGE][PASSED] - Actual text and expected text of test object 'Object Repository/Page_Security en HackersTest (SHT) - RisQIT/h1_Security en HackersTest (SHT)' are matched.

2023-12-18 17:20:33 - [TEST_STEP][PASSED] - navigateToUrl(actual_url): Navigate to 'https://nlrisqitww-chaca.savviihq.com/vacatures/' successfully

2023-12-18 17:20:33 - [MESSAGE][PASSED] - Navigate to 'https://nlrisqitww-chaca.savviihq.com/vacatures/' successfully

2023-12-18 17:20:33 - [TEST_STEP][PASSED] - click(findTestObject("Object Repository/Page_Home - RisQIT/button_Main Menu")): Object: 'Object Repository/Page_Home - RisQIT/button_Main Menu' is clicked on

2023-12-18 17:20:33 - [MESSAGE][PASSED] - Object: 'Object Repository/Page_Home - RisQIT/button_Main Menu' is clicked on

2023-12-18 17:20:33 - [TEST_STEP][PASSED] - click(findTestObject("Object Repository/Page_Software Testing - RisQIT/a_Diensten")): Object: 'Object Repository/Page_Software Testing - RisQIT/a_Diensten' is clicked on

2023-12-18 17:20:34 - [MESSAGE][PASSED] - Object: 'Object Repository/Page_Software Testing - RisQIT/a_Diensten' is clicked on

2023-12-18 17:20:34 - [TEST_STEP][PASSED] - click(findTestObject("Object Repository/Page_Software Testing - RisQIT/button_Menu schakelen")): Object: 'Object Repository/Page_Software Testing - RisQIT/button_Menu schakelen' is clicked on

2023-12-18 17:20:34 - [MESSAGE][PASSED] - Object: 'Object Repository/Page_Software Testing - RisQIT/button_Menu schakelen' is clicked on

2023-12-18 17:20:34 - [TEST_STEP][PASSED] - click(findTestObject("Object Repository/Page_Security en HackersTest (SHT) - RisQIT/a_UX Lab")): Object: 'Object Repository/Page_Security en HackersTest (SHT) - RisQIT/a_UX Lab' is clicked on

2023-12-18 17:20:35 - [MESSAGE][PASSED] - Object: 'Object Repository/Page_Security en HackersTest (SHT) - RisQIT/a_UX Lab' is clicked on

2023-12-18 17:20:35 - [TEST_STEP][PASSED] - verifyElementText(findTestObject("Object Repository/Page_UX Lab - RisQIT/h1_UX Lab"), "UX Lab"): Actual text and expected text of test object 'Object Repository/Page_UX Lab - RisQIT/h1_UX Lab' are matched.

2023-12-18 17:20:35 - [MESSAGE][PASSED] - Actual text and expected text of test object 'Object Repository/Page_UX Lab - RisQIT/h1_UX Lab' are matched.

2023-12-18 17:20:35 - [TEST_STEP][PASSED] - navigateToUrl(actual_url): Navigate to 'https://nlrisqitww-chaca.savviihq.com/vacatures/' successfully

2023-12-18 17:20:35 - [MESSAGE][PASSED] - Navigate to 'https://nlrisqitww-chaca.savviihq.com/vacatures/' successfully

2023-12-18 17:20:35 - [TEST_STEP][PASSED] - click(findTestObject("Object Repository/Page_Home - RisQIT/button_Main Menu")): Object: 'Object Repository/Page_Home - RisQIT/button_Main Menu' is clicked on

2023-12-18 17:20:36 - [MESSAGE][PASSED] - Object: 'Object Repository/Page_Home - RisQIT/button_Main Menu' is clicked on

2023-12-18 17:20:36 - [TEST_STEP][PASSED] - click(findTestObject("Object Repository/Page_Software Testing - RisQIT/a_Diensten")): Object: 'Object Repository/Page_Software Testing - RisQIT/a_Diensten' is clicked on

2023-12-18 17:20:36 - [MESSAGE][PASSED] - Object: 'Object Repository/Page_Software Testing - RisQIT/a_Diensten' is clicked on

2023-12-18 17:20:36 - [TEST_STEP][PASSED] - click(findTestObject("Object Repository/Page_UX Lab - RisQIT/button_Menu schakelen")): Object: 'Object Repository/Page_UX Lab - RisQIT/button_Menu schakelen' is clicked on

2023-12-18 17:20:37 - [MESSAGE][PASSED] - Object: 'Object Repository/Page_UX Lab - RisQIT/button_Menu schakelen' is clicked on

2023-12-18 17:20:37 - [TEST_STEP][PASSED] - verifyElementText(findTestObject("Object Repository/Page_UX Lab - RisQIT/a_Missie  Visie"), "Missie & Visie"): Actual text and expected text of test object 'Object Repository/Page_UX Lab - RisQIT/a_Missie  Visie' are matched.

2023-12-18 17:20:37 - [MESSAGE][PASSED] - Actual text and expected text of test object 'Object Repository/Page_UX Lab - RisQIT/a_Missie  Visie' are matched.

2023-12-18 17:20:37 - [TEST_STEP][PASSED] - verifyElementText(findTestObject("Object Repository/Page_UX Lab - RisQIT/a_Het Gilde"), "Het Gilde"): Actual text and expected text of test object 'Object Repository/Page_UX Lab - RisQIT/a_Het Gilde' are matched.

2023-12-18 17:20:37 - [MESSAGE][PASSED] - Actual text and expected text of test object 'Object Repository/Page_UX Lab - RisQIT/a_Het Gilde' are matched.

2023-12-18 17:20:37 - [TEST_STEP][PASSED] - verifyElementText(findTestObject("Object Repository/Page_UX Lab - RisQIT/a_SuperTester"), "SuperTester"): Actual text and expected text of test object 'Object Repository/Page_UX Lab - RisQIT/a_SuperTester' are matched.

2023-12-18 17:20:37 - [MESSAGE][PASSED] - Actual text and expected text of test object 'Object Repository/Page_UX Lab - RisQIT/a_SuperTester' are matched.

2023-12-18 17:20:37 - [TEST_STEP][PASSED] - click(findTestObject("Object Repository/Page_UX Lab - RisQIT/a_Missie  Visie")): Object: 'Object Repository/Page_UX Lab - RisQIT/a_Missie  Visie' is clicked on

2023-12-18 17:20:38 - [MESSAGE][PASSED] - Object: 'Object Repository/Page_UX Lab - RisQIT/a_Missie  Visie' is clicked on

2023-12-18 17:20:38 - [TEST_STEP][PASSED] - verifyElementText(findTestObject("Object Repository/Page_Missie  Visie - RisQIT/h1_Missie  Visie"), "Missie & Visie"): Actual text and expected text of test object 'Object Repository/Page_Missie  Visie - RisQIT/h1_Missie  Visie' are matched.

2023-12-18 17:20:38 - [MESSAGE][PASSED] - Actual text and expected text of test object 'Object Repository/Page_Missie  Visie - RisQIT/h1_Missie  Visie' are matched.

2023-12-18 17:20:38 - [TEST_STEP][PASSED] - navigateToUrl(actual_url): Navigate to 'https://nlrisqitww-chaca.savviihq.com/vacatures/' successfully

2023-12-18 17:20:38 - [MESSAGE][PASSED] - Navigate to 'https://nlrisqitww-chaca.savviihq.com/vacatures/' successfully

2023-12-18 17:20:38 - [TEST_STEP][PASSED] - click(findTestObject("Object Repository/Page_Home - RisQIT/button_Main Menu")): Object: 'Object Repository/Page_Home - RisQIT/button_Main Menu' is clicked on

2023-12-18 17:20:39 - [MESSAGE][PASSED] - Object: 'Object Repository/Page_Home - RisQIT/button_Main Menu' is clicked on

2023-12-18 17:20:39 - [TEST_STEP][PASSED] - click(findTestObject("Object Repository/Page_Software Testing - RisQIT/a_Diensten")): Object: 'Object Repository/Page_Software Testing - RisQIT/a_Diensten' is clicked on

2023-12-18 17:20:40 - [MESSAGE][PASSED] - Object: 'Object Repository/Page_Software Testing - RisQIT/a_Diensten' is clicked on

2023-12-18 17:20:40 - [TEST_STEP][PASSED] - click(findTestObject("Object Repository/Page_UX Lab - RisQIT/button_Menu schakelen")): Object: 'Object Repository/Page_UX Lab - RisQIT/button_Menu schakelen' is clicked on

2023-12-18 17:20:40 - [MESSAGE][PASSED] - Object: 'Object Repository/Page_UX Lab - RisQIT/button_Menu schakelen' is clicked on

2023-12-18 17:20:40 - [TEST_STEP][PASSED] - click(findTestObject("Object Repository/Page_Missie  Visie - RisQIT/a_Het Gilde")): Object: 'Object Repository/Page_Missie  Visie - RisQIT/a_Het Gilde' is clicked on

2023-12-18 17:20:40 - [MESSAGE][PASSED] - Object: 'Object Repository/Page_Missie  Visie - RisQIT/a_Het Gilde' is clicked on

2023-12-18 17:20:40 - [TEST_STEP][PASSED] - verifyElementText(findTestObject("Object Repository/Page_Het Gilde - RisQIT/h1_Het Gilde"), "Het Gilde"): Actual text and expected text of test object 'Object Repository/Page_Het Gilde - RisQIT/h1_Het Gilde' are matched.

2023-12-18 17:20:41 - [MESSAGE][PASSED] - Actual text and expected text of test object 'Object Repository/Page_Het Gilde - RisQIT/h1_Het Gilde' are matched.

2023-12-18 17:20:41 - [TEST_STEP][PASSED] - navigateToUrl(actual_url): Navigate to 'https://nlrisqitww-chaca.savviihq.com/vacatures/' successfully

2023-12-18 17:20:41 - [MESSAGE][PASSED] - Navigate to 'https://nlrisqitww-chaca.savviihq.com/vacatures/' successfully

2023-12-18 17:20:41 - [TEST_STEP][PASSED] - click(findTestObject("Object Repository/Page_Home - RisQIT/button_Main Menu")): Object: 'Object Repository/Page_Home - RisQIT/button_Main Menu' is clicked on

2023-12-18 17:20:41 - [MESSAGE][PASSED] - Object: 'Object Repository/Page_Home - RisQIT/button_Main Menu' is clicked on

2023-12-18 17:20:41 - [TEST_STEP][PASSED] - click(findTestObject("Object Repository/Page_Software Testing - RisQIT/a_Diensten")): Object: 'Object Repository/Page_Software Testing - RisQIT/a_Diensten' is clicked on

2023-12-18 17:20:42 - [MESSAGE][PASSED] - Object: 'Object Repository/Page_Software Testing - RisQIT/a_Diensten' is clicked on

2023-12-18 17:20:42 - [TEST_STEP][PASSED] - click(findTestObject("Object Repository/Page_UX Lab - RisQIT/button_Menu schakelen")): Object: 'Object Repository/Page_UX Lab - RisQIT/button_Menu schakelen' is clicked on

2023-12-18 17:20:42 - [MESSAGE][PASSED] - Object: 'Object Repository/Page_UX Lab - RisQIT/button_Menu schakelen' is clicked on

2023-12-18 17:20:42 - [TEST_STEP][PASSED] - click(findTestObject("Object Repository/Page_Het Gilde - RisQIT/a_SuperTester")): Object: 'Object Repository/Page_Het Gilde - RisQIT/a_SuperTester' is clicked on

2023-12-18 17:20:43 - [MESSAGE][PASSED] - Object: 'Object Repository/Page_Het Gilde - RisQIT/a_SuperTester' is clicked on

2023-12-18 17:20:43 - [TEST_STEP][PASSED] - verifyElementText(findTestObject("Object Repository/Page_SuperTester - RisQIT/h1_Whitepaper SuperTester"), "Whitepaper SuperTester"): Actual text and expected text of test object 'Object Repository/Page_SuperTester - RisQIT/h1_Whitepaper SuperTester' are matched.

2023-12-18 17:20:43 - [MESSAGE][PASSED] - Actual text and expected text of test object 'Object Repository/Page_SuperTester - RisQIT/h1_Whitepaper SuperTester' are matched.

2023-12-18 17:20:43 - [TEST_STEP][PASSED] - navigateToUrl(actual_url): Navigate to 'https://nlrisqitww-chaca.savviihq.com/vacatures/' successfully

2023-12-18 17:20:43 - [MESSAGE][PASSED] - Navigate to 'https://nlrisqitww-chaca.savviihq.com/vacatures/' successfully

2023-12-18 17:20:43 - [TEST_STEP][PASSED] - click(findTestObject("Object Repository/Page_Home - RisQIT/button_Main Menu")): Object: 'Object Repository/Page_Home - RisQIT/button_Main Menu' is clicked on

2023-12-18 17:20:44 - [MESSAGE][PASSED] - Object: 'Object Repository/Page_Home - RisQIT/button_Main Menu' is clicked on

2023-12-18 17:20:44 - [TEST_STEP][PASSED] - click(findTestObject("Object Repository/Page_Software Testing - RisQIT/a_Diensten")): Object: 'Object Repository/Page_Software Testing - RisQIT/a_Diensten' is clicked on

2023-12-18 17:20:45 - [MESSAGE][PASSED] - Object: 'Object Repository/Page_Software Testing - RisQIT/a_Diensten' is clicked on

2023-12-18 17:20:45 - [TEST_STEP][PASSED] - click(findTestObject("Object Repository/Page_UX Lab - RisQIT/button_Menu schakelen")): Object: 'Object Repository/Page_UX Lab - RisQIT/button_Menu schakelen' is clicked on

2023-12-18 17:20:45 - [MESSAGE][PASSED] - Object: 'Object Repository/Page_UX Lab - RisQIT/button_Menu schakelen' is clicked on

2023-12-18 17:20:45 - [TEST_STEP][PASSED] - click(findTestObject("Object Repository/Page_Het Gilde - RisQIT/a_Blog")): Object: 'Object Repository/Page_Het Gilde - RisQIT/a_Blog' is clicked on

2023-12-18 17:20:45 - [MESSAGE][PASSED] - Object: 'Object Repository/Page_Het Gilde - RisQIT/a_Blog' is clicked on

2023-12-18 17:20:45 - [TEST_STEP][PASSED] - verifyElementText(findTestObject("Object Repository/Page_Blog - RisQIT/h1_Blog"), "Blog"): Actual text and expected text of test object 'Object Repository/Page_Blog - RisQIT/h1_Blog' are matched.

2023-12-18 17:20:46 - [MESSAGE][PASSED] - Actual text and expected text of test object 'Object Repository/Page_Blog - RisQIT/h1_Blog' are matched.

2023-12-18 17:20:46 - [TEST_STEP][PASSED] - navigateToUrl(actual_url): Navigate to 'https://nlrisqitww-chaca.savviihq.com/vacatures/' successfully

2023-12-18 17:20:46 - [MESSAGE][PASSED] - Navigate to 'https://nlrisqitww-chaca.savviihq.com/vacatures/' successfully

2023-12-18 17:20:46 - [TEST_STEP][PASSED] - click(findTestObject("Object Repository/Page_Home - RisQIT/button_Main Menu")): Object: 'Object Repository/Page_Home - RisQIT/button_Main Menu' is clicked on

2023-12-18 17:20:46 - [MESSAGE][PASSED] - Object: 'Object Repository/Page_Home - RisQIT/button_Main Menu' is clicked on

2023-12-18 17:20:46 - [TEST_STEP][PASSED] - click(findTestObject("Object Repository/Page_Software Testing - RisQIT/a_Diensten")): Object: 'Object Repository/Page_Software Testing - RisQIT/a_Diensten' is clicked on

2023-12-18 17:20:47 - [MESSAGE][PASSED] - Object: 'Object Repository/Page_Software Testing - RisQIT/a_Diensten' is clicked on

2023-12-18 17:20:47 - [TEST_STEP][PASSED] - click(findTestObject("Object Repository/Page_UX Lab - RisQIT/button_Menu schakelen")): Object: 'Object Repository/Page_UX Lab - RisQIT/button_Menu schakelen' is clicked on

2023-12-18 17:20:47 - [MESSAGE][PASSED] - Object: 'Object Repository/Page_UX Lab - RisQIT/button_Menu schakelen' is clicked on

2023-12-18 17:20:47 - [TEST_STEP][PASSED] - click(findTestObject("Object Repository/Page_Blog - RisQIT/a_Vacatures")): Object: 'Object Repository/Page_Blog - RisQIT/a_Vacatures' is clicked on

2023-12-18 17:20:48 - [MESSAGE][PASSED] - Object: 'Object Repository/Page_Blog - RisQIT/a_Vacatures' is clicked on

2023-12-18 17:20:48 - [TEST_STEP][PASSED] - verifyElementText(findTestObject("Object Repository/Page_Vacatures - RisQIT/h1_Vacatures"), "Vacatures"): Actual text and expected text of test object 'Object Repository/Page_Vacatures - RisQIT/h1_Vacatures' are matched.

2023-12-18 17:20:48 - [MESSAGE][PASSED] - Actual text and expected text of test object 'Object Repository/Page_Vacatures - RisQIT/h1_Vacatures' are matched.

2023-12-18 17:20:48 - [TEST_STEP][PASSED] - navigateToUrl(actual_url): Navigate to 'https://nlrisqitww-chaca.savviihq.com/vacatures/' successfully

2023-12-18 17:20:48 - [MESSAGE][PASSED] - Navigate to 'https://nlrisqitww-chaca.savviihq.com/vacatures/' successfully

2023-12-18 17:20:48 - [TEST_STEP][PASSED] - click(findTestObject("Object Repository/Page_Home - RisQIT/button_Main Menu")): Object: 'Object Repository/Page_Home - RisQIT/button_Main Menu' is clicked on

2023-12-18 17:20:49 - [MESSAGE][PASSED] - Object: 'Object Repository/Page_Home - RisQIT/button_Main Menu' is clicked on

2023-12-18 17:20:49 - [TEST_STEP][PASSED] - click(findTestObject("Object Repository/Page_Software Testing - RisQIT/a_Diensten")): Object: 'Object Repository/Page_Software Testing - RisQIT/a_Diensten' is clicked on

2023-12-18 17:20:49 - [MESSAGE][PASSED] - Object: 'Object Repository/Page_Software Testing - RisQIT/a_Diensten' is clicked on

2023-12-18 17:20:49 - [TEST_STEP][PASSED] - click(findTestObject("Object Repository/Page_UX Lab - RisQIT/button_Menu schakelen")): Object: 'Object Repository/Page_UX Lab - RisQIT/button_Menu schakelen' is clicked on

2023-12-18 17:20:50 - [MESSAGE][PASSED] - Object: 'Object Repository/Page_UX Lab - RisQIT/button_Menu schakelen' is clicked on

2023-12-18 17:20:50 - [TEST_STEP][PASSED] - click(findTestObject("Object Repository/Page_Vacatures - RisQIT/div_Contact opnemen")): Object: 'Object Repository/Page_Vacatures - RisQIT/div_Contact opnemen' is clicked on

2023-12-18 17:20:50 - [MESSAGE][PASSED] - Object: 'Object Repository/Page_Vacatures - RisQIT/div_Contact opnemen' is clicked on

2023-12-18 17:20:50 - [TEST_STEP][PASSED] - verifyElementText(findTestObject("Object Repository/Page_Contact - RisQIT/h1_Contact"), "Contact"): Actual text and expected text of test object 'Object Repository/Page_Contact - RisQIT/h1_Contact' are matched.

2023-12-18 17:20:51 - [MESSAGE][PASSED] - Actual text and expected text of test object 'Object Repository/Page_Contact - RisQIT/h1_Contact' are matched.

2023-12-18 17:20:51 - [TEST_STEP][PASSED] - navigateToUrl(actual_url): Navigate to 'https://nlrisqitww-chaca.savviihq.com/vacatures/' successfully

2023-12-18 17:20:51 - [MESSAGE][PASSED] - Navigate to 'https://nlrisqitww-chaca.savviihq.com/vacatures/' successfully

2023-12-18 17:20:51 - [TEST_STEP][PASSED] - click(findTestObject("Object Repository/Page_Contact - RisQIT/img_custom-logo entered lazyloaded")): Object: 'Object Repository/Page_Contact - RisQIT/img_custom-logo entered lazyloaded' is clicked on

2023-12-18 17:20:51 - [MESSAGE][PASSED] - Object: 'Object Repository/Page_Contact - RisQIT/img_custom-logo entered lazyloaded' is clicked on

2023-12-18 17:20:51 - [TEST_STEP][PASSED] - verifyElementText(findTestObject("Object Repository/Page_Home - RisQIT/h1_Ga voor duurzaamheid en vertrouwen, same_4bc4a8"), "Ga voor duurzaamheid en vertrouwen, samen met ons!"): Actual text and expected text of test object 'Object Repository/Page_Home - RisQIT/h1_Ga voor duurzaamheid en vertrouwen, same_4bc4a8' are matched.

2023-12-18 17:20:52 - [MESSAGE][PASSED] - Actual text and expected text of test object 'Object Repository/Page_Home - RisQIT/h1_Ga voor duurzaamheid en vertrouwen, same_4bc4a8' are matched.

2023-12-18 17:20:52 - [MESSAGE][PASSED] - Call Test Case 'Test Cases/Menu/RT000.2 MobileMenu' successfully

2023-12-18 17:20:52 - [TEST_STEP][PASSED] - closeBrowser(): Browser is closed

2023-12-18 17:20:52 - [MESSAGE][PASSED] - Browser is closed]]></system-out>
         <system-err><![CDATA[]]></system-err>
      </testcase>
      <testcase name="Test Cases/Menu/RT026 MobileMenu - Contact" time="28.366" classname="Test Cases/Menu/RT026 MobileMenu - Contact" status="PASSED">
         <system-out><![CDATA[2023-12-18 17:20:52 - [TEST_CASE][PASSED] - Test Cases/Menu/RT026 MobileMenu - Contact: Test Cases/Menu/RT026 MobileMenu - Contact

2023-12-18 17:20:52 - [TEST_STEP][PASSED] - openBrowser(""): Browser is opened with url: ''

2023-12-18 17:20:52 - [MESSAGE][INFO] - Starting 'Chrome' driver

2023-12-18 17:20:52 - [MESSAGE][INFO] - Action delay is set to 0 milliseconds

2023-12-18 17:20:53 - [MESSAGE][PASSED] - Browser is opened with url: ''

2023-12-18 17:20:53 - [TEST_STEP][PASSED] - navigateToUrl(URL + CONTACT): Navigate to 'https://nlrisqitww-chaca.savviihq.com/contact/' successfully

2023-12-18 17:20:53 - [MESSAGE][PASSED] - Navigate to 'https://nlrisqitww-chaca.savviihq.com/contact/' successfully

2023-12-18 17:20:53 - [TEST_STEP][PASSED] - callTestCase(findTestCase("Menu/RT000.2 MobileMenu"), [:], STOP_ON_FAILURE): Call Test Case 'Test Cases/Menu/RT000.2 MobileMenu' successfully

2023-12-18 17:20:53 - [TEST_CASE][PASSED] - Test Cases/Menu/RT000.2 MobileMenu: Test Cases/Menu/RT000.2 MobileMenu

2023-12-18 17:20:53 - [TEST_STEP][PASSED] - setViewPortSize(912, 1000): Viewport is set to new size with width = 912 and height = 1000

2023-12-18 17:20:53 - [MESSAGE][PASSED] - Viewport is set to new size with width = 912 and height = 1000

2023-12-18 17:20:53 - [TEST_STEP][PASSED] - actual_url = getUrl(): Current window's url is: 'https://nlrisqitww-chaca.savviihq.com/contact/'

2023-12-18 17:20:53 - [MESSAGE][PASSED] - Current window's url is: 'https://nlrisqitww-chaca.savviihq.com/contact/'

2023-12-18 17:20:53 - [TEST_STEP][PASSED] - verifyElementPresent(findTestObject("Object Repository/Page_Home - RisQIT/button_Main Menu"), 0): Object 'Object Repository/Page_Home - RisQIT/button_Main Menu' is present

2023-12-18 17:20:53 - [MESSAGE][WARNING] - Timeout '0' is invalid. Using default page load timeout: '30'

2023-12-18 17:20:54 - [MESSAGE][PASSED] - Object 'Object Repository/Page_Home - RisQIT/button_Main Menu' is present

2023-12-18 17:20:54 - [TEST_STEP][PASSED] - click(findTestObject("Object Repository/Page_Home - RisQIT/button_Main Menu")): Object: 'Object Repository/Page_Home - RisQIT/button_Main Menu' is clicked on

2023-12-18 17:20:54 - [MESSAGE][PASSED] - Object: 'Object Repository/Page_Home - RisQIT/button_Main Menu' is clicked on

2023-12-18 17:20:54 - [TEST_STEP][PASSED] - verifyElementText(findTestObject("Object Repository/Page_Home - RisQIT/a_Diensten"), "Diensten"): Actual text and expected text of test object 'Object Repository/Page_Home - RisQIT/a_Diensten' are matched.

2023-12-18 17:20:55 - [MESSAGE][PASSED] - Actual text and expected text of test object 'Object Repository/Page_Home - RisQIT/a_Diensten' are matched.

2023-12-18 17:20:55 - [TEST_STEP][PASSED] - verifyElementText(findTestObject("Object Repository/Page_Home - RisQIT/a_Over ons"), "Over ons"): Actual text and expected text of test object 'Object Repository/Page_Home - RisQIT/a_Over ons' are matched.

2023-12-18 17:20:56 - [MESSAGE][PASSED] - Actual text and expected text of test object 'Object Repository/Page_Home - RisQIT/a_Over ons' are matched.

2023-12-18 17:20:56 - [TEST_STEP][PASSED] - verifyElementText(findTestObject("Object Repository/Page_Home - RisQIT/a_Blog"), "Blog"): Actual text and expected text of test object 'Object Repository/Page_Home - RisQIT/a_Blog' are matched.

2023-12-18 17:20:56 - [MESSAGE][PASSED] - Actual text and expected text of test object 'Object Repository/Page_Home - RisQIT/a_Blog' are matched.

2023-12-18 17:20:56 - [TEST_STEP][PASSED] - verifyElementText(findTestObject("Object Repository/Page_Home - RisQIT/a_Vacatures"), "Vacatures"): Actual text and expected text of test object 'Object Repository/Page_Home - RisQIT/a_Vacatures' are matched.

2023-12-18 17:20:56 - [MESSAGE][PASSED] - Actual text and expected text of test object 'Object Repository/Page_Home - RisQIT/a_Vacatures' are matched.

2023-12-18 17:20:56 - [TEST_STEP][PASSED] - verifyElementText(findTestObject("Object Repository/Page_Home - RisQIT/div_Contact opnemen"), "Contact opnemen"): Actual text and expected text of test object 'Object Repository/Page_Home - RisQIT/div_Contact opnemen' are matched.

2023-12-18 17:20:57 - [MESSAGE][PASSED] - Actual text and expected text of test object 'Object Repository/Page_Home - RisQIT/div_Contact opnemen' are matched.

2023-12-18 17:20:57 - [TEST_STEP][PASSED] - click(findTestObject("Object Repository/Page_Home - RisQIT/button_Menu schakelen")): Object: 'Object Repository/Page_Home - RisQIT/button_Menu schakelen' is clicked on

2023-12-18 17:20:57 - [MESSAGE][PASSED] - Object: 'Object Repository/Page_Home - RisQIT/button_Menu schakelen' is clicked on

2023-12-18 17:20:57 - [TEST_STEP][PASSED] - verifyElementText(findTestObject("Object Repository/Page_Home - RisQIT/a_Software Testing"), "Software Testing"): Actual text and expected text of test object 'Object Repository/Page_Home - RisQIT/a_Software Testing' are matched.

2023-12-18 17:20:57 - [MESSAGE][PASSED] - Actual text and expected text of test object 'Object Repository/Page_Home - RisQIT/a_Software Testing' are matched.

2023-12-18 17:20:57 - [TEST_STEP][PASSED] - verifyElementText(findTestObject("Object Repository/Page_Home - RisQIT/a_Security en HackersTest (SHT)"), "Security en HackersTest (SHT)"): Actual text and expected text of test object 'Object Repository/Page_Home - RisQIT/a_Security en HackersTest (SHT)' are matched.

2023-12-18 17:20:58 - [MESSAGE][PASSED] - Actual text and expected text of test object 'Object Repository/Page_Home - RisQIT/a_Security en HackersTest (SHT)' are matched.

2023-12-18 17:20:58 - [TEST_STEP][PASSED] - verifyElementText(findTestObject("Object Repository/Page_Home - RisQIT/a_UX Lab"), "UX Lab"): Actual text and expected text of test object 'Object Repository/Page_Home - RisQIT/a_UX Lab' are matched.

2023-12-18 17:20:58 - [MESSAGE][PASSED] - Actual text and expected text of test object 'Object Repository/Page_Home - RisQIT/a_UX Lab' are matched.

2023-12-18 17:20:58 - [TEST_STEP][PASSED] - click(findTestObject("Object Repository/Page_Home - RisQIT/a_Software Testing")): Object: 'Object Repository/Page_Home - RisQIT/a_Software Testing' is clicked on

2023-12-18 17:20:58 - [MESSAGE][PASSED] - Object: 'Object Repository/Page_Home - RisQIT/a_Software Testing' is clicked on

2023-12-18 17:20:58 - [TEST_STEP][PASSED] - verifyElementText(findTestObject("Object Repository/Page_Software Testing - RisQIT/h1_Software Testing"), "Software Testing"): Actual text and expected text of test object 'Object Repository/Page_Software Testing - RisQIT/h1_Software Testing' are matched.

2023-12-18 17:20:59 - [MESSAGE][PASSED] - Actual text and expected text of test object 'Object Repository/Page_Software Testing - RisQIT/h1_Software Testing' are matched.

2023-12-18 17:20:59 - [TEST_STEP][PASSED] - navigateToUrl(actual_url): Navigate to 'https://nlrisqitww-chaca.savviihq.com/contact/' successfully

2023-12-18 17:20:59 - [MESSAGE][PASSED] - Navigate to 'https://nlrisqitww-chaca.savviihq.com/contact/' successfully

2023-12-18 17:20:59 - [TEST_STEP][PASSED] - click(findTestObject("Object Repository/Page_Home - RisQIT/button_Main Menu")): Object: 'Object Repository/Page_Home - RisQIT/button_Main Menu' is clicked on

2023-12-18 17:20:59 - [MESSAGE][PASSED] - Object: 'Object Repository/Page_Home - RisQIT/button_Main Menu' is clicked on

2023-12-18 17:20:59 - [TEST_STEP][PASSED] - click(findTestObject("Object Repository/Page_Software Testing - RisQIT/a_Diensten")): Object: 'Object Repository/Page_Software Testing - RisQIT/a_Diensten' is clicked on

2023-12-18 17:21:00 - [MESSAGE][PASSED] - Object: 'Object Repository/Page_Software Testing - RisQIT/a_Diensten' is clicked on

2023-12-18 17:21:00 - [TEST_STEP][PASSED] - click(findTestObject("Object Repository/Page_Software Testing - RisQIT/button_Menu schakelen")): Object: 'Object Repository/Page_Software Testing - RisQIT/button_Menu schakelen' is clicked on

2023-12-18 17:21:00 - [MESSAGE][PASSED] - Object: 'Object Repository/Page_Software Testing - RisQIT/button_Menu schakelen' is clicked on

2023-12-18 17:21:00 - [TEST_STEP][PASSED] - click(findTestObject("Object Repository/Page_Software Testing - RisQIT/a_Security en HackersTest (SHT)")): Object: 'Object Repository/Page_Software Testing - RisQIT/a_Security en HackersTest (SHT)' is clicked on

2023-12-18 17:21:01 - [MESSAGE][PASSED] - Object: 'Object Repository/Page_Software Testing - RisQIT/a_Security en HackersTest (SHT)' is clicked on

2023-12-18 17:21:01 - [TEST_STEP][PASSED] - verifyElementText(findTestObject("Page_Security en HackersTest (SHT) - RisQIT/h1_Security en HackersTest (SHT)"), "Security En HackersTest (SHT)"): Actual text and expected text of test object 'Object Repository/Page_Security en HackersTest (SHT) - RisQIT/h1_Security en HackersTest (SHT)' are matched.

2023-12-18 17:21:01 - [MESSAGE][PASSED] - Actual text and expected text of test object 'Object Repository/Page_Security en HackersTest (SHT) - RisQIT/h1_Security en HackersTest (SHT)' are matched.

2023-12-18 17:21:01 - [TEST_STEP][PASSED] - navigateToUrl(actual_url): Navigate to 'https://nlrisqitww-chaca.savviihq.com/contact/' successfully

2023-12-18 17:21:01 - [MESSAGE][PASSED] - Navigate to 'https://nlrisqitww-chaca.savviihq.com/contact/' successfully

2023-12-18 17:21:01 - [TEST_STEP][PASSED] - click(findTestObject("Object Repository/Page_Home - RisQIT/button_Main Menu")): Object: 'Object Repository/Page_Home - RisQIT/button_Main Menu' is clicked on

2023-12-18 17:21:02 - [MESSAGE][PASSED] - Object: 'Object Repository/Page_Home - RisQIT/button_Main Menu' is clicked on

2023-12-18 17:21:02 - [TEST_STEP][PASSED] - click(findTestObject("Object Repository/Page_Software Testing - RisQIT/a_Diensten")): Object: 'Object Repository/Page_Software Testing - RisQIT/a_Diensten' is clicked on

2023-12-18 17:21:02 - [MESSAGE][PASSED] - Object: 'Object Repository/Page_Software Testing - RisQIT/a_Diensten' is clicked on

2023-12-18 17:21:02 - [TEST_STEP][PASSED] - click(findTestObject("Object Repository/Page_Software Testing - RisQIT/button_Menu schakelen")): Object: 'Object Repository/Page_Software Testing - RisQIT/button_Menu schakelen' is clicked on

2023-12-18 17:21:03 - [MESSAGE][PASSED] - Object: 'Object Repository/Page_Software Testing - RisQIT/button_Menu schakelen' is clicked on

2023-12-18 17:21:03 - [TEST_STEP][PASSED] - click(findTestObject("Object Repository/Page_Security en HackersTest (SHT) - RisQIT/a_UX Lab")): Object: 'Object Repository/Page_Security en HackersTest (SHT) - RisQIT/a_UX Lab' is clicked on

2023-12-18 17:21:03 - [MESSAGE][PASSED] - Object: 'Object Repository/Page_Security en HackersTest (SHT) - RisQIT/a_UX Lab' is clicked on

2023-12-18 17:21:03 - [TEST_STEP][PASSED] - verifyElementText(findTestObject("Object Repository/Page_UX Lab - RisQIT/h1_UX Lab"), "UX Lab"): Actual text and expected text of test object 'Object Repository/Page_UX Lab - RisQIT/h1_UX Lab' are matched.

2023-12-18 17:21:04 - [MESSAGE][PASSED] - Actual text and expected text of test object 'Object Repository/Page_UX Lab - RisQIT/h1_UX Lab' are matched.

2023-12-18 17:21:04 - [TEST_STEP][PASSED] - navigateToUrl(actual_url): Navigate to 'https://nlrisqitww-chaca.savviihq.com/contact/' successfully

2023-12-18 17:21:04 - [MESSAGE][PASSED] - Navigate to 'https://nlrisqitww-chaca.savviihq.com/contact/' successfully

2023-12-18 17:21:04 - [TEST_STEP][PASSED] - click(findTestObject("Object Repository/Page_Home - RisQIT/button_Main Menu")): Object: 'Object Repository/Page_Home - RisQIT/button_Main Menu' is clicked on

2023-12-18 17:21:04 - [MESSAGE][PASSED] - Object: 'Object Repository/Page_Home - RisQIT/button_Main Menu' is clicked on

2023-12-18 17:21:04 - [TEST_STEP][PASSED] - click(findTestObject("Object Repository/Page_Software Testing - RisQIT/a_Diensten")): Object: 'Object Repository/Page_Software Testing - RisQIT/a_Diensten' is clicked on

2023-12-18 17:21:05 - [MESSAGE][PASSED] - Object: 'Object Repository/Page_Software Testing - RisQIT/a_Diensten' is clicked on

2023-12-18 17:21:05 - [TEST_STEP][PASSED] - click(findTestObject("Object Repository/Page_UX Lab - RisQIT/button_Menu schakelen")): Object: 'Object Repository/Page_UX Lab - RisQIT/button_Menu schakelen' is clicked on

2023-12-18 17:21:05 - [MESSAGE][PASSED] - Object: 'Object Repository/Page_UX Lab - RisQIT/button_Menu schakelen' is clicked on

2023-12-18 17:21:05 - [TEST_STEP][PASSED] - verifyElementText(findTestObject("Object Repository/Page_UX Lab - RisQIT/a_Missie  Visie"), "Missie & Visie"): Actual text and expected text of test object 'Object Repository/Page_UX Lab - RisQIT/a_Missie  Visie' are matched.

2023-12-18 17:21:05 - [MESSAGE][PASSED] - Actual text and expected text of test object 'Object Repository/Page_UX Lab - RisQIT/a_Missie  Visie' are matched.

2023-12-18 17:21:05 - [TEST_STEP][PASSED] - verifyElementText(findTestObject("Object Repository/Page_UX Lab - RisQIT/a_Het Gilde"), "Het Gilde"): Actual text and expected text of test object 'Object Repository/Page_UX Lab - RisQIT/a_Het Gilde' are matched.

2023-12-18 17:21:06 - [MESSAGE][PASSED] - Actual text and expected text of test object 'Object Repository/Page_UX Lab - RisQIT/a_Het Gilde' are matched.

2023-12-18 17:21:06 - [TEST_STEP][PASSED] - verifyElementText(findTestObject("Object Repository/Page_UX Lab - RisQIT/a_SuperTester"), "SuperTester"): Actual text and expected text of test object 'Object Repository/Page_UX Lab - RisQIT/a_SuperTester' are matched.

2023-12-18 17:21:06 - [MESSAGE][PASSED] - Actual text and expected text of test object 'Object Repository/Page_UX Lab - RisQIT/a_SuperTester' are matched.

2023-12-18 17:21:06 - [TEST_STEP][PASSED] - click(findTestObject("Object Repository/Page_UX Lab - RisQIT/a_Missie  Visie")): Object: 'Object Repository/Page_UX Lab - RisQIT/a_Missie  Visie' is clicked on

2023-12-18 17:21:06 - [MESSAGE][PASSED] - Object: 'Object Repository/Page_UX Lab - RisQIT/a_Missie  Visie' is clicked on

2023-12-18 17:21:06 - [TEST_STEP][PASSED] - verifyElementText(findTestObject("Object Repository/Page_Missie  Visie - RisQIT/h1_Missie  Visie"), "Missie & Visie"): Actual text and expected text of test object 'Object Repository/Page_Missie  Visie - RisQIT/h1_Missie  Visie' are matched.

2023-12-18 17:21:07 - [MESSAGE][PASSED] - Actual text and expected text of test object 'Object Repository/Page_Missie  Visie - RisQIT/h1_Missie  Visie' are matched.

2023-12-18 17:21:07 - [TEST_STEP][PASSED] - navigateToUrl(actual_url): Navigate to 'https://nlrisqitww-chaca.savviihq.com/contact/' successfully

2023-12-18 17:21:07 - [MESSAGE][PASSED] - Navigate to 'https://nlrisqitww-chaca.savviihq.com/contact/' successfully

2023-12-18 17:21:07 - [TEST_STEP][PASSED] - click(findTestObject("Object Repository/Page_Home - RisQIT/button_Main Menu")): Object: 'Object Repository/Page_Home - RisQIT/button_Main Menu' is clicked on

2023-12-18 17:21:08 - [MESSAGE][PASSED] - Object: 'Object Repository/Page_Home - RisQIT/button_Main Menu' is clicked on

2023-12-18 17:21:08 - [TEST_STEP][PASSED] - click(findTestObject("Object Repository/Page_Software Testing - RisQIT/a_Diensten")): Object: 'Object Repository/Page_Software Testing - RisQIT/a_Diensten' is clicked on

2023-12-18 17:21:08 - [MESSAGE][PASSED] - Object: 'Object Repository/Page_Software Testing - RisQIT/a_Diensten' is clicked on

2023-12-18 17:21:08 - [TEST_STEP][PASSED] - click(findTestObject("Object Repository/Page_UX Lab - RisQIT/button_Menu schakelen")): Object: 'Object Repository/Page_UX Lab - RisQIT/button_Menu schakelen' is clicked on

2023-12-18 17:21:08 - [MESSAGE][PASSED] - Object: 'Object Repository/Page_UX Lab - RisQIT/button_Menu schakelen' is clicked on

2023-12-18 17:21:08 - [TEST_STEP][PASSED] - click(findTestObject("Object Repository/Page_Missie  Visie - RisQIT/a_Het Gilde")): Object: 'Object Repository/Page_Missie  Visie - RisQIT/a_Het Gilde' is clicked on

2023-12-18 17:21:09 - [MESSAGE][PASSED] - Object: 'Object Repository/Page_Missie  Visie - RisQIT/a_Het Gilde' is clicked on

2023-12-18 17:21:09 - [TEST_STEP][PASSED] - verifyElementText(findTestObject("Object Repository/Page_Het Gilde - RisQIT/h1_Het Gilde"), "Het Gilde"): Actual text and expected text of test object 'Object Repository/Page_Het Gilde - RisQIT/h1_Het Gilde' are matched.

2023-12-18 17:21:09 - [MESSAGE][PASSED] - Actual text and expected text of test object 'Object Repository/Page_Het Gilde - RisQIT/h1_Het Gilde' are matched.

2023-12-18 17:21:09 - [TEST_STEP][PASSED] - navigateToUrl(actual_url): Navigate to 'https://nlrisqitww-chaca.savviihq.com/contact/' successfully

2023-12-18 17:21:09 - [MESSAGE][PASSED] - Navigate to 'https://nlrisqitww-chaca.savviihq.com/contact/' successfully

2023-12-18 17:21:09 - [TEST_STEP][PASSED] - click(findTestObject("Object Repository/Page_Home - RisQIT/button_Main Menu")): Object: 'Object Repository/Page_Home - RisQIT/button_Main Menu' is clicked on

2023-12-18 17:21:10 - [MESSAGE][PASSED] - Object: 'Object Repository/Page_Home - RisQIT/button_Main Menu' is clicked on

2023-12-18 17:21:10 - [TEST_STEP][PASSED] - click(findTestObject("Object Repository/Page_Software Testing - RisQIT/a_Diensten")): Object: 'Object Repository/Page_Software Testing - RisQIT/a_Diensten' is clicked on

2023-12-18 17:21:11 - [MESSAGE][PASSED] - Object: 'Object Repository/Page_Software Testing - RisQIT/a_Diensten' is clicked on

2023-12-18 17:21:11 - [TEST_STEP][PASSED] - click(findTestObject("Object Repository/Page_UX Lab - RisQIT/button_Menu schakelen")): Object: 'Object Repository/Page_UX Lab - RisQIT/button_Menu schakelen' is clicked on

2023-12-18 17:21:11 - [MESSAGE][PASSED] - Object: 'Object Repository/Page_UX Lab - RisQIT/button_Menu schakelen' is clicked on

2023-12-18 17:21:11 - [TEST_STEP][PASSED] - click(findTestObject("Object Repository/Page_Het Gilde - RisQIT/a_SuperTester")): Object: 'Object Repository/Page_Het Gilde - RisQIT/a_SuperTester' is clicked on

2023-12-18 17:21:11 - [MESSAGE][PASSED] - Object: 'Object Repository/Page_Het Gilde - RisQIT/a_SuperTester' is clicked on

2023-12-18 17:21:11 - [TEST_STEP][PASSED] - verifyElementText(findTestObject("Object Repository/Page_SuperTester - RisQIT/h1_Whitepaper SuperTester"), "Whitepaper SuperTester"): Actual text and expected text of test object 'Object Repository/Page_SuperTester - RisQIT/h1_Whitepaper SuperTester' are matched.

2023-12-18 17:21:12 - [MESSAGE][PASSED] - Actual text and expected text of test object 'Object Repository/Page_SuperTester - RisQIT/h1_Whitepaper SuperTester' are matched.

2023-12-18 17:21:12 - [TEST_STEP][PASSED] - navigateToUrl(actual_url): Navigate to 'https://nlrisqitww-chaca.savviihq.com/contact/' successfully

2023-12-18 17:21:12 - [MESSAGE][PASSED] - Navigate to 'https://nlrisqitww-chaca.savviihq.com/contact/' successfully

2023-12-18 17:21:12 - [TEST_STEP][PASSED] - click(findTestObject("Object Repository/Page_Home - RisQIT/button_Main Menu")): Object: 'Object Repository/Page_Home - RisQIT/button_Main Menu' is clicked on

2023-12-18 17:21:12 - [MESSAGE][PASSED] - Object: 'Object Repository/Page_Home - RisQIT/button_Main Menu' is clicked on

2023-12-18 17:21:12 - [TEST_STEP][PASSED] - click(findTestObject("Object Repository/Page_Software Testing - RisQIT/a_Diensten")): Object: 'Object Repository/Page_Software Testing - RisQIT/a_Diensten' is clicked on

2023-12-18 17:21:13 - [MESSAGE][PASSED] - Object: 'Object Repository/Page_Software Testing - RisQIT/a_Diensten' is clicked on

2023-12-18 17:21:13 - [TEST_STEP][PASSED] - click(findTestObject("Object Repository/Page_UX Lab - RisQIT/button_Menu schakelen")): Object: 'Object Repository/Page_UX Lab - RisQIT/button_Menu schakelen' is clicked on

2023-12-18 17:21:13 - [MESSAGE][PASSED] - Object: 'Object Repository/Page_UX Lab - RisQIT/button_Menu schakelen' is clicked on

2023-12-18 17:21:13 - [TEST_STEP][PASSED] - click(findTestObject("Object Repository/Page_Het Gilde - RisQIT/a_Blog")): Object: 'Object Repository/Page_Het Gilde - RisQIT/a_Blog' is clicked on

2023-12-18 17:21:14 - [MESSAGE][PASSED] - Object: 'Object Repository/Page_Het Gilde - RisQIT/a_Blog' is clicked on

2023-12-18 17:21:14 - [TEST_STEP][PASSED] - verifyElementText(findTestObject("Object Repository/Page_Blog - RisQIT/h1_Blog"), "Blog"): Actual text and expected text of test object 'Object Repository/Page_Blog - RisQIT/h1_Blog' are matched.

2023-12-18 17:21:14 - [MESSAGE][PASSED] - Actual text and expected text of test object 'Object Repository/Page_Blog - RisQIT/h1_Blog' are matched.

2023-12-18 17:21:14 - [TEST_STEP][PASSED] - navigateToUrl(actual_url): Navigate to 'https://nlrisqitww-chaca.savviihq.com/contact/' successfully

2023-12-18 17:21:14 - [MESSAGE][PASSED] - Navigate to 'https://nlrisqitww-chaca.savviihq.com/contact/' successfully

2023-12-18 17:21:14 - [TEST_STEP][PASSED] - click(findTestObject("Object Repository/Page_Home - RisQIT/button_Main Menu")): Object: 'Object Repository/Page_Home - RisQIT/button_Main Menu' is clicked on

2023-12-18 17:21:15 - [MESSAGE][PASSED] - Object: 'Object Repository/Page_Home - RisQIT/button_Main Menu' is clicked on

2023-12-18 17:21:15 - [TEST_STEP][PASSED] - click(findTestObject("Object Repository/Page_Software Testing - RisQIT/a_Diensten")): Object: 'Object Repository/Page_Software Testing - RisQIT/a_Diensten' is clicked on

2023-12-18 17:21:15 - [MESSAGE][PASSED] - Object: 'Object Repository/Page_Software Testing - RisQIT/a_Diensten' is clicked on

2023-12-18 17:21:15 - [TEST_STEP][PASSED] - click(findTestObject("Object Repository/Page_UX Lab - RisQIT/button_Menu schakelen")): Object: 'Object Repository/Page_UX Lab - RisQIT/button_Menu schakelen' is clicked on

2023-12-18 17:21:16 - [MESSAGE][PASSED] - Object: 'Object Repository/Page_UX Lab - RisQIT/button_Menu schakelen' is clicked on

2023-12-18 17:21:16 - [TEST_STEP][PASSED] - click(findTestObject("Object Repository/Page_Blog - RisQIT/a_Vacatures")): Object: 'Object Repository/Page_Blog - RisQIT/a_Vacatures' is clicked on

2023-12-18 17:21:16 - [MESSAGE][PASSED] - Object: 'Object Repository/Page_Blog - RisQIT/a_Vacatures' is clicked on

2023-12-18 17:21:16 - [TEST_STEP][PASSED] - verifyElementText(findTestObject("Object Repository/Page_Vacatures - RisQIT/h1_Vacatures"), "Vacatures"): Actual text and expected text of test object 'Object Repository/Page_Vacatures - RisQIT/h1_Vacatures' are matched.

2023-12-18 17:21:17 - [MESSAGE][PASSED] - Actual text and expected text of test object 'Object Repository/Page_Vacatures - RisQIT/h1_Vacatures' are matched.

2023-12-18 17:21:17 - [TEST_STEP][PASSED] - navigateToUrl(actual_url): Navigate to 'https://nlrisqitww-chaca.savviihq.com/contact/' successfully

2023-12-18 17:21:17 - [MESSAGE][PASSED] - Navigate to 'https://nlrisqitww-chaca.savviihq.com/contact/' successfully

2023-12-18 17:21:17 - [TEST_STEP][PASSED] - click(findTestObject("Object Repository/Page_Home - RisQIT/button_Main Menu")): Object: 'Object Repository/Page_Home - RisQIT/button_Main Menu' is clicked on

2023-12-18 17:21:17 - [MESSAGE][PASSED] - Object: 'Object Repository/Page_Home - RisQIT/button_Main Menu' is clicked on

2023-12-18 17:21:17 - [TEST_STEP][PASSED] - click(findTestObject("Object Repository/Page_Software Testing - RisQIT/a_Diensten")): Object: 'Object Repository/Page_Software Testing - RisQIT/a_Diensten' is clicked on

2023-12-18 17:21:18 - [MESSAGE][PASSED] - Object: 'Object Repository/Page_Software Testing - RisQIT/a_Diensten' is clicked on

2023-12-18 17:21:18 - [TEST_STEP][PASSED] - click(findTestObject("Object Repository/Page_UX Lab - RisQIT/button_Menu schakelen")): Object: 'Object Repository/Page_UX Lab - RisQIT/button_Menu schakelen' is clicked on

2023-12-18 17:21:18 - [MESSAGE][PASSED] - Object: 'Object Repository/Page_UX Lab - RisQIT/button_Menu schakelen' is clicked on

2023-12-18 17:21:18 - [TEST_STEP][PASSED] - click(findTestObject("Object Repository/Page_Vacatures - RisQIT/div_Contact opnemen")): Object: 'Object Repository/Page_Vacatures - RisQIT/div_Contact opnemen' is clicked on

2023-12-18 17:21:18 - [MESSAGE][PASSED] - Object: 'Object Repository/Page_Vacatures - RisQIT/div_Contact opnemen' is clicked on

2023-12-18 17:21:18 - [TEST_STEP][PASSED] - verifyElementText(findTestObject("Object Repository/Page_Contact - RisQIT/h1_Contact"), "Contact"): Actual text and expected text of test object 'Object Repository/Page_Contact - RisQIT/h1_Contact' are matched.

2023-12-18 17:21:19 - [MESSAGE][PASSED] - Actual text and expected text of test object 'Object Repository/Page_Contact - RisQIT/h1_Contact' are matched.

2023-12-18 17:21:19 - [TEST_STEP][PASSED] - navigateToUrl(actual_url): Navigate to 'https://nlrisqitww-chaca.savviihq.com/contact/' successfully

2023-12-18 17:21:19 - [MESSAGE][PASSED] - Navigate to 'https://nlrisqitww-chaca.savviihq.com/contact/' successfully

2023-12-18 17:21:19 - [TEST_STEP][PASSED] - click(findTestObject("Object Repository/Page_Contact - RisQIT/img_custom-logo entered lazyloaded")): Object: 'Object Repository/Page_Contact - RisQIT/img_custom-logo entered lazyloaded' is clicked on

2023-12-18 17:21:20 - [MESSAGE][PASSED] - Object: 'Object Repository/Page_Contact - RisQIT/img_custom-logo entered lazyloaded' is clicked on

2023-12-18 17:21:20 - [TEST_STEP][PASSED] - verifyElementText(findTestObject("Object Repository/Page_Home - RisQIT/h1_Ga voor duurzaamheid en vertrouwen, same_4bc4a8"), "Ga voor duurzaamheid en vertrouwen, samen met ons!"): Actual text and expected text of test object 'Object Repository/Page_Home - RisQIT/h1_Ga voor duurzaamheid en vertrouwen, same_4bc4a8' are matched.

2023-12-18 17:21:20 - [MESSAGE][PASSED] - Actual text and expected text of test object 'Object Repository/Page_Home - RisQIT/h1_Ga voor duurzaamheid en vertrouwen, same_4bc4a8' are matched.

2023-12-18 17:21:20 - [MESSAGE][PASSED] - Call Test Case 'Test Cases/Menu/RT000.2 MobileMenu' successfully

2023-12-18 17:21:20 - [TEST_STEP][PASSED] - closeBrowser(): Browser is closed

2023-12-18 17:21:20 - [MESSAGE][PASSED] - Browser is closed]]></system-out>
         <system-err><![CDATA[]]></system-err>
      </testcase>
      <testcase name="Test Cases/Menu/RT027 MobileMenu - AlgVoorwaarden" time="28.12" classname="Test Cases/Menu/RT027 MobileMenu - AlgVoorwaarden" status="PASSED">
         <system-out><![CDATA[2023-12-18 17:21:20 - [TEST_CASE][PASSED] - Test Cases/Menu/RT027 MobileMenu - AlgVoorwaarden: Test Cases/Menu/RT027 MobileMenu - AlgVoorwaarden

2023-12-18 17:21:20 - [TEST_STEP][PASSED] - openBrowser(""): Browser is opened with url: ''

2023-12-18 17:21:20 - [MESSAGE][INFO] - Starting 'Chrome' driver

2023-12-18 17:21:20 - [MESSAGE][INFO] - Action delay is set to 0 milliseconds

2023-12-18 17:21:21 - [MESSAGE][PASSED] - Browser is opened with url: ''

2023-12-18 17:21:21 - [TEST_STEP][PASSED] - navigateToUrl(URL + ALGVOORW): Navigate to 'https://nlrisqitww-chaca.savviihq.com/algemene-voorwaarden/' successfully

2023-12-18 17:21:21 - [MESSAGE][PASSED] - Navigate to 'https://nlrisqitww-chaca.savviihq.com/algemene-voorwaarden/' successfully

2023-12-18 17:21:21 - [TEST_STEP][PASSED] - callTestCase(findTestCase("Menu/RT000.2 MobileMenu"), [:], STOP_ON_FAILURE): Call Test Case 'Test Cases/Menu/RT000.2 MobileMenu' successfully

2023-12-18 17:21:21 - [TEST_CASE][PASSED] - Test Cases/Menu/RT000.2 MobileMenu: Test Cases/Menu/RT000.2 MobileMenu

2023-12-18 17:21:21 - [TEST_STEP][PASSED] - setViewPortSize(912, 1000): Viewport is set to new size with width = 912 and height = 1000

2023-12-18 17:21:21 - [MESSAGE][PASSED] - Viewport is set to new size with width = 912 and height = 1000

2023-12-18 17:21:22 - [TEST_STEP][PASSED] - actual_url = getUrl(): Current window's url is: 'https://nlrisqitww-chaca.savviihq.com/algemene-voorwaarden/'

2023-12-18 17:21:22 - [MESSAGE][PASSED] - Current window's url is: 'https://nlrisqitww-chaca.savviihq.com/algemene-voorwaarden/'

2023-12-18 17:21:22 - [TEST_STEP][PASSED] - verifyElementPresent(findTestObject("Object Repository/Page_Home - RisQIT/button_Main Menu"), 0): Object 'Object Repository/Page_Home - RisQIT/button_Main Menu' is present

2023-12-18 17:21:22 - [MESSAGE][WARNING] - Timeout '0' is invalid. Using default page load timeout: '30'

2023-12-18 17:21:22 - [MESSAGE][PASSED] - Object 'Object Repository/Page_Home - RisQIT/button_Main Menu' is present

2023-12-18 17:21:22 - [TEST_STEP][PASSED] - click(findTestObject("Object Repository/Page_Home - RisQIT/button_Main Menu")): Object: 'Object Repository/Page_Home - RisQIT/button_Main Menu' is clicked on

2023-12-18 17:21:22 - [MESSAGE][PASSED] - Object: 'Object Repository/Page_Home - RisQIT/button_Main Menu' is clicked on

2023-12-18 17:21:22 - [TEST_STEP][PASSED] - verifyElementText(findTestObject("Object Repository/Page_Home - RisQIT/a_Diensten"), "Diensten"): Actual text and expected text of test object 'Object Repository/Page_Home - RisQIT/a_Diensten' are matched.

2023-12-18 17:21:23 - [MESSAGE][PASSED] - Actual text and expected text of test object 'Object Repository/Page_Home - RisQIT/a_Diensten' are matched.

2023-12-18 17:21:23 - [TEST_STEP][PASSED] - verifyElementText(findTestObject("Object Repository/Page_Home - RisQIT/a_Over ons"), "Over ons"): Actual text and expected text of test object 'Object Repository/Page_Home - RisQIT/a_Over ons' are matched.

2023-12-18 17:21:24 - [MESSAGE][PASSED] - Actual text and expected text of test object 'Object Repository/Page_Home - RisQIT/a_Over ons' are matched.

2023-12-18 17:21:24 - [TEST_STEP][PASSED] - verifyElementText(findTestObject("Object Repository/Page_Home - RisQIT/a_Blog"), "Blog"): Actual text and expected text of test object 'Object Repository/Page_Home - RisQIT/a_Blog' are matched.

2023-12-18 17:21:24 - [MESSAGE][PASSED] - Actual text and expected text of test object 'Object Repository/Page_Home - RisQIT/a_Blog' are matched.

2023-12-18 17:21:24 - [TEST_STEP][PASSED] - verifyElementText(findTestObject("Object Repository/Page_Home - RisQIT/a_Vacatures"), "Vacatures"): Actual text and expected text of test object 'Object Repository/Page_Home - RisQIT/a_Vacatures' are matched.

2023-12-18 17:21:24 - [MESSAGE][PASSED] - Actual text and expected text of test object 'Object Repository/Page_Home - RisQIT/a_Vacatures' are matched.

2023-12-18 17:21:24 - [TEST_STEP][PASSED] - verifyElementText(findTestObject("Object Repository/Page_Home - RisQIT/div_Contact opnemen"), "Contact opnemen"): Actual text and expected text of test object 'Object Repository/Page_Home - RisQIT/div_Contact opnemen' are matched.

2023-12-18 17:21:24 - [MESSAGE][PASSED] - Actual text and expected text of test object 'Object Repository/Page_Home - RisQIT/div_Contact opnemen' are matched.

2023-12-18 17:21:24 - [TEST_STEP][PASSED] - click(findTestObject("Object Repository/Page_Home - RisQIT/button_Menu schakelen")): Object: 'Object Repository/Page_Home - RisQIT/button_Menu schakelen' is clicked on

2023-12-18 17:21:25 - [MESSAGE][PASSED] - Object: 'Object Repository/Page_Home - RisQIT/button_Menu schakelen' is clicked on

2023-12-18 17:21:25 - [TEST_STEP][PASSED] - verifyElementText(findTestObject("Object Repository/Page_Home - RisQIT/a_Software Testing"), "Software Testing"): Actual text and expected text of test object 'Object Repository/Page_Home - RisQIT/a_Software Testing' are matched.

2023-12-18 17:21:25 - [MESSAGE][PASSED] - Actual text and expected text of test object 'Object Repository/Page_Home - RisQIT/a_Software Testing' are matched.

2023-12-18 17:21:25 - [TEST_STEP][PASSED] - verifyElementText(findTestObject("Object Repository/Page_Home - RisQIT/a_Security en HackersTest (SHT)"), "Security en HackersTest (SHT)"): Actual text and expected text of test object 'Object Repository/Page_Home - RisQIT/a_Security en HackersTest (SHT)' are matched.

2023-12-18 17:21:25 - [MESSAGE][PASSED] - Actual text and expected text of test object 'Object Repository/Page_Home - RisQIT/a_Security en HackersTest (SHT)' are matched.

2023-12-18 17:21:25 - [TEST_STEP][PASSED] - verifyElementText(findTestObject("Object Repository/Page_Home - RisQIT/a_UX Lab"), "UX Lab"): Actual text and expected text of test object 'Object Repository/Page_Home - RisQIT/a_UX Lab' are matched.

2023-12-18 17:21:26 - [MESSAGE][PASSED] - Actual text and expected text of test object 'Object Repository/Page_Home - RisQIT/a_UX Lab' are matched.

2023-12-18 17:21:26 - [TEST_STEP][PASSED] - click(findTestObject("Object Repository/Page_Home - RisQIT/a_Software Testing")): Object: 'Object Repository/Page_Home - RisQIT/a_Software Testing' is clicked on

2023-12-18 17:21:26 - [MESSAGE][PASSED] - Object: 'Object Repository/Page_Home - RisQIT/a_Software Testing' is clicked on

2023-12-18 17:21:26 - [TEST_STEP][PASSED] - verifyElementText(findTestObject("Object Repository/Page_Software Testing - RisQIT/h1_Software Testing"), "Software Testing"): Actual text and expected text of test object 'Object Repository/Page_Software Testing - RisQIT/h1_Software Testing' are matched.

2023-12-18 17:21:27 - [MESSAGE][PASSED] - Actual text and expected text of test object 'Object Repository/Page_Software Testing - RisQIT/h1_Software Testing' are matched.

2023-12-18 17:21:27 - [TEST_STEP][PASSED] - navigateToUrl(actual_url): Navigate to 'https://nlrisqitww-chaca.savviihq.com/algemene-voorwaarden/' successfully

2023-12-18 17:21:27 - [MESSAGE][PASSED] - Navigate to 'https://nlrisqitww-chaca.savviihq.com/algemene-voorwaarden/' successfully

2023-12-18 17:21:27 - [TEST_STEP][PASSED] - click(findTestObject("Object Repository/Page_Home - RisQIT/button_Main Menu")): Object: 'Object Repository/Page_Home - RisQIT/button_Main Menu' is clicked on

2023-12-18 17:21:27 - [MESSAGE][PASSED] - Object: 'Object Repository/Page_Home - RisQIT/button_Main Menu' is clicked on

2023-12-18 17:21:27 - [TEST_STEP][PASSED] - click(findTestObject("Object Repository/Page_Software Testing - RisQIT/a_Diensten")): Object: 'Object Repository/Page_Software Testing - RisQIT/a_Diensten' is clicked on

2023-12-18 17:21:28 - [MESSAGE][PASSED] - Object: 'Object Repository/Page_Software Testing - RisQIT/a_Diensten' is clicked on

2023-12-18 17:21:28 - [TEST_STEP][PASSED] - click(findTestObject("Object Repository/Page_Software Testing - RisQIT/button_Menu schakelen")): Object: 'Object Repository/Page_Software Testing - RisQIT/button_Menu schakelen' is clicked on

2023-12-18 17:21:28 - [MESSAGE][PASSED] - Object: 'Object Repository/Page_Software Testing - RisQIT/button_Menu schakelen' is clicked on

2023-12-18 17:21:28 - [TEST_STEP][PASSED] - click(findTestObject("Object Repository/Page_Software Testing - RisQIT/a_Security en HackersTest (SHT)")): Object: 'Object Repository/Page_Software Testing - RisQIT/a_Security en HackersTest (SHT)' is clicked on

2023-12-18 17:21:28 - [MESSAGE][PASSED] - Object: 'Object Repository/Page_Software Testing - RisQIT/a_Security en HackersTest (SHT)' is clicked on

2023-12-18 17:21:28 - [TEST_STEP][PASSED] - verifyElementText(findTestObject("Page_Security en HackersTest (SHT) - RisQIT/h1_Security en HackersTest (SHT)"), "Security En HackersTest (SHT)"): Actual text and expected text of test object 'Object Repository/Page_Security en HackersTest (SHT) - RisQIT/h1_Security en HackersTest (SHT)' are matched.

2023-12-18 17:21:29 - [MESSAGE][PASSED] - Actual text and expected text of test object 'Object Repository/Page_Security en HackersTest (SHT) - RisQIT/h1_Security en HackersTest (SHT)' are matched.

2023-12-18 17:21:29 - [TEST_STEP][PASSED] - navigateToUrl(actual_url): Navigate to 'https://nlrisqitww-chaca.savviihq.com/algemene-voorwaarden/' successfully

2023-12-18 17:21:29 - [MESSAGE][PASSED] - Navigate to 'https://nlrisqitww-chaca.savviihq.com/algemene-voorwaarden/' successfully

2023-12-18 17:21:29 - [TEST_STEP][PASSED] - click(findTestObject("Object Repository/Page_Home - RisQIT/button_Main Menu")): Object: 'Object Repository/Page_Home - RisQIT/button_Main Menu' is clicked on

2023-12-18 17:21:30 - [MESSAGE][PASSED] - Object: 'Object Repository/Page_Home - RisQIT/button_Main Menu' is clicked on

2023-12-18 17:21:30 - [TEST_STEP][PASSED] - click(findTestObject("Object Repository/Page_Software Testing - RisQIT/a_Diensten")): Object: 'Object Repository/Page_Software Testing - RisQIT/a_Diensten' is clicked on

2023-12-18 17:21:30 - [MESSAGE][PASSED] - Object: 'Object Repository/Page_Software Testing - RisQIT/a_Diensten' is clicked on

2023-12-18 17:21:30 - [TEST_STEP][PASSED] - click(findTestObject("Object Repository/Page_Software Testing - RisQIT/button_Menu schakelen")): Object: 'Object Repository/Page_Software Testing - RisQIT/button_Menu schakelen' is clicked on

2023-12-18 17:21:30 - [MESSAGE][PASSED] - Object: 'Object Repository/Page_Software Testing - RisQIT/button_Menu schakelen' is clicked on

2023-12-18 17:21:30 - [TEST_STEP][PASSED] - click(findTestObject("Object Repository/Page_Security en HackersTest (SHT) - RisQIT/a_UX Lab")): Object: 'Object Repository/Page_Security en HackersTest (SHT) - RisQIT/a_UX Lab' is clicked on

2023-12-18 17:21:31 - [MESSAGE][PASSED] - Object: 'Object Repository/Page_Security en HackersTest (SHT) - RisQIT/a_UX Lab' is clicked on

2023-12-18 17:21:31 - [TEST_STEP][PASSED] - verifyElementText(findTestObject("Object Repository/Page_UX Lab - RisQIT/h1_UX Lab"), "UX Lab"): Actual text and expected text of test object 'Object Repository/Page_UX Lab - RisQIT/h1_UX Lab' are matched.

2023-12-18 17:21:31 - [MESSAGE][PASSED] - Actual text and expected text of test object 'Object Repository/Page_UX Lab - RisQIT/h1_UX Lab' are matched.

2023-12-18 17:21:31 - [TEST_STEP][PASSED] - navigateToUrl(actual_url): Navigate to 'https://nlrisqitww-chaca.savviihq.com/algemene-voorwaarden/' successfully

2023-12-18 17:21:31 - [MESSAGE][PASSED] - Navigate to 'https://nlrisqitww-chaca.savviihq.com/algemene-voorwaarden/' successfully

2023-12-18 17:21:31 - [TEST_STEP][PASSED] - click(findTestObject("Object Repository/Page_Home - RisQIT/button_Main Menu")): Object: 'Object Repository/Page_Home - RisQIT/button_Main Menu' is clicked on

2023-12-18 17:21:32 - [MESSAGE][PASSED] - Object: 'Object Repository/Page_Home - RisQIT/button_Main Menu' is clicked on

2023-12-18 17:21:32 - [TEST_STEP][PASSED] - click(findTestObject("Object Repository/Page_Software Testing - RisQIT/a_Diensten")): Object: 'Object Repository/Page_Software Testing - RisQIT/a_Diensten' is clicked on

2023-12-18 17:21:33 - [MESSAGE][PASSED] - Object: 'Object Repository/Page_Software Testing - RisQIT/a_Diensten' is clicked on

2023-12-18 17:21:33 - [TEST_STEP][PASSED] - click(findTestObject("Object Repository/Page_UX Lab - RisQIT/button_Menu schakelen")): Object: 'Object Repository/Page_UX Lab - RisQIT/button_Menu schakelen' is clicked on

2023-12-18 17:21:33 - [MESSAGE][PASSED] - Object: 'Object Repository/Page_UX Lab - RisQIT/button_Menu schakelen' is clicked on

2023-12-18 17:21:33 - [TEST_STEP][PASSED] - verifyElementText(findTestObject("Object Repository/Page_UX Lab - RisQIT/a_Missie  Visie"), "Missie & Visie"): Actual text and expected text of test object 'Object Repository/Page_UX Lab - RisQIT/a_Missie  Visie' are matched.

2023-12-18 17:21:33 - [MESSAGE][PASSED] - Actual text and expected text of test object 'Object Repository/Page_UX Lab - RisQIT/a_Missie  Visie' are matched.

2023-12-18 17:21:33 - [TEST_STEP][PASSED] - verifyElementText(findTestObject("Object Repository/Page_UX Lab - RisQIT/a_Het Gilde"), "Het Gilde"): Actual text and expected text of test object 'Object Repository/Page_UX Lab - RisQIT/a_Het Gilde' are matched.

2023-12-18 17:21:33 - [MESSAGE][PASSED] - Actual text and expected text of test object 'Object Repository/Page_UX Lab - RisQIT/a_Het Gilde' are matched.

2023-12-18 17:21:33 - [TEST_STEP][PASSED] - verifyElementText(findTestObject("Object Repository/Page_UX Lab - RisQIT/a_SuperTester"), "SuperTester"): Actual text and expected text of test object 'Object Repository/Page_UX Lab - RisQIT/a_SuperTester' are matched.

2023-12-18 17:21:34 - [MESSAGE][PASSED] - Actual text and expected text of test object 'Object Repository/Page_UX Lab - RisQIT/a_SuperTester' are matched.

2023-12-18 17:21:34 - [TEST_STEP][PASSED] - click(findTestObject("Object Repository/Page_UX Lab - RisQIT/a_Missie  Visie")): Object: 'Object Repository/Page_UX Lab - RisQIT/a_Missie  Visie' is clicked on

2023-12-18 17:21:34 - [MESSAGE][PASSED] - Object: 'Object Repository/Page_UX Lab - RisQIT/a_Missie  Visie' is clicked on

2023-12-18 17:21:34 - [TEST_STEP][PASSED] - verifyElementText(findTestObject("Object Repository/Page_Missie  Visie - RisQIT/h1_Missie  Visie"), "Missie & Visie"): Actual text and expected text of test object 'Object Repository/Page_Missie  Visie - RisQIT/h1_Missie  Visie' are matched.

2023-12-18 17:21:35 - [MESSAGE][PASSED] - Actual text and expected text of test object 'Object Repository/Page_Missie  Visie - RisQIT/h1_Missie  Visie' are matched.

2023-12-18 17:21:35 - [TEST_STEP][PASSED] - navigateToUrl(actual_url): Navigate to 'https://nlrisqitww-chaca.savviihq.com/algemene-voorwaarden/' successfully

2023-12-18 17:21:35 - [MESSAGE][PASSED] - Navigate to 'https://nlrisqitww-chaca.savviihq.com/algemene-voorwaarden/' successfully

2023-12-18 17:21:35 - [TEST_STEP][PASSED] - click(findTestObject("Object Repository/Page_Home - RisQIT/button_Main Menu")): Object: 'Object Repository/Page_Home - RisQIT/button_Main Menu' is clicked on

2023-12-18 17:21:36 - [MESSAGE][PASSED] - Object: 'Object Repository/Page_Home - RisQIT/button_Main Menu' is clicked on

2023-12-18 17:21:36 - [TEST_STEP][PASSED] - click(findTestObject("Object Repository/Page_Software Testing - RisQIT/a_Diensten")): Object: 'Object Repository/Page_Software Testing - RisQIT/a_Diensten' is clicked on

2023-12-18 17:21:36 - [MESSAGE][PASSED] - Object: 'Object Repository/Page_Software Testing - RisQIT/a_Diensten' is clicked on

2023-12-18 17:21:36 - [TEST_STEP][PASSED] - click(findTestObject("Object Repository/Page_UX Lab - RisQIT/button_Menu schakelen")): Object: 'Object Repository/Page_UX Lab - RisQIT/button_Menu schakelen' is clicked on

2023-12-18 17:21:36 - [MESSAGE][PASSED] - Object: 'Object Repository/Page_UX Lab - RisQIT/button_Menu schakelen' is clicked on

2023-12-18 17:21:36 - [TEST_STEP][PASSED] - click(findTestObject("Object Repository/Page_Missie  Visie - RisQIT/a_Het Gilde")): Object: 'Object Repository/Page_Missie  Visie - RisQIT/a_Het Gilde' is clicked on

2023-12-18 17:21:37 - [MESSAGE][PASSED] - Object: 'Object Repository/Page_Missie  Visie - RisQIT/a_Het Gilde' is clicked on

2023-12-18 17:21:37 - [TEST_STEP][PASSED] - verifyElementText(findTestObject("Object Repository/Page_Het Gilde - RisQIT/h1_Het Gilde"), "Het Gilde"): Actual text and expected text of test object 'Object Repository/Page_Het Gilde - RisQIT/h1_Het Gilde' are matched.

2023-12-18 17:21:37 - [MESSAGE][PASSED] - Actual text and expected text of test object 'Object Repository/Page_Het Gilde - RisQIT/h1_Het Gilde' are matched.

2023-12-18 17:21:37 - [TEST_STEP][PASSED] - navigateToUrl(actual_url): Navigate to 'https://nlrisqitww-chaca.savviihq.com/algemene-voorwaarden/' successfully

2023-12-18 17:21:37 - [MESSAGE][PASSED] - Navigate to 'https://nlrisqitww-chaca.savviihq.com/algemene-voorwaarden/' successfully

2023-12-18 17:21:37 - [TEST_STEP][PASSED] - click(findTestObject("Object Repository/Page_Home - RisQIT/button_Main Menu")): Object: 'Object Repository/Page_Home - RisQIT/button_Main Menu' is clicked on

2023-12-18 17:21:38 - [MESSAGE][PASSED] - Object: 'Object Repository/Page_Home - RisQIT/button_Main Menu' is clicked on

2023-12-18 17:21:38 - [TEST_STEP][PASSED] - click(findTestObject("Object Repository/Page_Software Testing - RisQIT/a_Diensten")): Object: 'Object Repository/Page_Software Testing - RisQIT/a_Diensten' is clicked on

2023-12-18 17:21:39 - [MESSAGE][PASSED] - Object: 'Object Repository/Page_Software Testing - RisQIT/a_Diensten' is clicked on

2023-12-18 17:21:39 - [TEST_STEP][PASSED] - click(findTestObject("Object Repository/Page_UX Lab - RisQIT/button_Menu schakelen")): Object: 'Object Repository/Page_UX Lab - RisQIT/button_Menu schakelen' is clicked on

2023-12-18 17:21:39 - [MESSAGE][PASSED] - Object: 'Object Repository/Page_UX Lab - RisQIT/button_Menu schakelen' is clicked on

2023-12-18 17:21:39 - [TEST_STEP][PASSED] - click(findTestObject("Object Repository/Page_Het Gilde - RisQIT/a_SuperTester")): Object: 'Object Repository/Page_Het Gilde - RisQIT/a_SuperTester' is clicked on

2023-12-18 17:21:39 - [MESSAGE][PASSED] - Object: 'Object Repository/Page_Het Gilde - RisQIT/a_SuperTester' is clicked on

2023-12-18 17:21:39 - [TEST_STEP][PASSED] - verifyElementText(findTestObject("Object Repository/Page_SuperTester - RisQIT/h1_Whitepaper SuperTester"), "Whitepaper SuperTester"): Actual text and expected text of test object 'Object Repository/Page_SuperTester - RisQIT/h1_Whitepaper SuperTester' are matched.

2023-12-18 17:21:40 - [MESSAGE][PASSED] - Actual text and expected text of test object 'Object Repository/Page_SuperTester - RisQIT/h1_Whitepaper SuperTester' are matched.

2023-12-18 17:21:40 - [TEST_STEP][PASSED] - navigateToUrl(actual_url): Navigate to 'https://nlrisqitww-chaca.savviihq.com/algemene-voorwaarden/' successfully

2023-12-18 17:21:40 - [MESSAGE][PASSED] - Navigate to 'https://nlrisqitww-chaca.savviihq.com/algemene-voorwaarden/' successfully

2023-12-18 17:21:40 - [TEST_STEP][PASSED] - click(findTestObject("Object Repository/Page_Home - RisQIT/button_Main Menu")): Object: 'Object Repository/Page_Home - RisQIT/button_Main Menu' is clicked on

2023-12-18 17:21:40 - [MESSAGE][PASSED] - Object: 'Object Repository/Page_Home - RisQIT/button_Main Menu' is clicked on

2023-12-18 17:21:40 - [TEST_STEP][PASSED] - click(findTestObject("Object Repository/Page_Software Testing - RisQIT/a_Diensten")): Object: 'Object Repository/Page_Software Testing - RisQIT/a_Diensten' is clicked on

2023-12-18 17:21:41 - [MESSAGE][PASSED] - Object: 'Object Repository/Page_Software Testing - RisQIT/a_Diensten' is clicked on

2023-12-18 17:21:41 - [TEST_STEP][PASSED] - click(findTestObject("Object Repository/Page_UX Lab - RisQIT/button_Menu schakelen")): Object: 'Object Repository/Page_UX Lab - RisQIT/button_Menu schakelen' is clicked on

2023-12-18 17:21:41 - [MESSAGE][PASSED] - Object: 'Object Repository/Page_UX Lab - RisQIT/button_Menu schakelen' is clicked on

2023-12-18 17:21:41 - [TEST_STEP][PASSED] - click(findTestObject("Object Repository/Page_Het Gilde - RisQIT/a_Blog")): Object: 'Object Repository/Page_Het Gilde - RisQIT/a_Blog' is clicked on

2023-12-18 17:21:42 - [MESSAGE][PASSED] - Object: 'Object Repository/Page_Het Gilde - RisQIT/a_Blog' is clicked on

2023-12-18 17:21:42 - [TEST_STEP][PASSED] - verifyElementText(findTestObject("Object Repository/Page_Blog - RisQIT/h1_Blog"), "Blog"): Actual text and expected text of test object 'Object Repository/Page_Blog - RisQIT/h1_Blog' are matched.

2023-12-18 17:21:42 - [MESSAGE][PASSED] - Actual text and expected text of test object 'Object Repository/Page_Blog - RisQIT/h1_Blog' are matched.

2023-12-18 17:21:42 - [TEST_STEP][PASSED] - navigateToUrl(actual_url): Navigate to 'https://nlrisqitww-chaca.savviihq.com/algemene-voorwaarden/' successfully

2023-12-18 17:21:42 - [MESSAGE][PASSED] - Navigate to 'https://nlrisqitww-chaca.savviihq.com/algemene-voorwaarden/' successfully

2023-12-18 17:21:42 - [TEST_STEP][PASSED] - click(findTestObject("Object Repository/Page_Home - RisQIT/button_Main Menu")): Object: 'Object Repository/Page_Home - RisQIT/button_Main Menu' is clicked on

2023-12-18 17:21:43 - [MESSAGE][PASSED] - Object: 'Object Repository/Page_Home - RisQIT/button_Main Menu' is clicked on

2023-12-18 17:21:43 - [TEST_STEP][PASSED] - click(findTestObject("Object Repository/Page_Software Testing - RisQIT/a_Diensten")): Object: 'Object Repository/Page_Software Testing - RisQIT/a_Diensten' is clicked on

2023-12-18 17:21:43 - [MESSAGE][PASSED] - Object: 'Object Repository/Page_Software Testing - RisQIT/a_Diensten' is clicked on

2023-12-18 17:21:43 - [TEST_STEP][PASSED] - click(findTestObject("Object Repository/Page_UX Lab - RisQIT/button_Menu schakelen")): Object: 'Object Repository/Page_UX Lab - RisQIT/button_Menu schakelen' is clicked on

2023-12-18 17:21:44 - [MESSAGE][PASSED] - Object: 'Object Repository/Page_UX Lab - RisQIT/button_Menu schakelen' is clicked on

2023-12-18 17:21:44 - [TEST_STEP][PASSED] - click(findTestObject("Object Repository/Page_Blog - RisQIT/a_Vacatures")): Object: 'Object Repository/Page_Blog - RisQIT/a_Vacatures' is clicked on

2023-12-18 17:21:44 - [MESSAGE][PASSED] - Object: 'Object Repository/Page_Blog - RisQIT/a_Vacatures' is clicked on

2023-12-18 17:21:44 - [TEST_STEP][PASSED] - verifyElementText(findTestObject("Object Repository/Page_Vacatures - RisQIT/h1_Vacatures"), "Vacatures"): Actual text and expected text of test object 'Object Repository/Page_Vacatures - RisQIT/h1_Vacatures' are matched.

2023-12-18 17:21:45 - [MESSAGE][PASSED] - Actual text and expected text of test object 'Object Repository/Page_Vacatures - RisQIT/h1_Vacatures' are matched.

2023-12-18 17:21:45 - [TEST_STEP][PASSED] - navigateToUrl(actual_url): Navigate to 'https://nlrisqitww-chaca.savviihq.com/algemene-voorwaarden/' successfully

2023-12-18 17:21:45 - [MESSAGE][PASSED] - Navigate to 'https://nlrisqitww-chaca.savviihq.com/algemene-voorwaarden/' successfully

2023-12-18 17:21:45 - [TEST_STEP][PASSED] - click(findTestObject("Object Repository/Page_Home - RisQIT/button_Main Menu")): Object: 'Object Repository/Page_Home - RisQIT/button_Main Menu' is clicked on

2023-12-18 17:21:45 - [MESSAGE][PASSED] - Object: 'Object Repository/Page_Home - RisQIT/button_Main Menu' is clicked on

2023-12-18 17:21:45 - [TEST_STEP][PASSED] - click(findTestObject("Object Repository/Page_Software Testing - RisQIT/a_Diensten")): Object: 'Object Repository/Page_Software Testing - RisQIT/a_Diensten' is clicked on

2023-12-18 17:21:46 - [MESSAGE][PASSED] - Object: 'Object Repository/Page_Software Testing - RisQIT/a_Diensten' is clicked on

2023-12-18 17:21:46 - [TEST_STEP][PASSED] - click(findTestObject("Object Repository/Page_UX Lab - RisQIT/button_Menu schakelen")): Object: 'Object Repository/Page_UX Lab - RisQIT/button_Menu schakelen' is clicked on

2023-12-18 17:21:46 - [MESSAGE][PASSED] - Object: 'Object Repository/Page_UX Lab - RisQIT/button_Menu schakelen' is clicked on

2023-12-18 17:21:46 - [TEST_STEP][PASSED] - click(findTestObject("Object Repository/Page_Vacatures - RisQIT/div_Contact opnemen")): Object: 'Object Repository/Page_Vacatures - RisQIT/div_Contact opnemen' is clicked on

2023-12-18 17:21:47 - [MESSAGE][PASSED] - Object: 'Object Repository/Page_Vacatures - RisQIT/div_Contact opnemen' is clicked on

2023-12-18 17:21:47 - [TEST_STEP][PASSED] - verifyElementText(findTestObject("Object Repository/Page_Contact - RisQIT/h1_Contact"), "Contact"): Actual text and expected text of test object 'Object Repository/Page_Contact - RisQIT/h1_Contact' are matched.

2023-12-18 17:21:47 - [MESSAGE][PASSED] - Actual text and expected text of test object 'Object Repository/Page_Contact - RisQIT/h1_Contact' are matched.

2023-12-18 17:21:47 - [TEST_STEP][PASSED] - navigateToUrl(actual_url): Navigate to 'https://nlrisqitww-chaca.savviihq.com/algemene-voorwaarden/' successfully

2023-12-18 17:21:47 - [MESSAGE][PASSED] - Navigate to 'https://nlrisqitww-chaca.savviihq.com/algemene-voorwaarden/' successfully

2023-12-18 17:21:47 - [TEST_STEP][PASSED] - click(findTestObject("Object Repository/Page_Contact - RisQIT/img_custom-logo entered lazyloaded")): Object: 'Object Repository/Page_Contact - RisQIT/img_custom-logo entered lazyloaded' is clicked on

2023-12-18 17:21:48 - [MESSAGE][PASSED] - Object: 'Object Repository/Page_Contact - RisQIT/img_custom-logo entered lazyloaded' is clicked on

2023-12-18 17:21:48 - [TEST_STEP][PASSED] - verifyElementText(findTestObject("Object Repository/Page_Home - RisQIT/h1_Ga voor duurzaamheid en vertrouwen, same_4bc4a8"), "Ga voor duurzaamheid en vertrouwen, samen met ons!"): Actual text and expected text of test object 'Object Repository/Page_Home - RisQIT/h1_Ga voor duurzaamheid en vertrouwen, same_4bc4a8' are matched.

2023-12-18 17:21:48 - [MESSAGE][PASSED] - Actual text and expected text of test object 'Object Repository/Page_Home - RisQIT/h1_Ga voor duurzaamheid en vertrouwen, same_4bc4a8' are matched.

2023-12-18 17:21:48 - [MESSAGE][PASSED] - Call Test Case 'Test Cases/Menu/RT000.2 MobileMenu' successfully

2023-12-18 17:21:48 - [TEST_STEP][PASSED] - closeBrowser(): Browser is closed

2023-12-18 17:21:49 - [MESSAGE][PASSED] - Browser is closed]]></system-out>
         <system-err><![CDATA[]]></system-err>
      </testcase>
      <testcase name="Test Cases/Menu/RT028 MobileMenu - Privacybeleid" time="28.467" classname="Test Cases/Menu/RT028 MobileMenu - Privacybeleid" status="PASSED">
         <system-out><![CDATA[2023-12-18 17:21:49 - [TEST_CASE][PASSED] - Test Cases/Menu/RT028 MobileMenu - Privacybeleid: Test Cases/Menu/RT028 MobileMenu - Privacybeleid

2023-12-18 17:21:49 - [TEST_STEP][PASSED] - openBrowser(""): Browser is opened with url: ''

2023-12-18 17:21:49 - [MESSAGE][INFO] - Starting 'Chrome' driver

2023-12-18 17:21:49 - [MESSAGE][INFO] - Action delay is set to 0 milliseconds

2023-12-18 17:21:49 - [MESSAGE][PASSED] - Browser is opened with url: ''

2023-12-18 17:21:49 - [TEST_STEP][PASSED] - navigateToUrl(URL + PRIVACYBELEID): Navigate to 'https://nlrisqitww-chaca.savviihq.com/privacybeleid/' successfully

2023-12-18 17:21:50 - [MESSAGE][PASSED] - Navigate to 'https://nlrisqitww-chaca.savviihq.com/privacybeleid/' successfully

2023-12-18 17:21:50 - [TEST_STEP][PASSED] - callTestCase(findTestCase("Menu/RT000.2 MobileMenu"), [:], STOP_ON_FAILURE): Call Test Case 'Test Cases/Menu/RT000.2 MobileMenu' successfully

2023-12-18 17:21:50 - [TEST_CASE][PASSED] - Test Cases/Menu/RT000.2 MobileMenu: Test Cases/Menu/RT000.2 MobileMenu

2023-12-18 17:21:50 - [TEST_STEP][PASSED] - setViewPortSize(912, 1000): Viewport is set to new size with width = 912 and height = 1000

2023-12-18 17:21:50 - [MESSAGE][PASSED] - Viewport is set to new size with width = 912 and height = 1000

2023-12-18 17:21:50 - [TEST_STEP][PASSED] - actual_url = getUrl(): Current window's url is: 'https://nlrisqitww-chaca.savviihq.com/privacybeleid/'

2023-12-18 17:21:50 - [MESSAGE][PASSED] - Current window's url is: 'https://nlrisqitww-chaca.savviihq.com/privacybeleid/'

2023-12-18 17:21:50 - [TEST_STEP][PASSED] - verifyElementPresent(findTestObject("Object Repository/Page_Home - RisQIT/button_Main Menu"), 0): Object 'Object Repository/Page_Home - RisQIT/button_Main Menu' is present

2023-12-18 17:21:50 - [MESSAGE][WARNING] - Timeout '0' is invalid. Using default page load timeout: '30'

2023-12-18 17:21:50 - [MESSAGE][PASSED] - Object 'Object Repository/Page_Home - RisQIT/button_Main Menu' is present

2023-12-18 17:21:50 - [TEST_STEP][PASSED] - click(findTestObject("Object Repository/Page_Home - RisQIT/button_Main Menu")): Object: 'Object Repository/Page_Home - RisQIT/button_Main Menu' is clicked on

2023-12-18 17:21:50 - [MESSAGE][PASSED] - Object: 'Object Repository/Page_Home - RisQIT/button_Main Menu' is clicked on

2023-12-18 17:21:50 - [TEST_STEP][PASSED] - verifyElementText(findTestObject("Object Repository/Page_Home - RisQIT/a_Diensten"), "Diensten"): Actual text and expected text of test object 'Object Repository/Page_Home - RisQIT/a_Diensten' are matched.

2023-12-18 17:21:52 - [MESSAGE][PASSED] - Actual text and expected text of test object 'Object Repository/Page_Home - RisQIT/a_Diensten' are matched.

2023-12-18 17:21:52 - [TEST_STEP][PASSED] - verifyElementText(findTestObject("Object Repository/Page_Home - RisQIT/a_Over ons"), "Over ons"): Actual text and expected text of test object 'Object Repository/Page_Home - RisQIT/a_Over ons' are matched.

2023-12-18 17:21:52 - [MESSAGE][PASSED] - Actual text and expected text of test object 'Object Repository/Page_Home - RisQIT/a_Over ons' are matched.

2023-12-18 17:21:52 - [TEST_STEP][PASSED] - verifyElementText(findTestObject("Object Repository/Page_Home - RisQIT/a_Blog"), "Blog"): Actual text and expected text of test object 'Object Repository/Page_Home - RisQIT/a_Blog' are matched.

2023-12-18 17:21:52 - [MESSAGE][PASSED] - Actual text and expected text of test object 'Object Repository/Page_Home - RisQIT/a_Blog' are matched.

2023-12-18 17:21:52 - [TEST_STEP][PASSED] - verifyElementText(findTestObject("Object Repository/Page_Home - RisQIT/a_Vacatures"), "Vacatures"): Actual text and expected text of test object 'Object Repository/Page_Home - RisQIT/a_Vacatures' are matched.

2023-12-18 17:21:52 - [MESSAGE][PASSED] - Actual text and expected text of test object 'Object Repository/Page_Home - RisQIT/a_Vacatures' are matched.

2023-12-18 17:21:52 - [TEST_STEP][PASSED] - verifyElementText(findTestObject("Object Repository/Page_Home - RisQIT/div_Contact opnemen"), "Contact opnemen"): Actual text and expected text of test object 'Object Repository/Page_Home - RisQIT/div_Contact opnemen' are matched.

2023-12-18 17:21:53 - [MESSAGE][PASSED] - Actual text and expected text of test object 'Object Repository/Page_Home - RisQIT/div_Contact opnemen' are matched.

2023-12-18 17:21:53 - [TEST_STEP][PASSED] - click(findTestObject("Object Repository/Page_Home - RisQIT/button_Menu schakelen")): Object: 'Object Repository/Page_Home - RisQIT/button_Menu schakelen' is clicked on

2023-12-18 17:21:53 - [MESSAGE][PASSED] - Object: 'Object Repository/Page_Home - RisQIT/button_Menu schakelen' is clicked on

2023-12-18 17:21:53 - [TEST_STEP][PASSED] - verifyElementText(findTestObject("Object Repository/Page_Home - RisQIT/a_Software Testing"), "Software Testing"): Actual text and expected text of test object 'Object Repository/Page_Home - RisQIT/a_Software Testing' are matched.

2023-12-18 17:21:53 - [MESSAGE][PASSED] - Actual text and expected text of test object 'Object Repository/Page_Home - RisQIT/a_Software Testing' are matched.

2023-12-18 17:21:53 - [TEST_STEP][PASSED] - verifyElementText(findTestObject("Object Repository/Page_Home - RisQIT/a_Security en HackersTest (SHT)"), "Security en HackersTest (SHT)"): Actual text and expected text of test object 'Object Repository/Page_Home - RisQIT/a_Security en HackersTest (SHT)' are matched.

2023-12-18 17:21:54 - [MESSAGE][PASSED] - Actual text and expected text of test object 'Object Repository/Page_Home - RisQIT/a_Security en HackersTest (SHT)' are matched.

2023-12-18 17:21:54 - [TEST_STEP][PASSED] - verifyElementText(findTestObject("Object Repository/Page_Home - RisQIT/a_UX Lab"), "UX Lab"): Actual text and expected text of test object 'Object Repository/Page_Home - RisQIT/a_UX Lab' are matched.

2023-12-18 17:21:54 - [MESSAGE][PASSED] - Actual text and expected text of test object 'Object Repository/Page_Home - RisQIT/a_UX Lab' are matched.

2023-12-18 17:21:54 - [TEST_STEP][PASSED] - click(findTestObject("Object Repository/Page_Home - RisQIT/a_Software Testing")): Object: 'Object Repository/Page_Home - RisQIT/a_Software Testing' is clicked on

2023-12-18 17:21:54 - [MESSAGE][PASSED] - Object: 'Object Repository/Page_Home - RisQIT/a_Software Testing' is clicked on

2023-12-18 17:21:54 - [TEST_STEP][PASSED] - verifyElementText(findTestObject("Object Repository/Page_Software Testing - RisQIT/h1_Software Testing"), "Software Testing"): Actual text and expected text of test object 'Object Repository/Page_Software Testing - RisQIT/h1_Software Testing' are matched.

2023-12-18 17:21:55 - [MESSAGE][PASSED] - Actual text and expected text of test object 'Object Repository/Page_Software Testing - RisQIT/h1_Software Testing' are matched.

2023-12-18 17:21:55 - [TEST_STEP][PASSED] - navigateToUrl(actual_url): Navigate to 'https://nlrisqitww-chaca.savviihq.com/privacybeleid/' successfully

2023-12-18 17:21:55 - [MESSAGE][PASSED] - Navigate to 'https://nlrisqitww-chaca.savviihq.com/privacybeleid/' successfully

2023-12-18 17:21:55 - [TEST_STEP][PASSED] - click(findTestObject("Object Repository/Page_Home - RisQIT/button_Main Menu")): Object: 'Object Repository/Page_Home - RisQIT/button_Main Menu' is clicked on

2023-12-18 17:21:55 - [MESSAGE][PASSED] - Object: 'Object Repository/Page_Home - RisQIT/button_Main Menu' is clicked on

2023-12-18 17:21:55 - [TEST_STEP][PASSED] - click(findTestObject("Object Repository/Page_Software Testing - RisQIT/a_Diensten")): Object: 'Object Repository/Page_Software Testing - RisQIT/a_Diensten' is clicked on

2023-12-18 17:21:56 - [MESSAGE][PASSED] - Object: 'Object Repository/Page_Software Testing - RisQIT/a_Diensten' is clicked on

2023-12-18 17:21:56 - [TEST_STEP][PASSED] - click(findTestObject("Object Repository/Page_Software Testing - RisQIT/button_Menu schakelen")): Object: 'Object Repository/Page_Software Testing - RisQIT/button_Menu schakelen' is clicked on

2023-12-18 17:21:56 - [MESSAGE][PASSED] - Object: 'Object Repository/Page_Software Testing - RisQIT/button_Menu schakelen' is clicked on

2023-12-18 17:21:56 - [TEST_STEP][PASSED] - click(findTestObject("Object Repository/Page_Software Testing - RisQIT/a_Security en HackersTest (SHT)")): Object: 'Object Repository/Page_Software Testing - RisQIT/a_Security en HackersTest (SHT)' is clicked on

2023-12-18 17:21:57 - [MESSAGE][PASSED] - Object: 'Object Repository/Page_Software Testing - RisQIT/a_Security en HackersTest (SHT)' is clicked on

2023-12-18 17:21:57 - [TEST_STEP][PASSED] - verifyElementText(findTestObject("Page_Security en HackersTest (SHT) - RisQIT/h1_Security en HackersTest (SHT)"), "Security En HackersTest (SHT)"): Actual text and expected text of test object 'Object Repository/Page_Security en HackersTest (SHT) - RisQIT/h1_Security en HackersTest (SHT)' are matched.

2023-12-18 17:21:57 - [MESSAGE][PASSED] - Actual text and expected text of test object 'Object Repository/Page_Security en HackersTest (SHT) - RisQIT/h1_Security en HackersTest (SHT)' are matched.

2023-12-18 17:21:57 - [TEST_STEP][PASSED] - navigateToUrl(actual_url): Navigate to 'https://nlrisqitww-chaca.savviihq.com/privacybeleid/' successfully

2023-12-18 17:21:57 - [MESSAGE][PASSED] - Navigate to 'https://nlrisqitww-chaca.savviihq.com/privacybeleid/' successfully

2023-12-18 17:21:57 - [TEST_STEP][PASSED] - click(findTestObject("Object Repository/Page_Home - RisQIT/button_Main Menu")): Object: 'Object Repository/Page_Home - RisQIT/button_Main Menu' is clicked on

2023-12-18 17:21:58 - [MESSAGE][PASSED] - Object: 'Object Repository/Page_Home - RisQIT/button_Main Menu' is clicked on

2023-12-18 17:21:58 - [TEST_STEP][PASSED] - click(findTestObject("Object Repository/Page_Software Testing - RisQIT/a_Diensten")): Object: 'Object Repository/Page_Software Testing - RisQIT/a_Diensten' is clicked on

2023-12-18 17:21:58 - [MESSAGE][PASSED] - Object: 'Object Repository/Page_Software Testing - RisQIT/a_Diensten' is clicked on

2023-12-18 17:21:58 - [TEST_STEP][PASSED] - click(findTestObject("Object Repository/Page_Software Testing - RisQIT/button_Menu schakelen")): Object: 'Object Repository/Page_Software Testing - RisQIT/button_Menu schakelen' is clicked on

2023-12-18 17:21:59 - [MESSAGE][PASSED] - Object: 'Object Repository/Page_Software Testing - RisQIT/button_Menu schakelen' is clicked on

2023-12-18 17:21:59 - [TEST_STEP][PASSED] - click(findTestObject("Object Repository/Page_Security en HackersTest (SHT) - RisQIT/a_UX Lab")): Object: 'Object Repository/Page_Security en HackersTest (SHT) - RisQIT/a_UX Lab' is clicked on

2023-12-18 17:21:59 - [MESSAGE][PASSED] - Object: 'Object Repository/Page_Security en HackersTest (SHT) - RisQIT/a_UX Lab' is clicked on

2023-12-18 17:21:59 - [TEST_STEP][PASSED] - verifyElementText(findTestObject("Object Repository/Page_UX Lab - RisQIT/h1_UX Lab"), "UX Lab"): Actual text and expected text of test object 'Object Repository/Page_UX Lab - RisQIT/h1_UX Lab' are matched.

2023-12-18 17:22:00 - [MESSAGE][PASSED] - Actual text and expected text of test object 'Object Repository/Page_UX Lab - RisQIT/h1_UX Lab' are matched.

2023-12-18 17:22:00 - [TEST_STEP][PASSED] - navigateToUrl(actual_url): Navigate to 'https://nlrisqitww-chaca.savviihq.com/privacybeleid/' successfully

2023-12-18 17:22:00 - [MESSAGE][PASSED] - Navigate to 'https://nlrisqitww-chaca.savviihq.com/privacybeleid/' successfully

2023-12-18 17:22:00 - [TEST_STEP][PASSED] - click(findTestObject("Object Repository/Page_Home - RisQIT/button_Main Menu")): Object: 'Object Repository/Page_Home - RisQIT/button_Main Menu' is clicked on

2023-12-18 17:22:00 - [MESSAGE][PASSED] - Object: 'Object Repository/Page_Home - RisQIT/button_Main Menu' is clicked on

2023-12-18 17:22:00 - [TEST_STEP][PASSED] - click(findTestObject("Object Repository/Page_Software Testing - RisQIT/a_Diensten")): Object: 'Object Repository/Page_Software Testing - RisQIT/a_Diensten' is clicked on

2023-12-18 17:22:01 - [MESSAGE][PASSED] - Object: 'Object Repository/Page_Software Testing - RisQIT/a_Diensten' is clicked on

2023-12-18 17:22:01 - [TEST_STEP][PASSED] - click(findTestObject("Object Repository/Page_UX Lab - RisQIT/button_Menu schakelen")): Object: 'Object Repository/Page_UX Lab - RisQIT/button_Menu schakelen' is clicked on

2023-12-18 17:22:01 - [MESSAGE][PASSED] - Object: 'Object Repository/Page_UX Lab - RisQIT/button_Menu schakelen' is clicked on

2023-12-18 17:22:01 - [TEST_STEP][PASSED] - verifyElementText(findTestObject("Object Repository/Page_UX Lab - RisQIT/a_Missie  Visie"), "Missie & Visie"): Actual text and expected text of test object 'Object Repository/Page_UX Lab - RisQIT/a_Missie  Visie' are matched.

2023-12-18 17:22:02 - [MESSAGE][PASSED] - Actual text and expected text of test object 'Object Repository/Page_UX Lab - RisQIT/a_Missie  Visie' are matched.

2023-12-18 17:22:02 - [TEST_STEP][PASSED] - verifyElementText(findTestObject("Object Repository/Page_UX Lab - RisQIT/a_Het Gilde"), "Het Gilde"): Actual text and expected text of test object 'Object Repository/Page_UX Lab - RisQIT/a_Het Gilde' are matched.

2023-12-18 17:22:02 - [MESSAGE][PASSED] - Actual text and expected text of test object 'Object Repository/Page_UX Lab - RisQIT/a_Het Gilde' are matched.

2023-12-18 17:22:02 - [TEST_STEP][PASSED] - verifyElementText(findTestObject("Object Repository/Page_UX Lab - RisQIT/a_SuperTester"), "SuperTester"): Actual text and expected text of test object 'Object Repository/Page_UX Lab - RisQIT/a_SuperTester' are matched.

2023-12-18 17:22:02 - [MESSAGE][PASSED] - Actual text and expected text of test object 'Object Repository/Page_UX Lab - RisQIT/a_SuperTester' are matched.

2023-12-18 17:22:02 - [TEST_STEP][PASSED] - click(findTestObject("Object Repository/Page_UX Lab - RisQIT/a_Missie  Visie")): Object: 'Object Repository/Page_UX Lab - RisQIT/a_Missie  Visie' is clicked on

2023-12-18 17:22:03 - [MESSAGE][PASSED] - Object: 'Object Repository/Page_UX Lab - RisQIT/a_Missie  Visie' is clicked on

2023-12-18 17:22:03 - [TEST_STEP][PASSED] - verifyElementText(findTestObject("Object Repository/Page_Missie  Visie - RisQIT/h1_Missie  Visie"), "Missie & Visie"): Actual text and expected text of test object 'Object Repository/Page_Missie  Visie - RisQIT/h1_Missie  Visie' are matched.

2023-12-18 17:22:03 - [MESSAGE][PASSED] - Actual text and expected text of test object 'Object Repository/Page_Missie  Visie - RisQIT/h1_Missie  Visie' are matched.

2023-12-18 17:22:03 - [TEST_STEP][PASSED] - navigateToUrl(actual_url): Navigate to 'https://nlrisqitww-chaca.savviihq.com/privacybeleid/' successfully

2023-12-18 17:22:03 - [MESSAGE][PASSED] - Navigate to 'https://nlrisqitww-chaca.savviihq.com/privacybeleid/' successfully

2023-12-18 17:22:03 - [TEST_STEP][PASSED] - click(findTestObject("Object Repository/Page_Home - RisQIT/button_Main Menu")): Object: 'Object Repository/Page_Home - RisQIT/button_Main Menu' is clicked on

2023-12-18 17:22:04 - [MESSAGE][PASSED] - Object: 'Object Repository/Page_Home - RisQIT/button_Main Menu' is clicked on

2023-12-18 17:22:04 - [TEST_STEP][PASSED] - click(findTestObject("Object Repository/Page_Software Testing - RisQIT/a_Diensten")): Object: 'Object Repository/Page_Software Testing - RisQIT/a_Diensten' is clicked on

2023-12-18 17:22:04 - [MESSAGE][PASSED] - Object: 'Object Repository/Page_Software Testing - RisQIT/a_Diensten' is clicked on

2023-12-18 17:22:04 - [TEST_STEP][PASSED] - click(findTestObject("Object Repository/Page_UX Lab - RisQIT/button_Menu schakelen")): Object: 'Object Repository/Page_UX Lab - RisQIT/button_Menu schakelen' is clicked on

2023-12-18 17:22:05 - [MESSAGE][PASSED] - Object: 'Object Repository/Page_UX Lab - RisQIT/button_Menu schakelen' is clicked on

2023-12-18 17:22:05 - [TEST_STEP][PASSED] - click(findTestObject("Object Repository/Page_Missie  Visie - RisQIT/a_Het Gilde")): Object: 'Object Repository/Page_Missie  Visie - RisQIT/a_Het Gilde' is clicked on

2023-12-18 17:22:05 - [MESSAGE][PASSED] - Object: 'Object Repository/Page_Missie  Visie - RisQIT/a_Het Gilde' is clicked on

2023-12-18 17:22:05 - [TEST_STEP][PASSED] - verifyElementText(findTestObject("Object Repository/Page_Het Gilde - RisQIT/h1_Het Gilde"), "Het Gilde"): Actual text and expected text of test object 'Object Repository/Page_Het Gilde - RisQIT/h1_Het Gilde' are matched.

2023-12-18 17:22:05 - [MESSAGE][PASSED] - Actual text and expected text of test object 'Object Repository/Page_Het Gilde - RisQIT/h1_Het Gilde' are matched.

2023-12-18 17:22:05 - [TEST_STEP][PASSED] - navigateToUrl(actual_url): Navigate to 'https://nlrisqitww-chaca.savviihq.com/privacybeleid/' successfully

2023-12-18 17:22:06 - [MESSAGE][PASSED] - Navigate to 'https://nlrisqitww-chaca.savviihq.com/privacybeleid/' successfully

2023-12-18 17:22:06 - [TEST_STEP][PASSED] - click(findTestObject("Object Repository/Page_Home - RisQIT/button_Main Menu")): Object: 'Object Repository/Page_Home - RisQIT/button_Main Menu' is clicked on

2023-12-18 17:22:06 - [MESSAGE][PASSED] - Object: 'Object Repository/Page_Home - RisQIT/button_Main Menu' is clicked on

2023-12-18 17:22:06 - [TEST_STEP][PASSED] - click(findTestObject("Object Repository/Page_Software Testing - RisQIT/a_Diensten")): Object: 'Object Repository/Page_Software Testing - RisQIT/a_Diensten' is clicked on

2023-12-18 17:22:07 - [MESSAGE][PASSED] - Object: 'Object Repository/Page_Software Testing - RisQIT/a_Diensten' is clicked on

2023-12-18 17:22:07 - [TEST_STEP][PASSED] - click(findTestObject("Object Repository/Page_UX Lab - RisQIT/button_Menu schakelen")): Object: 'Object Repository/Page_UX Lab - RisQIT/button_Menu schakelen' is clicked on

2023-12-18 17:22:07 - [MESSAGE][PASSED] - Object: 'Object Repository/Page_UX Lab - RisQIT/button_Menu schakelen' is clicked on

2023-12-18 17:22:07 - [TEST_STEP][PASSED] - click(findTestObject("Object Repository/Page_Het Gilde - RisQIT/a_SuperTester")): Object: 'Object Repository/Page_Het Gilde - RisQIT/a_SuperTester' is clicked on

2023-12-18 17:22:08 - [MESSAGE][PASSED] - Object: 'Object Repository/Page_Het Gilde - RisQIT/a_SuperTester' is clicked on

2023-12-18 17:22:08 - [TEST_STEP][PASSED] - verifyElementText(findTestObject("Object Repository/Page_SuperTester - RisQIT/h1_Whitepaper SuperTester"), "Whitepaper SuperTester"): Actual text and expected text of test object 'Object Repository/Page_SuperTester - RisQIT/h1_Whitepaper SuperTester' are matched.

2023-12-18 17:22:08 - [MESSAGE][PASSED] - Actual text and expected text of test object 'Object Repository/Page_SuperTester - RisQIT/h1_Whitepaper SuperTester' are matched.

2023-12-18 17:22:08 - [TEST_STEP][PASSED] - navigateToUrl(actual_url): Navigate to 'https://nlrisqitww-chaca.savviihq.com/privacybeleid/' successfully

2023-12-18 17:22:08 - [MESSAGE][PASSED] - Navigate to 'https://nlrisqitww-chaca.savviihq.com/privacybeleid/' successfully

2023-12-18 17:22:08 - [TEST_STEP][PASSED] - click(findTestObject("Object Repository/Page_Home - RisQIT/button_Main Menu")): Object: 'Object Repository/Page_Home - RisQIT/button_Main Menu' is clicked on

2023-12-18 17:22:09 - [MESSAGE][PASSED] - Object: 'Object Repository/Page_Home - RisQIT/button_Main Menu' is clicked on

2023-12-18 17:22:09 - [TEST_STEP][PASSED] - click(findTestObject("Object Repository/Page_Software Testing - RisQIT/a_Diensten")): Object: 'Object Repository/Page_Software Testing - RisQIT/a_Diensten' is clicked on

2023-12-18 17:22:09 - [MESSAGE][PASSED] - Object: 'Object Repository/Page_Software Testing - RisQIT/a_Diensten' is clicked on

2023-12-18 17:22:09 - [TEST_STEP][PASSED] - click(findTestObject("Object Repository/Page_UX Lab - RisQIT/button_Menu schakelen")): Object: 'Object Repository/Page_UX Lab - RisQIT/button_Menu schakelen' is clicked on

2023-12-18 17:22:10 - [MESSAGE][PASSED] - Object: 'Object Repository/Page_UX Lab - RisQIT/button_Menu schakelen' is clicked on

2023-12-18 17:22:10 - [TEST_STEP][PASSED] - click(findTestObject("Object Repository/Page_Het Gilde - RisQIT/a_Blog")): Object: 'Object Repository/Page_Het Gilde - RisQIT/a_Blog' is clicked on

2023-12-18 17:22:10 - [MESSAGE][PASSED] - Object: 'Object Repository/Page_Het Gilde - RisQIT/a_Blog' is clicked on

2023-12-18 17:22:10 - [TEST_STEP][PASSED] - verifyElementText(findTestObject("Object Repository/Page_Blog - RisQIT/h1_Blog"), "Blog"): Actual text and expected text of test object 'Object Repository/Page_Blog - RisQIT/h1_Blog' are matched.

2023-12-18 17:22:11 - [MESSAGE][PASSED] - Actual text and expected text of test object 'Object Repository/Page_Blog - RisQIT/h1_Blog' are matched.

2023-12-18 17:22:11 - [TEST_STEP][PASSED] - navigateToUrl(actual_url): Navigate to 'https://nlrisqitww-chaca.savviihq.com/privacybeleid/' successfully

2023-12-18 17:22:11 - [MESSAGE][PASSED] - Navigate to 'https://nlrisqitww-chaca.savviihq.com/privacybeleid/' successfully

2023-12-18 17:22:11 - [TEST_STEP][PASSED] - click(findTestObject("Object Repository/Page_Home - RisQIT/button_Main Menu")): Object: 'Object Repository/Page_Home - RisQIT/button_Main Menu' is clicked on

2023-12-18 17:22:11 - [MESSAGE][PASSED] - Object: 'Object Repository/Page_Home - RisQIT/button_Main Menu' is clicked on

2023-12-18 17:22:11 - [TEST_STEP][PASSED] - click(findTestObject("Object Repository/Page_Software Testing - RisQIT/a_Diensten")): Object: 'Object Repository/Page_Software Testing - RisQIT/a_Diensten' is clicked on

2023-12-18 17:22:12 - [MESSAGE][PASSED] - Object: 'Object Repository/Page_Software Testing - RisQIT/a_Diensten' is clicked on

2023-12-18 17:22:12 - [TEST_STEP][PASSED] - click(findTestObject("Object Repository/Page_UX Lab - RisQIT/button_Menu schakelen")): Object: 'Object Repository/Page_UX Lab - RisQIT/button_Menu schakelen' is clicked on

2023-12-18 17:22:12 - [MESSAGE][PASSED] - Object: 'Object Repository/Page_UX Lab - RisQIT/button_Menu schakelen' is clicked on

2023-12-18 17:22:12 - [TEST_STEP][PASSED] - click(findTestObject("Object Repository/Page_Blog - RisQIT/a_Vacatures")): Object: 'Object Repository/Page_Blog - RisQIT/a_Vacatures' is clicked on

2023-12-18 17:22:13 - [MESSAGE][PASSED] - Object: 'Object Repository/Page_Blog - RisQIT/a_Vacatures' is clicked on

2023-12-18 17:22:13 - [TEST_STEP][PASSED] - verifyElementText(findTestObject("Object Repository/Page_Vacatures - RisQIT/h1_Vacatures"), "Vacatures"): Actual text and expected text of test object 'Object Repository/Page_Vacatures - RisQIT/h1_Vacatures' are matched.

2023-12-18 17:22:13 - [MESSAGE][PASSED] - Actual text and expected text of test object 'Object Repository/Page_Vacatures - RisQIT/h1_Vacatures' are matched.

2023-12-18 17:22:13 - [TEST_STEP][PASSED] - navigateToUrl(actual_url): Navigate to 'https://nlrisqitww-chaca.savviihq.com/privacybeleid/' successfully

2023-12-18 17:22:13 - [MESSAGE][PASSED] - Navigate to 'https://nlrisqitww-chaca.savviihq.com/privacybeleid/' successfully

2023-12-18 17:22:13 - [TEST_STEP][PASSED] - click(findTestObject("Object Repository/Page_Home - RisQIT/button_Main Menu")): Object: 'Object Repository/Page_Home - RisQIT/button_Main Menu' is clicked on

2023-12-18 17:22:14 - [MESSAGE][PASSED] - Object: 'Object Repository/Page_Home - RisQIT/button_Main Menu' is clicked on

2023-12-18 17:22:14 - [TEST_STEP][PASSED] - click(findTestObject("Object Repository/Page_Software Testing - RisQIT/a_Diensten")): Object: 'Object Repository/Page_Software Testing - RisQIT/a_Diensten' is clicked on

2023-12-18 17:22:14 - [MESSAGE][PASSED] - Object: 'Object Repository/Page_Software Testing - RisQIT/a_Diensten' is clicked on

2023-12-18 17:22:14 - [TEST_STEP][PASSED] - click(findTestObject("Object Repository/Page_UX Lab - RisQIT/button_Menu schakelen")): Object: 'Object Repository/Page_UX Lab - RisQIT/button_Menu schakelen' is clicked on

2023-12-18 17:22:15 - [MESSAGE][PASSED] - Object: 'Object Repository/Page_UX Lab - RisQIT/button_Menu schakelen' is clicked on

2023-12-18 17:22:15 - [TEST_STEP][PASSED] - click(findTestObject("Object Repository/Page_Vacatures - RisQIT/div_Contact opnemen")): Object: 'Object Repository/Page_Vacatures - RisQIT/div_Contact opnemen' is clicked on

2023-12-18 17:22:15 - [MESSAGE][PASSED] - Object: 'Object Repository/Page_Vacatures - RisQIT/div_Contact opnemen' is clicked on

2023-12-18 17:22:15 - [TEST_STEP][PASSED] - verifyElementText(findTestObject("Object Repository/Page_Contact - RisQIT/h1_Contact"), "Contact"): Actual text and expected text of test object 'Object Repository/Page_Contact - RisQIT/h1_Contact' are matched.

2023-12-18 17:22:16 - [MESSAGE][PASSED] - Actual text and expected text of test object 'Object Repository/Page_Contact - RisQIT/h1_Contact' are matched.

2023-12-18 17:22:16 - [TEST_STEP][PASSED] - navigateToUrl(actual_url): Navigate to 'https://nlrisqitww-chaca.savviihq.com/privacybeleid/' successfully

2023-12-18 17:22:16 - [MESSAGE][PASSED] - Navigate to 'https://nlrisqitww-chaca.savviihq.com/privacybeleid/' successfully

2023-12-18 17:22:16 - [TEST_STEP][PASSED] - click(findTestObject("Object Repository/Page_Contact - RisQIT/img_custom-logo entered lazyloaded")): Object: 'Object Repository/Page_Contact - RisQIT/img_custom-logo entered lazyloaded' is clicked on

2023-12-18 17:22:16 - [MESSAGE][PASSED] - Object: 'Object Repository/Page_Contact - RisQIT/img_custom-logo entered lazyloaded' is clicked on

2023-12-18 17:22:16 - [TEST_STEP][PASSED] - verifyElementText(findTestObject("Object Repository/Page_Home - RisQIT/h1_Ga voor duurzaamheid en vertrouwen, same_4bc4a8"), "Ga voor duurzaamheid en vertrouwen, samen met ons!"): Actual text and expected text of test object 'Object Repository/Page_Home - RisQIT/h1_Ga voor duurzaamheid en vertrouwen, same_4bc4a8' are matched.

2023-12-18 17:22:17 - [MESSAGE][PASSED] - Actual text and expected text of test object 'Object Repository/Page_Home - RisQIT/h1_Ga voor duurzaamheid en vertrouwen, same_4bc4a8' are matched.

2023-12-18 17:22:17 - [MESSAGE][PASSED] - Call Test Case 'Test Cases/Menu/RT000.2 MobileMenu' successfully

2023-12-18 17:22:17 - [TEST_STEP][PASSED] - closeBrowser(): Browser is closed

2023-12-18 17:22:17 - [MESSAGE][PASSED] - Browser is closed]]></system-out>
         <system-err><![CDATA[]]></system-err>
      </testcase>
      <system-out><![CDATA[2023-12-18 17:16:34 - [TEST_SUITE][FAILED] - TS02 MenuMobile: Test Cases/Menu/RT023 MobileMenu - SuperTester FAILED.
Reason:
com.kms.katalon.core.exception.StepFailedException: Call Test Case 'Test Cases/Menu/RT000.2 MobileMenu' failed
	at com.kms.katalon.core.keyword.builtin.CallTestCaseKeyword$_callTestCase_closure1.doCall(CallTestCaseKeyword.groovy:63)
	at com.kms.katalon.core.keyword.builtin.CallTestCaseKeyword$_callTestCase_closure1.call(CallTestCaseKeyword.groovy)
	at com.kms.katalon.core.keyword.internal.KeywordMain.runKeyword(KeywordMain.groovy:75)
	at com.kms.katalon.core.keyword.builtin.CallTestCaseKeyword.callTestCase(CallTestCaseKeyword.groovy:81)
	at com.kms.katalon.core.keyword.builtin.CallTestCaseKeyword.execute(CallTestCaseKeyword.groovy:44)
	at com.kms.katalon.core.keyword.internal.KeywordExecutor.executeKeywordForPlatform(KeywordExecutor.groovy:74)
	at com.kms.katalon.core.keyword.BuiltinKeywords.callTestCase(BuiltinKeywords.groovy:310)
	at java.base/jdk.internal.reflect.NativeMethodAccessorImpl.invoke0(Native Method)
	at java.base/jdk.internal.reflect.NativeMethodAccessorImpl.invoke(NativeMethodAccessorImpl.java:77)
	at java.base/jdk.internal.reflect.DelegatingMethodAccessorImpl.invoke(DelegatingMethodAccessorImpl.java:43)
	at RT023 MobileMenu - SuperTester.run(RT023 MobileMenu - SuperTester:24)
	at com.kms.katalon.core.main.ScriptEngine.run(ScriptEngine.java:194)
	at com.kms.katalon.core.main.ScriptEngine.runScriptAsRawText(ScriptEngine.java:119)
	at com.kms.katalon.core.main.TestCaseExecutor.runScript(TestCaseExecutor.java:448)
	at com.kms.katalon.core.main.TestCaseExecutor.doExecute(TestCaseExecutor.java:439)
	at com.kms.katalon.core.main.TestCaseExecutor.processExecutionPhase(TestCaseExecutor.java:418)
	at com.kms.katalon.core.main.TestCaseExecutor.accessMainPhase(TestCaseExecutor.java:410)
	at com.kms.katalon.core.main.TestCaseExecutor.execute(TestCaseExecutor.java:285)
	at com.kms.katalon.core.common.CommonExecutor.accessTestCaseMainPhase(CommonExecutor.java:65)
	at com.kms.katalon.core.main.TestSuiteExecutor.accessTestSuiteMainPhase(TestSuiteExecutor.java:148)
	at com.kms.katalon.core.main.TestSuiteExecutor.execute(TestSuiteExecutor.java:106)
	at com.kms.katalon.core.main.TestCaseMain.startTestSuite(TestCaseMain.java:187)
	at TempTestSuite1702916187814.run(TempTestSuite1702916187814.groovy:36)
	at java.base/jdk.internal.reflect.NativeMethodAccessorImpl.invoke0(Native Method)
	at java.base/jdk.internal.reflect.NativeMethodAccessorImpl.invoke(NativeMethodAccessorImpl.java:77)
	at java.base/jdk.internal.reflect.DelegatingMethodAccessorImpl.invoke(DelegatingMethodAccessorImpl.java:43)
Caused by: com.kms.katalon.core.exception.StepFailedException: Unable to click on object 'Object Repository/Page_Home - RisQIT/button_Main Menu'
	at com.kms.katalon.core.webui.keyword.internal.WebUIKeywordMain.stepFailed(WebUIKeywordMain.groovy:64)
	at com.kms.katalon.core.webui.keyword.internal.WebUIKeywordMain.runKeyword(WebUIKeywordMain.groovy:26)
	at com.kms.katalon.core.webui.keyword.builtin.ClickKeyword.click(ClickKeyword.groovy:74)
	at com.kms.katalon.core.webui.keyword.builtin.ClickKeyword.execute(ClickKeyword.groovy:40)
	at com.kms.katalon.core.keyword.internal.KeywordExecutor.executeKeywordForPlatform(KeywordExecutor.groovy:74)
	at com.kms.katalon.core.webui.keyword.WebUiBuiltInKeywords.click(WebUiBuiltInKeywords.groovy:620)
	at RT000.2 MobileMenu.run(RT000.2 MobileMenu:26)
	at com.kms.katalon.core.main.ScriptEngine.run(ScriptEngine.java:194)
	at com.kms.katalon.core.main.ScriptEngine.runScriptAsRawText(ScriptEngine.java:119)
	at com.kms.katalon.core.main.TestCaseExecutor.runScript(TestCaseExecutor.java:448)
	at com.kms.katalon.core.main.TestCaseExecutor.doExecute(TestCaseExecutor.java:439)
	at com.kms.katalon.core.main.TestCaseExecutor.processExecutionPhase(TestCaseExecutor.java:418)
	at com.kms.katalon.core.main.TestCaseExecutor.accessMainPhase(TestCaseExecutor.java:410)
	at com.kms.katalon.core.main.TestCaseExecutor.execute(TestCaseExecutor.java:285)
	at com.kms.katalon.core.main.TestCaseMain.runTestCase(TestCaseMain.java:144)
	at com.kms.katalon.core.keyword.builtin.CallTestCaseKeyword$_callTestCase_closure1.doCall(CallTestCaseKeyword.groovy:59)
	... 25 more
Caused by: org.openqa.selenium.ElementNotInteractableException: element not interactable
  (Session info: chrome=120.0.6099.72)
Build info: version: '3.141.59', revision: 'e82be7d358', time: '2018-11-14T08:25:53'
System info: host: 'BERGTOP', ip: '192.168.1.100', os.name: 'Windows 11', os.arch: 'amd64', os.version: '10.0', java.version: '17.0.7'
Driver info: com.kms.katalon.selenium.driver.CChromeDriver
Capabilities {acceptInsecureCerts: false, browserName: chrome, browserVersion: 120.0.6099.72, chrome: {chromedriverVersion: 119.0.6045.105 (38c72552c5e..., userDataDir: C:\Users\maart\AppData\Loca...}, fedcm:accounts: true, goog:chromeOptions: {debuggerAddress: localhost:59279}, javascriptEnabled: true, networkConnectionEnabled: false, pageLoadStrategy: normal, platform: WINDOWS, platformName: WINDOWS, proxy: Proxy(), setWindowRect: true, strictFileInteractability: false, timeouts: {implicit: 0, pageLoad: 300000, script: 30000}, unhandledPromptBehavior: dismiss and notify, webauthn:extension:credBlob: true, webauthn:extension:largeBlob: true, webauthn:extension:minPinLength: true, webauthn:extension:prf: true, webauthn:virtualAuthenticators: true}
Session ID: ce8a46b5ea0b073ceb8ab2ae084ba62e
	at java.base/jdk.internal.reflect.NativeConstructorAccessorImpl.newInstance0(Native Method)
	at java.base/jdk.internal.reflect.NativeConstructorAccessorImpl.newInstance(NativeConstructorAccessorImpl.java:77)
	at java.base/jdk.internal.reflect.DelegatingConstructorAccessorImpl.newInstance(DelegatingConstructorAccessorImpl.java:45)
	at org.openqa.selenium.remote.http.W3CHttpResponseCodec.createException(W3CHttpResponseCodec.java:187)
	at org.openqa.selenium.remote.http.W3CHttpResponseCodec.decode(W3CHttpResponseCodec.java:122)
	at org.openqa.selenium.remote.http.W3CHttpResponseCodec.decode(W3CHttpResponseCodec.java:49)
	at org.openqa.selenium.remote.HttpCommandExecutor.execute(HttpCommandExecutor.java:158)
	at org.openqa.selenium.remote.service.DriverCommandExecutor.execute(DriverCommandExecutor.java:83)
	at org.openqa.selenium.remote.RemoteWebDriver.execute(RemoteWebDriver.java:552)
	at com.kms.katalon.selenium.driver.CChromeDriver.execute(CChromeDriver.java:19)
	at org.openqa.selenium.remote.RemoteWebElement.execute(RemoteWebElement.java:285)
	at org.openqa.selenium.remote.RemoteWebElement.click(RemoteWebElement.java:84)
	at jdk.internal.reflect.GeneratedMethodAccessor13.invoke(Unknown Source)
	at java.base/jdk.internal.reflect.DelegatingMethodAccessorImpl.invoke(DelegatingMethodAccessorImpl.java:43)
	at org.openqa.selenium.support.events.EventFiringWebDriver$EventFiringWebElement.lambda$new$0(EventFiringWebDriver.java:404)
	at jdk.proxy2/jdk.proxy2.$Proxy24.click(Unknown Source)
	at org.openqa.selenium.support.events.EventFiringWebDriver$EventFiringWebElement.click(EventFiringWebDriver.java:417)
	at org.openqa.selenium.WebElement$click.call(Unknown Source)
	at com.kms.katalon.core.webui.keyword.builtin.ClickKeyword.clickUntilSuccessWithTimeout(ClickKeyword.groovy:81)
	at com.kms.katalon.core.webui.keyword.builtin.ClickKeyword.clickUntilSuccessWithTimeout(ClickKeyword.groovy)
	at jdk.internal.reflect.GeneratedMethodAccessor11.invoke(Unknown Source)
	at java.base/jdk.internal.reflect.DelegatingMethodAccessorImpl.invoke(DelegatingMethodAccessorImpl.java:43)
	at com.kms.katalon.core.webui.keyword.builtin.ClickKeyword$_click_closure1.doCall(ClickKeyword.groovy:67)
	at com.kms.katalon.core.webui.keyword.builtin.ClickKeyword$_click_closure1.call(ClickKeyword.groovy)
	at com.kms.katalon.core.webui.keyword.internal.WebUIKeywordMain.runKeyword(WebUIKeywordMain.groovy:20)
	... 39 more]]></system-out>
      <system-err><![CDATA[2023-12-18 17:16:34 - [TEST_SUITE][FAILED] - TS02 MenuMobile: Test Cases/Menu/RT023 MobileMenu - SuperTester FAILED.
Reason:
com.kms.katalon.core.exception.StepFailedException: Call Test Case 'Test Cases/Menu/RT000.2 MobileMenu' failed
	at com.kms.katalon.core.keyword.builtin.CallTestCaseKeyword$_callTestCase_closure1.doCall(CallTestCaseKeyword.groovy:63)
	at com.kms.katalon.core.keyword.builtin.CallTestCaseKeyword$_callTestCase_closure1.call(CallTestCaseKeyword.groovy)
	at com.kms.katalon.core.keyword.internal.KeywordMain.runKeyword(KeywordMain.groovy:75)
	at com.kms.katalon.core.keyword.builtin.CallTestCaseKeyword.callTestCase(CallTestCaseKeyword.groovy:81)
	at com.kms.katalon.core.keyword.builtin.CallTestCaseKeyword.execute(CallTestCaseKeyword.groovy:44)
	at com.kms.katalon.core.keyword.internal.KeywordExecutor.executeKeywordForPlatform(KeywordExecutor.groovy:74)
	at com.kms.katalon.core.keyword.BuiltinKeywords.callTestCase(BuiltinKeywords.groovy:310)
	at java.base/jdk.internal.reflect.NativeMethodAccessorImpl.invoke0(Native Method)
	at java.base/jdk.internal.reflect.NativeMethodAccessorImpl.invoke(NativeMethodAccessorImpl.java:77)
	at java.base/jdk.internal.reflect.DelegatingMethodAccessorImpl.invoke(DelegatingMethodAccessorImpl.java:43)
	at RT023 MobileMenu - SuperTester.run(RT023 MobileMenu - SuperTester:24)
	at com.kms.katalon.core.main.ScriptEngine.run(ScriptEngine.java:194)
	at com.kms.katalon.core.main.ScriptEngine.runScriptAsRawText(ScriptEngine.java:119)
	at com.kms.katalon.core.main.TestCaseExecutor.runScript(TestCaseExecutor.java:448)
	at com.kms.katalon.core.main.TestCaseExecutor.doExecute(TestCaseExecutor.java:439)
	at com.kms.katalon.core.main.TestCaseExecutor.processExecutionPhase(TestCaseExecutor.java:418)
	at com.kms.katalon.core.main.TestCaseExecutor.accessMainPhase(TestCaseExecutor.java:410)
	at com.kms.katalon.core.main.TestCaseExecutor.execute(TestCaseExecutor.java:285)
	at com.kms.katalon.core.common.CommonExecutor.accessTestCaseMainPhase(CommonExecutor.java:65)
	at com.kms.katalon.core.main.TestSuiteExecutor.accessTestSuiteMainPhase(TestSuiteExecutor.java:148)
	at com.kms.katalon.core.main.TestSuiteExecutor.execute(TestSuiteExecutor.java:106)
	at com.kms.katalon.core.main.TestCaseMain.startTestSuite(TestCaseMain.java:187)
	at TempTestSuite1702916187814.run(TempTestSuite1702916187814.groovy:36)
	at java.base/jdk.internal.reflect.NativeMethodAccessorImpl.invoke0(Native Method)
	at java.base/jdk.internal.reflect.NativeMethodAccessorImpl.invoke(NativeMethodAccessorImpl.java:77)
	at java.base/jdk.internal.reflect.DelegatingMethodAccessorImpl.invoke(DelegatingMethodAccessorImpl.java:43)
Caused by: com.kms.katalon.core.exception.StepFailedException: Unable to click on object 'Object Repository/Page_Home - RisQIT/button_Main Menu'
	at com.kms.katalon.core.webui.keyword.internal.WebUIKeywordMain.stepFailed(WebUIKeywordMain.groovy:64)
	at com.kms.katalon.core.webui.keyword.internal.WebUIKeywordMain.runKeyword(WebUIKeywordMain.groovy:26)
	at com.kms.katalon.core.webui.keyword.builtin.ClickKeyword.click(ClickKeyword.groovy:74)
	at com.kms.katalon.core.webui.keyword.builtin.ClickKeyword.execute(ClickKeyword.groovy:40)
	at com.kms.katalon.core.keyword.internal.KeywordExecutor.executeKeywordForPlatform(KeywordExecutor.groovy:74)
	at com.kms.katalon.core.webui.keyword.WebUiBuiltInKeywords.click(WebUiBuiltInKeywords.groovy:620)
	at RT000.2 MobileMenu.run(RT000.2 MobileMenu:26)
	at com.kms.katalon.core.main.ScriptEngine.run(ScriptEngine.java:194)
	at com.kms.katalon.core.main.ScriptEngine.runScriptAsRawText(ScriptEngine.java:119)
	at com.kms.katalon.core.main.TestCaseExecutor.runScript(TestCaseExecutor.java:448)
	at com.kms.katalon.core.main.TestCaseExecutor.doExecute(TestCaseExecutor.java:439)
	at com.kms.katalon.core.main.TestCaseExecutor.processExecutionPhase(TestCaseExecutor.java:418)
	at com.kms.katalon.core.main.TestCaseExecutor.accessMainPhase(TestCaseExecutor.java:410)
	at com.kms.katalon.core.main.TestCaseExecutor.execute(TestCaseExecutor.java:285)
	at com.kms.katalon.core.main.TestCaseMain.runTestCase(TestCaseMain.java:144)
	at com.kms.katalon.core.keyword.builtin.CallTestCaseKeyword$_callTestCase_closure1.doCall(CallTestCaseKeyword.groovy:59)
	... 25 more
Caused by: org.openqa.selenium.ElementNotInteractableException: element not interactable
  (Session info: chrome=120.0.6099.72)
Build info: version: '3.141.59', revision: 'e82be7d358', time: '2018-11-14T08:25:53'
System info: host: 'BERGTOP', ip: '192.168.1.100', os.name: 'Windows 11', os.arch: 'amd64', os.version: '10.0', java.version: '17.0.7'
Driver info: com.kms.katalon.selenium.driver.CChromeDriver
Capabilities {acceptInsecureCerts: false, browserName: chrome, browserVersion: 120.0.6099.72, chrome: {chromedriverVersion: 119.0.6045.105 (38c72552c5e..., userDataDir: C:\Users\maart\AppData\Loca...}, fedcm:accounts: true, goog:chromeOptions: {debuggerAddress: localhost:59279}, javascriptEnabled: true, networkConnectionEnabled: false, pageLoadStrategy: normal, platform: WINDOWS, platformName: WINDOWS, proxy: Proxy(), setWindowRect: true, strictFileInteractability: false, timeouts: {implicit: 0, pageLoad: 300000, script: 30000}, unhandledPromptBehavior: dismiss and notify, webauthn:extension:credBlob: true, webauthn:extension:largeBlob: true, webauthn:extension:minPinLength: true, webauthn:extension:prf: true, webauthn:virtualAuthenticators: true}
Session ID: ce8a46b5ea0b073ceb8ab2ae084ba62e
	at java.base/jdk.internal.reflect.NativeConstructorAccessorImpl.newInstance0(Native Method)
	at java.base/jdk.internal.reflect.NativeConstructorAccessorImpl.newInstance(NativeConstructorAccessorImpl.java:77)
	at java.base/jdk.internal.reflect.DelegatingConstructorAccessorImpl.newInstance(DelegatingConstructorAccessorImpl.java:45)
	at org.openqa.selenium.remote.http.W3CHttpResponseCodec.createException(W3CHttpResponseCodec.java:187)
	at org.openqa.selenium.remote.http.W3CHttpResponseCodec.decode(W3CHttpResponseCodec.java:122)
	at org.openqa.selenium.remote.http.W3CHttpResponseCodec.decode(W3CHttpResponseCodec.java:49)
	at org.openqa.selenium.remote.HttpCommandExecutor.execute(HttpCommandExecutor.java:158)
	at org.openqa.selenium.remote.service.DriverCommandExecutor.execute(DriverCommandExecutor.java:83)
	at org.openqa.selenium.remote.RemoteWebDriver.execute(RemoteWebDriver.java:552)
	at com.kms.katalon.selenium.driver.CChromeDriver.execute(CChromeDriver.java:19)
	at org.openqa.selenium.remote.RemoteWebElement.execute(RemoteWebElement.java:285)
	at org.openqa.selenium.remote.RemoteWebElement.click(RemoteWebElement.java:84)
	at jdk.internal.reflect.GeneratedMethodAccessor13.invoke(Unknown Source)
	at java.base/jdk.internal.reflect.DelegatingMethodAccessorImpl.invoke(DelegatingMethodAccessorImpl.java:43)
	at org.openqa.selenium.support.events.EventFiringWebDriver$EventFiringWebElement.lambda$new$0(EventFiringWebDriver.java:404)
	at jdk.proxy2/jdk.proxy2.$Proxy24.click(Unknown Source)
	at org.openqa.selenium.support.events.EventFiringWebDriver$EventFiringWebElement.click(EventFiringWebDriver.java:417)
	at org.openqa.selenium.WebElement$click.call(Unknown Source)
	at com.kms.katalon.core.webui.keyword.builtin.ClickKeyword.clickUntilSuccessWithTimeout(ClickKeyword.groovy:81)
	at com.kms.katalon.core.webui.keyword.builtin.ClickKeyword.clickUntilSuccessWithTimeout(ClickKeyword.groovy)
	at jdk.internal.reflect.GeneratedMethodAccessor11.invoke(Unknown Source)
	at java.base/jdk.internal.reflect.DelegatingMethodAccessorImpl.invoke(DelegatingMethodAccessorImpl.java:43)
	at com.kms.katalon.core.webui.keyword.builtin.ClickKeyword$_click_closure1.doCall(ClickKeyword.groovy:67)
	at com.kms.katalon.core.webui.keyword.builtin.ClickKeyword$_click_closure1.call(ClickKeyword.groovy)
	at com.kms.katalon.core.webui.keyword.internal.WebUIKeywordMain.runKeyword(WebUIKeywordMain.groovy:20)
	... 39 more]]></system-err>
   </testsuite>
</testsuites>
