<?xml version="1.0" encoding="UTF-8"?>
<testsuites name="TS01 MenuCheck" time="254.025" tests="14" failures="1" errors="1">
   <testsuite name="TS01 MenuCheck" tests="14" failures="1" errors="1" time="254.025" skipped="0" timestamp="2023-12-18 12:41:32" hostname="maart - 192.168.1.100" id="Test Suites/TS01 MenuCheck">
      <properties>
         <property name="deviceName" value=""/>
         <property name="devicePlatform" value=""/>
         <property name="logFolder" value="C:\\Users\\maart\\Katalon Studio\\RisQIT Website\\Reports\\20231218_124124\\TS01 MenuCheck\\20231218_124125"/>
         <property name="logFiles" value="C:\\Users\\maart\\Katalon Studio\\RisQIT Website\\Reports\\20231218_124124\\TS01 MenuCheck\\20231218_124125\\execution0.log"/>
         <property name="attachments" value="C:\\Users\\maart\\Katalon Studio\\RisQIT Website\\Reports\\20231218_124124\\TS01 MenuCheck\\20231218_124125\\1702899852734.png"/>
         <property name="hostName" value="maart - 192.168.1.100"/>
         <property name="os" value="Windows 11 64bit"/>
         <property name="katalonVersion" value="9.0.0.212"/>
         <property name="browser" value="Chrome 120.0.0.0"/>
         <property name="hostAddress" value="192.168.1.100"/>
         <property name="sessionId" value="b9933e44f50a7163acbcf8d2ad534793"/>
         <property name="seleniumVersion" value="3.141.59"/>
         <property name="proxyInformation" value="ProxyInformation { proxyOption=NO_PROXY, proxyServerType=HTTP, username=, password=********, proxyServerAddress=, proxyServerPort=0, executionList=&quot;&quot;, isApplyToDesiredCapabilities=true }"/>
         <property name="platform" value="Windows 11"/>
      </properties>
      <testcase name="Test Cases/Menu/RT001 MenuClicks - Homepage" time="18.995" classname="Test Cases/Menu/RT001 MenuClicks - Homepage" status="PASSED">
         <system-out><![CDATA[2023-12-18 12:41:32 - [TEST_CASE][PASSED] - Test Cases/Menu/RT001 MenuClicks - Homepage: Test Cases/Menu/RT001 MenuClicks - Homepage

2023-12-18 12:41:32 - [TEST_STEP][PASSED] - openBrowser(""): Browser is opened with url: ''

2023-12-18 12:41:32 - [MESSAGE][INFO] - Starting 'Chrome' driver

2023-12-18 12:41:32 - [MESSAGE][INFO] - Action delay is set to 0 milliseconds

2023-12-18 12:41:33 - [MESSAGE][PASSED] - Browser is opened with url: ''

2023-12-18 12:41:33 - [TEST_STEP][PASSED] - maximizeWindow(): Current window maximized

2023-12-18 12:41:33 - [MESSAGE][PASSED] - Current window maximized

2023-12-18 12:41:33 - [TEST_STEP][PASSED] - navigateToUrl(URL): Navigate to 'https://nlrisqitww-chaca.savviihq.com/' successfully

2023-12-18 12:41:34 - [MESSAGE][PASSED] - Navigate to 'https://nlrisqitww-chaca.savviihq.com/' successfully

2023-12-18 12:41:34 - [TEST_STEP][PASSED] - mouseOver(findTestObject("MenuTopbar/btn_Menu_Diensten")): Object: 'Object Repository/MenuTopbar/btn_Menu_Diensten' is hovered

2023-12-18 12:41:35 - [MESSAGE][PASSED] - Object: 'Object Repository/MenuTopbar/btn_Menu_Diensten' is hovered

2023-12-18 12:41:35 - [TEST_STEP][PASSED] - click(findTestObject("MenuTopbar/btn_Menu_Diensten_SoftwareTesting")): Object: 'Object Repository/MenuTopbar/btn_Menu_Diensten_SoftwareTesting' is clicked on

2023-12-18 12:41:36 - [MESSAGE][PASSED] - Object: 'Object Repository/MenuTopbar/btn_Menu_Diensten_SoftwareTesting' is clicked on

2023-12-18 12:41:36 - [TEST_STEP][PASSED] - verifyElementText(findTestObject("Object Repository/Page_Software Testing - RisQIT/h1_Software Testing"), "Software Testing"): Actual text and expected text of test object 'Object Repository/Page_Software Testing - RisQIT/h1_Software Testing' are matched.

2023-12-18 12:41:36 - [MESSAGE][PASSED] - Actual text and expected text of test object 'Object Repository/Page_Software Testing - RisQIT/h1_Software Testing' are matched.

2023-12-18 12:41:36 - [TEST_STEP][PASSED] - navigateToUrl(URL): Navigate to 'https://nlrisqitww-chaca.savviihq.com/' successfully

2023-12-18 12:41:36 - [MESSAGE][PASSED] - Navigate to 'https://nlrisqitww-chaca.savviihq.com/' successfully

2023-12-18 12:41:36 - [TEST_STEP][PASSED] - mouseOver(findTestObject("MenuTopbar/btn_Menu_Diensten")): Object: 'Object Repository/MenuTopbar/btn_Menu_Diensten' is hovered

2023-12-18 12:41:37 - [MESSAGE][PASSED] - Object: 'Object Repository/MenuTopbar/btn_Menu_Diensten' is hovered

2023-12-18 12:41:37 - [TEST_STEP][PASSED] - click(findTestObject("MenuTopbar/btn_Menu_Diensten_SHT")): Object: 'Object Repository/MenuTopbar/btn_Menu_Diensten_SHT' is clicked on

2023-12-18 12:41:38 - [MESSAGE][PASSED] - Object: 'Object Repository/MenuTopbar/btn_Menu_Diensten_SHT' is clicked on

2023-12-18 12:41:38 - [TEST_STEP][PASSED] - verifyElementText(findTestObject("Page_Security en HackersTest (SHT) - RisQIT/h1_Security en HackersTest (SHT)"), "Security En HackersTest (SHT)"): Actual text and expected text of test object 'Object Repository/Page_Security en HackersTest (SHT) - RisQIT/h1_Security en HackersTest (SHT)' are matched.

2023-12-18 12:41:38 - [MESSAGE][PASSED] - Actual text and expected text of test object 'Object Repository/Page_Security en HackersTest (SHT) - RisQIT/h1_Security en HackersTest (SHT)' are matched.

2023-12-18 12:41:38 - [TEST_STEP][PASSED] - navigateToUrl(URL): Navigate to 'https://nlrisqitww-chaca.savviihq.com/' successfully

2023-12-18 12:41:38 - [MESSAGE][PASSED] - Navigate to 'https://nlrisqitww-chaca.savviihq.com/' successfully

2023-12-18 12:41:38 - [TEST_STEP][PASSED] - mouseOver(findTestObject("MenuTopbar/btn_Menu_Diensten")): Object: 'Object Repository/MenuTopbar/btn_Menu_Diensten' is hovered

2023-12-18 12:41:39 - [MESSAGE][PASSED] - Object: 'Object Repository/MenuTopbar/btn_Menu_Diensten' is hovered

2023-12-18 12:41:39 - [TEST_STEP][PASSED] - click(findTestObject("MenuTopbar/btn_Menu_Diensten_UXLab")): Object: 'Object Repository/MenuTopbar/btn_Menu_Diensten_UXLab' is clicked on

2023-12-18 12:41:39 - [MESSAGE][PASSED] - Object: 'Object Repository/MenuTopbar/btn_Menu_Diensten_UXLab' is clicked on

2023-12-18 12:41:39 - [TEST_STEP][PASSED] - verifyElementText(findTestObject("Object Repository/Page_UX Lab - RisQIT/h1_UX Lab"), "UX Lab"): Actual text and expected text of test object 'Object Repository/Page_UX Lab - RisQIT/h1_UX Lab' are matched.

2023-12-18 12:41:40 - [MESSAGE][PASSED] - Actual text and expected text of test object 'Object Repository/Page_UX Lab - RisQIT/h1_UX Lab' are matched.

2023-12-18 12:41:40 - [TEST_STEP][PASSED] - navigateToUrl(URL): Navigate to 'https://nlrisqitww-chaca.savviihq.com/' successfully

2023-12-18 12:41:40 - [MESSAGE][PASSED] - Navigate to 'https://nlrisqitww-chaca.savviihq.com/' successfully

2023-12-18 12:41:40 - [TEST_STEP][PASSED] - click(findTestObject("MenuTopbar/btn_Menu_OverOns")): Object: 'Object Repository/MenuTopbar/btn_Menu_OverOns' is clicked on

2023-12-18 12:41:40 - [MESSAGE][PASSED] - Object: 'Object Repository/MenuTopbar/btn_Menu_OverOns' is clicked on

2023-12-18 12:41:40 - [TEST_STEP][PASSED] - verifyElementText(findTestObject("Object Repository/Page_Over ons - RisQIT/h1_Over ons"), "Over Ons"): Actual text and expected text of test object 'Object Repository/Page_Over ons - RisQIT/h1_Over ons' are matched.

2023-12-18 12:41:41 - [MESSAGE][PASSED] - Actual text and expected text of test object 'Object Repository/Page_Over ons - RisQIT/h1_Over ons' are matched.

2023-12-18 12:41:41 - [TEST_STEP][PASSED] - navigateToUrl(URL): Navigate to 'https://nlrisqitww-chaca.savviihq.com/' successfully

2023-12-18 12:41:41 - [MESSAGE][PASSED] - Navigate to 'https://nlrisqitww-chaca.savviihq.com/' successfully

2023-12-18 12:41:41 - [TEST_STEP][PASSED] - mouseOver(findTestObject("MenuTopbar/btn_Menu_OverOns")): Object: 'Object Repository/MenuTopbar/btn_Menu_OverOns' is hovered

2023-12-18 12:41:42 - [MESSAGE][PASSED] - Object: 'Object Repository/MenuTopbar/btn_Menu_OverOns' is hovered

2023-12-18 12:41:42 - [TEST_STEP][PASSED] - click(findTestObject("MenuTopbar/btn_Menu_OverOns_MissieVisie")): Object: 'Object Repository/MenuTopbar/btn_Menu_OverOns_MissieVisie' is clicked on

2023-12-18 12:41:42 - [MESSAGE][PASSED] - Object: 'Object Repository/MenuTopbar/btn_Menu_OverOns_MissieVisie' is clicked on

2023-12-18 12:41:42 - [TEST_STEP][PASSED] - verifyElementText(findTestObject("Object Repository/Page_Missie  Visie - RisQIT/h1_Missie  Visie"), "Missie & Visie"): Actual text and expected text of test object 'Object Repository/Page_Missie  Visie - RisQIT/h1_Missie  Visie' are matched.

2023-12-18 12:41:43 - [MESSAGE][PASSED] - Actual text and expected text of test object 'Object Repository/Page_Missie  Visie - RisQIT/h1_Missie  Visie' are matched.

2023-12-18 12:41:43 - [TEST_STEP][PASSED] - navigateToUrl(URL): Navigate to 'https://nlrisqitww-chaca.savviihq.com/' successfully

2023-12-18 12:41:43 - [MESSAGE][PASSED] - Navigate to 'https://nlrisqitww-chaca.savviihq.com/' successfully

2023-12-18 12:41:43 - [TEST_STEP][PASSED] - mouseOver(findTestObject("MenuTopbar/btn_Menu_OverOns")): Object: 'Object Repository/MenuTopbar/btn_Menu_OverOns' is hovered

2023-12-18 12:41:43 - [MESSAGE][PASSED] - Object: 'Object Repository/MenuTopbar/btn_Menu_OverOns' is hovered

2023-12-18 12:41:43 - [TEST_STEP][PASSED] - click(findTestObject("MenuTopbar/btn_Menu_OverOns_HetGilde")): Object: 'Object Repository/MenuTopbar/btn_Menu_OverOns_HetGilde' is clicked on

2023-12-18 12:41:44 - [MESSAGE][PASSED] - Object: 'Object Repository/MenuTopbar/btn_Menu_OverOns_HetGilde' is clicked on

2023-12-18 12:41:44 - [TEST_STEP][PASSED] - verifyElementText(findTestObject("Object Repository/Page_Het Gilde - RisQIT/h1_Het Gilde"), "Het Gilde"): Actual text and expected text of test object 'Object Repository/Page_Het Gilde - RisQIT/h1_Het Gilde' are matched.

2023-12-18 12:41:44 - [MESSAGE][PASSED] - Actual text and expected text of test object 'Object Repository/Page_Het Gilde - RisQIT/h1_Het Gilde' are matched.

2023-12-18 12:41:44 - [TEST_STEP][PASSED] - navigateToUrl(URL): Navigate to 'https://nlrisqitww-chaca.savviihq.com/' successfully

2023-12-18 12:41:44 - [MESSAGE][PASSED] - Navigate to 'https://nlrisqitww-chaca.savviihq.com/' successfully

2023-12-18 12:41:44 - [TEST_STEP][PASSED] - mouseOver(findTestObject("MenuTopbar/btn_Menu_OverOns")): Object: 'Object Repository/MenuTopbar/btn_Menu_OverOns' is hovered

2023-12-18 12:41:45 - [MESSAGE][PASSED] - Object: 'Object Repository/MenuTopbar/btn_Menu_OverOns' is hovered

2023-12-18 12:41:45 - [TEST_STEP][PASSED] - click(findTestObject("MenuTopbar/btn_Menu_OverOns_SuperTester")): Object: 'Object Repository/MenuTopbar/btn_Menu_OverOns_SuperTester' is clicked on

2023-12-18 12:41:46 - [MESSAGE][PASSED] - Object: 'Object Repository/MenuTopbar/btn_Menu_OverOns_SuperTester' is clicked on

2023-12-18 12:41:46 - [TEST_STEP][PASSED] - verifyElementText(findTestObject("Object Repository/Page_SuperTester - RisQIT/h1_Whitepaper SuperTester"), "Whitepaper SuperTester"): Actual text and expected text of test object 'Object Repository/Page_SuperTester - RisQIT/h1_Whitepaper SuperTester' are matched.

2023-12-18 12:41:46 - [MESSAGE][PASSED] - Actual text and expected text of test object 'Object Repository/Page_SuperTester - RisQIT/h1_Whitepaper SuperTester' are matched.

2023-12-18 12:41:46 - [TEST_STEP][PASSED] - navigateToUrl(URL): Navigate to 'https://nlrisqitww-chaca.savviihq.com/' successfully

2023-12-18 12:41:46 - [MESSAGE][PASSED] - Navigate to 'https://nlrisqitww-chaca.savviihq.com/' successfully

2023-12-18 12:41:46 - [TEST_STEP][PASSED] - click(findTestObject("MenuTopbar/btn_Menu_Blog")): Object: 'Object Repository/MenuTopbar/btn_Menu_Blog' is clicked on

2023-12-18 12:41:47 - [MESSAGE][PASSED] - Object: 'Object Repository/MenuTopbar/btn_Menu_Blog' is clicked on

2023-12-18 12:41:47 - [TEST_STEP][PASSED] - verifyElementText(findTestObject("Object Repository/Page_Blog - RisQIT/h1_Blog"), "Blog"): Actual text and expected text of test object 'Object Repository/Page_Blog - RisQIT/h1_Blog' are matched.

2023-12-18 12:41:47 - [MESSAGE][PASSED] - Actual text and expected text of test object 'Object Repository/Page_Blog - RisQIT/h1_Blog' are matched.

2023-12-18 12:41:47 - [TEST_STEP][PASSED] - click(findTestObject("MenuTopbar/btn_Menu_Vacatures")): Object: 'Object Repository/MenuTopbar/btn_Menu_Vacatures' is clicked on

2023-12-18 12:41:48 - [MESSAGE][PASSED] - Object: 'Object Repository/MenuTopbar/btn_Menu_Vacatures' is clicked on

2023-12-18 12:41:48 - [TEST_STEP][PASSED] - verifyElementText(findTestObject("Object Repository/Page_Vacatures - RisQIT/h1_Vacatures"), "Vacatures"): Actual text and expected text of test object 'Object Repository/Page_Vacatures - RisQIT/h1_Vacatures' are matched.

2023-12-18 12:41:48 - [MESSAGE][PASSED] - Actual text and expected text of test object 'Object Repository/Page_Vacatures - RisQIT/h1_Vacatures' are matched.

2023-12-18 12:41:48 - [TEST_STEP][PASSED] - navigateToUrl(URL): Navigate to 'https://nlrisqitww-chaca.savviihq.com/' successfully

2023-12-18 12:41:49 - [MESSAGE][PASSED] - Navigate to 'https://nlrisqitww-chaca.savviihq.com/' successfully

2023-12-18 12:41:49 - [TEST_STEP][PASSED] - click(findTestObject("Object Repository/MenuTopbar/Page_Vacatures - RisQIT/div_Contact opnemen")): Object: 'Object Repository/MenuTopbar/Page_Vacatures - RisQIT/div_Contact opnemen' is clicked on

2023-12-18 12:41:49 - [MESSAGE][PASSED] - Object: 'Object Repository/MenuTopbar/Page_Vacatures - RisQIT/div_Contact opnemen' is clicked on

2023-12-18 12:41:49 - [TEST_STEP][PASSED] - verifyElementText(findTestObject("Object Repository/Page_Contact - RisQIT/h1_Contact"), "Contact"): Actual text and expected text of test object 'Object Repository/Page_Contact - RisQIT/h1_Contact' are matched.

2023-12-18 12:41:50 - [MESSAGE][PASSED] - Actual text and expected text of test object 'Object Repository/Page_Contact - RisQIT/h1_Contact' are matched.

2023-12-18 12:41:50 - [TEST_STEP][PASSED] - click(findTestObject("MenuTopbar/img_Logo")): Object: 'Object Repository/MenuTopbar/img_Logo' is clicked on

2023-12-18 12:41:50 - [MESSAGE][PASSED] - Object: 'Object Repository/MenuTopbar/img_Logo' is clicked on

2023-12-18 12:41:50 - [TEST_STEP][PASSED] - verifyElementText(findTestObject("Object Repository/Page_Home - RisQIT/h1_Ga voor duurzaamheid en vertrouwen, same_4bc4a8"), "Ga voor duurzaamheid en vertrouwen, samen met ons!"): Actual text and expected text of test object 'Object Repository/Page_Home - RisQIT/h1_Ga voor duurzaamheid en vertrouwen, same_4bc4a8' are matched.

2023-12-18 12:41:51 - [MESSAGE][PASSED] - Actual text and expected text of test object 'Object Repository/Page_Home - RisQIT/h1_Ga voor duurzaamheid en vertrouwen, same_4bc4a8' are matched.

2023-12-18 12:41:51 - [TEST_STEP][PASSED] - closeBrowser(): Browser is closed

2023-12-18 12:41:51 - [MESSAGE][PASSED] - Browser is closed]]></system-out>
         <system-err><![CDATA[]]></system-err>
      </testcase>
      <testcase name="Test Cases/Menu/RT002 MenuClicks - SoftwareTesting" time="18.249" classname="Test Cases/Menu/RT002 MenuClicks - SoftwareTesting" status="PASSED">
         <system-out><![CDATA[2023-12-18 12:41:51 - [TEST_CASE][PASSED] - Test Cases/Menu/RT002 MenuClicks - SoftwareTesting: Test Cases/Menu/RT002 MenuClicks - SoftwareTesting

2023-12-18 12:41:51 - [TEST_STEP][PASSED] - openBrowser(""): Browser is opened with url: ''

2023-12-18 12:41:51 - [MESSAGE][INFO] - Starting 'Chrome' driver

2023-12-18 12:41:51 - [MESSAGE][INFO] - Action delay is set to 0 milliseconds

2023-12-18 12:41:51 - [MESSAGE][PASSED] - Browser is opened with url: ''

2023-12-18 12:41:52 - [TEST_STEP][PASSED] - maximizeWindow(): Current window maximized

2023-12-18 12:41:52 - [MESSAGE][PASSED] - Current window maximized

2023-12-18 12:41:52 - [TEST_STEP][PASSED] - navigateToUrl(URL + SOFTWARETESTING): Navigate to 'https://nlrisqitww-chaca.savviihq.com/software-testing/' successfully

2023-12-18 12:41:52 - [MESSAGE][PASSED] - Navigate to 'https://nlrisqitww-chaca.savviihq.com/software-testing/' successfully

2023-12-18 12:41:52 - [TEST_STEP][PASSED] - mouseOver(findTestObject("MenuTopbar/btn_Menu_Diensten")): Object: 'Object Repository/MenuTopbar/btn_Menu_Diensten' is hovered

2023-12-18 12:41:53 - [MESSAGE][PASSED] - Object: 'Object Repository/MenuTopbar/btn_Menu_Diensten' is hovered

2023-12-18 12:41:53 - [TEST_STEP][PASSED] - click(findTestObject("MenuTopbar/btn_Menu_Diensten_SoftwareTesting")): Object: 'Object Repository/MenuTopbar/btn_Menu_Diensten_SoftwareTesting' is clicked on

2023-12-18 12:41:54 - [MESSAGE][PASSED] - Object: 'Object Repository/MenuTopbar/btn_Menu_Diensten_SoftwareTesting' is clicked on

2023-12-18 12:41:54 - [TEST_STEP][PASSED] - verifyElementText(findTestObject("Object Repository/Page_Software Testing - RisQIT/h1_Software Testing"), "Software Testing"): Actual text and expected text of test object 'Object Repository/Page_Software Testing - RisQIT/h1_Software Testing' are matched.

2023-12-18 12:41:54 - [MESSAGE][PASSED] - Actual text and expected text of test object 'Object Repository/Page_Software Testing - RisQIT/h1_Software Testing' are matched.

2023-12-18 12:41:54 - [TEST_STEP][PASSED] - navigateToUrl(URL + SOFTWARETESTING): Navigate to 'https://nlrisqitww-chaca.savviihq.com/software-testing/' successfully

2023-12-18 12:41:54 - [MESSAGE][PASSED] - Navigate to 'https://nlrisqitww-chaca.savviihq.com/software-testing/' successfully

2023-12-18 12:41:54 - [TEST_STEP][PASSED] - mouseOver(findTestObject("MenuTopbar/btn_Menu_Diensten")): Object: 'Object Repository/MenuTopbar/btn_Menu_Diensten' is hovered

2023-12-18 12:41:55 - [MESSAGE][PASSED] - Object: 'Object Repository/MenuTopbar/btn_Menu_Diensten' is hovered

2023-12-18 12:41:55 - [TEST_STEP][PASSED] - click(findTestObject("MenuTopbar/btn_Menu_Diensten_SHT")): Object: 'Object Repository/MenuTopbar/btn_Menu_Diensten_SHT' is clicked on

2023-12-18 12:41:56 - [MESSAGE][PASSED] - Object: 'Object Repository/MenuTopbar/btn_Menu_Diensten_SHT' is clicked on

2023-12-18 12:41:56 - [TEST_STEP][PASSED] - verifyElementText(findTestObject("Page_Security en HackersTest (SHT) - RisQIT/h1_Security en HackersTest (SHT)"), "Security En HackersTest (SHT)"): Actual text and expected text of test object 'Object Repository/Page_Security en HackersTest (SHT) - RisQIT/h1_Security en HackersTest (SHT)' are matched.

2023-12-18 12:41:56 - [MESSAGE][PASSED] - Actual text and expected text of test object 'Object Repository/Page_Security en HackersTest (SHT) - RisQIT/h1_Security en HackersTest (SHT)' are matched.

2023-12-18 12:41:56 - [TEST_STEP][PASSED] - navigateToUrl(URL + SOFTWARETESTING): Navigate to 'https://nlrisqitww-chaca.savviihq.com/software-testing/' successfully

2023-12-18 12:41:56 - [MESSAGE][PASSED] - Navigate to 'https://nlrisqitww-chaca.savviihq.com/software-testing/' successfully

2023-12-18 12:41:56 - [TEST_STEP][PASSED] - mouseOver(findTestObject("MenuTopbar/btn_Menu_Diensten")): Object: 'Object Repository/MenuTopbar/btn_Menu_Diensten' is hovered

2023-12-18 12:41:57 - [MESSAGE][PASSED] - Object: 'Object Repository/MenuTopbar/btn_Menu_Diensten' is hovered

2023-12-18 12:41:57 - [TEST_STEP][PASSED] - click(findTestObject("MenuTopbar/btn_Menu_Diensten_UXLab")): Object: 'Object Repository/MenuTopbar/btn_Menu_Diensten_UXLab' is clicked on

2023-12-18 12:41:57 - [MESSAGE][PASSED] - Object: 'Object Repository/MenuTopbar/btn_Menu_Diensten_UXLab' is clicked on

2023-12-18 12:41:57 - [TEST_STEP][PASSED] - verifyElementText(findTestObject("Object Repository/Page_UX Lab - RisQIT/h1_UX Lab"), "UX Lab"): Actual text and expected text of test object 'Object Repository/Page_UX Lab - RisQIT/h1_UX Lab' are matched.

2023-12-18 12:41:58 - [MESSAGE][PASSED] - Actual text and expected text of test object 'Object Repository/Page_UX Lab - RisQIT/h1_UX Lab' are matched.

2023-12-18 12:41:58 - [TEST_STEP][PASSED] - navigateToUrl(URL + SOFTWARETESTING): Navigate to 'https://nlrisqitww-chaca.savviihq.com/software-testing/' successfully

2023-12-18 12:41:58 - [MESSAGE][PASSED] - Navigate to 'https://nlrisqitww-chaca.savviihq.com/software-testing/' successfully

2023-12-18 12:41:58 - [TEST_STEP][PASSED] - click(findTestObject("MenuTopbar/btn_Menu_OverOns")): Object: 'Object Repository/MenuTopbar/btn_Menu_OverOns' is clicked on

2023-12-18 12:41:59 - [MESSAGE][PASSED] - Object: 'Object Repository/MenuTopbar/btn_Menu_OverOns' is clicked on

2023-12-18 12:41:59 - [TEST_STEP][PASSED] - verifyElementText(findTestObject("Object Repository/Page_Over ons - RisQIT/h1_Over ons"), "Over Ons"): Actual text and expected text of test object 'Object Repository/Page_Over ons - RisQIT/h1_Over ons' are matched.

2023-12-18 12:41:59 - [MESSAGE][PASSED] - Actual text and expected text of test object 'Object Repository/Page_Over ons - RisQIT/h1_Over ons' are matched.

2023-12-18 12:41:59 - [TEST_STEP][PASSED] - navigateToUrl(URL + SOFTWARETESTING): Navigate to 'https://nlrisqitww-chaca.savviihq.com/software-testing/' successfully

2023-12-18 12:41:59 - [MESSAGE][PASSED] - Navigate to 'https://nlrisqitww-chaca.savviihq.com/software-testing/' successfully

2023-12-18 12:41:59 - [TEST_STEP][PASSED] - mouseOver(findTestObject("MenuTopbar/btn_Menu_OverOns")): Object: 'Object Repository/MenuTopbar/btn_Menu_OverOns' is hovered

2023-12-18 12:42:00 - [MESSAGE][PASSED] - Object: 'Object Repository/MenuTopbar/btn_Menu_OverOns' is hovered

2023-12-18 12:42:00 - [TEST_STEP][PASSED] - click(findTestObject("MenuTopbar/btn_Menu_OverOns_MissieVisie")): Object: 'Object Repository/MenuTopbar/btn_Menu_OverOns_MissieVisie' is clicked on

2023-12-18 12:42:00 - [MESSAGE][PASSED] - Object: 'Object Repository/MenuTopbar/btn_Menu_OverOns_MissieVisie' is clicked on

2023-12-18 12:42:00 - [TEST_STEP][PASSED] - verifyElementText(findTestObject("Object Repository/Page_Missie  Visie - RisQIT/h1_Missie  Visie"), "Missie & Visie"): Actual text and expected text of test object 'Object Repository/Page_Missie  Visie - RisQIT/h1_Missie  Visie' are matched.

2023-12-18 12:42:01 - [MESSAGE][PASSED] - Actual text and expected text of test object 'Object Repository/Page_Missie  Visie - RisQIT/h1_Missie  Visie' are matched.

2023-12-18 12:42:01 - [TEST_STEP][PASSED] - navigateToUrl(URL + SOFTWARETESTING): Navigate to 'https://nlrisqitww-chaca.savviihq.com/software-testing/' successfully

2023-12-18 12:42:01 - [MESSAGE][PASSED] - Navigate to 'https://nlrisqitww-chaca.savviihq.com/software-testing/' successfully

2023-12-18 12:42:01 - [TEST_STEP][PASSED] - mouseOver(findTestObject("MenuTopbar/btn_Menu_OverOns")): Object: 'Object Repository/MenuTopbar/btn_Menu_OverOns' is hovered

2023-12-18 12:42:02 - [MESSAGE][PASSED] - Object: 'Object Repository/MenuTopbar/btn_Menu_OverOns' is hovered

2023-12-18 12:42:02 - [TEST_STEP][PASSED] - click(findTestObject("MenuTopbar/btn_Menu_OverOns_HetGilde")): Object: 'Object Repository/MenuTopbar/btn_Menu_OverOns_HetGilde' is clicked on

2023-12-18 12:42:02 - [MESSAGE][PASSED] - Object: 'Object Repository/MenuTopbar/btn_Menu_OverOns_HetGilde' is clicked on

2023-12-18 12:42:02 - [TEST_STEP][PASSED] - verifyElementText(findTestObject("Object Repository/Page_Het Gilde - RisQIT/h1_Het Gilde"), "Het Gilde"): Actual text and expected text of test object 'Object Repository/Page_Het Gilde - RisQIT/h1_Het Gilde' are matched.

2023-12-18 12:42:03 - [MESSAGE][PASSED] - Actual text and expected text of test object 'Object Repository/Page_Het Gilde - RisQIT/h1_Het Gilde' are matched.

2023-12-18 12:42:03 - [TEST_STEP][PASSED] - navigateToUrl(URL + SOFTWARETESTING): Navigate to 'https://nlrisqitww-chaca.savviihq.com/software-testing/' successfully

2023-12-18 12:42:03 - [MESSAGE][PASSED] - Navigate to 'https://nlrisqitww-chaca.savviihq.com/software-testing/' successfully

2023-12-18 12:42:03 - [TEST_STEP][PASSED] - mouseOver(findTestObject("MenuTopbar/btn_Menu_OverOns")): Object: 'Object Repository/MenuTopbar/btn_Menu_OverOns' is hovered

2023-12-18 12:42:03 - [MESSAGE][PASSED] - Object: 'Object Repository/MenuTopbar/btn_Menu_OverOns' is hovered

2023-12-18 12:42:03 - [TEST_STEP][PASSED] - click(findTestObject("MenuTopbar/btn_Menu_OverOns_SuperTester")): Object: 'Object Repository/MenuTopbar/btn_Menu_OverOns_SuperTester' is clicked on

2023-12-18 12:42:04 - [MESSAGE][PASSED] - Object: 'Object Repository/MenuTopbar/btn_Menu_OverOns_SuperTester' is clicked on

2023-12-18 12:42:04 - [TEST_STEP][PASSED] - verifyElementText(findTestObject("Object Repository/Page_SuperTester - RisQIT/h1_Whitepaper SuperTester"), "Whitepaper SuperTester"): Actual text and expected text of test object 'Object Repository/Page_SuperTester - RisQIT/h1_Whitepaper SuperTester' are matched.

2023-12-18 12:42:05 - [MESSAGE][PASSED] - Actual text and expected text of test object 'Object Repository/Page_SuperTester - RisQIT/h1_Whitepaper SuperTester' are matched.

2023-12-18 12:42:05 - [TEST_STEP][PASSED] - navigateToUrl(URL + SOFTWARETESTING): Navigate to 'https://nlrisqitww-chaca.savviihq.com/software-testing/' successfully

2023-12-18 12:42:05 - [MESSAGE][PASSED] - Navigate to 'https://nlrisqitww-chaca.savviihq.com/software-testing/' successfully

2023-12-18 12:42:05 - [TEST_STEP][PASSED] - click(findTestObject("MenuTopbar/btn_Menu_Blog")): Object: 'Object Repository/MenuTopbar/btn_Menu_Blog' is clicked on

2023-12-18 12:42:05 - [MESSAGE][PASSED] - Object: 'Object Repository/MenuTopbar/btn_Menu_Blog' is clicked on

2023-12-18 12:42:05 - [TEST_STEP][PASSED] - verifyElementText(findTestObject("Object Repository/Page_Blog - RisQIT/h1_Blog"), "Blog"): Actual text and expected text of test object 'Object Repository/Page_Blog - RisQIT/h1_Blog' are matched.

2023-12-18 12:42:06 - [MESSAGE][PASSED] - Actual text and expected text of test object 'Object Repository/Page_Blog - RisQIT/h1_Blog' are matched.

2023-12-18 12:42:06 - [TEST_STEP][PASSED] - click(findTestObject("MenuTopbar/btn_Menu_Vacatures")): Object: 'Object Repository/MenuTopbar/btn_Menu_Vacatures' is clicked on

2023-12-18 12:42:06 - [MESSAGE][PASSED] - Object: 'Object Repository/MenuTopbar/btn_Menu_Vacatures' is clicked on

2023-12-18 12:42:06 - [TEST_STEP][PASSED] - verifyElementText(findTestObject("Object Repository/Page_Vacatures - RisQIT/h1_Vacatures"), "Vacatures"): Actual text and expected text of test object 'Object Repository/Page_Vacatures - RisQIT/h1_Vacatures' are matched.

2023-12-18 12:42:07 - [MESSAGE][PASSED] - Actual text and expected text of test object 'Object Repository/Page_Vacatures - RisQIT/h1_Vacatures' are matched.

2023-12-18 12:42:07 - [TEST_STEP][PASSED] - navigateToUrl(URL + SOFTWARETESTING): Navigate to 'https://nlrisqitww-chaca.savviihq.com/software-testing/' successfully

2023-12-18 12:42:07 - [MESSAGE][PASSED] - Navigate to 'https://nlrisqitww-chaca.savviihq.com/software-testing/' successfully

2023-12-18 12:42:07 - [TEST_STEP][PASSED] - click(findTestObject("Object Repository/MenuTopbar/Page_Vacatures - RisQIT/div_Contact opnemen")): Object: 'Object Repository/MenuTopbar/Page_Vacatures - RisQIT/div_Contact opnemen' is clicked on

2023-12-18 12:42:08 - [MESSAGE][PASSED] - Object: 'Object Repository/MenuTopbar/Page_Vacatures - RisQIT/div_Contact opnemen' is clicked on

2023-12-18 12:42:08 - [TEST_STEP][PASSED] - verifyElementText(findTestObject("Object Repository/Page_Contact - RisQIT/h1_Contact"), "Contact"): Actual text and expected text of test object 'Object Repository/Page_Contact - RisQIT/h1_Contact' are matched.

2023-12-18 12:42:08 - [MESSAGE][PASSED] - Actual text and expected text of test object 'Object Repository/Page_Contact - RisQIT/h1_Contact' are matched.

2023-12-18 12:42:08 - [TEST_STEP][PASSED] - click(findTestObject("MenuTopbar/img_Logo")): Object: 'Object Repository/MenuTopbar/img_Logo' is clicked on

2023-12-18 12:42:08 - [MESSAGE][PASSED] - Object: 'Object Repository/MenuTopbar/img_Logo' is clicked on

2023-12-18 12:42:08 - [TEST_STEP][PASSED] - verifyElementText(findTestObject("Object Repository/Page_Home - RisQIT/h1_Ga voor duurzaamheid en vertrouwen, same_4bc4a8"), "Ga voor duurzaamheid en vertrouwen, samen met ons!"): Actual text and expected text of test object 'Object Repository/Page_Home - RisQIT/h1_Ga voor duurzaamheid en vertrouwen, same_4bc4a8' are matched.

2023-12-18 12:42:09 - [MESSAGE][PASSED] - Actual text and expected text of test object 'Object Repository/Page_Home - RisQIT/h1_Ga voor duurzaamheid en vertrouwen, same_4bc4a8' are matched.

2023-12-18 12:42:09 - [TEST_STEP][PASSED] - closeBrowser(): Browser is closed

2023-12-18 12:42:09 - [MESSAGE][PASSED] - Browser is closed]]></system-out>
         <system-err><![CDATA[]]></system-err>
      </testcase>
      <testcase name="Test Cases/Menu/RT003 MenuClicks - SHT" time="18.247" classname="Test Cases/Menu/RT003 MenuClicks - SHT" status="PASSED">
         <system-out><![CDATA[2023-12-18 12:42:09 - [TEST_CASE][PASSED] - Test Cases/Menu/RT003 MenuClicks - SHT: Test Cases/Menu/RT003 MenuClicks - SHT

2023-12-18 12:42:09 - [TEST_STEP][PASSED] - openBrowser(""): Browser is opened with url: ''

2023-12-18 12:42:09 - [MESSAGE][INFO] - Starting 'Chrome' driver

2023-12-18 12:42:09 - [MESSAGE][INFO] - Action delay is set to 0 milliseconds

2023-12-18 12:42:10 - [MESSAGE][PASSED] - Browser is opened with url: ''

2023-12-18 12:42:10 - [TEST_STEP][PASSED] - maximizeWindow(): Current window maximized

2023-12-18 12:42:10 - [MESSAGE][PASSED] - Current window maximized

2023-12-18 12:42:10 - [TEST_STEP][PASSED] - navigateToUrl(URL + SHT): Navigate to 'https://nlrisqitww-chaca.savviihq.com/security-en-hackerstest-sht/' successfully

2023-12-18 12:42:10 - [MESSAGE][PASSED] - Navigate to 'https://nlrisqitww-chaca.savviihq.com/security-en-hackerstest-sht/' successfully

2023-12-18 12:42:10 - [TEST_STEP][PASSED] - mouseOver(findTestObject("MenuTopbar/btn_Menu_Diensten")): Object: 'Object Repository/MenuTopbar/btn_Menu_Diensten' is hovered

2023-12-18 12:42:11 - [MESSAGE][PASSED] - Object: 'Object Repository/MenuTopbar/btn_Menu_Diensten' is hovered

2023-12-18 12:42:11 - [TEST_STEP][PASSED] - click(findTestObject("MenuTopbar/btn_Menu_Diensten_SoftwareTesting")): Object: 'Object Repository/MenuTopbar/btn_Menu_Diensten_SoftwareTesting' is clicked on

2023-12-18 12:42:12 - [MESSAGE][PASSED] - Object: 'Object Repository/MenuTopbar/btn_Menu_Diensten_SoftwareTesting' is clicked on

2023-12-18 12:42:12 - [TEST_STEP][PASSED] - verifyElementText(findTestObject("Object Repository/Page_Software Testing - RisQIT/h1_Software Testing"), "Software Testing"): Actual text and expected text of test object 'Object Repository/Page_Software Testing - RisQIT/h1_Software Testing' are matched.

2023-12-18 12:42:12 - [MESSAGE][PASSED] - Actual text and expected text of test object 'Object Repository/Page_Software Testing - RisQIT/h1_Software Testing' are matched.

2023-12-18 12:42:12 - [TEST_STEP][PASSED] - navigateToUrl(URL + SHT): Navigate to 'https://nlrisqitww-chaca.savviihq.com/security-en-hackerstest-sht/' successfully

2023-12-18 12:42:13 - [MESSAGE][PASSED] - Navigate to 'https://nlrisqitww-chaca.savviihq.com/security-en-hackerstest-sht/' successfully

2023-12-18 12:42:13 - [TEST_STEP][PASSED] - mouseOver(findTestObject("MenuTopbar/btn_Menu_Diensten")): Object: 'Object Repository/MenuTopbar/btn_Menu_Diensten' is hovered

2023-12-18 12:42:13 - [MESSAGE][PASSED] - Object: 'Object Repository/MenuTopbar/btn_Menu_Diensten' is hovered

2023-12-18 12:42:13 - [TEST_STEP][PASSED] - click(findTestObject("MenuTopbar/btn_Menu_Diensten_SHT")): Object: 'Object Repository/MenuTopbar/btn_Menu_Diensten_SHT' is clicked on

2023-12-18 12:42:14 - [MESSAGE][PASSED] - Object: 'Object Repository/MenuTopbar/btn_Menu_Diensten_SHT' is clicked on

2023-12-18 12:42:14 - [TEST_STEP][PASSED] - verifyElementText(findTestObject("Page_Security en HackersTest (SHT) - RisQIT/h1_Security en HackersTest (SHT)"), "Security En HackersTest (SHT)"): Actual text and expected text of test object 'Object Repository/Page_Security en HackersTest (SHT) - RisQIT/h1_Security en HackersTest (SHT)' are matched.

2023-12-18 12:42:14 - [MESSAGE][PASSED] - Actual text and expected text of test object 'Object Repository/Page_Security en HackersTest (SHT) - RisQIT/h1_Security en HackersTest (SHT)' are matched.

2023-12-18 12:42:14 - [TEST_STEP][PASSED] - navigateToUrl(URL + SHT): Navigate to 'https://nlrisqitww-chaca.savviihq.com/security-en-hackerstest-sht/' successfully

2023-12-18 12:42:14 - [MESSAGE][PASSED] - Navigate to 'https://nlrisqitww-chaca.savviihq.com/security-en-hackerstest-sht/' successfully

2023-12-18 12:42:14 - [TEST_STEP][PASSED] - mouseOver(findTestObject("MenuTopbar/btn_Menu_Diensten")): Object: 'Object Repository/MenuTopbar/btn_Menu_Diensten' is hovered

2023-12-18 12:42:15 - [MESSAGE][PASSED] - Object: 'Object Repository/MenuTopbar/btn_Menu_Diensten' is hovered

2023-12-18 12:42:15 - [TEST_STEP][PASSED] - click(findTestObject("MenuTopbar/btn_Menu_Diensten_UXLab")): Object: 'Object Repository/MenuTopbar/btn_Menu_Diensten_UXLab' is clicked on

2023-12-18 12:42:16 - [MESSAGE][PASSED] - Object: 'Object Repository/MenuTopbar/btn_Menu_Diensten_UXLab' is clicked on

2023-12-18 12:42:16 - [TEST_STEP][PASSED] - verifyElementText(findTestObject("Object Repository/Page_UX Lab - RisQIT/h1_UX Lab"), "UX Lab"): Actual text and expected text of test object 'Object Repository/Page_UX Lab - RisQIT/h1_UX Lab' are matched.

2023-12-18 12:42:16 - [MESSAGE][PASSED] - Actual text and expected text of test object 'Object Repository/Page_UX Lab - RisQIT/h1_UX Lab' are matched.

2023-12-18 12:42:16 - [TEST_STEP][PASSED] - navigateToUrl(URL + SHT): Navigate to 'https://nlrisqitww-chaca.savviihq.com/security-en-hackerstest-sht/' successfully

2023-12-18 12:42:16 - [MESSAGE][PASSED] - Navigate to 'https://nlrisqitww-chaca.savviihq.com/security-en-hackerstest-sht/' successfully

2023-12-18 12:42:16 - [TEST_STEP][PASSED] - click(findTestObject("MenuTopbar/btn_Menu_OverOns")): Object: 'Object Repository/MenuTopbar/btn_Menu_OverOns' is clicked on

2023-12-18 12:42:17 - [MESSAGE][PASSED] - Object: 'Object Repository/MenuTopbar/btn_Menu_OverOns' is clicked on

2023-12-18 12:42:17 - [TEST_STEP][PASSED] - verifyElementText(findTestObject("Object Repository/Page_Over ons - RisQIT/h1_Over ons"), "Over Ons"): Actual text and expected text of test object 'Object Repository/Page_Over ons - RisQIT/h1_Over ons' are matched.

2023-12-18 12:42:17 - [MESSAGE][PASSED] - Actual text and expected text of test object 'Object Repository/Page_Over ons - RisQIT/h1_Over ons' are matched.

2023-12-18 12:42:17 - [TEST_STEP][PASSED] - navigateToUrl(URL + SHT): Navigate to 'https://nlrisqitww-chaca.savviihq.com/security-en-hackerstest-sht/' successfully

2023-12-18 12:42:18 - [MESSAGE][PASSED] - Navigate to 'https://nlrisqitww-chaca.savviihq.com/security-en-hackerstest-sht/' successfully

2023-12-18 12:42:18 - [TEST_STEP][PASSED] - mouseOver(findTestObject("MenuTopbar/btn_Menu_OverOns")): Object: 'Object Repository/MenuTopbar/btn_Menu_OverOns' is hovered

2023-12-18 12:42:18 - [MESSAGE][PASSED] - Object: 'Object Repository/MenuTopbar/btn_Menu_OverOns' is hovered

2023-12-18 12:42:18 - [TEST_STEP][PASSED] - click(findTestObject("MenuTopbar/btn_Menu_OverOns_MissieVisie")): Object: 'Object Repository/MenuTopbar/btn_Menu_OverOns_MissieVisie' is clicked on

2023-12-18 12:42:19 - [MESSAGE][PASSED] - Object: 'Object Repository/MenuTopbar/btn_Menu_OverOns_MissieVisie' is clicked on

2023-12-18 12:42:19 - [TEST_STEP][PASSED] - verifyElementText(findTestObject("Object Repository/Page_Missie  Visie - RisQIT/h1_Missie  Visie"), "Missie & Visie"): Actual text and expected text of test object 'Object Repository/Page_Missie  Visie - RisQIT/h1_Missie  Visie' are matched.

2023-12-18 12:42:19 - [MESSAGE][PASSED] - Actual text and expected text of test object 'Object Repository/Page_Missie  Visie - RisQIT/h1_Missie  Visie' are matched.

2023-12-18 12:42:19 - [TEST_STEP][PASSED] - navigateToUrl(URL + SHT): Navigate to 'https://nlrisqitww-chaca.savviihq.com/security-en-hackerstest-sht/' successfully

2023-12-18 12:42:19 - [MESSAGE][PASSED] - Navigate to 'https://nlrisqitww-chaca.savviihq.com/security-en-hackerstest-sht/' successfully

2023-12-18 12:42:19 - [TEST_STEP][PASSED] - mouseOver(findTestObject("MenuTopbar/btn_Menu_OverOns")): Object: 'Object Repository/MenuTopbar/btn_Menu_OverOns' is hovered

2023-12-18 12:42:20 - [MESSAGE][PASSED] - Object: 'Object Repository/MenuTopbar/btn_Menu_OverOns' is hovered

2023-12-18 12:42:20 - [TEST_STEP][PASSED] - click(findTestObject("MenuTopbar/btn_Menu_OverOns_HetGilde")): Object: 'Object Repository/MenuTopbar/btn_Menu_OverOns_HetGilde' is clicked on

2023-12-18 12:42:20 - [MESSAGE][PASSED] - Object: 'Object Repository/MenuTopbar/btn_Menu_OverOns_HetGilde' is clicked on

2023-12-18 12:42:20 - [TEST_STEP][PASSED] - verifyElementText(findTestObject("Object Repository/Page_Het Gilde - RisQIT/h1_Het Gilde"), "Het Gilde"): Actual text and expected text of test object 'Object Repository/Page_Het Gilde - RisQIT/h1_Het Gilde' are matched.

2023-12-18 12:42:21 - [MESSAGE][PASSED] - Actual text and expected text of test object 'Object Repository/Page_Het Gilde - RisQIT/h1_Het Gilde' are matched.

2023-12-18 12:42:21 - [TEST_STEP][PASSED] - navigateToUrl(URL + SHT): Navigate to 'https://nlrisqitww-chaca.savviihq.com/security-en-hackerstest-sht/' successfully

2023-12-18 12:42:21 - [MESSAGE][PASSED] - Navigate to 'https://nlrisqitww-chaca.savviihq.com/security-en-hackerstest-sht/' successfully

2023-12-18 12:42:21 - [TEST_STEP][PASSED] - mouseOver(findTestObject("MenuTopbar/btn_Menu_OverOns")): Object: 'Object Repository/MenuTopbar/btn_Menu_OverOns' is hovered

2023-12-18 12:42:22 - [MESSAGE][PASSED] - Object: 'Object Repository/MenuTopbar/btn_Menu_OverOns' is hovered

2023-12-18 12:42:22 - [TEST_STEP][PASSED] - click(findTestObject("MenuTopbar/btn_Menu_OverOns_SuperTester")): Object: 'Object Repository/MenuTopbar/btn_Menu_OverOns_SuperTester' is clicked on

2023-12-18 12:42:22 - [MESSAGE][PASSED] - Object: 'Object Repository/MenuTopbar/btn_Menu_OverOns_SuperTester' is clicked on

2023-12-18 12:42:22 - [TEST_STEP][PASSED] - verifyElementText(findTestObject("Object Repository/Page_SuperTester - RisQIT/h1_Whitepaper SuperTester"), "Whitepaper SuperTester"): Actual text and expected text of test object 'Object Repository/Page_SuperTester - RisQIT/h1_Whitepaper SuperTester' are matched.

2023-12-18 12:42:23 - [MESSAGE][PASSED] - Actual text and expected text of test object 'Object Repository/Page_SuperTester - RisQIT/h1_Whitepaper SuperTester' are matched.

2023-12-18 12:42:23 - [TEST_STEP][PASSED] - navigateToUrl(URL + SHT): Navigate to 'https://nlrisqitww-chaca.savviihq.com/security-en-hackerstest-sht/' successfully

2023-12-18 12:42:23 - [MESSAGE][PASSED] - Navigate to 'https://nlrisqitww-chaca.savviihq.com/security-en-hackerstest-sht/' successfully

2023-12-18 12:42:23 - [TEST_STEP][PASSED] - click(findTestObject("MenuTopbar/btn_Menu_Blog")): Object: 'Object Repository/MenuTopbar/btn_Menu_Blog' is clicked on

2023-12-18 12:42:23 - [MESSAGE][PASSED] - Object: 'Object Repository/MenuTopbar/btn_Menu_Blog' is clicked on

2023-12-18 12:42:23 - [TEST_STEP][PASSED] - verifyElementText(findTestObject("Object Repository/Page_Blog - RisQIT/h1_Blog"), "Blog"): Actual text and expected text of test object 'Object Repository/Page_Blog - RisQIT/h1_Blog' are matched.

2023-12-18 12:42:24 - [MESSAGE][PASSED] - Actual text and expected text of test object 'Object Repository/Page_Blog - RisQIT/h1_Blog' are matched.

2023-12-18 12:42:24 - [TEST_STEP][PASSED] - click(findTestObject("MenuTopbar/btn_Menu_Vacatures")): Object: 'Object Repository/MenuTopbar/btn_Menu_Vacatures' is clicked on

2023-12-18 12:42:25 - [MESSAGE][PASSED] - Object: 'Object Repository/MenuTopbar/btn_Menu_Vacatures' is clicked on

2023-12-18 12:42:25 - [TEST_STEP][PASSED] - verifyElementText(findTestObject("Object Repository/Page_Vacatures - RisQIT/h1_Vacatures"), "Vacatures"): Actual text and expected text of test object 'Object Repository/Page_Vacatures - RisQIT/h1_Vacatures' are matched.

2023-12-18 12:42:25 - [MESSAGE][PASSED] - Actual text and expected text of test object 'Object Repository/Page_Vacatures - RisQIT/h1_Vacatures' are matched.

2023-12-18 12:42:25 - [TEST_STEP][PASSED] - navigateToUrl(URL + SHT): Navigate to 'https://nlrisqitww-chaca.savviihq.com/security-en-hackerstest-sht/' successfully

2023-12-18 12:42:25 - [MESSAGE][PASSED] - Navigate to 'https://nlrisqitww-chaca.savviihq.com/security-en-hackerstest-sht/' successfully

2023-12-18 12:42:25 - [TEST_STEP][PASSED] - click(findTestObject("Object Repository/MenuTopbar/Page_Vacatures - RisQIT/div_Contact opnemen")): Object: 'Object Repository/MenuTopbar/Page_Vacatures - RisQIT/div_Contact opnemen' is clicked on

2023-12-18 12:42:26 - [MESSAGE][PASSED] - Object: 'Object Repository/MenuTopbar/Page_Vacatures - RisQIT/div_Contact opnemen' is clicked on

2023-12-18 12:42:26 - [TEST_STEP][PASSED] - verifyElementText(findTestObject("Object Repository/Page_Contact - RisQIT/h1_Contact"), "Contact"): Actual text and expected text of test object 'Object Repository/Page_Contact - RisQIT/h1_Contact' are matched.

2023-12-18 12:42:26 - [MESSAGE][PASSED] - Actual text and expected text of test object 'Object Repository/Page_Contact - RisQIT/h1_Contact' are matched.

2023-12-18 12:42:26 - [TEST_STEP][PASSED] - click(findTestObject("MenuTopbar/img_Logo")): Object: 'Object Repository/MenuTopbar/img_Logo' is clicked on

2023-12-18 12:42:27 - [MESSAGE][PASSED] - Object: 'Object Repository/MenuTopbar/img_Logo' is clicked on

2023-12-18 12:42:27 - [TEST_STEP][PASSED] - verifyElementText(findTestObject("Object Repository/Page_Home - RisQIT/h1_Ga voor duurzaamheid en vertrouwen, same_4bc4a8"), "Ga voor duurzaamheid en vertrouwen, samen met ons!"): Actual text and expected text of test object 'Object Repository/Page_Home - RisQIT/h1_Ga voor duurzaamheid en vertrouwen, same_4bc4a8' are matched.

2023-12-18 12:42:27 - [MESSAGE][PASSED] - Actual text and expected text of test object 'Object Repository/Page_Home - RisQIT/h1_Ga voor duurzaamheid en vertrouwen, same_4bc4a8' are matched.

2023-12-18 12:42:27 - [TEST_STEP][PASSED] - closeBrowser(): Browser is closed

2023-12-18 12:42:27 - [MESSAGE][PASSED] - Browser is closed]]></system-out>
         <system-err><![CDATA[]]></system-err>
      </testcase>
      <testcase name="Test Cases/Menu/RT004 MenuClicks - UX-Lab" time="17.647" classname="Test Cases/Menu/RT004 MenuClicks - UX-Lab" status="PASSED">
         <system-out><![CDATA[2023-12-18 12:42:27 - [TEST_CASE][PASSED] - Test Cases/Menu/RT004 MenuClicks - UX-Lab: Test Cases/Menu/RT004 MenuClicks - UX-Lab

2023-12-18 12:42:27 - [TEST_STEP][PASSED] - openBrowser(""): Browser is opened with url: ''

2023-12-18 12:42:27 - [MESSAGE][INFO] - Starting 'Chrome' driver

2023-12-18 12:42:27 - [MESSAGE][INFO] - Action delay is set to 0 milliseconds

2023-12-18 12:42:28 - [MESSAGE][PASSED] - Browser is opened with url: ''

2023-12-18 12:42:28 - [TEST_STEP][PASSED] - maximizeWindow(): Current window maximized

2023-12-18 12:42:28 - [MESSAGE][PASSED] - Current window maximized

2023-12-18 12:42:28 - [TEST_STEP][PASSED] - navigateToUrl(URL + UXLAB): Navigate to 'https://nlrisqitww-chaca.savviihq.com/ux-lab/' successfully

2023-12-18 12:42:28 - [MESSAGE][PASSED] - Navigate to 'https://nlrisqitww-chaca.savviihq.com/ux-lab/' successfully

2023-12-18 12:42:28 - [TEST_STEP][PASSED] - mouseOver(findTestObject("MenuTopbar/btn_Menu_Diensten")): Object: 'Object Repository/MenuTopbar/btn_Menu_Diensten' is hovered

2023-12-18 12:42:29 - [MESSAGE][PASSED] - Object: 'Object Repository/MenuTopbar/btn_Menu_Diensten' is hovered

2023-12-18 12:42:29 - [TEST_STEP][PASSED] - click(findTestObject("MenuTopbar/btn_Menu_Diensten_SoftwareTesting")): Object: 'Object Repository/MenuTopbar/btn_Menu_Diensten_SoftwareTesting' is clicked on

2023-12-18 12:42:30 - [MESSAGE][PASSED] - Object: 'Object Repository/MenuTopbar/btn_Menu_Diensten_SoftwareTesting' is clicked on

2023-12-18 12:42:30 - [TEST_STEP][PASSED] - verifyElementText(findTestObject("Object Repository/Page_Software Testing - RisQIT/h1_Software Testing"), "Software Testing"): Actual text and expected text of test object 'Object Repository/Page_Software Testing - RisQIT/h1_Software Testing' are matched.

2023-12-18 12:42:31 - [MESSAGE][PASSED] - Actual text and expected text of test object 'Object Repository/Page_Software Testing - RisQIT/h1_Software Testing' are matched.

2023-12-18 12:42:31 - [TEST_STEP][PASSED] - navigateToUrl(URL + UXLAB): Navigate to 'https://nlrisqitww-chaca.savviihq.com/ux-lab/' successfully

2023-12-18 12:42:31 - [MESSAGE][PASSED] - Navigate to 'https://nlrisqitww-chaca.savviihq.com/ux-lab/' successfully

2023-12-18 12:42:31 - [TEST_STEP][PASSED] - mouseOver(findTestObject("MenuTopbar/btn_Menu_Diensten")): Object: 'Object Repository/MenuTopbar/btn_Menu_Diensten' is hovered

2023-12-18 12:42:31 - [MESSAGE][PASSED] - Object: 'Object Repository/MenuTopbar/btn_Menu_Diensten' is hovered

2023-12-18 12:42:31 - [TEST_STEP][PASSED] - click(findTestObject("MenuTopbar/btn_Menu_Diensten_SHT")): Object: 'Object Repository/MenuTopbar/btn_Menu_Diensten_SHT' is clicked on

2023-12-18 12:42:32 - [MESSAGE][PASSED] - Object: 'Object Repository/MenuTopbar/btn_Menu_Diensten_SHT' is clicked on

2023-12-18 12:42:32 - [TEST_STEP][PASSED] - verifyElementText(findTestObject("Page_Security en HackersTest (SHT) - RisQIT/h1_Security en HackersTest (SHT)"), "Security En HackersTest (SHT)"): Actual text and expected text of test object 'Object Repository/Page_Security en HackersTest (SHT) - RisQIT/h1_Security en HackersTest (SHT)' are matched.

2023-12-18 12:42:33 - [MESSAGE][PASSED] - Actual text and expected text of test object 'Object Repository/Page_Security en HackersTest (SHT) - RisQIT/h1_Security en HackersTest (SHT)' are matched.

2023-12-18 12:42:33 - [TEST_STEP][PASSED] - navigateToUrl(URL + UXLAB): Navigate to 'https://nlrisqitww-chaca.savviihq.com/ux-lab/' successfully

2023-12-18 12:42:33 - [MESSAGE][PASSED] - Navigate to 'https://nlrisqitww-chaca.savviihq.com/ux-lab/' successfully

2023-12-18 12:42:33 - [TEST_STEP][PASSED] - mouseOver(findTestObject("MenuTopbar/btn_Menu_Diensten")): Object: 'Object Repository/MenuTopbar/btn_Menu_Diensten' is hovered

2023-12-18 12:42:33 - [MESSAGE][PASSED] - Object: 'Object Repository/MenuTopbar/btn_Menu_Diensten' is hovered

2023-12-18 12:42:33 - [TEST_STEP][PASSED] - click(findTestObject("MenuTopbar/btn_Menu_Diensten_UXLab")): Object: 'Object Repository/MenuTopbar/btn_Menu_Diensten_UXLab' is clicked on

2023-12-18 12:42:34 - [MESSAGE][PASSED] - Object: 'Object Repository/MenuTopbar/btn_Menu_Diensten_UXLab' is clicked on

2023-12-18 12:42:34 - [TEST_STEP][PASSED] - verifyElementText(findTestObject("Object Repository/Page_UX Lab - RisQIT/h1_UX Lab"), "UX Lab"): Actual text and expected text of test object 'Object Repository/Page_UX Lab - RisQIT/h1_UX Lab' are matched.

2023-12-18 12:42:35 - [MESSAGE][PASSED] - Actual text and expected text of test object 'Object Repository/Page_UX Lab - RisQIT/h1_UX Lab' are matched.

2023-12-18 12:42:35 - [TEST_STEP][PASSED] - navigateToUrl(URL + UXLAB): Navigate to 'https://nlrisqitww-chaca.savviihq.com/ux-lab/' successfully

2023-12-18 12:42:35 - [MESSAGE][PASSED] - Navigate to 'https://nlrisqitww-chaca.savviihq.com/ux-lab/' successfully

2023-12-18 12:42:35 - [TEST_STEP][PASSED] - click(findTestObject("MenuTopbar/btn_Menu_OverOns")): Object: 'Object Repository/MenuTopbar/btn_Menu_OverOns' is clicked on

2023-12-18 12:42:35 - [MESSAGE][PASSED] - Object: 'Object Repository/MenuTopbar/btn_Menu_OverOns' is clicked on

2023-12-18 12:42:35 - [TEST_STEP][PASSED] - verifyElementText(findTestObject("Object Repository/Page_Over ons - RisQIT/h1_Over ons"), "Over Ons"): Actual text and expected text of test object 'Object Repository/Page_Over ons - RisQIT/h1_Over ons' are matched.

2023-12-18 12:42:36 - [MESSAGE][PASSED] - Actual text and expected text of test object 'Object Repository/Page_Over ons - RisQIT/h1_Over ons' are matched.

2023-12-18 12:42:36 - [TEST_STEP][PASSED] - navigateToUrl(URL + UXLAB): Navigate to 'https://nlrisqitww-chaca.savviihq.com/ux-lab/' successfully

2023-12-18 12:42:36 - [MESSAGE][PASSED] - Navigate to 'https://nlrisqitww-chaca.savviihq.com/ux-lab/' successfully

2023-12-18 12:42:36 - [TEST_STEP][PASSED] - mouseOver(findTestObject("MenuTopbar/btn_Menu_OverOns")): Object: 'Object Repository/MenuTopbar/btn_Menu_OverOns' is hovered

2023-12-18 12:42:37 - [MESSAGE][PASSED] - Object: 'Object Repository/MenuTopbar/btn_Menu_OverOns' is hovered

2023-12-18 12:42:37 - [TEST_STEP][PASSED] - click(findTestObject("MenuTopbar/btn_Menu_OverOns_MissieVisie")): Object: 'Object Repository/MenuTopbar/btn_Menu_OverOns_MissieVisie' is clicked on

2023-12-18 12:42:37 - [MESSAGE][PASSED] - Object: 'Object Repository/MenuTopbar/btn_Menu_OverOns_MissieVisie' is clicked on

2023-12-18 12:42:37 - [TEST_STEP][PASSED] - verifyElementText(findTestObject("Object Repository/Page_Missie  Visie - RisQIT/h1_Missie  Visie"), "Missie & Visie"): Actual text and expected text of test object 'Object Repository/Page_Missie  Visie - RisQIT/h1_Missie  Visie' are matched.

2023-12-18 12:42:38 - [MESSAGE][PASSED] - Actual text and expected text of test object 'Object Repository/Page_Missie  Visie - RisQIT/h1_Missie  Visie' are matched.

2023-12-18 12:42:38 - [TEST_STEP][PASSED] - navigateToUrl(URL + UXLAB): Navigate to 'https://nlrisqitww-chaca.savviihq.com/ux-lab/' successfully

2023-12-18 12:42:38 - [MESSAGE][PASSED] - Navigate to 'https://nlrisqitww-chaca.savviihq.com/ux-lab/' successfully

2023-12-18 12:42:38 - [TEST_STEP][PASSED] - mouseOver(findTestObject("MenuTopbar/btn_Menu_OverOns")): Object: 'Object Repository/MenuTopbar/btn_Menu_OverOns' is hovered

2023-12-18 12:42:38 - [MESSAGE][PASSED] - Object: 'Object Repository/MenuTopbar/btn_Menu_OverOns' is hovered

2023-12-18 12:42:38 - [TEST_STEP][PASSED] - click(findTestObject("MenuTopbar/btn_Menu_OverOns_HetGilde")): Object: 'Object Repository/MenuTopbar/btn_Menu_OverOns_HetGilde' is clicked on

2023-12-18 12:42:39 - [MESSAGE][PASSED] - Object: 'Object Repository/MenuTopbar/btn_Menu_OverOns_HetGilde' is clicked on

2023-12-18 12:42:39 - [TEST_STEP][PASSED] - verifyElementText(findTestObject("Object Repository/Page_Het Gilde - RisQIT/h1_Het Gilde"), "Het Gilde"): Actual text and expected text of test object 'Object Repository/Page_Het Gilde - RisQIT/h1_Het Gilde' are matched.

2023-12-18 12:42:40 - [MESSAGE][PASSED] - Actual text and expected text of test object 'Object Repository/Page_Het Gilde - RisQIT/h1_Het Gilde' are matched.

2023-12-18 12:42:40 - [TEST_STEP][PASSED] - navigateToUrl(URL + UXLAB): Navigate to 'https://nlrisqitww-chaca.savviihq.com/ux-lab/' successfully

2023-12-18 12:42:40 - [MESSAGE][PASSED] - Navigate to 'https://nlrisqitww-chaca.savviihq.com/ux-lab/' successfully

2023-12-18 12:42:40 - [TEST_STEP][PASSED] - mouseOver(findTestObject("MenuTopbar/btn_Menu_OverOns")): Object: 'Object Repository/MenuTopbar/btn_Menu_OverOns' is hovered

2023-12-18 12:42:40 - [MESSAGE][PASSED] - Object: 'Object Repository/MenuTopbar/btn_Menu_OverOns' is hovered

2023-12-18 12:42:40 - [TEST_STEP][PASSED] - click(findTestObject("MenuTopbar/btn_Menu_OverOns_SuperTester")): Object: 'Object Repository/MenuTopbar/btn_Menu_OverOns_SuperTester' is clicked on

2023-12-18 12:42:41 - [MESSAGE][PASSED] - Object: 'Object Repository/MenuTopbar/btn_Menu_OverOns_SuperTester' is clicked on

2023-12-18 12:42:41 - [TEST_STEP][PASSED] - verifyElementText(findTestObject("Object Repository/Page_SuperTester - RisQIT/h1_Whitepaper SuperTester"), "Whitepaper SuperTester"): Actual text and expected text of test object 'Object Repository/Page_SuperTester - RisQIT/h1_Whitepaper SuperTester' are matched.

2023-12-18 12:42:41 - [MESSAGE][PASSED] - Actual text and expected text of test object 'Object Repository/Page_SuperTester - RisQIT/h1_Whitepaper SuperTester' are matched.

2023-12-18 12:42:41 - [TEST_STEP][PASSED] - navigateToUrl(URL + UXLAB): Navigate to 'https://nlrisqitww-chaca.savviihq.com/ux-lab/' successfully

2023-12-18 12:42:42 - [MESSAGE][PASSED] - Navigate to 'https://nlrisqitww-chaca.savviihq.com/ux-lab/' successfully

2023-12-18 12:42:42 - [TEST_STEP][PASSED] - click(findTestObject("MenuTopbar/btn_Menu_Blog")): Object: 'Object Repository/MenuTopbar/btn_Menu_Blog' is clicked on

2023-12-18 12:42:42 - [MESSAGE][PASSED] - Object: 'Object Repository/MenuTopbar/btn_Menu_Blog' is clicked on

2023-12-18 12:42:42 - [TEST_STEP][PASSED] - verifyElementText(findTestObject("Object Repository/Page_Blog - RisQIT/h1_Blog"), "Blog"): Actual text and expected text of test object 'Object Repository/Page_Blog - RisQIT/h1_Blog' are matched.

2023-12-18 12:42:42 - [MESSAGE][PASSED] - Actual text and expected text of test object 'Object Repository/Page_Blog - RisQIT/h1_Blog' are matched.

2023-12-18 12:42:42 - [TEST_STEP][PASSED] - click(findTestObject("MenuTopbar/btn_Menu_Vacatures")): Object: 'Object Repository/MenuTopbar/btn_Menu_Vacatures' is clicked on

2023-12-18 12:42:43 - [MESSAGE][PASSED] - Object: 'Object Repository/MenuTopbar/btn_Menu_Vacatures' is clicked on

2023-12-18 12:42:43 - [TEST_STEP][PASSED] - verifyElementText(findTestObject("Object Repository/Page_Vacatures - RisQIT/h1_Vacatures"), "Vacatures"): Actual text and expected text of test object 'Object Repository/Page_Vacatures - RisQIT/h1_Vacatures' are matched.

2023-12-18 12:42:43 - [MESSAGE][PASSED] - Actual text and expected text of test object 'Object Repository/Page_Vacatures - RisQIT/h1_Vacatures' are matched.

2023-12-18 12:42:43 - [TEST_STEP][PASSED] - navigateToUrl(URL + UXLAB): Navigate to 'https://nlrisqitww-chaca.savviihq.com/ux-lab/' successfully

2023-12-18 12:42:43 - [MESSAGE][PASSED] - Navigate to 'https://nlrisqitww-chaca.savviihq.com/ux-lab/' successfully

2023-12-18 12:42:43 - [TEST_STEP][PASSED] - click(findTestObject("Object Repository/MenuTopbar/Page_Vacatures - RisQIT/div_Contact opnemen")): Object: 'Object Repository/MenuTopbar/Page_Vacatures - RisQIT/div_Contact opnemen' is clicked on

2023-12-18 12:42:44 - [MESSAGE][PASSED] - Object: 'Object Repository/MenuTopbar/Page_Vacatures - RisQIT/div_Contact opnemen' is clicked on

2023-12-18 12:42:44 - [TEST_STEP][PASSED] - verifyElementText(findTestObject("Object Repository/Page_Contact - RisQIT/h1_Contact"), "Contact"): Actual text and expected text of test object 'Object Repository/Page_Contact - RisQIT/h1_Contact' are matched.

2023-12-18 12:42:44 - [MESSAGE][PASSED] - Actual text and expected text of test object 'Object Repository/Page_Contact - RisQIT/h1_Contact' are matched.

2023-12-18 12:42:44 - [TEST_STEP][PASSED] - click(findTestObject("MenuTopbar/img_Logo")): Object: 'Object Repository/MenuTopbar/img_Logo' is clicked on

2023-12-18 12:42:44 - [MESSAGE][PASSED] - Object: 'Object Repository/MenuTopbar/img_Logo' is clicked on

2023-12-18 12:42:44 - [TEST_STEP][PASSED] - verifyElementText(findTestObject("Object Repository/Page_Home - RisQIT/h1_Ga voor duurzaamheid en vertrouwen, same_4bc4a8"), "Ga voor duurzaamheid en vertrouwen, samen met ons!"): Actual text and expected text of test object 'Object Repository/Page_Home - RisQIT/h1_Ga voor duurzaamheid en vertrouwen, same_4bc4a8' are matched.

2023-12-18 12:42:45 - [MESSAGE][PASSED] - Actual text and expected text of test object 'Object Repository/Page_Home - RisQIT/h1_Ga voor duurzaamheid en vertrouwen, same_4bc4a8' are matched.

2023-12-18 12:42:45 - [TEST_STEP][PASSED] - closeBrowser(): Browser is closed

2023-12-18 12:42:45 - [MESSAGE][PASSED] - Browser is closed]]></system-out>
         <system-err><![CDATA[]]></system-err>
      </testcase>
      <testcase name="Test Cases/Menu/RT005 MenuClicks - Over Ons" time="18.671" classname="Test Cases/Menu/RT005 MenuClicks - Over Ons" status="PASSED">
         <system-out><![CDATA[2023-12-18 12:42:45 - [TEST_CASE][PASSED] - Test Cases/Menu/RT005 MenuClicks - Over Ons: Test Cases/Menu/RT005 MenuClicks - Over Ons

2023-12-18 12:42:45 - [TEST_STEP][PASSED] - openBrowser(""): Browser is opened with url: ''

2023-12-18 12:42:45 - [MESSAGE][INFO] - Starting 'Chrome' driver

2023-12-18 12:42:45 - [MESSAGE][INFO] - Action delay is set to 0 milliseconds

2023-12-18 12:42:46 - [MESSAGE][PASSED] - Browser is opened with url: ''

2023-12-18 12:42:46 - [TEST_STEP][PASSED] - maximizeWindow(): Current window maximized

2023-12-18 12:42:46 - [MESSAGE][PASSED] - Current window maximized

2023-12-18 12:42:46 - [TEST_STEP][PASSED] - navigateToUrl(URL + OVER_ONS): Navigate to 'https://nlrisqitww-chaca.savviihq.com/over-ons/' successfully

2023-12-18 12:42:46 - [MESSAGE][PASSED] - Navigate to 'https://nlrisqitww-chaca.savviihq.com/over-ons/' successfully

2023-12-18 12:42:46 - [TEST_STEP][PASSED] - mouseOver(findTestObject("MenuTopbar/btn_Menu_Diensten")): Object: 'Object Repository/MenuTopbar/btn_Menu_Diensten' is hovered

2023-12-18 12:42:47 - [MESSAGE][PASSED] - Object: 'Object Repository/MenuTopbar/btn_Menu_Diensten' is hovered

2023-12-18 12:42:47 - [TEST_STEP][PASSED] - click(findTestObject("MenuTopbar/btn_Menu_Diensten_SoftwareTesting")): Object: 'Object Repository/MenuTopbar/btn_Menu_Diensten_SoftwareTesting' is clicked on

2023-12-18 12:42:48 - [MESSAGE][PASSED] - Object: 'Object Repository/MenuTopbar/btn_Menu_Diensten_SoftwareTesting' is clicked on

2023-12-18 12:42:48 - [TEST_STEP][PASSED] - verifyElementText(findTestObject("Object Repository/Page_Software Testing - RisQIT/h1_Software Testing"), "Software Testing"): Actual text and expected text of test object 'Object Repository/Page_Software Testing - RisQIT/h1_Software Testing' are matched.

2023-12-18 12:42:48 - [MESSAGE][PASSED] - Actual text and expected text of test object 'Object Repository/Page_Software Testing - RisQIT/h1_Software Testing' are matched.

2023-12-18 12:42:48 - [TEST_STEP][PASSED] - navigateToUrl(URL + OVER_ONS): Navigate to 'https://nlrisqitww-chaca.savviihq.com/over-ons/' successfully

2023-12-18 12:42:49 - [MESSAGE][PASSED] - Navigate to 'https://nlrisqitww-chaca.savviihq.com/over-ons/' successfully

2023-12-18 12:42:49 - [TEST_STEP][PASSED] - mouseOver(findTestObject("MenuTopbar/btn_Menu_Diensten")): Object: 'Object Repository/MenuTopbar/btn_Menu_Diensten' is hovered

2023-12-18 12:42:49 - [MESSAGE][PASSED] - Object: 'Object Repository/MenuTopbar/btn_Menu_Diensten' is hovered

2023-12-18 12:42:49 - [TEST_STEP][PASSED] - click(findTestObject("MenuTopbar/btn_Menu_Diensten_SHT")): Object: 'Object Repository/MenuTopbar/btn_Menu_Diensten_SHT' is clicked on

2023-12-18 12:42:50 - [MESSAGE][PASSED] - Object: 'Object Repository/MenuTopbar/btn_Menu_Diensten_SHT' is clicked on

2023-12-18 12:42:50 - [TEST_STEP][PASSED] - verifyElementText(findTestObject("Page_Security en HackersTest (SHT) - RisQIT/h1_Security en HackersTest (SHT)"), "Security En HackersTest (SHT)"): Actual text and expected text of test object 'Object Repository/Page_Security en HackersTest (SHT) - RisQIT/h1_Security en HackersTest (SHT)' are matched.

2023-12-18 12:42:50 - [MESSAGE][PASSED] - Actual text and expected text of test object 'Object Repository/Page_Security en HackersTest (SHT) - RisQIT/h1_Security en HackersTest (SHT)' are matched.

2023-12-18 12:42:50 - [TEST_STEP][PASSED] - navigateToUrl(URL + OVER_ONS): Navigate to 'https://nlrisqitww-chaca.savviihq.com/over-ons/' successfully

2023-12-18 12:42:50 - [MESSAGE][PASSED] - Navigate to 'https://nlrisqitww-chaca.savviihq.com/over-ons/' successfully

2023-12-18 12:42:50 - [TEST_STEP][PASSED] - mouseOver(findTestObject("MenuTopbar/btn_Menu_Diensten")): Object: 'Object Repository/MenuTopbar/btn_Menu_Diensten' is hovered

2023-12-18 12:42:51 - [MESSAGE][PASSED] - Object: 'Object Repository/MenuTopbar/btn_Menu_Diensten' is hovered

2023-12-18 12:42:51 - [TEST_STEP][PASSED] - click(findTestObject("MenuTopbar/btn_Menu_Diensten_UXLab")): Object: 'Object Repository/MenuTopbar/btn_Menu_Diensten_UXLab' is clicked on

2023-12-18 12:42:52 - [MESSAGE][PASSED] - Object: 'Object Repository/MenuTopbar/btn_Menu_Diensten_UXLab' is clicked on

2023-12-18 12:42:52 - [TEST_STEP][PASSED] - verifyElementText(findTestObject("Object Repository/Page_UX Lab - RisQIT/h1_UX Lab"), "UX Lab"): Actual text and expected text of test object 'Object Repository/Page_UX Lab - RisQIT/h1_UX Lab' are matched.

2023-12-18 12:42:52 - [MESSAGE][PASSED] - Actual text and expected text of test object 'Object Repository/Page_UX Lab - RisQIT/h1_UX Lab' are matched.

2023-12-18 12:42:52 - [TEST_STEP][PASSED] - navigateToUrl(URL + OVER_ONS): Navigate to 'https://nlrisqitww-chaca.savviihq.com/over-ons/' successfully

2023-12-18 12:42:52 - [MESSAGE][PASSED] - Navigate to 'https://nlrisqitww-chaca.savviihq.com/over-ons/' successfully

2023-12-18 12:42:52 - [TEST_STEP][PASSED] - click(findTestObject("MenuTopbar/btn_Menu_OverOns")): Object: 'Object Repository/MenuTopbar/btn_Menu_OverOns' is clicked on

2023-12-18 12:42:53 - [MESSAGE][PASSED] - Object: 'Object Repository/MenuTopbar/btn_Menu_OverOns' is clicked on

2023-12-18 12:42:53 - [TEST_STEP][PASSED] - verifyElementText(findTestObject("Object Repository/Page_Over ons - RisQIT/h1_Over ons"), "Over Ons"): Actual text and expected text of test object 'Object Repository/Page_Over ons - RisQIT/h1_Over ons' are matched.

2023-12-18 12:42:53 - [MESSAGE][PASSED] - Actual text and expected text of test object 'Object Repository/Page_Over ons - RisQIT/h1_Over ons' are matched.

2023-12-18 12:42:53 - [TEST_STEP][PASSED] - navigateToUrl(URL + OVER_ONS): Navigate to 'https://nlrisqitww-chaca.savviihq.com/over-ons/' successfully

2023-12-18 12:42:53 - [MESSAGE][PASSED] - Navigate to 'https://nlrisqitww-chaca.savviihq.com/over-ons/' successfully

2023-12-18 12:42:53 - [TEST_STEP][PASSED] - mouseOver(findTestObject("MenuTopbar/btn_Menu_OverOns")): Object: 'Object Repository/MenuTopbar/btn_Menu_OverOns' is hovered

2023-12-18 12:42:54 - [MESSAGE][PASSED] - Object: 'Object Repository/MenuTopbar/btn_Menu_OverOns' is hovered

2023-12-18 12:42:54 - [TEST_STEP][PASSED] - click(findTestObject("MenuTopbar/btn_Menu_OverOns_MissieVisie")): Object: 'Object Repository/MenuTopbar/btn_Menu_OverOns_MissieVisie' is clicked on

2023-12-18 12:42:55 - [MESSAGE][PASSED] - Object: 'Object Repository/MenuTopbar/btn_Menu_OverOns_MissieVisie' is clicked on

2023-12-18 12:42:55 - [TEST_STEP][PASSED] - verifyElementText(findTestObject("Object Repository/Page_Missie  Visie - RisQIT/h1_Missie  Visie"), "Missie & Visie"): Actual text and expected text of test object 'Object Repository/Page_Missie  Visie - RisQIT/h1_Missie  Visie' are matched.

2023-12-18 12:42:55 - [MESSAGE][PASSED] - Actual text and expected text of test object 'Object Repository/Page_Missie  Visie - RisQIT/h1_Missie  Visie' are matched.

2023-12-18 12:42:55 - [TEST_STEP][PASSED] - navigateToUrl(URL + OVER_ONS): Navigate to 'https://nlrisqitww-chaca.savviihq.com/over-ons/' successfully

2023-12-18 12:42:55 - [MESSAGE][PASSED] - Navigate to 'https://nlrisqitww-chaca.savviihq.com/over-ons/' successfully

2023-12-18 12:42:55 - [TEST_STEP][PASSED] - mouseOver(findTestObject("MenuTopbar/btn_Menu_OverOns")): Object: 'Object Repository/MenuTopbar/btn_Menu_OverOns' is hovered

2023-12-18 12:42:56 - [MESSAGE][PASSED] - Object: 'Object Repository/MenuTopbar/btn_Menu_OverOns' is hovered

2023-12-18 12:42:56 - [TEST_STEP][PASSED] - click(findTestObject("MenuTopbar/btn_Menu_OverOns_HetGilde")): Object: 'Object Repository/MenuTopbar/btn_Menu_OverOns_HetGilde' is clicked on

2023-12-18 12:42:57 - [MESSAGE][PASSED] - Object: 'Object Repository/MenuTopbar/btn_Menu_OverOns_HetGilde' is clicked on

2023-12-18 12:42:57 - [TEST_STEP][PASSED] - verifyElementText(findTestObject("Object Repository/Page_Het Gilde - RisQIT/h1_Het Gilde"), "Het Gilde"): Actual text and expected text of test object 'Object Repository/Page_Het Gilde - RisQIT/h1_Het Gilde' are matched.

2023-12-18 12:42:57 - [MESSAGE][PASSED] - Actual text and expected text of test object 'Object Repository/Page_Het Gilde - RisQIT/h1_Het Gilde' are matched.

2023-12-18 12:42:57 - [TEST_STEP][PASSED] - navigateToUrl(URL + OVER_ONS): Navigate to 'https://nlrisqitww-chaca.savviihq.com/over-ons/' successfully

2023-12-18 12:42:57 - [MESSAGE][PASSED] - Navigate to 'https://nlrisqitww-chaca.savviihq.com/over-ons/' successfully

2023-12-18 12:42:57 - [TEST_STEP][PASSED] - mouseOver(findTestObject("MenuTopbar/btn_Menu_OverOns")): Object: 'Object Repository/MenuTopbar/btn_Menu_OverOns' is hovered

2023-12-18 12:42:58 - [MESSAGE][PASSED] - Object: 'Object Repository/MenuTopbar/btn_Menu_OverOns' is hovered

2023-12-18 12:42:58 - [TEST_STEP][PASSED] - click(findTestObject("MenuTopbar/btn_Menu_OverOns_SuperTester")): Object: 'Object Repository/MenuTopbar/btn_Menu_OverOns_SuperTester' is clicked on

2023-12-18 12:42:59 - [MESSAGE][PASSED] - Object: 'Object Repository/MenuTopbar/btn_Menu_OverOns_SuperTester' is clicked on

2023-12-18 12:42:59 - [TEST_STEP][PASSED] - verifyElementText(findTestObject("Object Repository/Page_SuperTester - RisQIT/h1_Whitepaper SuperTester"), "Whitepaper SuperTester"): Actual text and expected text of test object 'Object Repository/Page_SuperTester - RisQIT/h1_Whitepaper SuperTester' are matched.

2023-12-18 12:42:59 - [MESSAGE][PASSED] - Actual text and expected text of test object 'Object Repository/Page_SuperTester - RisQIT/h1_Whitepaper SuperTester' are matched.

2023-12-18 12:42:59 - [TEST_STEP][PASSED] - navigateToUrl(URL + OVER_ONS): Navigate to 'https://nlrisqitww-chaca.savviihq.com/over-ons/' successfully

2023-12-18 12:43:00 - [MESSAGE][PASSED] - Navigate to 'https://nlrisqitww-chaca.savviihq.com/over-ons/' successfully

2023-12-18 12:43:00 - [TEST_STEP][PASSED] - click(findTestObject("MenuTopbar/btn_Menu_Blog")): Object: 'Object Repository/MenuTopbar/btn_Menu_Blog' is clicked on

2023-12-18 12:43:00 - [MESSAGE][PASSED] - Object: 'Object Repository/MenuTopbar/btn_Menu_Blog' is clicked on

2023-12-18 12:43:00 - [TEST_STEP][PASSED] - verifyElementText(findTestObject("Object Repository/Page_Blog - RisQIT/h1_Blog"), "Blog"): Actual text and expected text of test object 'Object Repository/Page_Blog - RisQIT/h1_Blog' are matched.

2023-12-18 12:43:01 - [MESSAGE][PASSED] - Actual text and expected text of test object 'Object Repository/Page_Blog - RisQIT/h1_Blog' are matched.

2023-12-18 12:43:01 - [TEST_STEP][PASSED] - click(findTestObject("MenuTopbar/btn_Menu_Vacatures")): Object: 'Object Repository/MenuTopbar/btn_Menu_Vacatures' is clicked on

2023-12-18 12:43:01 - [MESSAGE][PASSED] - Object: 'Object Repository/MenuTopbar/btn_Menu_Vacatures' is clicked on

2023-12-18 12:43:01 - [TEST_STEP][PASSED] - verifyElementText(findTestObject("Object Repository/Page_Vacatures - RisQIT/h1_Vacatures"), "Vacatures"): Actual text and expected text of test object 'Object Repository/Page_Vacatures - RisQIT/h1_Vacatures' are matched.

2023-12-18 12:43:02 - [MESSAGE][PASSED] - Actual text and expected text of test object 'Object Repository/Page_Vacatures - RisQIT/h1_Vacatures' are matched.

2023-12-18 12:43:02 - [TEST_STEP][PASSED] - navigateToUrl(URL + OVER_ONS): Navigate to 'https://nlrisqitww-chaca.savviihq.com/over-ons/' successfully

2023-12-18 12:43:02 - [MESSAGE][PASSED] - Navigate to 'https://nlrisqitww-chaca.savviihq.com/over-ons/' successfully

2023-12-18 12:43:02 - [TEST_STEP][PASSED] - click(findTestObject("Object Repository/MenuTopbar/Page_Vacatures - RisQIT/div_Contact opnemen")): Object: 'Object Repository/MenuTopbar/Page_Vacatures - RisQIT/div_Contact opnemen' is clicked on

2023-12-18 12:43:02 - [MESSAGE][PASSED] - Object: 'Object Repository/MenuTopbar/Page_Vacatures - RisQIT/div_Contact opnemen' is clicked on

2023-12-18 12:43:02 - [TEST_STEP][PASSED] - verifyElementText(findTestObject("Object Repository/Page_Contact - RisQIT/h1_Contact"), "Contact"): Actual text and expected text of test object 'Object Repository/Page_Contact - RisQIT/h1_Contact' are matched.

2023-12-18 12:43:02 - [MESSAGE][PASSED] - Actual text and expected text of test object 'Object Repository/Page_Contact - RisQIT/h1_Contact' are matched.

2023-12-18 12:43:02 - [TEST_STEP][PASSED] - click(findTestObject("MenuTopbar/img_Logo")): Object: 'Object Repository/MenuTopbar/img_Logo' is clicked on

2023-12-18 12:43:03 - [MESSAGE][PASSED] - Object: 'Object Repository/MenuTopbar/img_Logo' is clicked on

2023-12-18 12:43:03 - [TEST_STEP][PASSED] - verifyElementText(findTestObject("Object Repository/Page_Home - RisQIT/h1_Ga voor duurzaamheid en vertrouwen, same_4bc4a8"), "Ga voor duurzaamheid en vertrouwen, samen met ons!"): Actual text and expected text of test object 'Object Repository/Page_Home - RisQIT/h1_Ga voor duurzaamheid en vertrouwen, same_4bc4a8' are matched.

2023-12-18 12:43:03 - [MESSAGE][PASSED] - Actual text and expected text of test object 'Object Repository/Page_Home - RisQIT/h1_Ga voor duurzaamheid en vertrouwen, same_4bc4a8' are matched.

2023-12-18 12:43:04 - [TEST_STEP][PASSED] - closeBrowser(): Browser is closed

2023-12-18 12:43:04 - [MESSAGE][PASSED] - Browser is closed]]></system-out>
         <system-err><![CDATA[]]></system-err>
      </testcase>
      <testcase name="Test Cases/Menu/RT006 MenuClicks - Missie_Visie" time="17.916" classname="Test Cases/Menu/RT006 MenuClicks - Missie_Visie" status="PASSED">
         <system-out><![CDATA[2023-12-18 12:43:04 - [TEST_CASE][PASSED] - Test Cases/Menu/RT006 MenuClicks - Missie_Visie: Test Cases/Menu/RT006 MenuClicks - Missie_Visie

2023-12-18 12:43:04 - [TEST_STEP][PASSED] - openBrowser(""): Browser is opened with url: ''

2023-12-18 12:43:04 - [MESSAGE][INFO] - Starting 'Chrome' driver

2023-12-18 12:43:04 - [MESSAGE][INFO] - Action delay is set to 0 milliseconds

2023-12-18 12:43:04 - [MESSAGE][PASSED] - Browser is opened with url: ''

2023-12-18 12:43:04 - [TEST_STEP][PASSED] - maximizeWindow(): Current window maximized

2023-12-18 12:43:05 - [MESSAGE][PASSED] - Current window maximized

2023-12-18 12:43:05 - [TEST_STEP][PASSED] - navigateToUrl(URL + OVER_ONS + MISSIE_VISIE): Navigate to 'https://nlrisqitww-chaca.savviihq.com/over-ons/missie-visie/' successfully

2023-12-18 12:43:05 - [MESSAGE][PASSED] - Navigate to 'https://nlrisqitww-chaca.savviihq.com/over-ons/missie-visie/' successfully

2023-12-18 12:43:05 - [TEST_STEP][PASSED] - mouseOver(findTestObject("MenuTopbar/btn_Menu_Diensten")): Object: 'Object Repository/MenuTopbar/btn_Menu_Diensten' is hovered

2023-12-18 12:43:05 - [MESSAGE][PASSED] - Object: 'Object Repository/MenuTopbar/btn_Menu_Diensten' is hovered

2023-12-18 12:43:05 - [TEST_STEP][PASSED] - click(findTestObject("MenuTopbar/btn_Menu_Diensten_SoftwareTesting")): Object: 'Object Repository/MenuTopbar/btn_Menu_Diensten_SoftwareTesting' is clicked on

2023-12-18 12:43:06 - [MESSAGE][PASSED] - Object: 'Object Repository/MenuTopbar/btn_Menu_Diensten_SoftwareTesting' is clicked on

2023-12-18 12:43:06 - [TEST_STEP][PASSED] - verifyElementText(findTestObject("Object Repository/Page_Software Testing - RisQIT/h1_Software Testing"), "Software Testing"): Actual text and expected text of test object 'Object Repository/Page_Software Testing - RisQIT/h1_Software Testing' are matched.

2023-12-18 12:43:07 - [MESSAGE][PASSED] - Actual text and expected text of test object 'Object Repository/Page_Software Testing - RisQIT/h1_Software Testing' are matched.

2023-12-18 12:43:07 - [TEST_STEP][PASSED] - navigateToUrl(URL + OVER_ONS + MISSIE_VISIE): Navigate to 'https://nlrisqitww-chaca.savviihq.com/over-ons/missie-visie/' successfully

2023-12-18 12:43:07 - [MESSAGE][PASSED] - Navigate to 'https://nlrisqitww-chaca.savviihq.com/over-ons/missie-visie/' successfully

2023-12-18 12:43:07 - [TEST_STEP][PASSED] - mouseOver(findTestObject("MenuTopbar/btn_Menu_Diensten")): Object: 'Object Repository/MenuTopbar/btn_Menu_Diensten' is hovered

2023-12-18 12:43:08 - [MESSAGE][PASSED] - Object: 'Object Repository/MenuTopbar/btn_Menu_Diensten' is hovered

2023-12-18 12:43:08 - [TEST_STEP][PASSED] - click(findTestObject("MenuTopbar/btn_Menu_Diensten_SHT")): Object: 'Object Repository/MenuTopbar/btn_Menu_Diensten_SHT' is clicked on

2023-12-18 12:43:08 - [MESSAGE][PASSED] - Object: 'Object Repository/MenuTopbar/btn_Menu_Diensten_SHT' is clicked on

2023-12-18 12:43:08 - [TEST_STEP][PASSED] - verifyElementText(findTestObject("Page_Security en HackersTest (SHT) - RisQIT/h1_Security en HackersTest (SHT)"), "Security En HackersTest (SHT)"): Actual text and expected text of test object 'Object Repository/Page_Security en HackersTest (SHT) - RisQIT/h1_Security en HackersTest (SHT)' are matched.

2023-12-18 12:43:09 - [MESSAGE][PASSED] - Actual text and expected text of test object 'Object Repository/Page_Security en HackersTest (SHT) - RisQIT/h1_Security en HackersTest (SHT)' are matched.

2023-12-18 12:43:09 - [TEST_STEP][PASSED] - navigateToUrl(URL + OVER_ONS + MISSIE_VISIE): Navigate to 'https://nlrisqitww-chaca.savviihq.com/over-ons/missie-visie/' successfully

2023-12-18 12:43:09 - [MESSAGE][PASSED] - Navigate to 'https://nlrisqitww-chaca.savviihq.com/over-ons/missie-visie/' successfully

2023-12-18 12:43:09 - [TEST_STEP][PASSED] - mouseOver(findTestObject("MenuTopbar/btn_Menu_Diensten")): Object: 'Object Repository/MenuTopbar/btn_Menu_Diensten' is hovered

2023-12-18 12:43:10 - [MESSAGE][PASSED] - Object: 'Object Repository/MenuTopbar/btn_Menu_Diensten' is hovered

2023-12-18 12:43:10 - [TEST_STEP][PASSED] - click(findTestObject("MenuTopbar/btn_Menu_Diensten_UXLab")): Object: 'Object Repository/MenuTopbar/btn_Menu_Diensten_UXLab' is clicked on

2023-12-18 12:43:10 - [MESSAGE][PASSED] - Object: 'Object Repository/MenuTopbar/btn_Menu_Diensten_UXLab' is clicked on

2023-12-18 12:43:10 - [TEST_STEP][PASSED] - verifyElementText(findTestObject("Object Repository/Page_UX Lab - RisQIT/h1_UX Lab"), "UX Lab"): Actual text and expected text of test object 'Object Repository/Page_UX Lab - RisQIT/h1_UX Lab' are matched.

2023-12-18 12:43:11 - [MESSAGE][PASSED] - Actual text and expected text of test object 'Object Repository/Page_UX Lab - RisQIT/h1_UX Lab' are matched.

2023-12-18 12:43:11 - [TEST_STEP][PASSED] - navigateToUrl(URL + OVER_ONS + MISSIE_VISIE): Navigate to 'https://nlrisqitww-chaca.savviihq.com/over-ons/missie-visie/' successfully

2023-12-18 12:43:11 - [MESSAGE][PASSED] - Navigate to 'https://nlrisqitww-chaca.savviihq.com/over-ons/missie-visie/' successfully

2023-12-18 12:43:11 - [TEST_STEP][PASSED] - click(findTestObject("MenuTopbar/btn_Menu_OverOns")): Object: 'Object Repository/MenuTopbar/btn_Menu_OverOns' is clicked on

2023-12-18 12:43:11 - [MESSAGE][PASSED] - Object: 'Object Repository/MenuTopbar/btn_Menu_OverOns' is clicked on

2023-12-18 12:43:11 - [TEST_STEP][PASSED] - verifyElementText(findTestObject("Object Repository/Page_Over ons - RisQIT/h1_Over ons"), "Over Ons"): Actual text and expected text of test object 'Object Repository/Page_Over ons - RisQIT/h1_Over ons' are matched.

2023-12-18 12:43:12 - [MESSAGE][PASSED] - Actual text and expected text of test object 'Object Repository/Page_Over ons - RisQIT/h1_Over ons' are matched.

2023-12-18 12:43:12 - [TEST_STEP][PASSED] - navigateToUrl(URL + OVER_ONS + MISSIE_VISIE): Navigate to 'https://nlrisqitww-chaca.savviihq.com/over-ons/missie-visie/' successfully

2023-12-18 12:43:12 - [MESSAGE][PASSED] - Navigate to 'https://nlrisqitww-chaca.savviihq.com/over-ons/missie-visie/' successfully

2023-12-18 12:43:12 - [TEST_STEP][PASSED] - mouseOver(findTestObject("MenuTopbar/btn_Menu_OverOns")): Object: 'Object Repository/MenuTopbar/btn_Menu_OverOns' is hovered

2023-12-18 12:43:13 - [MESSAGE][PASSED] - Object: 'Object Repository/MenuTopbar/btn_Menu_OverOns' is hovered

2023-12-18 12:43:13 - [TEST_STEP][PASSED] - click(findTestObject("MenuTopbar/btn_Menu_OverOns_MissieVisie")): Object: 'Object Repository/MenuTopbar/btn_Menu_OverOns_MissieVisie' is clicked on

2023-12-18 12:43:13 - [MESSAGE][PASSED] - Object: 'Object Repository/MenuTopbar/btn_Menu_OverOns_MissieVisie' is clicked on

2023-12-18 12:43:13 - [TEST_STEP][PASSED] - verifyElementText(findTestObject("Object Repository/Page_Missie  Visie - RisQIT/h1_Missie  Visie"), "Missie & Visie"): Actual text and expected text of test object 'Object Repository/Page_Missie  Visie - RisQIT/h1_Missie  Visie' are matched.

2023-12-18 12:43:14 - [MESSAGE][PASSED] - Actual text and expected text of test object 'Object Repository/Page_Missie  Visie - RisQIT/h1_Missie  Visie' are matched.

2023-12-18 12:43:14 - [TEST_STEP][PASSED] - navigateToUrl(URL + OVER_ONS + MISSIE_VISIE): Navigate to 'https://nlrisqitww-chaca.savviihq.com/over-ons/missie-visie/' successfully

2023-12-18 12:43:14 - [MESSAGE][PASSED] - Navigate to 'https://nlrisqitww-chaca.savviihq.com/over-ons/missie-visie/' successfully

2023-12-18 12:43:14 - [TEST_STEP][PASSED] - mouseOver(findTestObject("MenuTopbar/btn_Menu_OverOns")): Object: 'Object Repository/MenuTopbar/btn_Menu_OverOns' is hovered

2023-12-18 12:43:15 - [MESSAGE][PASSED] - Object: 'Object Repository/MenuTopbar/btn_Menu_OverOns' is hovered

2023-12-18 12:43:15 - [TEST_STEP][PASSED] - click(findTestObject("MenuTopbar/btn_Menu_OverOns_HetGilde")): Object: 'Object Repository/MenuTopbar/btn_Menu_OverOns_HetGilde' is clicked on

2023-12-18 12:43:15 - [MESSAGE][PASSED] - Object: 'Object Repository/MenuTopbar/btn_Menu_OverOns_HetGilde' is clicked on

2023-12-18 12:43:15 - [TEST_STEP][PASSED] - verifyElementText(findTestObject("Object Repository/Page_Het Gilde - RisQIT/h1_Het Gilde"), "Het Gilde"): Actual text and expected text of test object 'Object Repository/Page_Het Gilde - RisQIT/h1_Het Gilde' are matched.

2023-12-18 12:43:16 - [MESSAGE][PASSED] - Actual text and expected text of test object 'Object Repository/Page_Het Gilde - RisQIT/h1_Het Gilde' are matched.

2023-12-18 12:43:16 - [TEST_STEP][PASSED] - navigateToUrl(URL + OVER_ONS + MISSIE_VISIE): Navigate to 'https://nlrisqitww-chaca.savviihq.com/over-ons/missie-visie/' successfully

2023-12-18 12:43:16 - [MESSAGE][PASSED] - Navigate to 'https://nlrisqitww-chaca.savviihq.com/over-ons/missie-visie/' successfully

2023-12-18 12:43:16 - [TEST_STEP][PASSED] - mouseOver(findTestObject("MenuTopbar/btn_Menu_OverOns")): Object: 'Object Repository/MenuTopbar/btn_Menu_OverOns' is hovered

2023-12-18 12:43:17 - [MESSAGE][PASSED] - Object: 'Object Repository/MenuTopbar/btn_Menu_OverOns' is hovered

2023-12-18 12:43:17 - [TEST_STEP][PASSED] - click(findTestObject("MenuTopbar/btn_Menu_OverOns_SuperTester")): Object: 'Object Repository/MenuTopbar/btn_Menu_OverOns_SuperTester' is clicked on

2023-12-18 12:43:17 - [MESSAGE][PASSED] - Object: 'Object Repository/MenuTopbar/btn_Menu_OverOns_SuperTester' is clicked on

2023-12-18 12:43:17 - [TEST_STEP][PASSED] - verifyElementText(findTestObject("Object Repository/Page_SuperTester - RisQIT/h1_Whitepaper SuperTester"), "Whitepaper SuperTester"): Actual text and expected text of test object 'Object Repository/Page_SuperTester - RisQIT/h1_Whitepaper SuperTester' are matched.

2023-12-18 12:43:18 - [MESSAGE][PASSED] - Actual text and expected text of test object 'Object Repository/Page_SuperTester - RisQIT/h1_Whitepaper SuperTester' are matched.

2023-12-18 12:43:18 - [TEST_STEP][PASSED] - navigateToUrl(URL + OVER_ONS + MISSIE_VISIE): Navigate to 'https://nlrisqitww-chaca.savviihq.com/over-ons/missie-visie/' successfully

2023-12-18 12:43:18 - [MESSAGE][PASSED] - Navigate to 'https://nlrisqitww-chaca.savviihq.com/over-ons/missie-visie/' successfully

2023-12-18 12:43:18 - [TEST_STEP][PASSED] - click(findTestObject("MenuTopbar/btn_Menu_Blog")): Object: 'Object Repository/MenuTopbar/btn_Menu_Blog' is clicked on

2023-12-18 12:43:18 - [MESSAGE][PASSED] - Object: 'Object Repository/MenuTopbar/btn_Menu_Blog' is clicked on

2023-12-18 12:43:18 - [TEST_STEP][PASSED] - verifyElementText(findTestObject("Object Repository/Page_Blog - RisQIT/h1_Blog"), "Blog"): Actual text and expected text of test object 'Object Repository/Page_Blog - RisQIT/h1_Blog' are matched.

2023-12-18 12:43:19 - [MESSAGE][PASSED] - Actual text and expected text of test object 'Object Repository/Page_Blog - RisQIT/h1_Blog' are matched.

2023-12-18 12:43:19 - [TEST_STEP][PASSED] - click(findTestObject("MenuTopbar/btn_Menu_Vacatures")): Object: 'Object Repository/MenuTopbar/btn_Menu_Vacatures' is clicked on

2023-12-18 12:43:19 - [MESSAGE][PASSED] - Object: 'Object Repository/MenuTopbar/btn_Menu_Vacatures' is clicked on

2023-12-18 12:43:19 - [TEST_STEP][PASSED] - verifyElementText(findTestObject("Object Repository/Page_Vacatures - RisQIT/h1_Vacatures"), "Vacatures"): Actual text and expected text of test object 'Object Repository/Page_Vacatures - RisQIT/h1_Vacatures' are matched.

2023-12-18 12:43:19 - [MESSAGE][PASSED] - Actual text and expected text of test object 'Object Repository/Page_Vacatures - RisQIT/h1_Vacatures' are matched.

2023-12-18 12:43:19 - [TEST_STEP][PASSED] - navigateToUrl(URL + OVER_ONS + MISSIE_VISIE): Navigate to 'https://nlrisqitww-chaca.savviihq.com/over-ons/missie-visie/' successfully

2023-12-18 12:43:19 - [MESSAGE][PASSED] - Navigate to 'https://nlrisqitww-chaca.savviihq.com/over-ons/missie-visie/' successfully

2023-12-18 12:43:19 - [TEST_STEP][PASSED] - click(findTestObject("Object Repository/MenuTopbar/Page_Vacatures - RisQIT/div_Contact opnemen")): Object: 'Object Repository/MenuTopbar/Page_Vacatures - RisQIT/div_Contact opnemen' is clicked on

2023-12-18 12:43:20 - [MESSAGE][PASSED] - Object: 'Object Repository/MenuTopbar/Page_Vacatures - RisQIT/div_Contact opnemen' is clicked on

2023-12-18 12:43:20 - [TEST_STEP][PASSED] - verifyElementText(findTestObject("Object Repository/Page_Contact - RisQIT/h1_Contact"), "Contact"): Actual text and expected text of test object 'Object Repository/Page_Contact - RisQIT/h1_Contact' are matched.

2023-12-18 12:43:20 - [MESSAGE][PASSED] - Actual text and expected text of test object 'Object Repository/Page_Contact - RisQIT/h1_Contact' are matched.

2023-12-18 12:43:20 - [TEST_STEP][PASSED] - click(findTestObject("MenuTopbar/img_Logo")): Object: 'Object Repository/MenuTopbar/img_Logo' is clicked on

2023-12-18 12:43:21 - [MESSAGE][PASSED] - Object: 'Object Repository/MenuTopbar/img_Logo' is clicked on

2023-12-18 12:43:21 - [TEST_STEP][PASSED] - verifyElementText(findTestObject("Object Repository/Page_Home - RisQIT/h1_Ga voor duurzaamheid en vertrouwen, same_4bc4a8"), "Ga voor duurzaamheid en vertrouwen, samen met ons!"): Actual text and expected text of test object 'Object Repository/Page_Home - RisQIT/h1_Ga voor duurzaamheid en vertrouwen, same_4bc4a8' are matched.

2023-12-18 12:43:21 - [MESSAGE][PASSED] - Actual text and expected text of test object 'Object Repository/Page_Home - RisQIT/h1_Ga voor duurzaamheid en vertrouwen, same_4bc4a8' are matched.

2023-12-18 12:43:21 - [TEST_STEP][PASSED] - closeBrowser(): Browser is closed

2023-12-18 12:43:22 - [MESSAGE][PASSED] - Browser is closed]]></system-out>
         <system-err><![CDATA[]]></system-err>
      </testcase>
      <testcase name="Test Cases/Menu/RT007 MenuClicks - Het Gilde" time="18.847" classname="Test Cases/Menu/RT007 MenuClicks - Het Gilde" status="PASSED">
         <system-out><![CDATA[2023-12-18 12:43:22 - [TEST_CASE][PASSED] - Test Cases/Menu/RT007 MenuClicks - Het Gilde: Test Cases/Menu/RT007 MenuClicks - Het Gilde

2023-12-18 12:43:22 - [TEST_STEP][PASSED] - openBrowser(""): Browser is opened with url: ''

2023-12-18 12:43:22 - [MESSAGE][INFO] - Starting 'Chrome' driver

2023-12-18 12:43:22 - [MESSAGE][INFO] - Action delay is set to 0 milliseconds

2023-12-18 12:43:22 - [MESSAGE][PASSED] - Browser is opened with url: ''

2023-12-18 12:43:22 - [TEST_STEP][PASSED] - maximizeWindow(): Current window maximized

2023-12-18 12:43:23 - [MESSAGE][PASSED] - Current window maximized

2023-12-18 12:43:23 - [TEST_STEP][PASSED] - navigateToUrl(URL + OVER_ONS + HETGILDE): Navigate to 'https://nlrisqitww-chaca.savviihq.com/over-ons/kwaliteit/' successfully

2023-12-18 12:43:23 - [MESSAGE][PASSED] - Navigate to 'https://nlrisqitww-chaca.savviihq.com/over-ons/kwaliteit/' successfully

2023-12-18 12:43:23 - [TEST_STEP][PASSED] - mouseOver(findTestObject("MenuTopbar/btn_Menu_Diensten")): Object: 'Object Repository/MenuTopbar/btn_Menu_Diensten' is hovered

2023-12-18 12:43:24 - [MESSAGE][PASSED] - Object: 'Object Repository/MenuTopbar/btn_Menu_Diensten' is hovered

2023-12-18 12:43:24 - [TEST_STEP][PASSED] - click(findTestObject("MenuTopbar/btn_Menu_Diensten_SoftwareTesting")): Object: 'Object Repository/MenuTopbar/btn_Menu_Diensten_SoftwareTesting' is clicked on

2023-12-18 12:43:25 - [MESSAGE][PASSED] - Object: 'Object Repository/MenuTopbar/btn_Menu_Diensten_SoftwareTesting' is clicked on

2023-12-18 12:43:25 - [TEST_STEP][PASSED] - verifyElementText(findTestObject("Object Repository/Page_Software Testing - RisQIT/h1_Software Testing"), "Software Testing"): Actual text and expected text of test object 'Object Repository/Page_Software Testing - RisQIT/h1_Software Testing' are matched.

2023-12-18 12:43:25 - [MESSAGE][PASSED] - Actual text and expected text of test object 'Object Repository/Page_Software Testing - RisQIT/h1_Software Testing' are matched.

2023-12-18 12:43:25 - [TEST_STEP][PASSED] - navigateToUrl(URL + OVER_ONS + HETGILDE): Navigate to 'https://nlrisqitww-chaca.savviihq.com/over-ons/kwaliteit/' successfully

2023-12-18 12:43:25 - [MESSAGE][PASSED] - Navigate to 'https://nlrisqitww-chaca.savviihq.com/over-ons/kwaliteit/' successfully

2023-12-18 12:43:25 - [TEST_STEP][PASSED] - mouseOver(findTestObject("MenuTopbar/btn_Menu_Diensten")): Object: 'Object Repository/MenuTopbar/btn_Menu_Diensten' is hovered

2023-12-18 12:43:26 - [MESSAGE][PASSED] - Object: 'Object Repository/MenuTopbar/btn_Menu_Diensten' is hovered

2023-12-18 12:43:26 - [TEST_STEP][PASSED] - click(findTestObject("MenuTopbar/btn_Menu_Diensten_SHT")): Object: 'Object Repository/MenuTopbar/btn_Menu_Diensten_SHT' is clicked on

2023-12-18 12:43:27 - [MESSAGE][PASSED] - Object: 'Object Repository/MenuTopbar/btn_Menu_Diensten_SHT' is clicked on

2023-12-18 12:43:27 - [TEST_STEP][PASSED] - verifyElementText(findTestObject("Page_Security en HackersTest (SHT) - RisQIT/h1_Security en HackersTest (SHT)"), "Security En HackersTest (SHT)"): Actual text and expected text of test object 'Object Repository/Page_Security en HackersTest (SHT) - RisQIT/h1_Security en HackersTest (SHT)' are matched.

2023-12-18 12:43:27 - [MESSAGE][PASSED] - Actual text and expected text of test object 'Object Repository/Page_Security en HackersTest (SHT) - RisQIT/h1_Security en HackersTest (SHT)' are matched.

2023-12-18 12:43:27 - [TEST_STEP][PASSED] - navigateToUrl(URL + OVER_ONS + HETGILDE): Navigate to 'https://nlrisqitww-chaca.savviihq.com/over-ons/kwaliteit/' successfully

2023-12-18 12:43:27 - [MESSAGE][PASSED] - Navigate to 'https://nlrisqitww-chaca.savviihq.com/over-ons/kwaliteit/' successfully

2023-12-18 12:43:27 - [TEST_STEP][PASSED] - mouseOver(findTestObject("MenuTopbar/btn_Menu_Diensten")): Object: 'Object Repository/MenuTopbar/btn_Menu_Diensten' is hovered

2023-12-18 12:43:28 - [MESSAGE][PASSED] - Object: 'Object Repository/MenuTopbar/btn_Menu_Diensten' is hovered

2023-12-18 12:43:28 - [TEST_STEP][PASSED] - click(findTestObject("MenuTopbar/btn_Menu_Diensten_UXLab")): Object: 'Object Repository/MenuTopbar/btn_Menu_Diensten_UXLab' is clicked on

2023-12-18 12:43:28 - [MESSAGE][PASSED] - Object: 'Object Repository/MenuTopbar/btn_Menu_Diensten_UXLab' is clicked on

2023-12-18 12:43:28 - [TEST_STEP][PASSED] - verifyElementText(findTestObject("Object Repository/Page_UX Lab - RisQIT/h1_UX Lab"), "UX Lab"): Actual text and expected text of test object 'Object Repository/Page_UX Lab - RisQIT/h1_UX Lab' are matched.

2023-12-18 12:43:29 - [MESSAGE][PASSED] - Actual text and expected text of test object 'Object Repository/Page_UX Lab - RisQIT/h1_UX Lab' are matched.

2023-12-18 12:43:29 - [TEST_STEP][PASSED] - navigateToUrl(URL + OVER_ONS + HETGILDE): Navigate to 'https://nlrisqitww-chaca.savviihq.com/over-ons/kwaliteit/' successfully

2023-12-18 12:43:29 - [MESSAGE][PASSED] - Navigate to 'https://nlrisqitww-chaca.savviihq.com/over-ons/kwaliteit/' successfully

2023-12-18 12:43:29 - [TEST_STEP][PASSED] - click(findTestObject("MenuTopbar/btn_Menu_OverOns")): Object: 'Object Repository/MenuTopbar/btn_Menu_OverOns' is clicked on

2023-12-18 12:43:30 - [MESSAGE][PASSED] - Object: 'Object Repository/MenuTopbar/btn_Menu_OverOns' is clicked on

2023-12-18 12:43:30 - [TEST_STEP][PASSED] - verifyElementText(findTestObject("Object Repository/Page_Over ons - RisQIT/h1_Over ons"), "Over Ons"): Actual text and expected text of test object 'Object Repository/Page_Over ons - RisQIT/h1_Over ons' are matched.

2023-12-18 12:43:30 - [MESSAGE][PASSED] - Actual text and expected text of test object 'Object Repository/Page_Over ons - RisQIT/h1_Over ons' are matched.

2023-12-18 12:43:30 - [TEST_STEP][PASSED] - navigateToUrl(URL + OVER_ONS + HETGILDE): Navigate to 'https://nlrisqitww-chaca.savviihq.com/over-ons/kwaliteit/' successfully

2023-12-18 12:43:30 - [MESSAGE][PASSED] - Navigate to 'https://nlrisqitww-chaca.savviihq.com/over-ons/kwaliteit/' successfully

2023-12-18 12:43:30 - [TEST_STEP][PASSED] - mouseOver(findTestObject("MenuTopbar/btn_Menu_OverOns")): Object: 'Object Repository/MenuTopbar/btn_Menu_OverOns' is hovered

2023-12-18 12:43:31 - [MESSAGE][PASSED] - Object: 'Object Repository/MenuTopbar/btn_Menu_OverOns' is hovered

2023-12-18 12:43:31 - [TEST_STEP][PASSED] - click(findTestObject("MenuTopbar/btn_Menu_OverOns_MissieVisie")): Object: 'Object Repository/MenuTopbar/btn_Menu_OverOns_MissieVisie' is clicked on

2023-12-18 12:43:31 - [MESSAGE][PASSED] - Object: 'Object Repository/MenuTopbar/btn_Menu_OverOns_MissieVisie' is clicked on

2023-12-18 12:43:31 - [TEST_STEP][PASSED] - verifyElementText(findTestObject("Object Repository/Page_Missie  Visie - RisQIT/h1_Missie  Visie"), "Missie & Visie"): Actual text and expected text of test object 'Object Repository/Page_Missie  Visie - RisQIT/h1_Missie  Visie' are matched.

2023-12-18 12:43:32 - [MESSAGE][PASSED] - Actual text and expected text of test object 'Object Repository/Page_Missie  Visie - RisQIT/h1_Missie  Visie' are matched.

2023-12-18 12:43:32 - [TEST_STEP][PASSED] - navigateToUrl(URL + OVER_ONS + HETGILDE): Navigate to 'https://nlrisqitww-chaca.savviihq.com/over-ons/kwaliteit/' successfully

2023-12-18 12:43:32 - [MESSAGE][PASSED] - Navigate to 'https://nlrisqitww-chaca.savviihq.com/over-ons/kwaliteit/' successfully

2023-12-18 12:43:32 - [TEST_STEP][PASSED] - mouseOver(findTestObject("MenuTopbar/btn_Menu_OverOns")): Object: 'Object Repository/MenuTopbar/btn_Menu_OverOns' is hovered

2023-12-18 12:43:33 - [MESSAGE][PASSED] - Object: 'Object Repository/MenuTopbar/btn_Menu_OverOns' is hovered

2023-12-18 12:43:33 - [TEST_STEP][PASSED] - click(findTestObject("MenuTopbar/btn_Menu_OverOns_HetGilde")): Object: 'Object Repository/MenuTopbar/btn_Menu_OverOns_HetGilde' is clicked on

2023-12-18 12:43:33 - [MESSAGE][PASSED] - Object: 'Object Repository/MenuTopbar/btn_Menu_OverOns_HetGilde' is clicked on

2023-12-18 12:43:33 - [TEST_STEP][PASSED] - verifyElementText(findTestObject("Object Repository/Page_Het Gilde - RisQIT/h1_Het Gilde"), "Het Gilde"): Actual text and expected text of test object 'Object Repository/Page_Het Gilde - RisQIT/h1_Het Gilde' are matched.

2023-12-18 12:43:34 - [MESSAGE][PASSED] - Actual text and expected text of test object 'Object Repository/Page_Het Gilde - RisQIT/h1_Het Gilde' are matched.

2023-12-18 12:43:34 - [TEST_STEP][PASSED] - navigateToUrl(URL + OVER_ONS + HETGILDE): Navigate to 'https://nlrisqitww-chaca.savviihq.com/over-ons/kwaliteit/' successfully

2023-12-18 12:43:34 - [MESSAGE][PASSED] - Navigate to 'https://nlrisqitww-chaca.savviihq.com/over-ons/kwaliteit/' successfully

2023-12-18 12:43:34 - [TEST_STEP][PASSED] - mouseOver(findTestObject("MenuTopbar/btn_Menu_OverOns")): Object: 'Object Repository/MenuTopbar/btn_Menu_OverOns' is hovered

2023-12-18 12:43:35 - [MESSAGE][PASSED] - Object: 'Object Repository/MenuTopbar/btn_Menu_OverOns' is hovered

2023-12-18 12:43:35 - [TEST_STEP][PASSED] - click(findTestObject("MenuTopbar/btn_Menu_OverOns_SuperTester")): Object: 'Object Repository/MenuTopbar/btn_Menu_OverOns_SuperTester' is clicked on

2023-12-18 12:43:35 - [MESSAGE][PASSED] - Object: 'Object Repository/MenuTopbar/btn_Menu_OverOns_SuperTester' is clicked on

2023-12-18 12:43:35 - [TEST_STEP][PASSED] - verifyElementText(findTestObject("Object Repository/Page_SuperTester - RisQIT/h1_Whitepaper SuperTester"), "Whitepaper SuperTester"): Actual text and expected text of test object 'Object Repository/Page_SuperTester - RisQIT/h1_Whitepaper SuperTester' are matched.

2023-12-18 12:43:36 - [MESSAGE][PASSED] - Actual text and expected text of test object 'Object Repository/Page_SuperTester - RisQIT/h1_Whitepaper SuperTester' are matched.

2023-12-18 12:43:36 - [TEST_STEP][PASSED] - navigateToUrl(URL + OVER_ONS + HETGILDE): Navigate to 'https://nlrisqitww-chaca.savviihq.com/over-ons/kwaliteit/' successfully

2023-12-18 12:43:36 - [MESSAGE][PASSED] - Navigate to 'https://nlrisqitww-chaca.savviihq.com/over-ons/kwaliteit/' successfully

2023-12-18 12:43:36 - [TEST_STEP][PASSED] - click(findTestObject("MenuTopbar/btn_Menu_Blog")): Object: 'Object Repository/MenuTopbar/btn_Menu_Blog' is clicked on

2023-12-18 12:43:37 - [MESSAGE][PASSED] - Object: 'Object Repository/MenuTopbar/btn_Menu_Blog' is clicked on

2023-12-18 12:43:37 - [TEST_STEP][PASSED] - verifyElementText(findTestObject("Object Repository/Page_Blog - RisQIT/h1_Blog"), "Blog"): Actual text and expected text of test object 'Object Repository/Page_Blog - RisQIT/h1_Blog' are matched.

2023-12-18 12:43:37 - [MESSAGE][PASSED] - Actual text and expected text of test object 'Object Repository/Page_Blog - RisQIT/h1_Blog' are matched.

2023-12-18 12:43:37 - [TEST_STEP][PASSED] - click(findTestObject("MenuTopbar/btn_Menu_Vacatures")): Object: 'Object Repository/MenuTopbar/btn_Menu_Vacatures' is clicked on

2023-12-18 12:43:37 - [MESSAGE][PASSED] - Object: 'Object Repository/MenuTopbar/btn_Menu_Vacatures' is clicked on

2023-12-18 12:43:37 - [TEST_STEP][PASSED] - verifyElementText(findTestObject("Object Repository/Page_Vacatures - RisQIT/h1_Vacatures"), "Vacatures"): Actual text and expected text of test object 'Object Repository/Page_Vacatures - RisQIT/h1_Vacatures' are matched.

2023-12-18 12:43:38 - [MESSAGE][PASSED] - Actual text and expected text of test object 'Object Repository/Page_Vacatures - RisQIT/h1_Vacatures' are matched.

2023-12-18 12:43:38 - [TEST_STEP][PASSED] - navigateToUrl(URL + OVER_ONS + HETGILDE): Navigate to 'https://nlrisqitww-chaca.savviihq.com/over-ons/kwaliteit/' successfully

2023-12-18 12:43:38 - [MESSAGE][PASSED] - Navigate to 'https://nlrisqitww-chaca.savviihq.com/over-ons/kwaliteit/' successfully

2023-12-18 12:43:38 - [TEST_STEP][PASSED] - click(findTestObject("Object Repository/MenuTopbar/Page_Vacatures - RisQIT/div_Contact opnemen")): Object: 'Object Repository/MenuTopbar/Page_Vacatures - RisQIT/div_Contact opnemen' is clicked on

2023-12-18 12:43:39 - [MESSAGE][PASSED] - Object: 'Object Repository/MenuTopbar/Page_Vacatures - RisQIT/div_Contact opnemen' is clicked on

2023-12-18 12:43:39 - [TEST_STEP][PASSED] - verifyElementText(findTestObject("Object Repository/Page_Contact - RisQIT/h1_Contact"), "Contact"): Actual text and expected text of test object 'Object Repository/Page_Contact - RisQIT/h1_Contact' are matched.

2023-12-18 12:43:39 - [MESSAGE][PASSED] - Actual text and expected text of test object 'Object Repository/Page_Contact - RisQIT/h1_Contact' are matched.

2023-12-18 12:43:39 - [TEST_STEP][PASSED] - click(findTestObject("MenuTopbar/img_Logo")): Object: 'Object Repository/MenuTopbar/img_Logo' is clicked on

2023-12-18 12:43:40 - [MESSAGE][PASSED] - Object: 'Object Repository/MenuTopbar/img_Logo' is clicked on

2023-12-18 12:43:40 - [TEST_STEP][PASSED] - verifyElementText(findTestObject("Object Repository/Page_Home - RisQIT/h1_Ga voor duurzaamheid en vertrouwen, same_4bc4a8"), "Ga voor duurzaamheid en vertrouwen, samen met ons!"): Actual text and expected text of test object 'Object Repository/Page_Home - RisQIT/h1_Ga voor duurzaamheid en vertrouwen, same_4bc4a8' are matched.

2023-12-18 12:43:40 - [MESSAGE][PASSED] - Actual text and expected text of test object 'Object Repository/Page_Home - RisQIT/h1_Ga voor duurzaamheid en vertrouwen, same_4bc4a8' are matched.

2023-12-18 12:43:40 - [TEST_STEP][PASSED] - closeBrowser(): Browser is closed

2023-12-18 12:43:40 - [MESSAGE][PASSED] - Browser is closed]]></system-out>
         <system-err><![CDATA[]]></system-err>
      </testcase>
      <testcase name="Test Cases/Menu/RT008 MenuClicks - SuperTester" time="32.283" classname="Test Cases/Menu/RT008 MenuClicks - SuperTester" status="FAILED">
         <failure type="FAILED" message="Test Cases/Menu/RT008 MenuClicks - SuperTester FAILED.&#xa;Reason:&#xa;com.kms.katalon.core.exception.StepFailedException: Unable to move mouse over object 'Object Repository/MenuTopbar/btn_Menu_Diensten'&#xa;	at com.kms.katalon.core.webui.keyword.internal.WebUIKeywordMain.stepFailed(WebUIKeywordMain.groovy:64)&#xa;	at com.kms.katalon.core.webui.keyword.internal.WebUIKeywordMain.runKeyword(WebUIKeywordMain.groovy:26)&#xa;	at com.kms.katalon.core.webui.keyword.builtin.MouseOverKeyword.mouseOver(MouseOverKeyword.groovy:66)&#xa;	at com.kms.katalon.core.webui.keyword.builtin.MouseOverKeyword.execute(MouseOverKeyword.groovy:40)&#xa;	at com.kms.katalon.core.keyword.internal.KeywordExecutor.executeKeywordForPlatform(KeywordExecutor.groovy:74)&#xa;	at com.kms.katalon.core.webui.keyword.WebUiBuiltInKeywords.mouseOver(WebUiBuiltInKeywords.groovy:806)&#xa;	at RT008 MenuClicks - SuperTester.run(RT008 MenuClicks - SuperTester:26)&#xa;	at com.kms.katalon.core.main.ScriptEngine.run(ScriptEngine.java:194)&#xa;	at com.kms.katalon.core.main.ScriptEngine.runScriptAsRawText(ScriptEngine.java:119)&#xa;	at com.kms.katalon.core.main.TestCaseExecutor.runScript(TestCaseExecutor.java:448)&#xa;	at com.kms.katalon.core.main.TestCaseExecutor.doExecute(TestCaseExecutor.java:439)&#xa;	at com.kms.katalon.core.main.TestCaseExecutor.processExecutionPhase(TestCaseExecutor.java:418)&#xa;	at com.kms.katalon.core.main.TestCaseExecutor.accessMainPhase(TestCaseExecutor.java:410)&#xa;	at com.kms.katalon.core.main.TestCaseExecutor.execute(TestCaseExecutor.java:285)&#xa;	at com.kms.katalon.core.common.CommonExecutor.accessTestCaseMainPhase(CommonExecutor.java:65)&#xa;	at com.kms.katalon.core.main.TestSuiteExecutor.accessTestSuiteMainPhase(TestSuiteExecutor.java:148)&#xa;	at com.kms.katalon.core.main.TestSuiteExecutor.execute(TestSuiteExecutor.java:106)&#xa;	at com.kms.katalon.core.main.TestCaseMain.startTestSuite(TestCaseMain.java:187)&#xa;	at TempTestSuite1702899685497.run(TempTestSuite1702899685497.groovy:36)&#xa;	at java.base/jdk.internal.reflect.NativeMethodAccessorImpl.invoke0(Native Method)&#xa;	at java.base/jdk.internal.reflect.NativeMethodAccessorImpl.invoke(NativeMethodAccessorImpl.java:77)&#xa;	at java.base/jdk.internal.reflect.DelegatingMethodAccessorImpl.invoke(DelegatingMethodAccessorImpl.java:43)&#xa;Caused by: org.openqa.selenium.TimeoutException: Expected condition failed: waiting for element to be clickable: [[CChromeDriver: chrome on WINDOWS (8ac1db62937cc686b8faaf064e6fcdb5)] -> xpath: //li[@id='menu-item-25842']/a] (tried for 30 second(s) with 500 milliseconds interval)&#xa;Build info: version: '3.141.59', revision: 'e82be7d358', time: '2018-11-14T08:25:53'&#xa;System info: host: 'BERGTOP', ip: '192.168.1.100', os.name: 'Windows 11', os.arch: 'amd64', os.version: '10.0', java.version: '17.0.7'&#xa;Driver info: com.kms.katalon.core.webui.driver.SmartWaitWebDriver&#xa;Capabilities {acceptInsecureCerts: false, browserName: chrome, browserVersion: 120.0.6099.72, chrome: {chromedriverVersion: 119.0.6045.105 (38c72552c5e..., userDataDir: C:\Users\maart\AppData\Loca...}, fedcm:accounts: true, goog:chromeOptions: {debuggerAddress: localhost:54043}, javascriptEnabled: true, networkConnectionEnabled: false, pageLoadStrategy: normal, platform: WINDOWS, platformName: WINDOWS, proxy: Proxy(), setWindowRect: true, strictFileInteractability: false, timeouts: {implicit: 0, pageLoad: 300000, script: 30000}, unhandledPromptBehavior: dismiss and notify, webauthn:extension:credBlob: true, webauthn:extension:largeBlob: true, webauthn:extension:minPinLength: true, webauthn:extension:prf: true, webauthn:virtualAuthenticators: true}&#xa;Session ID: 8ac1db62937cc686b8faaf064e6fcdb5&#xa;	at org.openqa.selenium.support.ui.WebDriverWait.timeoutException(WebDriverWait.java:95)&#xa;	at org.openqa.selenium.support.ui.FluentWait.until(FluentWait.java:272)&#xa;	at com.kms.katalon.core.webui.keyword.builtin.MouseOverKeyword$_mouseOver_closure1.doCall(MouseOverKeyword.groovy:56)&#xa;	at com.kms.katalon.core.webui.keyword.builtin.MouseOverKeyword$_mouseOver_closure1.call(MouseOverKeyword.groovy)&#xa;	at com.kms.katalon.core.webui.keyword.internal.WebUIKeywordMain.runKeyword(WebUIKeywordMain.groovy:20)&#xa;	... 20 more&#xa;"/>
         <system-out><![CDATA[2023-12-18 12:43:40 - [TEST_CASE][FAILED] - Test Cases/Menu/RT008 MenuClicks - SuperTester: Test Cases/Menu/RT008 MenuClicks - SuperTester FAILED.
Reason:
com.kms.katalon.core.exception.StepFailedException: Unable to move mouse over object 'Object Repository/MenuTopbar/btn_Menu_Diensten'
	at com.kms.katalon.core.webui.keyword.internal.WebUIKeywordMain.stepFailed(WebUIKeywordMain.groovy:64)
	at com.kms.katalon.core.webui.keyword.internal.WebUIKeywordMain.runKeyword(WebUIKeywordMain.groovy:26)
	at com.kms.katalon.core.webui.keyword.builtin.MouseOverKeyword.mouseOver(MouseOverKeyword.groovy:66)
	at com.kms.katalon.core.webui.keyword.builtin.MouseOverKeyword.execute(MouseOverKeyword.groovy:40)
	at com.kms.katalon.core.keyword.internal.KeywordExecutor.executeKeywordForPlatform(KeywordExecutor.groovy:74)
	at com.kms.katalon.core.webui.keyword.WebUiBuiltInKeywords.mouseOver(WebUiBuiltInKeywords.groovy:806)
	at RT008 MenuClicks - SuperTester.run(RT008 MenuClicks - SuperTester:26)
	at com.kms.katalon.core.main.ScriptEngine.run(ScriptEngine.java:194)
	at com.kms.katalon.core.main.ScriptEngine.runScriptAsRawText(ScriptEngine.java:119)
	at com.kms.katalon.core.main.TestCaseExecutor.runScript(TestCaseExecutor.java:448)
	at com.kms.katalon.core.main.TestCaseExecutor.doExecute(TestCaseExecutor.java:439)
	at com.kms.katalon.core.main.TestCaseExecutor.processExecutionPhase(TestCaseExecutor.java:418)
	at com.kms.katalon.core.main.TestCaseExecutor.accessMainPhase(TestCaseExecutor.java:410)
	at com.kms.katalon.core.main.TestCaseExecutor.execute(TestCaseExecutor.java:285)
	at com.kms.katalon.core.common.CommonExecutor.accessTestCaseMainPhase(CommonExecutor.java:65)
	at com.kms.katalon.core.main.TestSuiteExecutor.accessTestSuiteMainPhase(TestSuiteExecutor.java:148)
	at com.kms.katalon.core.main.TestSuiteExecutor.execute(TestSuiteExecutor.java:106)
	at com.kms.katalon.core.main.TestCaseMain.startTestSuite(TestCaseMain.java:187)
	at TempTestSuite1702899685497.run(TempTestSuite1702899685497.groovy:36)
	at java.base/jdk.internal.reflect.NativeMethodAccessorImpl.invoke0(Native Method)
	at java.base/jdk.internal.reflect.NativeMethodAccessorImpl.invoke(NativeMethodAccessorImpl.java:77)
	at java.base/jdk.internal.reflect.DelegatingMethodAccessorImpl.invoke(DelegatingMethodAccessorImpl.java:43)
Caused by: org.openqa.selenium.TimeoutException: Expected condition failed: waiting for element to be clickable: [[CChromeDriver: chrome on WINDOWS (8ac1db62937cc686b8faaf064e6fcdb5)] -> xpath: //li[@id='menu-item-25842']/a] (tried for 30 second(s) with 500 milliseconds interval)
Build info: version: '3.141.59', revision: 'e82be7d358', time: '2018-11-14T08:25:53'
System info: host: 'BERGTOP', ip: '192.168.1.100', os.name: 'Windows 11', os.arch: 'amd64', os.version: '10.0', java.version: '17.0.7'
Driver info: com.kms.katalon.core.webui.driver.SmartWaitWebDriver
Capabilities {acceptInsecureCerts: false, browserName: chrome, browserVersion: 120.0.6099.72, chrome: {chromedriverVersion: 119.0.6045.105 (38c72552c5e..., userDataDir: C:\Users\maart\AppData\Loca...}, fedcm:accounts: true, goog:chromeOptions: {debuggerAddress: localhost:54043}, javascriptEnabled: true, networkConnectionEnabled: false, pageLoadStrategy: normal, platform: WINDOWS, platformName: WINDOWS, proxy: Proxy(), setWindowRect: true, strictFileInteractability: false, timeouts: {implicit: 0, pageLoad: 300000, script: 30000}, unhandledPromptBehavior: dismiss and notify, webauthn:extension:credBlob: true, webauthn:extension:largeBlob: true, webauthn:extension:minPinLength: true, webauthn:extension:prf: true, webauthn:virtualAuthenticators: true}
Session ID: 8ac1db62937cc686b8faaf064e6fcdb5
	at org.openqa.selenium.support.ui.WebDriverWait.timeoutException(WebDriverWait.java:95)
	at org.openqa.selenium.support.ui.FluentWait.until(FluentWait.java:272)
	at com.kms.katalon.core.webui.keyword.builtin.MouseOverKeyword$_mouseOver_closure1.doCall(MouseOverKeyword.groovy:56)
	at com.kms.katalon.core.webui.keyword.builtin.MouseOverKeyword$_mouseOver_closure1.call(MouseOverKeyword.groovy)
	at com.kms.katalon.core.webui.keyword.internal.WebUIKeywordMain.runKeyword(WebUIKeywordMain.groovy:20)
	... 20 more


2023-12-18 12:43:40 - [TEST_STEP][PASSED] - openBrowser(""): Browser is opened with url: ''

2023-12-18 12:43:40 - [MESSAGE][INFO] - Starting 'Chrome' driver

2023-12-18 12:43:40 - [MESSAGE][INFO] - Action delay is set to 0 milliseconds

2023-12-18 12:43:41 - [MESSAGE][PASSED] - Browser is opened with url: ''

2023-12-18 12:43:41 - [TEST_STEP][PASSED] - maximizeWindow(): Current window maximized

2023-12-18 12:43:41 - [MESSAGE][PASSED] - Current window maximized

2023-12-18 12:43:41 - [TEST_STEP][PASSED] - navigateToUrl(URL + OVER_ONS + SUPERTESTER): Navigate to 'https://nlrisqitww-chaca.savviihq.com/over-ons/supertester/' successfully

2023-12-18 12:43:42 - [MESSAGE][PASSED] - Navigate to 'https://nlrisqitww-chaca.savviihq.com/over-ons/supertester/' successfully

2023-12-18 12:43:42 - [TEST_STEP][FAILED] - mouseOver(findTestObject("MenuTopbar/btn_Menu_Diensten")): Unable to move mouse over object 'Object Repository/MenuTopbar/btn_Menu_Diensten' (Root cause: com.kms.katalon.core.exception.StepFailedException: Unable to move mouse over object 'Object Repository/MenuTopbar/btn_Menu_Diensten'
	at com.kms.katalon.core.webui.keyword.internal.WebUIKeywordMain.stepFailed(WebUIKeywordMain.groovy:64)
	at com.kms.katalon.core.webui.keyword.internal.WebUIKeywordMain.runKeyword(WebUIKeywordMain.groovy:26)
	at com.kms.katalon.core.webui.keyword.builtin.MouseOverKeyword.mouseOver(MouseOverKeyword.groovy:66)
	at com.kms.katalon.core.webui.keyword.builtin.MouseOverKeyword.execute(MouseOverKeyword.groovy:40)
	at com.kms.katalon.core.keyword.internal.KeywordExecutor.executeKeywordForPlatform(KeywordExecutor.groovy:74)
	at com.kms.katalon.core.webui.keyword.WebUiBuiltInKeywords.mouseOver(WebUiBuiltInKeywords.groovy:806)
	at RT008 MenuClicks - SuperTester.run(RT008 MenuClicks - SuperTester:26)
	at com.kms.katalon.core.main.ScriptEngine.run(ScriptEngine.java:194)
	at com.kms.katalon.core.main.ScriptEngine.runScriptAsRawText(ScriptEngine.java:119)
	at com.kms.katalon.core.main.TestCaseExecutor.runScript(TestCaseExecutor.java:448)
	at com.kms.katalon.core.main.TestCaseExecutor.doExecute(TestCaseExecutor.java:439)
	at com.kms.katalon.core.main.TestCaseExecutor.processExecutionPhase(TestCaseExecutor.java:418)
	at com.kms.katalon.core.main.TestCaseExecutor.accessMainPhase(TestCaseExecutor.java:410)
	at com.kms.katalon.core.main.TestCaseExecutor.execute(TestCaseExecutor.java:285)
	at com.kms.katalon.core.common.CommonExecutor.accessTestCaseMainPhase(CommonExecutor.java:65)
	at com.kms.katalon.core.main.TestSuiteExecutor.accessTestSuiteMainPhase(TestSuiteExecutor.java:148)
	at com.kms.katalon.core.main.TestSuiteExecutor.execute(TestSuiteExecutor.java:106)
	at com.kms.katalon.core.main.TestCaseMain.startTestSuite(TestCaseMain.java:187)
	at TempTestSuite1702899685497.run(TempTestSuite1702899685497.groovy:36)
	at java.base/jdk.internal.reflect.NativeMethodAccessorImpl.invoke0(Native Method)
	at java.base/jdk.internal.reflect.NativeMethodAccessorImpl.invoke(NativeMethodAccessorImpl.java:77)
	at java.base/jdk.internal.reflect.DelegatingMethodAccessorImpl.invoke(DelegatingMethodAccessorImpl.java:43)
Caused by: org.openqa.selenium.TimeoutException: Expected condition failed: waiting for element to be clickable: [[CChromeDriver: chrome on WINDOWS (8ac1db62937cc686b8faaf064e6fcdb5)] -> xpath: //li[@id='menu-item-25842']/a] (tried for 30 second(s) with 500 milliseconds interval)
Build info: version: '3.141.59', revision: 'e82be7d358', time: '2018-11-14T08:25:53'
System info: host: 'BERGTOP', ip: '192.168.1.100', os.name: 'Windows 11', os.arch: 'amd64', os.version: '10.0', java.version: '17.0.7'
Driver info: com.kms.katalon.core.webui.driver.SmartWaitWebDriver
Capabilities {acceptInsecureCerts: false, browserName: chrome, browserVersion: 120.0.6099.72, chrome: {chromedriverVersion: 119.0.6045.105 (38c72552c5e..., userDataDir: C:\Users\maart\AppData\Loca...}, fedcm:accounts: true, goog:chromeOptions: {debuggerAddress: localhost:54043}, javascriptEnabled: true, networkConnectionEnabled: false, pageLoadStrategy: normal, platform: WINDOWS, platformName: WINDOWS, proxy: Proxy(), setWindowRect: true, strictFileInteractability: false, timeouts: {implicit: 0, pageLoad: 300000, script: 30000}, unhandledPromptBehavior: dismiss and notify, webauthn:extension:credBlob: true, webauthn:extension:largeBlob: true, webauthn:extension:minPinLength: true, webauthn:extension:prf: true, webauthn:virtualAuthenticators: true}
Session ID: 8ac1db62937cc686b8faaf064e6fcdb5
	at org.openqa.selenium.support.ui.WebDriverWait.timeoutException(WebDriverWait.java:95)
	at org.openqa.selenium.support.ui.FluentWait.until(FluentWait.java:272)
	at com.kms.katalon.core.webui.keyword.builtin.MouseOverKeyword$_mouseOver_closure1.doCall(MouseOverKeyword.groovy:56)
	at com.kms.katalon.core.webui.keyword.builtin.MouseOverKeyword$_mouseOver_closure1.call(MouseOverKeyword.groovy)
	at com.kms.katalon.core.webui.keyword.internal.WebUIKeywordMain.runKeyword(WebUIKeywordMain.groovy:20)
	at com.kms.katalon.core.webui.keyword.builtin.MouseOverKeyword.mouseOver(MouseOverKeyword.groovy:66)
	at com.kms.katalon.core.webui.keyword.builtin.MouseOverKeyword.execute(MouseOverKeyword.groovy:40)
	at com.kms.katalon.core.keyword.internal.KeywordExecutor.executeKeywordForPlatform(KeywordExecutor.groovy:74)
	at com.kms.katalon.core.webui.keyword.WebUiBuiltInKeywords.mouseOver(WebUiBuiltInKeywords.groovy:806)
	at Script1702898319768.run(Script1702898319768.groovy:26)
	... 15 more
)

2023-12-18 12:44:13 - [MESSAGE][FAILED] - Unable to move mouse over object 'Object Repository/MenuTopbar/btn_Menu_Diensten' (Root cause: com.kms.katalon.core.exception.StepFailedException: Unable to move mouse over object 'Object Repository/MenuTopbar/btn_Menu_Diensten'
	at com.kms.katalon.core.webui.keyword.internal.WebUIKeywordMain.stepFailed(WebUIKeywordMain.groovy:64)
	at com.kms.katalon.core.webui.keyword.internal.WebUIKeywordMain.runKeyword(WebUIKeywordMain.groovy:26)
	at com.kms.katalon.core.webui.keyword.builtin.MouseOverKeyword.mouseOver(MouseOverKeyword.groovy:66)
	at com.kms.katalon.core.webui.keyword.builtin.MouseOverKeyword.execute(MouseOverKeyword.groovy:40)
	at com.kms.katalon.core.keyword.internal.KeywordExecutor.executeKeywordForPlatform(KeywordExecutor.groovy:74)
	at com.kms.katalon.core.webui.keyword.WebUiBuiltInKeywords.mouseOver(WebUiBuiltInKeywords.groovy:806)
	at RT008 MenuClicks - SuperTester.run(RT008 MenuClicks - SuperTester:26)
	at com.kms.katalon.core.main.ScriptEngine.run(ScriptEngine.java:194)
	at com.kms.katalon.core.main.ScriptEngine.runScriptAsRawText(ScriptEngine.java:119)
	at com.kms.katalon.core.main.TestCaseExecutor.runScript(TestCaseExecutor.java:448)
	at com.kms.katalon.core.main.TestCaseExecutor.doExecute(TestCaseExecutor.java:439)
	at com.kms.katalon.core.main.TestCaseExecutor.processExecutionPhase(TestCaseExecutor.java:418)
	at com.kms.katalon.core.main.TestCaseExecutor.accessMainPhase(TestCaseExecutor.java:410)
	at com.kms.katalon.core.main.TestCaseExecutor.execute(TestCaseExecutor.java:285)
	at com.kms.katalon.core.common.CommonExecutor.accessTestCaseMainPhase(CommonExecutor.java:65)
	at com.kms.katalon.core.main.TestSuiteExecutor.accessTestSuiteMainPhase(TestSuiteExecutor.java:148)
	at com.kms.katalon.core.main.TestSuiteExecutor.execute(TestSuiteExecutor.java:106)
	at com.kms.katalon.core.main.TestCaseMain.startTestSuite(TestCaseMain.java:187)
	at TempTestSuite1702899685497.run(TempTestSuite1702899685497.groovy:36)
	at java.base/jdk.internal.reflect.NativeMethodAccessorImpl.invoke0(Native Method)
	at java.base/jdk.internal.reflect.NativeMethodAccessorImpl.invoke(NativeMethodAccessorImpl.java:77)
	at java.base/jdk.internal.reflect.DelegatingMethodAccessorImpl.invoke(DelegatingMethodAccessorImpl.java:43)
Caused by: org.openqa.selenium.TimeoutException: Expected condition failed: waiting for element to be clickable: [[CChromeDriver: chrome on WINDOWS (8ac1db62937cc686b8faaf064e6fcdb5)] -> xpath: //li[@id='menu-item-25842']/a] (tried for 30 second(s) with 500 milliseconds interval)
Build info: version: '3.141.59', revision: 'e82be7d358', time: '2018-11-14T08:25:53'
System info: host: 'BERGTOP', ip: '192.168.1.100', os.name: 'Windows 11', os.arch: 'amd64', os.version: '10.0', java.version: '17.0.7'
Driver info: com.kms.katalon.core.webui.driver.SmartWaitWebDriver
Capabilities {acceptInsecureCerts: false, browserName: chrome, browserVersion: 120.0.6099.72, chrome: {chromedriverVersion: 119.0.6045.105 (38c72552c5e..., userDataDir: C:\Users\maart\AppData\Loca...}, fedcm:accounts: true, goog:chromeOptions: {debuggerAddress: localhost:54043}, javascriptEnabled: true, networkConnectionEnabled: false, pageLoadStrategy: normal, platform: WINDOWS, platformName: WINDOWS, proxy: Proxy(), setWindowRect: true, strictFileInteractability: false, timeouts: {implicit: 0, pageLoad: 300000, script: 30000}, unhandledPromptBehavior: dismiss and notify, webauthn:extension:credBlob: true, webauthn:extension:largeBlob: true, webauthn:extension:minPinLength: true, webauthn:extension:prf: true, webauthn:virtualAuthenticators: true}
Session ID: 8ac1db62937cc686b8faaf064e6fcdb5
	at org.openqa.selenium.support.ui.WebDriverWait.timeoutException(WebDriverWait.java:95)
	at org.openqa.selenium.support.ui.FluentWait.until(FluentWait.java:272)
	at com.kms.katalon.core.webui.keyword.builtin.MouseOverKeyword$_mouseOver_closure1.doCall(MouseOverKeyword.groovy:56)
	at com.kms.katalon.core.webui.keyword.builtin.MouseOverKeyword$_mouseOver_closure1.call(MouseOverKeyword.groovy)
	at com.kms.katalon.core.webui.keyword.internal.WebUIKeywordMain.runKeyword(WebUIKeywordMain.groovy:20)
	at com.kms.katalon.core.webui.keyword.builtin.MouseOverKeyword.mouseOver(MouseOverKeyword.groovy:66)
	at com.kms.katalon.core.webui.keyword.builtin.MouseOverKeyword.execute(MouseOverKeyword.groovy:40)
	at com.kms.katalon.core.keyword.internal.KeywordExecutor.executeKeywordForPlatform(KeywordExecutor.groovy:74)
	at com.kms.katalon.core.webui.keyword.WebUiBuiltInKeywords.mouseOver(WebUiBuiltInKeywords.groovy:806)
	at Script1702898319768.run(Script1702898319768.groovy:26)
	... 15 more
)
[[ATTACHMENT|C:\\Users\\maart\\Katalon Studio\\RisQIT Website\\Reports\\20231218_124124\\TS01 MenuCheck\\20231218_124125\\1702899852734.png]]]]></system-out>
         <system-err><![CDATA[2023-12-18 12:43:40 - [TEST_CASE][FAILED] - Test Cases/Menu/RT008 MenuClicks - SuperTester: Test Cases/Menu/RT008 MenuClicks - SuperTester FAILED.
Reason:
com.kms.katalon.core.exception.StepFailedException: Unable to move mouse over object 'Object Repository/MenuTopbar/btn_Menu_Diensten'
	at com.kms.katalon.core.webui.keyword.internal.WebUIKeywordMain.stepFailed(WebUIKeywordMain.groovy:64)
	at com.kms.katalon.core.webui.keyword.internal.WebUIKeywordMain.runKeyword(WebUIKeywordMain.groovy:26)
	at com.kms.katalon.core.webui.keyword.builtin.MouseOverKeyword.mouseOver(MouseOverKeyword.groovy:66)
	at com.kms.katalon.core.webui.keyword.builtin.MouseOverKeyword.execute(MouseOverKeyword.groovy:40)
	at com.kms.katalon.core.keyword.internal.KeywordExecutor.executeKeywordForPlatform(KeywordExecutor.groovy:74)
	at com.kms.katalon.core.webui.keyword.WebUiBuiltInKeywords.mouseOver(WebUiBuiltInKeywords.groovy:806)
	at RT008 MenuClicks - SuperTester.run(RT008 MenuClicks - SuperTester:26)
	at com.kms.katalon.core.main.ScriptEngine.run(ScriptEngine.java:194)
	at com.kms.katalon.core.main.ScriptEngine.runScriptAsRawText(ScriptEngine.java:119)
	at com.kms.katalon.core.main.TestCaseExecutor.runScript(TestCaseExecutor.java:448)
	at com.kms.katalon.core.main.TestCaseExecutor.doExecute(TestCaseExecutor.java:439)
	at com.kms.katalon.core.main.TestCaseExecutor.processExecutionPhase(TestCaseExecutor.java:418)
	at com.kms.katalon.core.main.TestCaseExecutor.accessMainPhase(TestCaseExecutor.java:410)
	at com.kms.katalon.core.main.TestCaseExecutor.execute(TestCaseExecutor.java:285)
	at com.kms.katalon.core.common.CommonExecutor.accessTestCaseMainPhase(CommonExecutor.java:65)
	at com.kms.katalon.core.main.TestSuiteExecutor.accessTestSuiteMainPhase(TestSuiteExecutor.java:148)
	at com.kms.katalon.core.main.TestSuiteExecutor.execute(TestSuiteExecutor.java:106)
	at com.kms.katalon.core.main.TestCaseMain.startTestSuite(TestCaseMain.java:187)
	at TempTestSuite1702899685497.run(TempTestSuite1702899685497.groovy:36)
	at java.base/jdk.internal.reflect.NativeMethodAccessorImpl.invoke0(Native Method)
	at java.base/jdk.internal.reflect.NativeMethodAccessorImpl.invoke(NativeMethodAccessorImpl.java:77)
	at java.base/jdk.internal.reflect.DelegatingMethodAccessorImpl.invoke(DelegatingMethodAccessorImpl.java:43)
Caused by: org.openqa.selenium.TimeoutException: Expected condition failed: waiting for element to be clickable: [[CChromeDriver: chrome on WINDOWS (8ac1db62937cc686b8faaf064e6fcdb5)] -> xpath: //li[@id='menu-item-25842']/a] (tried for 30 second(s) with 500 milliseconds interval)
Build info: version: '3.141.59', revision: 'e82be7d358', time: '2018-11-14T08:25:53'
System info: host: 'BERGTOP', ip: '192.168.1.100', os.name: 'Windows 11', os.arch: 'amd64', os.version: '10.0', java.version: '17.0.7'
Driver info: com.kms.katalon.core.webui.driver.SmartWaitWebDriver
Capabilities {acceptInsecureCerts: false, browserName: chrome, browserVersion: 120.0.6099.72, chrome: {chromedriverVersion: 119.0.6045.105 (38c72552c5e..., userDataDir: C:\Users\maart\AppData\Loca...}, fedcm:accounts: true, goog:chromeOptions: {debuggerAddress: localhost:54043}, javascriptEnabled: true, networkConnectionEnabled: false, pageLoadStrategy: normal, platform: WINDOWS, platformName: WINDOWS, proxy: Proxy(), setWindowRect: true, strictFileInteractability: false, timeouts: {implicit: 0, pageLoad: 300000, script: 30000}, unhandledPromptBehavior: dismiss and notify, webauthn:extension:credBlob: true, webauthn:extension:largeBlob: true, webauthn:extension:minPinLength: true, webauthn:extension:prf: true, webauthn:virtualAuthenticators: true}
Session ID: 8ac1db62937cc686b8faaf064e6fcdb5
	at org.openqa.selenium.support.ui.WebDriverWait.timeoutException(WebDriverWait.java:95)
	at org.openqa.selenium.support.ui.FluentWait.until(FluentWait.java:272)
	at com.kms.katalon.core.webui.keyword.builtin.MouseOverKeyword$_mouseOver_closure1.doCall(MouseOverKeyword.groovy:56)
	at com.kms.katalon.core.webui.keyword.builtin.MouseOverKeyword$_mouseOver_closure1.call(MouseOverKeyword.groovy)
	at com.kms.katalon.core.webui.keyword.internal.WebUIKeywordMain.runKeyword(WebUIKeywordMain.groovy:20)
	... 20 more]]></system-err>
      </testcase>
      <testcase name="Test Cases/Menu/RT008.1 MenuClicks - SuperTester - Alternatief" time="0.063" classname="Test Cases/Menu/RT008.1 MenuClicks - SuperTester - Alternatief" status="ERROR">
         <error type="ERROR" message="Test Cases/Menu/RT008.1 MenuClicks - SuperTester - Alternatief has ERROR(s).&#xa;Reason:&#xa;org.codehaus.groovy.control.MultipleCompilationErrorsException: startup failed:&#xa;Script251387396583600.groovy: 32: Unexpected input: '(' @ line 32, column 20.&#xa;   WebUI.navigateToUrl((GlobalVariable.URL + GlobalVariable.SUPERTESTER)&#xa;                      ^&#xa;&#xa;1 error&#xa;"/>
         <system-out><![CDATA[2023-12-18 12:44:13 - [TEST_CASE][ERROR] - Test Cases/Menu/RT008.1 MenuClicks - SuperTester - Alternatief: Test Cases/Menu/RT008.1 MenuClicks - SuperTester - Alternatief has ERROR(s).
Reason:
org.codehaus.groovy.control.MultipleCompilationErrorsException: startup failed:
Script251387396583600.groovy: 32: Unexpected input: '(' @ line 32, column 20.
   WebUI.navigateToUrl((GlobalVariable.URL + GlobalVariable.SUPERTESTER)
                      ^

1 error]]></system-out>
         <system-err><![CDATA[2023-12-18 12:44:13 - [TEST_CASE][ERROR] - Test Cases/Menu/RT008.1 MenuClicks - SuperTester - Alternatief: Test Cases/Menu/RT008.1 MenuClicks - SuperTester - Alternatief has ERROR(s).
Reason:
org.codehaus.groovy.control.MultipleCompilationErrorsException: startup failed:
Script251387396583600.groovy: 32: Unexpected input: '(' @ line 32, column 20.
   WebUI.navigateToUrl((GlobalVariable.URL + GlobalVariable.SUPERTESTER)
                      ^

1 error]]></system-err>
      </testcase>
      <testcase name="Test Cases/Menu/RT009 MenuClicks - Blog" time="19.157" classname="Test Cases/Menu/RT009 MenuClicks - Blog" status="PASSED">
         <system-out><![CDATA[2023-12-18 12:44:13 - [TEST_CASE][PASSED] - Test Cases/Menu/RT009 MenuClicks - Blog: Test Cases/Menu/RT009 MenuClicks - Blog

2023-12-18 12:44:13 - [TEST_STEP][PASSED] - openBrowser(""): Browser is opened with url: ''

2023-12-18 12:44:13 - [MESSAGE][WARNING] - A browser is already opened. Closing browser and opening a new one

2023-12-18 12:44:13 - [MESSAGE][INFO] - Starting 'Chrome' driver

2023-12-18 12:44:13 - [MESSAGE][INFO] - Action delay is set to 0 milliseconds

2023-12-18 12:44:14 - [MESSAGE][PASSED] - Browser is opened with url: ''

2023-12-18 12:44:14 - [TEST_STEP][PASSED] - maximizeWindow(): Current window maximized

2023-12-18 12:44:14 - [MESSAGE][PASSED] - Current window maximized

2023-12-18 12:44:14 - [TEST_STEP][PASSED] - navigateToUrl(URL + BLOG): Navigate to 'https://nlrisqitww-chaca.savviihq.com/blog/' successfully

2023-12-18 12:44:14 - [MESSAGE][PASSED] - Navigate to 'https://nlrisqitww-chaca.savviihq.com/blog/' successfully

2023-12-18 12:44:14 - [TEST_STEP][PASSED] - mouseOver(findTestObject("MenuTopbar/btn_Menu_Diensten")): Object: 'Object Repository/MenuTopbar/btn_Menu_Diensten' is hovered

2023-12-18 12:44:15 - [MESSAGE][PASSED] - Object: 'Object Repository/MenuTopbar/btn_Menu_Diensten' is hovered

2023-12-18 12:44:15 - [TEST_STEP][PASSED] - click(findTestObject("MenuTopbar/btn_Menu_Diensten_SoftwareTesting")): Object: 'Object Repository/MenuTopbar/btn_Menu_Diensten_SoftwareTesting' is clicked on

2023-12-18 12:44:16 - [MESSAGE][PASSED] - Object: 'Object Repository/MenuTopbar/btn_Menu_Diensten_SoftwareTesting' is clicked on

2023-12-18 12:44:16 - [TEST_STEP][PASSED] - verifyElementText(findTestObject("Object Repository/Page_Software Testing - RisQIT/h1_Software Testing"), "Software Testing"): Actual text and expected text of test object 'Object Repository/Page_Software Testing - RisQIT/h1_Software Testing' are matched.

2023-12-18 12:44:17 - [MESSAGE][PASSED] - Actual text and expected text of test object 'Object Repository/Page_Software Testing - RisQIT/h1_Software Testing' are matched.

2023-12-18 12:44:17 - [TEST_STEP][PASSED] - navigateToUrl(URL + BLOG): Navigate to 'https://nlrisqitww-chaca.savviihq.com/blog/' successfully

2023-12-18 12:44:17 - [MESSAGE][PASSED] - Navigate to 'https://nlrisqitww-chaca.savviihq.com/blog/' successfully

2023-12-18 12:44:17 - [TEST_STEP][PASSED] - mouseOver(findTestObject("MenuTopbar/btn_Menu_Diensten")): Object: 'Object Repository/MenuTopbar/btn_Menu_Diensten' is hovered

2023-12-18 12:44:17 - [MESSAGE][PASSED] - Object: 'Object Repository/MenuTopbar/btn_Menu_Diensten' is hovered

2023-12-18 12:44:17 - [TEST_STEP][PASSED] - click(findTestObject("MenuTopbar/btn_Menu_Diensten_SHT")): Object: 'Object Repository/MenuTopbar/btn_Menu_Diensten_SHT' is clicked on

2023-12-18 12:44:18 - [MESSAGE][PASSED] - Object: 'Object Repository/MenuTopbar/btn_Menu_Diensten_SHT' is clicked on

2023-12-18 12:44:18 - [TEST_STEP][PASSED] - verifyElementText(findTestObject("Page_Security en HackersTest (SHT) - RisQIT/h1_Security en HackersTest (SHT)"), "Security En HackersTest (SHT)"): Actual text and expected text of test object 'Object Repository/Page_Security en HackersTest (SHT) - RisQIT/h1_Security en HackersTest (SHT)' are matched.

2023-12-18 12:44:19 - [MESSAGE][PASSED] - Actual text and expected text of test object 'Object Repository/Page_Security en HackersTest (SHT) - RisQIT/h1_Security en HackersTest (SHT)' are matched.

2023-12-18 12:44:19 - [TEST_STEP][PASSED] - navigateToUrl(URL + BLOG): Navigate to 'https://nlrisqitww-chaca.savviihq.com/blog/' successfully

2023-12-18 12:44:19 - [MESSAGE][PASSED] - Navigate to 'https://nlrisqitww-chaca.savviihq.com/blog/' successfully

2023-12-18 12:44:19 - [TEST_STEP][PASSED] - mouseOver(findTestObject("MenuTopbar/btn_Menu_Diensten")): Object: 'Object Repository/MenuTopbar/btn_Menu_Diensten' is hovered

2023-12-18 12:44:19 - [MESSAGE][PASSED] - Object: 'Object Repository/MenuTopbar/btn_Menu_Diensten' is hovered

2023-12-18 12:44:19 - [TEST_STEP][PASSED] - click(findTestObject("MenuTopbar/btn_Menu_Diensten_UXLab")): Object: 'Object Repository/MenuTopbar/btn_Menu_Diensten_UXLab' is clicked on

2023-12-18 12:44:20 - [MESSAGE][PASSED] - Object: 'Object Repository/MenuTopbar/btn_Menu_Diensten_UXLab' is clicked on

2023-12-18 12:44:20 - [TEST_STEP][PASSED] - verifyElementText(findTestObject("Object Repository/Page_UX Lab - RisQIT/h1_UX Lab"), "UX Lab"): Actual text and expected text of test object 'Object Repository/Page_UX Lab - RisQIT/h1_UX Lab' are matched.

2023-12-18 12:44:20 - [MESSAGE][PASSED] - Actual text and expected text of test object 'Object Repository/Page_UX Lab - RisQIT/h1_UX Lab' are matched.

2023-12-18 12:44:20 - [TEST_STEP][PASSED] - navigateToUrl(URL + BLOG): Navigate to 'https://nlrisqitww-chaca.savviihq.com/blog/' successfully

2023-12-18 12:44:20 - [MESSAGE][PASSED] - Navigate to 'https://nlrisqitww-chaca.savviihq.com/blog/' successfully

2023-12-18 12:44:20 - [TEST_STEP][PASSED] - click(findTestObject("MenuTopbar/btn_Menu_OverOns")): Object: 'Object Repository/MenuTopbar/btn_Menu_OverOns' is clicked on

2023-12-18 12:44:21 - [MESSAGE][PASSED] - Object: 'Object Repository/MenuTopbar/btn_Menu_OverOns' is clicked on

2023-12-18 12:44:21 - [TEST_STEP][PASSED] - verifyElementText(findTestObject("Object Repository/Page_Over ons - RisQIT/h1_Over ons"), "Over Ons"): Actual text and expected text of test object 'Object Repository/Page_Over ons - RisQIT/h1_Over ons' are matched.

2023-12-18 12:44:22 - [MESSAGE][PASSED] - Actual text and expected text of test object 'Object Repository/Page_Over ons - RisQIT/h1_Over ons' are matched.

2023-12-18 12:44:22 - [TEST_STEP][PASSED] - navigateToUrl(URL + BLOG): Navigate to 'https://nlrisqitww-chaca.savviihq.com/blog/' successfully

2023-12-18 12:44:22 - [MESSAGE][PASSED] - Navigate to 'https://nlrisqitww-chaca.savviihq.com/blog/' successfully

2023-12-18 12:44:22 - [TEST_STEP][PASSED] - mouseOver(findTestObject("MenuTopbar/btn_Menu_OverOns")): Object: 'Object Repository/MenuTopbar/btn_Menu_OverOns' is hovered

2023-12-18 12:44:22 - [MESSAGE][PASSED] - Object: 'Object Repository/MenuTopbar/btn_Menu_OverOns' is hovered

2023-12-18 12:44:22 - [TEST_STEP][PASSED] - click(findTestObject("MenuTopbar/btn_Menu_OverOns_MissieVisie")): Object: 'Object Repository/MenuTopbar/btn_Menu_OverOns_MissieVisie' is clicked on

2023-12-18 12:44:23 - [MESSAGE][PASSED] - Object: 'Object Repository/MenuTopbar/btn_Menu_OverOns_MissieVisie' is clicked on

2023-12-18 12:44:23 - [TEST_STEP][PASSED] - verifyElementText(findTestObject("Object Repository/Page_Missie  Visie - RisQIT/h1_Missie  Visie"), "Missie & Visie"): Actual text and expected text of test object 'Object Repository/Page_Missie  Visie - RisQIT/h1_Missie  Visie' are matched.

2023-12-18 12:44:23 - [MESSAGE][PASSED] - Actual text and expected text of test object 'Object Repository/Page_Missie  Visie - RisQIT/h1_Missie  Visie' are matched.

2023-12-18 12:44:23 - [TEST_STEP][PASSED] - navigateToUrl(URL + BLOG): Navigate to 'https://nlrisqitww-chaca.savviihq.com/blog/' successfully

2023-12-18 12:44:24 - [MESSAGE][PASSED] - Navigate to 'https://nlrisqitww-chaca.savviihq.com/blog/' successfully

2023-12-18 12:44:24 - [TEST_STEP][PASSED] - mouseOver(findTestObject("MenuTopbar/btn_Menu_OverOns")): Object: 'Object Repository/MenuTopbar/btn_Menu_OverOns' is hovered

2023-12-18 12:44:24 - [MESSAGE][PASSED] - Object: 'Object Repository/MenuTopbar/btn_Menu_OverOns' is hovered

2023-12-18 12:44:24 - [TEST_STEP][PASSED] - click(findTestObject("MenuTopbar/btn_Menu_OverOns_HetGilde")): Object: 'Object Repository/MenuTopbar/btn_Menu_OverOns_HetGilde' is clicked on

2023-12-18 12:44:25 - [MESSAGE][PASSED] - Object: 'Object Repository/MenuTopbar/btn_Menu_OverOns_HetGilde' is clicked on

2023-12-18 12:44:25 - [TEST_STEP][PASSED] - verifyElementText(findTestObject("Object Repository/Page_Het Gilde - RisQIT/h1_Het Gilde"), "Het Gilde"): Actual text and expected text of test object 'Object Repository/Page_Het Gilde - RisQIT/h1_Het Gilde' are matched.

2023-12-18 12:44:25 - [MESSAGE][PASSED] - Actual text and expected text of test object 'Object Repository/Page_Het Gilde - RisQIT/h1_Het Gilde' are matched.

2023-12-18 12:44:25 - [TEST_STEP][PASSED] - navigateToUrl(URL + BLOG): Navigate to 'https://nlrisqitww-chaca.savviihq.com/blog/' successfully

2023-12-18 12:44:26 - [MESSAGE][PASSED] - Navigate to 'https://nlrisqitww-chaca.savviihq.com/blog/' successfully

2023-12-18 12:44:26 - [TEST_STEP][PASSED] - mouseOver(findTestObject("MenuTopbar/btn_Menu_OverOns")): Object: 'Object Repository/MenuTopbar/btn_Menu_OverOns' is hovered

2023-12-18 12:44:26 - [MESSAGE][PASSED] - Object: 'Object Repository/MenuTopbar/btn_Menu_OverOns' is hovered

2023-12-18 12:44:26 - [TEST_STEP][PASSED] - click(findTestObject("MenuTopbar/btn_Menu_OverOns_SuperTester")): Object: 'Object Repository/MenuTopbar/btn_Menu_OverOns_SuperTester' is clicked on

2023-12-18 12:44:27 - [MESSAGE][PASSED] - Object: 'Object Repository/MenuTopbar/btn_Menu_OverOns_SuperTester' is clicked on

2023-12-18 12:44:27 - [TEST_STEP][PASSED] - verifyElementText(findTestObject("Object Repository/Page_SuperTester - RisQIT/h1_Whitepaper SuperTester"), "Whitepaper SuperTester"): Actual text and expected text of test object 'Object Repository/Page_SuperTester - RisQIT/h1_Whitepaper SuperTester' are matched.

2023-12-18 12:44:27 - [MESSAGE][PASSED] - Actual text and expected text of test object 'Object Repository/Page_SuperTester - RisQIT/h1_Whitepaper SuperTester' are matched.

2023-12-18 12:44:27 - [TEST_STEP][PASSED] - navigateToUrl(URL + BLOG): Navigate to 'https://nlrisqitww-chaca.savviihq.com/blog/' successfully

2023-12-18 12:44:27 - [MESSAGE][PASSED] - Navigate to 'https://nlrisqitww-chaca.savviihq.com/blog/' successfully

2023-12-18 12:44:27 - [TEST_STEP][PASSED] - click(findTestObject("MenuTopbar/btn_Menu_Blog")): Object: 'Object Repository/MenuTopbar/btn_Menu_Blog' is clicked on

2023-12-18 12:44:28 - [MESSAGE][PASSED] - Object: 'Object Repository/MenuTopbar/btn_Menu_Blog' is clicked on

2023-12-18 12:44:28 - [TEST_STEP][PASSED] - verifyElementText(findTestObject("Object Repository/Page_Blog - RisQIT/h1_Blog"), "Blog"): Actual text and expected text of test object 'Object Repository/Page_Blog - RisQIT/h1_Blog' are matched.

2023-12-18 12:44:29 - [MESSAGE][PASSED] - Actual text and expected text of test object 'Object Repository/Page_Blog - RisQIT/h1_Blog' are matched.

2023-12-18 12:44:29 - [TEST_STEP][PASSED] - click(findTestObject("MenuTopbar/btn_Menu_Vacatures")): Object: 'Object Repository/MenuTopbar/btn_Menu_Vacatures' is clicked on

2023-12-18 12:44:29 - [MESSAGE][PASSED] - Object: 'Object Repository/MenuTopbar/btn_Menu_Vacatures' is clicked on

2023-12-18 12:44:29 - [TEST_STEP][PASSED] - verifyElementText(findTestObject("Object Repository/Page_Vacatures - RisQIT/h1_Vacatures"), "Vacatures"): Actual text and expected text of test object 'Object Repository/Page_Vacatures - RisQIT/h1_Vacatures' are matched.

2023-12-18 12:44:30 - [MESSAGE][PASSED] - Actual text and expected text of test object 'Object Repository/Page_Vacatures - RisQIT/h1_Vacatures' are matched.

2023-12-18 12:44:30 - [TEST_STEP][PASSED] - navigateToUrl(URL + BLOG): Navigate to 'https://nlrisqitww-chaca.savviihq.com/blog/' successfully

2023-12-18 12:44:30 - [MESSAGE][PASSED] - Navigate to 'https://nlrisqitww-chaca.savviihq.com/blog/' successfully

2023-12-18 12:44:30 - [TEST_STEP][PASSED] - click(findTestObject("Object Repository/MenuTopbar/Page_Vacatures - RisQIT/div_Contact opnemen")): Object: 'Object Repository/MenuTopbar/Page_Vacatures - RisQIT/div_Contact opnemen' is clicked on

2023-12-18 12:44:30 - [MESSAGE][PASSED] - Object: 'Object Repository/MenuTopbar/Page_Vacatures - RisQIT/div_Contact opnemen' is clicked on

2023-12-18 12:44:30 - [TEST_STEP][PASSED] - verifyElementText(findTestObject("Object Repository/Page_Contact - RisQIT/h1_Contact"), "Contact"): Actual text and expected text of test object 'Object Repository/Page_Contact - RisQIT/h1_Contact' are matched.

2023-12-18 12:44:31 - [MESSAGE][PASSED] - Actual text and expected text of test object 'Object Repository/Page_Contact - RisQIT/h1_Contact' are matched.

2023-12-18 12:44:31 - [TEST_STEP][PASSED] - click(findTestObject("MenuTopbar/img_Logo")): Object: 'Object Repository/MenuTopbar/img_Logo' is clicked on

2023-12-18 12:44:31 - [MESSAGE][PASSED] - Object: 'Object Repository/MenuTopbar/img_Logo' is clicked on

2023-12-18 12:44:31 - [TEST_STEP][PASSED] - verifyElementText(findTestObject("Object Repository/Page_Home - RisQIT/h1_Ga voor duurzaamheid en vertrouwen, same_4bc4a8"), "Ga voor duurzaamheid en vertrouwen, samen met ons!"): Actual text and expected text of test object 'Object Repository/Page_Home - RisQIT/h1_Ga voor duurzaamheid en vertrouwen, same_4bc4a8' are matched.

2023-12-18 12:44:32 - [MESSAGE][PASSED] - Actual text and expected text of test object 'Object Repository/Page_Home - RisQIT/h1_Ga voor duurzaamheid en vertrouwen, same_4bc4a8' are matched.

2023-12-18 12:44:32 - [TEST_STEP][PASSED] - closeBrowser(): Browser is closed

2023-12-18 12:44:32 - [MESSAGE][PASSED] - Browser is closed]]></system-out>
         <system-err><![CDATA[]]></system-err>
      </testcase>
      <testcase name="Test Cases/Menu/RT010 MenuClicks - Vacatures" time="18.613" classname="Test Cases/Menu/RT010 MenuClicks - Vacatures" status="PASSED">
         <system-out><![CDATA[2023-12-18 12:44:32 - [TEST_CASE][PASSED] - Test Cases/Menu/RT010 MenuClicks - Vacatures: Test Cases/Menu/RT010 MenuClicks - Vacatures

2023-12-18 12:44:32 - [TEST_STEP][PASSED] - openBrowser(""): Browser is opened with url: ''

2023-12-18 12:44:32 - [MESSAGE][INFO] - Starting 'Chrome' driver

2023-12-18 12:44:32 - [MESSAGE][INFO] - Action delay is set to 0 milliseconds

2023-12-18 12:44:33 - [MESSAGE][PASSED] - Browser is opened with url: ''

2023-12-18 12:44:33 - [TEST_STEP][PASSED] - maximizeWindow(): Current window maximized

2023-12-18 12:44:33 - [MESSAGE][PASSED] - Current window maximized

2023-12-18 12:44:33 - [TEST_STEP][PASSED] - navigateToUrl(URL + VACATURES): Navigate to 'https://nlrisqitww-chaca.savviihq.com/vacatures/' successfully

2023-12-18 12:44:33 - [MESSAGE][PASSED] - Navigate to 'https://nlrisqitww-chaca.savviihq.com/vacatures/' successfully

2023-12-18 12:44:33 - [TEST_STEP][PASSED] - mouseOver(findTestObject("MenuTopbar/btn_Menu_Diensten")): Object: 'Object Repository/MenuTopbar/btn_Menu_Diensten' is hovered

2023-12-18 12:44:34 - [MESSAGE][PASSED] - Object: 'Object Repository/MenuTopbar/btn_Menu_Diensten' is hovered

2023-12-18 12:44:34 - [TEST_STEP][PASSED] - click(findTestObject("MenuTopbar/btn_Menu_Diensten_SoftwareTesting")): Object: 'Object Repository/MenuTopbar/btn_Menu_Diensten_SoftwareTesting' is clicked on

2023-12-18 12:44:35 - [MESSAGE][PASSED] - Object: 'Object Repository/MenuTopbar/btn_Menu_Diensten_SoftwareTesting' is clicked on

2023-12-18 12:44:35 - [TEST_STEP][PASSED] - verifyElementText(findTestObject("Object Repository/Page_Software Testing - RisQIT/h1_Software Testing"), "Software Testing"): Actual text and expected text of test object 'Object Repository/Page_Software Testing - RisQIT/h1_Software Testing' are matched.

2023-12-18 12:44:35 - [MESSAGE][PASSED] - Actual text and expected text of test object 'Object Repository/Page_Software Testing - RisQIT/h1_Software Testing' are matched.

2023-12-18 12:44:35 - [TEST_STEP][PASSED] - navigateToUrl(URL + VACATURES): Navigate to 'https://nlrisqitww-chaca.savviihq.com/vacatures/' successfully

2023-12-18 12:44:36 - [MESSAGE][PASSED] - Navigate to 'https://nlrisqitww-chaca.savviihq.com/vacatures/' successfully

2023-12-18 12:44:36 - [TEST_STEP][PASSED] - mouseOver(findTestObject("MenuTopbar/btn_Menu_Diensten")): Object: 'Object Repository/MenuTopbar/btn_Menu_Diensten' is hovered

2023-12-18 12:44:36 - [MESSAGE][PASSED] - Object: 'Object Repository/MenuTopbar/btn_Menu_Diensten' is hovered

2023-12-18 12:44:36 - [TEST_STEP][PASSED] - click(findTestObject("MenuTopbar/btn_Menu_Diensten_SHT")): Object: 'Object Repository/MenuTopbar/btn_Menu_Diensten_SHT' is clicked on

2023-12-18 12:44:37 - [MESSAGE][PASSED] - Object: 'Object Repository/MenuTopbar/btn_Menu_Diensten_SHT' is clicked on

2023-12-18 12:44:37 - [TEST_STEP][PASSED] - verifyElementText(findTestObject("Page_Security en HackersTest (SHT) - RisQIT/h1_Security en HackersTest (SHT)"), "Security En HackersTest (SHT)"): Actual text and expected text of test object 'Object Repository/Page_Security en HackersTest (SHT) - RisQIT/h1_Security en HackersTest (SHT)' are matched.

2023-12-18 12:44:37 - [MESSAGE][PASSED] - Actual text and expected text of test object 'Object Repository/Page_Security en HackersTest (SHT) - RisQIT/h1_Security en HackersTest (SHT)' are matched.

2023-12-18 12:44:37 - [TEST_STEP][PASSED] - navigateToUrl(URL + VACATURES): Navigate to 'https://nlrisqitww-chaca.savviihq.com/vacatures/' successfully

2023-12-18 12:44:38 - [MESSAGE][PASSED] - Navigate to 'https://nlrisqitww-chaca.savviihq.com/vacatures/' successfully

2023-12-18 12:44:38 - [TEST_STEP][PASSED] - mouseOver(findTestObject("MenuTopbar/btn_Menu_Diensten")): Object: 'Object Repository/MenuTopbar/btn_Menu_Diensten' is hovered

2023-12-18 12:44:38 - [MESSAGE][PASSED] - Object: 'Object Repository/MenuTopbar/btn_Menu_Diensten' is hovered

2023-12-18 12:44:38 - [TEST_STEP][PASSED] - click(findTestObject("MenuTopbar/btn_Menu_Diensten_UXLab")): Object: 'Object Repository/MenuTopbar/btn_Menu_Diensten_UXLab' is clicked on

2023-12-18 12:44:39 - [MESSAGE][PASSED] - Object: 'Object Repository/MenuTopbar/btn_Menu_Diensten_UXLab' is clicked on

2023-12-18 12:44:39 - [TEST_STEP][PASSED] - verifyElementText(findTestObject("Object Repository/Page_UX Lab - RisQIT/h1_UX Lab"), "UX Lab"): Actual text and expected text of test object 'Object Repository/Page_UX Lab - RisQIT/h1_UX Lab' are matched.

2023-12-18 12:44:39 - [MESSAGE][PASSED] - Actual text and expected text of test object 'Object Repository/Page_UX Lab - RisQIT/h1_UX Lab' are matched.

2023-12-18 12:44:39 - [TEST_STEP][PASSED] - navigateToUrl(URL + VACATURES): Navigate to 'https://nlrisqitww-chaca.savviihq.com/vacatures/' successfully

2023-12-18 12:44:40 - [MESSAGE][PASSED] - Navigate to 'https://nlrisqitww-chaca.savviihq.com/vacatures/' successfully

2023-12-18 12:44:40 - [TEST_STEP][PASSED] - click(findTestObject("MenuTopbar/btn_Menu_OverOns")): Object: 'Object Repository/MenuTopbar/btn_Menu_OverOns' is clicked on

2023-12-18 12:44:40 - [MESSAGE][PASSED] - Object: 'Object Repository/MenuTopbar/btn_Menu_OverOns' is clicked on

2023-12-18 12:44:40 - [TEST_STEP][PASSED] - verifyElementText(findTestObject("Object Repository/Page_Over ons - RisQIT/h1_Over ons"), "Over Ons"): Actual text and expected text of test object 'Object Repository/Page_Over ons - RisQIT/h1_Over ons' are matched.

2023-12-18 12:44:40 - [MESSAGE][PASSED] - Actual text and expected text of test object 'Object Repository/Page_Over ons - RisQIT/h1_Over ons' are matched.

2023-12-18 12:44:40 - [TEST_STEP][PASSED] - navigateToUrl(URL + VACATURES): Navigate to 'https://nlrisqitww-chaca.savviihq.com/vacatures/' successfully

2023-12-18 12:44:40 - [MESSAGE][PASSED] - Navigate to 'https://nlrisqitww-chaca.savviihq.com/vacatures/' successfully

2023-12-18 12:44:40 - [TEST_STEP][PASSED] - mouseOver(findTestObject("MenuTopbar/btn_Menu_OverOns")): Object: 'Object Repository/MenuTopbar/btn_Menu_OverOns' is hovered

2023-12-18 12:44:41 - [MESSAGE][PASSED] - Object: 'Object Repository/MenuTopbar/btn_Menu_OverOns' is hovered

2023-12-18 12:44:41 - [TEST_STEP][PASSED] - click(findTestObject("MenuTopbar/btn_Menu_OverOns_MissieVisie")): Object: 'Object Repository/MenuTopbar/btn_Menu_OverOns_MissieVisie' is clicked on

2023-12-18 12:44:42 - [MESSAGE][PASSED] - Object: 'Object Repository/MenuTopbar/btn_Menu_OverOns_MissieVisie' is clicked on

2023-12-18 12:44:42 - [TEST_STEP][PASSED] - verifyElementText(findTestObject("Object Repository/Page_Missie  Visie - RisQIT/h1_Missie  Visie"), "Missie & Visie"): Actual text and expected text of test object 'Object Repository/Page_Missie  Visie - RisQIT/h1_Missie  Visie' are matched.

2023-12-18 12:44:42 - [MESSAGE][PASSED] - Actual text and expected text of test object 'Object Repository/Page_Missie  Visie - RisQIT/h1_Missie  Visie' are matched.

2023-12-18 12:44:42 - [TEST_STEP][PASSED] - navigateToUrl(URL + VACATURES): Navigate to 'https://nlrisqitww-chaca.savviihq.com/vacatures/' successfully

2023-12-18 12:44:42 - [MESSAGE][PASSED] - Navigate to 'https://nlrisqitww-chaca.savviihq.com/vacatures/' successfully

2023-12-18 12:44:42 - [TEST_STEP][PASSED] - mouseOver(findTestObject("MenuTopbar/btn_Menu_OverOns")): Object: 'Object Repository/MenuTopbar/btn_Menu_OverOns' is hovered

2023-12-18 12:44:43 - [MESSAGE][PASSED] - Object: 'Object Repository/MenuTopbar/btn_Menu_OverOns' is hovered

2023-12-18 12:44:43 - [TEST_STEP][PASSED] - click(findTestObject("MenuTopbar/btn_Menu_OverOns_HetGilde")): Object: 'Object Repository/MenuTopbar/btn_Menu_OverOns_HetGilde' is clicked on

2023-12-18 12:44:43 - [MESSAGE][PASSED] - Object: 'Object Repository/MenuTopbar/btn_Menu_OverOns_HetGilde' is clicked on

2023-12-18 12:44:43 - [TEST_STEP][PASSED] - verifyElementText(findTestObject("Object Repository/Page_Het Gilde - RisQIT/h1_Het Gilde"), "Het Gilde"): Actual text and expected text of test object 'Object Repository/Page_Het Gilde - RisQIT/h1_Het Gilde' are matched.

2023-12-18 12:44:44 - [MESSAGE][PASSED] - Actual text and expected text of test object 'Object Repository/Page_Het Gilde - RisQIT/h1_Het Gilde' are matched.

2023-12-18 12:44:44 - [TEST_STEP][PASSED] - navigateToUrl(URL + VACATURES): Navigate to 'https://nlrisqitww-chaca.savviihq.com/vacatures/' successfully

2023-12-18 12:44:44 - [MESSAGE][PASSED] - Navigate to 'https://nlrisqitww-chaca.savviihq.com/vacatures/' successfully

2023-12-18 12:44:44 - [TEST_STEP][PASSED] - mouseOver(findTestObject("MenuTopbar/btn_Menu_OverOns")): Object: 'Object Repository/MenuTopbar/btn_Menu_OverOns' is hovered

2023-12-18 12:44:45 - [MESSAGE][PASSED] - Object: 'Object Repository/MenuTopbar/btn_Menu_OverOns' is hovered

2023-12-18 12:44:45 - [TEST_STEP][PASSED] - click(findTestObject("MenuTopbar/btn_Menu_OverOns_SuperTester")): Object: 'Object Repository/MenuTopbar/btn_Menu_OverOns_SuperTester' is clicked on

2023-12-18 12:44:45 - [MESSAGE][PASSED] - Object: 'Object Repository/MenuTopbar/btn_Menu_OverOns_SuperTester' is clicked on

2023-12-18 12:44:45 - [TEST_STEP][PASSED] - verifyElementText(findTestObject("Object Repository/Page_SuperTester - RisQIT/h1_Whitepaper SuperTester"), "Whitepaper SuperTester"): Actual text and expected text of test object 'Object Repository/Page_SuperTester - RisQIT/h1_Whitepaper SuperTester' are matched.

2023-12-18 12:44:46 - [MESSAGE][PASSED] - Actual text and expected text of test object 'Object Repository/Page_SuperTester - RisQIT/h1_Whitepaper SuperTester' are matched.

2023-12-18 12:44:46 - [TEST_STEP][PASSED] - navigateToUrl(URL + VACATURES): Navigate to 'https://nlrisqitww-chaca.savviihq.com/vacatures/' successfully

2023-12-18 12:44:46 - [MESSAGE][PASSED] - Navigate to 'https://nlrisqitww-chaca.savviihq.com/vacatures/' successfully

2023-12-18 12:44:46 - [TEST_STEP][PASSED] - click(findTestObject("MenuTopbar/btn_Menu_Blog")): Object: 'Object Repository/MenuTopbar/btn_Menu_Blog' is clicked on

2023-12-18 12:44:47 - [MESSAGE][PASSED] - Object: 'Object Repository/MenuTopbar/btn_Menu_Blog' is clicked on

2023-12-18 12:44:47 - [TEST_STEP][PASSED] - verifyElementText(findTestObject("Object Repository/Page_Blog - RisQIT/h1_Blog"), "Blog"): Actual text and expected text of test object 'Object Repository/Page_Blog - RisQIT/h1_Blog' are matched.

2023-12-18 12:44:47 - [MESSAGE][PASSED] - Actual text and expected text of test object 'Object Repository/Page_Blog - RisQIT/h1_Blog' are matched.

2023-12-18 12:44:47 - [TEST_STEP][PASSED] - click(findTestObject("MenuTopbar/btn_Menu_Vacatures")): Object: 'Object Repository/MenuTopbar/btn_Menu_Vacatures' is clicked on

2023-12-18 12:44:48 - [MESSAGE][PASSED] - Object: 'Object Repository/MenuTopbar/btn_Menu_Vacatures' is clicked on

2023-12-18 12:44:48 - [TEST_STEP][PASSED] - verifyElementText(findTestObject("Object Repository/Page_Vacatures - RisQIT/h1_Vacatures"), "Vacatures"): Actual text and expected text of test object 'Object Repository/Page_Vacatures - RisQIT/h1_Vacatures' are matched.

2023-12-18 12:44:48 - [MESSAGE][PASSED] - Actual text and expected text of test object 'Object Repository/Page_Vacatures - RisQIT/h1_Vacatures' are matched.

2023-12-18 12:44:48 - [TEST_STEP][PASSED] - navigateToUrl(URL + VACATURES): Navigate to 'https://nlrisqitww-chaca.savviihq.com/vacatures/' successfully

2023-12-18 12:44:48 - [MESSAGE][PASSED] - Navigate to 'https://nlrisqitww-chaca.savviihq.com/vacatures/' successfully

2023-12-18 12:44:48 - [TEST_STEP][PASSED] - click(findTestObject("Object Repository/MenuTopbar/Page_Vacatures - RisQIT/div_Contact opnemen")): Object: 'Object Repository/MenuTopbar/Page_Vacatures - RisQIT/div_Contact opnemen' is clicked on

2023-12-18 12:44:49 - [MESSAGE][PASSED] - Object: 'Object Repository/MenuTopbar/Page_Vacatures - RisQIT/div_Contact opnemen' is clicked on

2023-12-18 12:44:49 - [TEST_STEP][PASSED] - verifyElementText(findTestObject("Object Repository/Page_Contact - RisQIT/h1_Contact"), "Contact"): Actual text and expected text of test object 'Object Repository/Page_Contact - RisQIT/h1_Contact' are matched.

2023-12-18 12:44:49 - [MESSAGE][PASSED] - Actual text and expected text of test object 'Object Repository/Page_Contact - RisQIT/h1_Contact' are matched.

2023-12-18 12:44:49 - [TEST_STEP][PASSED] - click(findTestObject("MenuTopbar/img_Logo")): Object: 'Object Repository/MenuTopbar/img_Logo' is clicked on

2023-12-18 12:44:50 - [MESSAGE][PASSED] - Object: 'Object Repository/MenuTopbar/img_Logo' is clicked on

2023-12-18 12:44:50 - [TEST_STEP][PASSED] - verifyElementText(findTestObject("Object Repository/Page_Home - RisQIT/h1_Ga voor duurzaamheid en vertrouwen, same_4bc4a8"), "Ga voor duurzaamheid en vertrouwen, samen met ons!"): Actual text and expected text of test object 'Object Repository/Page_Home - RisQIT/h1_Ga voor duurzaamheid en vertrouwen, same_4bc4a8' are matched.

2023-12-18 12:44:50 - [MESSAGE][PASSED] - Actual text and expected text of test object 'Object Repository/Page_Home - RisQIT/h1_Ga voor duurzaamheid en vertrouwen, same_4bc4a8' are matched.

2023-12-18 12:44:50 - [TEST_STEP][PASSED] - closeBrowser(): Browser is closed

2023-12-18 12:44:51 - [MESSAGE][PASSED] - Browser is closed]]></system-out>
         <system-err><![CDATA[]]></system-err>
      </testcase>
      <testcase name="Test Cases/Menu/RT011 MenuClicks - Contact" time="18.2" classname="Test Cases/Menu/RT011 MenuClicks - Contact" status="PASSED">
         <system-out><![CDATA[2023-12-18 12:44:51 - [TEST_CASE][PASSED] - Test Cases/Menu/RT011 MenuClicks - Contact: Test Cases/Menu/RT011 MenuClicks - Contact

2023-12-18 12:44:51 - [TEST_STEP][PASSED] - openBrowser(""): Browser is opened with url: ''

2023-12-18 12:44:51 - [MESSAGE][INFO] - Starting 'Chrome' driver

2023-12-18 12:44:51 - [MESSAGE][INFO] - Action delay is set to 0 milliseconds

2023-12-18 12:44:51 - [MESSAGE][PASSED] - Browser is opened with url: ''

2023-12-18 12:44:51 - [TEST_STEP][PASSED] - maximizeWindow(): Current window maximized

2023-12-18 12:44:51 - [MESSAGE][PASSED] - Current window maximized

2023-12-18 12:44:51 - [TEST_STEP][PASSED] - navigateToUrl(URL + CONTACT): Navigate to 'https://nlrisqitww-chaca.savviihq.com/contact/' successfully

2023-12-18 12:44:52 - [MESSAGE][PASSED] - Navigate to 'https://nlrisqitww-chaca.savviihq.com/contact/' successfully

2023-12-18 12:44:52 - [TEST_STEP][PASSED] - mouseOver(findTestObject("MenuTopbar/btn_Menu_Diensten")): Object: 'Object Repository/MenuTopbar/btn_Menu_Diensten' is hovered

2023-12-18 12:44:52 - [MESSAGE][PASSED] - Object: 'Object Repository/MenuTopbar/btn_Menu_Diensten' is hovered

2023-12-18 12:44:52 - [TEST_STEP][PASSED] - click(findTestObject("MenuTopbar/btn_Menu_Diensten_SoftwareTesting")): Object: 'Object Repository/MenuTopbar/btn_Menu_Diensten_SoftwareTesting' is clicked on

2023-12-18 12:44:53 - [MESSAGE][PASSED] - Object: 'Object Repository/MenuTopbar/btn_Menu_Diensten_SoftwareTesting' is clicked on

2023-12-18 12:44:53 - [TEST_STEP][PASSED] - verifyElementText(findTestObject("Object Repository/Page_Software Testing - RisQIT/h1_Software Testing"), "Software Testing"): Actual text and expected text of test object 'Object Repository/Page_Software Testing - RisQIT/h1_Software Testing' are matched.

2023-12-18 12:44:54 - [MESSAGE][PASSED] - Actual text and expected text of test object 'Object Repository/Page_Software Testing - RisQIT/h1_Software Testing' are matched.

2023-12-18 12:44:54 - [TEST_STEP][PASSED] - navigateToUrl(URL + CONTACT): Navigate to 'https://nlrisqitww-chaca.savviihq.com/contact/' successfully

2023-12-18 12:44:54 - [MESSAGE][PASSED] - Navigate to 'https://nlrisqitww-chaca.savviihq.com/contact/' successfully

2023-12-18 12:44:54 - [TEST_STEP][PASSED] - mouseOver(findTestObject("MenuTopbar/btn_Menu_Diensten")): Object: 'Object Repository/MenuTopbar/btn_Menu_Diensten' is hovered

2023-12-18 12:44:55 - [MESSAGE][PASSED] - Object: 'Object Repository/MenuTopbar/btn_Menu_Diensten' is hovered

2023-12-18 12:44:55 - [TEST_STEP][PASSED] - click(findTestObject("MenuTopbar/btn_Menu_Diensten_SHT")): Object: 'Object Repository/MenuTopbar/btn_Menu_Diensten_SHT' is clicked on

2023-12-18 12:44:55 - [MESSAGE][PASSED] - Object: 'Object Repository/MenuTopbar/btn_Menu_Diensten_SHT' is clicked on

2023-12-18 12:44:55 - [TEST_STEP][PASSED] - verifyElementText(findTestObject("Page_Security en HackersTest (SHT) - RisQIT/h1_Security en HackersTest (SHT)"), "Security En HackersTest (SHT)"): Actual text and expected text of test object 'Object Repository/Page_Security en HackersTest (SHT) - RisQIT/h1_Security en HackersTest (SHT)' are matched.

2023-12-18 12:44:56 - [MESSAGE][PASSED] - Actual text and expected text of test object 'Object Repository/Page_Security en HackersTest (SHT) - RisQIT/h1_Security en HackersTest (SHT)' are matched.

2023-12-18 12:44:56 - [TEST_STEP][PASSED] - navigateToUrl(URL + CONTACT): Navigate to 'https://nlrisqitww-chaca.savviihq.com/contact/' successfully

2023-12-18 12:44:56 - [MESSAGE][PASSED] - Navigate to 'https://nlrisqitww-chaca.savviihq.com/contact/' successfully

2023-12-18 12:44:56 - [TEST_STEP][PASSED] - mouseOver(findTestObject("MenuTopbar/btn_Menu_Diensten")): Object: 'Object Repository/MenuTopbar/btn_Menu_Diensten' is hovered

2023-12-18 12:44:57 - [MESSAGE][PASSED] - Object: 'Object Repository/MenuTopbar/btn_Menu_Diensten' is hovered

2023-12-18 12:44:57 - [TEST_STEP][PASSED] - click(findTestObject("MenuTopbar/btn_Menu_Diensten_UXLab")): Object: 'Object Repository/MenuTopbar/btn_Menu_Diensten_UXLab' is clicked on

2023-12-18 12:44:57 - [MESSAGE][PASSED] - Object: 'Object Repository/MenuTopbar/btn_Menu_Diensten_UXLab' is clicked on

2023-12-18 12:44:57 - [TEST_STEP][PASSED] - verifyElementText(findTestObject("Object Repository/Page_UX Lab - RisQIT/h1_UX Lab"), "UX Lab"): Actual text and expected text of test object 'Object Repository/Page_UX Lab - RisQIT/h1_UX Lab' are matched.

2023-12-18 12:44:58 - [MESSAGE][PASSED] - Actual text and expected text of test object 'Object Repository/Page_UX Lab - RisQIT/h1_UX Lab' are matched.

2023-12-18 12:44:58 - [TEST_STEP][PASSED] - navigateToUrl(URL + CONTACT): Navigate to 'https://nlrisqitww-chaca.savviihq.com/contact/' successfully

2023-12-18 12:44:58 - [MESSAGE][PASSED] - Navigate to 'https://nlrisqitww-chaca.savviihq.com/contact/' successfully

2023-12-18 12:44:58 - [TEST_STEP][PASSED] - click(findTestObject("MenuTopbar/btn_Menu_OverOns")): Object: 'Object Repository/MenuTopbar/btn_Menu_OverOns' is clicked on

2023-12-18 12:44:58 - [MESSAGE][PASSED] - Object: 'Object Repository/MenuTopbar/btn_Menu_OverOns' is clicked on

2023-12-18 12:44:58 - [TEST_STEP][PASSED] - verifyElementText(findTestObject("Object Repository/Page_Over ons - RisQIT/h1_Over ons"), "Over Ons"): Actual text and expected text of test object 'Object Repository/Page_Over ons - RisQIT/h1_Over ons' are matched.

2023-12-18 12:44:59 - [MESSAGE][PASSED] - Actual text and expected text of test object 'Object Repository/Page_Over ons - RisQIT/h1_Over ons' are matched.

2023-12-18 12:44:59 - [TEST_STEP][PASSED] - navigateToUrl(URL + CONTACT): Navigate to 'https://nlrisqitww-chaca.savviihq.com/contact/' successfully

2023-12-18 12:44:59 - [MESSAGE][PASSED] - Navigate to 'https://nlrisqitww-chaca.savviihq.com/contact/' successfully

2023-12-18 12:44:59 - [TEST_STEP][PASSED] - mouseOver(findTestObject("MenuTopbar/btn_Menu_OverOns")): Object: 'Object Repository/MenuTopbar/btn_Menu_OverOns' is hovered

2023-12-18 12:45:00 - [MESSAGE][PASSED] - Object: 'Object Repository/MenuTopbar/btn_Menu_OverOns' is hovered

2023-12-18 12:45:00 - [TEST_STEP][PASSED] - click(findTestObject("MenuTopbar/btn_Menu_OverOns_MissieVisie")): Object: 'Object Repository/MenuTopbar/btn_Menu_OverOns_MissieVisie' is clicked on

2023-12-18 12:45:00 - [MESSAGE][PASSED] - Object: 'Object Repository/MenuTopbar/btn_Menu_OverOns_MissieVisie' is clicked on

2023-12-18 12:45:00 - [TEST_STEP][PASSED] - verifyElementText(findTestObject("Object Repository/Page_Missie  Visie - RisQIT/h1_Missie  Visie"), "Missie & Visie"): Actual text and expected text of test object 'Object Repository/Page_Missie  Visie - RisQIT/h1_Missie  Visie' are matched.

2023-12-18 12:45:01 - [MESSAGE][PASSED] - Actual text and expected text of test object 'Object Repository/Page_Missie  Visie - RisQIT/h1_Missie  Visie' are matched.

2023-12-18 12:45:01 - [TEST_STEP][PASSED] - navigateToUrl(URL + CONTACT): Navigate to 'https://nlrisqitww-chaca.savviihq.com/contact/' successfully

2023-12-18 12:45:01 - [MESSAGE][PASSED] - Navigate to 'https://nlrisqitww-chaca.savviihq.com/contact/' successfully

2023-12-18 12:45:01 - [TEST_STEP][PASSED] - mouseOver(findTestObject("MenuTopbar/btn_Menu_OverOns")): Object: 'Object Repository/MenuTopbar/btn_Menu_OverOns' is hovered

2023-12-18 12:45:02 - [MESSAGE][PASSED] - Object: 'Object Repository/MenuTopbar/btn_Menu_OverOns' is hovered

2023-12-18 12:45:02 - [TEST_STEP][PASSED] - click(findTestObject("MenuTopbar/btn_Menu_OverOns_HetGilde")): Object: 'Object Repository/MenuTopbar/btn_Menu_OverOns_HetGilde' is clicked on

2023-12-18 12:45:02 - [MESSAGE][PASSED] - Object: 'Object Repository/MenuTopbar/btn_Menu_OverOns_HetGilde' is clicked on

2023-12-18 12:45:02 - [TEST_STEP][PASSED] - verifyElementText(findTestObject("Object Repository/Page_Het Gilde - RisQIT/h1_Het Gilde"), "Het Gilde"): Actual text and expected text of test object 'Object Repository/Page_Het Gilde - RisQIT/h1_Het Gilde' are matched.

2023-12-18 12:45:03 - [MESSAGE][PASSED] - Actual text and expected text of test object 'Object Repository/Page_Het Gilde - RisQIT/h1_Het Gilde' are matched.

2023-12-18 12:45:03 - [TEST_STEP][PASSED] - navigateToUrl(URL + CONTACT): Navigate to 'https://nlrisqitww-chaca.savviihq.com/contact/' successfully

2023-12-18 12:45:03 - [MESSAGE][PASSED] - Navigate to 'https://nlrisqitww-chaca.savviihq.com/contact/' successfully

2023-12-18 12:45:03 - [TEST_STEP][PASSED] - mouseOver(findTestObject("MenuTopbar/btn_Menu_OverOns")): Object: 'Object Repository/MenuTopbar/btn_Menu_OverOns' is hovered

2023-12-18 12:45:04 - [MESSAGE][PASSED] - Object: 'Object Repository/MenuTopbar/btn_Menu_OverOns' is hovered

2023-12-18 12:45:04 - [TEST_STEP][PASSED] - click(findTestObject("MenuTopbar/btn_Menu_OverOns_SuperTester")): Object: 'Object Repository/MenuTopbar/btn_Menu_OverOns_SuperTester' is clicked on

2023-12-18 12:45:04 - [MESSAGE][PASSED] - Object: 'Object Repository/MenuTopbar/btn_Menu_OverOns_SuperTester' is clicked on

2023-12-18 12:45:04 - [TEST_STEP][PASSED] - verifyElementText(findTestObject("Object Repository/Page_SuperTester - RisQIT/h1_Whitepaper SuperTester"), "Whitepaper SuperTester"): Actual text and expected text of test object 'Object Repository/Page_SuperTester - RisQIT/h1_Whitepaper SuperTester' are matched.

2023-12-18 12:45:05 - [MESSAGE][PASSED] - Actual text and expected text of test object 'Object Repository/Page_SuperTester - RisQIT/h1_Whitepaper SuperTester' are matched.

2023-12-18 12:45:05 - [TEST_STEP][PASSED] - navigateToUrl(URL + CONTACT): Navigate to 'https://nlrisqitww-chaca.savviihq.com/contact/' successfully

2023-12-18 12:45:05 - [MESSAGE][PASSED] - Navigate to 'https://nlrisqitww-chaca.savviihq.com/contact/' successfully

2023-12-18 12:45:05 - [TEST_STEP][PASSED] - click(findTestObject("MenuTopbar/btn_Menu_Blog")): Object: 'Object Repository/MenuTopbar/btn_Menu_Blog' is clicked on

2023-12-18 12:45:05 - [MESSAGE][PASSED] - Object: 'Object Repository/MenuTopbar/btn_Menu_Blog' is clicked on

2023-12-18 12:45:05 - [TEST_STEP][PASSED] - verifyElementText(findTestObject("Object Repository/Page_Blog - RisQIT/h1_Blog"), "Blog"): Actual text and expected text of test object 'Object Repository/Page_Blog - RisQIT/h1_Blog' are matched.

2023-12-18 12:45:06 - [MESSAGE][PASSED] - Actual text and expected text of test object 'Object Repository/Page_Blog - RisQIT/h1_Blog' are matched.

2023-12-18 12:45:06 - [TEST_STEP][PASSED] - click(findTestObject("MenuTopbar/btn_Menu_Vacatures")): Object: 'Object Repository/MenuTopbar/btn_Menu_Vacatures' is clicked on

2023-12-18 12:45:06 - [MESSAGE][PASSED] - Object: 'Object Repository/MenuTopbar/btn_Menu_Vacatures' is clicked on

2023-12-18 12:45:06 - [TEST_STEP][PASSED] - verifyElementText(findTestObject("Object Repository/Page_Vacatures - RisQIT/h1_Vacatures"), "Vacatures"): Actual text and expected text of test object 'Object Repository/Page_Vacatures - RisQIT/h1_Vacatures' are matched.

2023-12-18 12:45:07 - [MESSAGE][PASSED] - Actual text and expected text of test object 'Object Repository/Page_Vacatures - RisQIT/h1_Vacatures' are matched.

2023-12-18 12:45:07 - [TEST_STEP][PASSED] - navigateToUrl(URL + CONTACT): Navigate to 'https://nlrisqitww-chaca.savviihq.com/contact/' successfully

2023-12-18 12:45:07 - [MESSAGE][PASSED] - Navigate to 'https://nlrisqitww-chaca.savviihq.com/contact/' successfully

2023-12-18 12:45:07 - [TEST_STEP][PASSED] - click(findTestObject("Object Repository/MenuTopbar/Page_Vacatures - RisQIT/div_Contact opnemen")): Object: 'Object Repository/MenuTopbar/Page_Vacatures - RisQIT/div_Contact opnemen' is clicked on

2023-12-18 12:45:07 - [MESSAGE][PASSED] - Object: 'Object Repository/MenuTopbar/Page_Vacatures - RisQIT/div_Contact opnemen' is clicked on

2023-12-18 12:45:07 - [TEST_STEP][PASSED] - verifyElementText(findTestObject("Object Repository/Page_Contact - RisQIT/h1_Contact"), "Contact"): Actual text and expected text of test object 'Object Repository/Page_Contact - RisQIT/h1_Contact' are matched.

2023-12-18 12:45:07 - [MESSAGE][PASSED] - Actual text and expected text of test object 'Object Repository/Page_Contact - RisQIT/h1_Contact' are matched.

2023-12-18 12:45:07 - [TEST_STEP][PASSED] - click(findTestObject("MenuTopbar/img_Logo")): Object: 'Object Repository/MenuTopbar/img_Logo' is clicked on

2023-12-18 12:45:08 - [MESSAGE][PASSED] - Object: 'Object Repository/MenuTopbar/img_Logo' is clicked on

2023-12-18 12:45:08 - [TEST_STEP][PASSED] - verifyElementText(findTestObject("Object Repository/Page_Home - RisQIT/h1_Ga voor duurzaamheid en vertrouwen, same_4bc4a8"), "Ga voor duurzaamheid en vertrouwen, samen met ons!"): Actual text and expected text of test object 'Object Repository/Page_Home - RisQIT/h1_Ga voor duurzaamheid en vertrouwen, same_4bc4a8' are matched.

2023-12-18 12:45:09 - [MESSAGE][PASSED] - Actual text and expected text of test object 'Object Repository/Page_Home - RisQIT/h1_Ga voor duurzaamheid en vertrouwen, same_4bc4a8' are matched.

2023-12-18 12:45:09 - [TEST_STEP][PASSED] - closeBrowser(): Browser is closed

2023-12-18 12:45:09 - [MESSAGE][PASSED] - Browser is closed]]></system-out>
         <system-err><![CDATA[]]></system-err>
      </testcase>
      <testcase name="Test Cases/Menu/RT012 MenuClicks - AlgVoorwaarden" time="18.176" classname="Test Cases/Menu/RT012 MenuClicks - AlgVoorwaarden" status="PASSED">
         <system-out><![CDATA[2023-12-18 12:45:09 - [TEST_CASE][PASSED] - Test Cases/Menu/RT012 MenuClicks - AlgVoorwaarden: Test Cases/Menu/RT012 MenuClicks - AlgVoorwaarden

2023-12-18 12:45:09 - [TEST_STEP][PASSED] - openBrowser(""): Browser is opened with url: ''

2023-12-18 12:45:09 - [MESSAGE][INFO] - Starting 'Chrome' driver

2023-12-18 12:45:09 - [MESSAGE][INFO] - Action delay is set to 0 milliseconds

2023-12-18 12:45:09 - [MESSAGE][PASSED] - Browser is opened with url: ''

2023-12-18 12:45:09 - [TEST_STEP][PASSED] - maximizeWindow(): Current window maximized

2023-12-18 12:45:10 - [MESSAGE][PASSED] - Current window maximized

2023-12-18 12:45:10 - [TEST_STEP][PASSED] - navigateToUrl(URL + ALGVOORW): Navigate to 'https://nlrisqitww-chaca.savviihq.com/algemene-voorwaarden/' successfully

2023-12-18 12:45:10 - [MESSAGE][PASSED] - Navigate to 'https://nlrisqitww-chaca.savviihq.com/algemene-voorwaarden/' successfully

2023-12-18 12:45:10 - [TEST_STEP][PASSED] - mouseOver(findTestObject("MenuTopbar/btn_Menu_Diensten")): Object: 'Object Repository/MenuTopbar/btn_Menu_Diensten' is hovered

2023-12-18 12:45:11 - [MESSAGE][PASSED] - Object: 'Object Repository/MenuTopbar/btn_Menu_Diensten' is hovered

2023-12-18 12:45:11 - [TEST_STEP][PASSED] - click(findTestObject("MenuTopbar/btn_Menu_Diensten_SoftwareTesting")): Object: 'Object Repository/MenuTopbar/btn_Menu_Diensten_SoftwareTesting' is clicked on

2023-12-18 12:45:12 - [MESSAGE][PASSED] - Object: 'Object Repository/MenuTopbar/btn_Menu_Diensten_SoftwareTesting' is clicked on

2023-12-18 12:45:12 - [TEST_STEP][PASSED] - verifyElementText(findTestObject("Object Repository/Page_Software Testing - RisQIT/h1_Software Testing"), "Software Testing"): Actual text and expected text of test object 'Object Repository/Page_Software Testing - RisQIT/h1_Software Testing' are matched.

2023-12-18 12:45:12 - [MESSAGE][PASSED] - Actual text and expected text of test object 'Object Repository/Page_Software Testing - RisQIT/h1_Software Testing' are matched.

2023-12-18 12:45:12 - [TEST_STEP][PASSED] - navigateToUrl(URL + ALGVOORW): Navigate to 'https://nlrisqitww-chaca.savviihq.com/algemene-voorwaarden/' successfully

2023-12-18 12:45:12 - [MESSAGE][PASSED] - Navigate to 'https://nlrisqitww-chaca.savviihq.com/algemene-voorwaarden/' successfully

2023-12-18 12:45:12 - [TEST_STEP][PASSED] - mouseOver(findTestObject("MenuTopbar/btn_Menu_Diensten")): Object: 'Object Repository/MenuTopbar/btn_Menu_Diensten' is hovered

2023-12-18 12:45:13 - [MESSAGE][PASSED] - Object: 'Object Repository/MenuTopbar/btn_Menu_Diensten' is hovered

2023-12-18 12:45:13 - [TEST_STEP][PASSED] - click(findTestObject("MenuTopbar/btn_Menu_Diensten_SHT")): Object: 'Object Repository/MenuTopbar/btn_Menu_Diensten_SHT' is clicked on

2023-12-18 12:45:13 - [MESSAGE][PASSED] - Object: 'Object Repository/MenuTopbar/btn_Menu_Diensten_SHT' is clicked on

2023-12-18 12:45:13 - [TEST_STEP][PASSED] - verifyElementText(findTestObject("Page_Security en HackersTest (SHT) - RisQIT/h1_Security en HackersTest (SHT)"), "Security En HackersTest (SHT)"): Actual text and expected text of test object 'Object Repository/Page_Security en HackersTest (SHT) - RisQIT/h1_Security en HackersTest (SHT)' are matched.

2023-12-18 12:45:14 - [MESSAGE][PASSED] - Actual text and expected text of test object 'Object Repository/Page_Security en HackersTest (SHT) - RisQIT/h1_Security en HackersTest (SHT)' are matched.

2023-12-18 12:45:14 - [TEST_STEP][PASSED] - navigateToUrl(URL + ALGVOORW): Navigate to 'https://nlrisqitww-chaca.savviihq.com/algemene-voorwaarden/' successfully

2023-12-18 12:45:14 - [MESSAGE][PASSED] - Navigate to 'https://nlrisqitww-chaca.savviihq.com/algemene-voorwaarden/' successfully

2023-12-18 12:45:14 - [TEST_STEP][PASSED] - mouseOver(findTestObject("MenuTopbar/btn_Menu_Diensten")): Object: 'Object Repository/MenuTopbar/btn_Menu_Diensten' is hovered

2023-12-18 12:45:15 - [MESSAGE][PASSED] - Object: 'Object Repository/MenuTopbar/btn_Menu_Diensten' is hovered

2023-12-18 12:45:15 - [TEST_STEP][PASSED] - click(findTestObject("MenuTopbar/btn_Menu_Diensten_UXLab")): Object: 'Object Repository/MenuTopbar/btn_Menu_Diensten_UXLab' is clicked on

2023-12-18 12:45:15 - [MESSAGE][PASSED] - Object: 'Object Repository/MenuTopbar/btn_Menu_Diensten_UXLab' is clicked on

2023-12-18 12:45:15 - [TEST_STEP][PASSED] - verifyElementText(findTestObject("Object Repository/Page_UX Lab - RisQIT/h1_UX Lab"), "UX Lab"): Actual text and expected text of test object 'Object Repository/Page_UX Lab - RisQIT/h1_UX Lab' are matched.

2023-12-18 12:45:16 - [MESSAGE][PASSED] - Actual text and expected text of test object 'Object Repository/Page_UX Lab - RisQIT/h1_UX Lab' are matched.

2023-12-18 12:45:16 - [TEST_STEP][PASSED] - navigateToUrl(URL + ALGVOORW): Navigate to 'https://nlrisqitww-chaca.savviihq.com/algemene-voorwaarden/' successfully

2023-12-18 12:45:16 - [MESSAGE][PASSED] - Navigate to 'https://nlrisqitww-chaca.savviihq.com/algemene-voorwaarden/' successfully

2023-12-18 12:45:16 - [TEST_STEP][PASSED] - click(findTestObject("MenuTopbar/btn_Menu_OverOns")): Object: 'Object Repository/MenuTopbar/btn_Menu_OverOns' is clicked on

2023-12-18 12:45:16 - [MESSAGE][PASSED] - Object: 'Object Repository/MenuTopbar/btn_Menu_OverOns' is clicked on

2023-12-18 12:45:16 - [TEST_STEP][PASSED] - verifyElementText(findTestObject("Object Repository/Page_Over ons - RisQIT/h1_Over ons"), "Over Ons"): Actual text and expected text of test object 'Object Repository/Page_Over ons - RisQIT/h1_Over ons' are matched.

2023-12-18 12:45:17 - [MESSAGE][PASSED] - Actual text and expected text of test object 'Object Repository/Page_Over ons - RisQIT/h1_Over ons' are matched.

2023-12-18 12:45:17 - [TEST_STEP][PASSED] - navigateToUrl(URL + ALGVOORW): Navigate to 'https://nlrisqitww-chaca.savviihq.com/algemene-voorwaarden/' successfully

2023-12-18 12:45:17 - [MESSAGE][PASSED] - Navigate to 'https://nlrisqitww-chaca.savviihq.com/algemene-voorwaarden/' successfully

2023-12-18 12:45:17 - [TEST_STEP][PASSED] - mouseOver(findTestObject("MenuTopbar/btn_Menu_OverOns")): Object: 'Object Repository/MenuTopbar/btn_Menu_OverOns' is hovered

2023-12-18 12:45:18 - [MESSAGE][PASSED] - Object: 'Object Repository/MenuTopbar/btn_Menu_OverOns' is hovered

2023-12-18 12:45:18 - [TEST_STEP][PASSED] - click(findTestObject("MenuTopbar/btn_Menu_OverOns_MissieVisie")): Object: 'Object Repository/MenuTopbar/btn_Menu_OverOns_MissieVisie' is clicked on

2023-12-18 12:45:18 - [MESSAGE][PASSED] - Object: 'Object Repository/MenuTopbar/btn_Menu_OverOns_MissieVisie' is clicked on

2023-12-18 12:45:18 - [TEST_STEP][PASSED] - verifyElementText(findTestObject("Object Repository/Page_Missie  Visie - RisQIT/h1_Missie  Visie"), "Missie & Visie"): Actual text and expected text of test object 'Object Repository/Page_Missie  Visie - RisQIT/h1_Missie  Visie' are matched.

2023-12-18 12:45:19 - [MESSAGE][PASSED] - Actual text and expected text of test object 'Object Repository/Page_Missie  Visie - RisQIT/h1_Missie  Visie' are matched.

2023-12-18 12:45:19 - [TEST_STEP][PASSED] - navigateToUrl(URL + ALGVOORW): Navigate to 'https://nlrisqitww-chaca.savviihq.com/algemene-voorwaarden/' successfully

2023-12-18 12:45:19 - [MESSAGE][PASSED] - Navigate to 'https://nlrisqitww-chaca.savviihq.com/algemene-voorwaarden/' successfully

2023-12-18 12:45:19 - [TEST_STEP][PASSED] - mouseOver(findTestObject("MenuTopbar/btn_Menu_OverOns")): Object: 'Object Repository/MenuTopbar/btn_Menu_OverOns' is hovered

2023-12-18 12:45:20 - [MESSAGE][PASSED] - Object: 'Object Repository/MenuTopbar/btn_Menu_OverOns' is hovered

2023-12-18 12:45:20 - [TEST_STEP][PASSED] - click(findTestObject("MenuTopbar/btn_Menu_OverOns_HetGilde")): Object: 'Object Repository/MenuTopbar/btn_Menu_OverOns_HetGilde' is clicked on

2023-12-18 12:45:20 - [MESSAGE][PASSED] - Object: 'Object Repository/MenuTopbar/btn_Menu_OverOns_HetGilde' is clicked on

2023-12-18 12:45:20 - [TEST_STEP][PASSED] - verifyElementText(findTestObject("Object Repository/Page_Het Gilde - RisQIT/h1_Het Gilde"), "Het Gilde"): Actual text and expected text of test object 'Object Repository/Page_Het Gilde - RisQIT/h1_Het Gilde' are matched.

2023-12-18 12:45:21 - [MESSAGE][PASSED] - Actual text and expected text of test object 'Object Repository/Page_Het Gilde - RisQIT/h1_Het Gilde' are matched.

2023-12-18 12:45:21 - [TEST_STEP][PASSED] - navigateToUrl(URL + ALGVOORW): Navigate to 'https://nlrisqitww-chaca.savviihq.com/algemene-voorwaarden/' successfully

2023-12-18 12:45:21 - [MESSAGE][PASSED] - Navigate to 'https://nlrisqitww-chaca.savviihq.com/algemene-voorwaarden/' successfully

2023-12-18 12:45:21 - [TEST_STEP][PASSED] - mouseOver(findTestObject("MenuTopbar/btn_Menu_OverOns")): Object: 'Object Repository/MenuTopbar/btn_Menu_OverOns' is hovered

2023-12-18 12:45:22 - [MESSAGE][PASSED] - Object: 'Object Repository/MenuTopbar/btn_Menu_OverOns' is hovered

2023-12-18 12:45:22 - [TEST_STEP][PASSED] - click(findTestObject("MenuTopbar/btn_Menu_OverOns_SuperTester")): Object: 'Object Repository/MenuTopbar/btn_Menu_OverOns_SuperTester' is clicked on

2023-12-18 12:45:22 - [MESSAGE][PASSED] - Object: 'Object Repository/MenuTopbar/btn_Menu_OverOns_SuperTester' is clicked on

2023-12-18 12:45:22 - [TEST_STEP][PASSED] - verifyElementText(findTestObject("Object Repository/Page_SuperTester - RisQIT/h1_Whitepaper SuperTester"), "Whitepaper SuperTester"): Actual text and expected text of test object 'Object Repository/Page_SuperTester - RisQIT/h1_Whitepaper SuperTester' are matched.

2023-12-18 12:45:23 - [MESSAGE][PASSED] - Actual text and expected text of test object 'Object Repository/Page_SuperTester - RisQIT/h1_Whitepaper SuperTester' are matched.

2023-12-18 12:45:23 - [TEST_STEP][PASSED] - navigateToUrl(URL + ALGVOORW): Navigate to 'https://nlrisqitww-chaca.savviihq.com/algemene-voorwaarden/' successfully

2023-12-18 12:45:23 - [MESSAGE][PASSED] - Navigate to 'https://nlrisqitww-chaca.savviihq.com/algemene-voorwaarden/' successfully

2023-12-18 12:45:23 - [TEST_STEP][PASSED] - click(findTestObject("MenuTopbar/btn_Menu_Blog")): Object: 'Object Repository/MenuTopbar/btn_Menu_Blog' is clicked on

2023-12-18 12:45:23 - [MESSAGE][PASSED] - Object: 'Object Repository/MenuTopbar/btn_Menu_Blog' is clicked on

2023-12-18 12:45:23 - [TEST_STEP][PASSED] - verifyElementText(findTestObject("Object Repository/Page_Blog - RisQIT/h1_Blog"), "Blog"): Actual text and expected text of test object 'Object Repository/Page_Blog - RisQIT/h1_Blog' are matched.

2023-12-18 12:45:24 - [MESSAGE][PASSED] - Actual text and expected text of test object 'Object Repository/Page_Blog - RisQIT/h1_Blog' are matched.

2023-12-18 12:45:24 - [TEST_STEP][PASSED] - click(findTestObject("MenuTopbar/btn_Menu_Vacatures")): Object: 'Object Repository/MenuTopbar/btn_Menu_Vacatures' is clicked on

2023-12-18 12:45:24 - [MESSAGE][PASSED] - Object: 'Object Repository/MenuTopbar/btn_Menu_Vacatures' is clicked on

2023-12-18 12:45:24 - [TEST_STEP][PASSED] - verifyElementText(findTestObject("Object Repository/Page_Vacatures - RisQIT/h1_Vacatures"), "Vacatures"): Actual text and expected text of test object 'Object Repository/Page_Vacatures - RisQIT/h1_Vacatures' are matched.

2023-12-18 12:45:25 - [MESSAGE][PASSED] - Actual text and expected text of test object 'Object Repository/Page_Vacatures - RisQIT/h1_Vacatures' are matched.

2023-12-18 12:45:25 - [TEST_STEP][PASSED] - navigateToUrl(URL + ALGVOORW): Navigate to 'https://nlrisqitww-chaca.savviihq.com/algemene-voorwaarden/' successfully

2023-12-18 12:45:25 - [MESSAGE][PASSED] - Navigate to 'https://nlrisqitww-chaca.savviihq.com/algemene-voorwaarden/' successfully

2023-12-18 12:45:25 - [TEST_STEP][PASSED] - click(findTestObject("Object Repository/MenuTopbar/Page_Vacatures - RisQIT/div_Contact opnemen")): Object: 'Object Repository/MenuTopbar/Page_Vacatures - RisQIT/div_Contact opnemen' is clicked on

2023-12-18 12:45:25 - [MESSAGE][PASSED] - Object: 'Object Repository/MenuTopbar/Page_Vacatures - RisQIT/div_Contact opnemen' is clicked on

2023-12-18 12:45:25 - [TEST_STEP][PASSED] - verifyElementText(findTestObject("Object Repository/Page_Contact - RisQIT/h1_Contact"), "Contact"): Actual text and expected text of test object 'Object Repository/Page_Contact - RisQIT/h1_Contact' are matched.

2023-12-18 12:45:26 - [MESSAGE][PASSED] - Actual text and expected text of test object 'Object Repository/Page_Contact - RisQIT/h1_Contact' are matched.

2023-12-18 12:45:26 - [TEST_STEP][PASSED] - click(findTestObject("MenuTopbar/img_Logo")): Object: 'Object Repository/MenuTopbar/img_Logo' is clicked on

2023-12-18 12:45:26 - [MESSAGE][PASSED] - Object: 'Object Repository/MenuTopbar/img_Logo' is clicked on

2023-12-18 12:45:26 - [TEST_STEP][PASSED] - verifyElementText(findTestObject("Object Repository/Page_Home - RisQIT/h1_Ga voor duurzaamheid en vertrouwen, same_4bc4a8"), "Ga voor duurzaamheid en vertrouwen, samen met ons!"): Actual text and expected text of test object 'Object Repository/Page_Home - RisQIT/h1_Ga voor duurzaamheid en vertrouwen, same_4bc4a8' are matched.

2023-12-18 12:45:27 - [MESSAGE][PASSED] - Actual text and expected text of test object 'Object Repository/Page_Home - RisQIT/h1_Ga voor duurzaamheid en vertrouwen, same_4bc4a8' are matched.

2023-12-18 12:45:27 - [TEST_STEP][PASSED] - closeBrowser(): Browser is closed

2023-12-18 12:45:27 - [MESSAGE][PASSED] - Browser is closed]]></system-out>
         <system-err><![CDATA[]]></system-err>
      </testcase>
      <testcase name="Test Cases/Menu/RT013 MenuClicks - Privacybeleid" time="18.843" classname="Test Cases/Menu/RT013 MenuClicks - Privacybeleid" status="PASSED">
         <system-out><![CDATA[2023-12-18 12:45:27 - [TEST_CASE][PASSED] - Test Cases/Menu/RT013 MenuClicks - Privacybeleid: Test Cases/Menu/RT013 MenuClicks - Privacybeleid

2023-12-18 12:45:27 - [TEST_STEP][PASSED] - openBrowser(""): Browser is opened with url: ''

2023-12-18 12:45:27 - [MESSAGE][INFO] - Starting 'Chrome' driver

2023-12-18 12:45:27 - [MESSAGE][INFO] - Action delay is set to 0 milliseconds

2023-12-18 12:45:28 - [MESSAGE][PASSED] - Browser is opened with url: ''

2023-12-18 12:45:28 - [TEST_STEP][PASSED] - maximizeWindow(): Current window maximized

2023-12-18 12:45:28 - [MESSAGE][PASSED] - Current window maximized

2023-12-18 12:45:28 - [TEST_STEP][PASSED] - navigateToUrl(URL + PRIVACYBELEID): Navigate to 'https://nlrisqitww-chaca.savviihq.com/privacybeleid/' successfully

2023-12-18 12:45:28 - [MESSAGE][PASSED] - Navigate to 'https://nlrisqitww-chaca.savviihq.com/privacybeleid/' successfully

2023-12-18 12:45:28 - [TEST_STEP][PASSED] - mouseOver(findTestObject("MenuTopbar/btn_Menu_Diensten")): Object: 'Object Repository/MenuTopbar/btn_Menu_Diensten' is hovered

2023-12-18 12:45:29 - [MESSAGE][PASSED] - Object: 'Object Repository/MenuTopbar/btn_Menu_Diensten' is hovered

2023-12-18 12:45:29 - [TEST_STEP][PASSED] - click(findTestObject("MenuTopbar/btn_Menu_Diensten_SoftwareTesting")): Object: 'Object Repository/MenuTopbar/btn_Menu_Diensten_SoftwareTesting' is clicked on

2023-12-18 12:45:30 - [MESSAGE][PASSED] - Object: 'Object Repository/MenuTopbar/btn_Menu_Diensten_SoftwareTesting' is clicked on

2023-12-18 12:45:30 - [TEST_STEP][PASSED] - verifyElementText(findTestObject("Object Repository/Page_Software Testing - RisQIT/h1_Software Testing"), "Software Testing"): Actual text and expected text of test object 'Object Repository/Page_Software Testing - RisQIT/h1_Software Testing' are matched.

2023-12-18 12:45:30 - [MESSAGE][PASSED] - Actual text and expected text of test object 'Object Repository/Page_Software Testing - RisQIT/h1_Software Testing' are matched.

2023-12-18 12:45:30 - [TEST_STEP][PASSED] - navigateToUrl(URL + PRIVACYBELEID): Navigate to 'https://nlrisqitww-chaca.savviihq.com/privacybeleid/' successfully

2023-12-18 12:45:30 - [MESSAGE][PASSED] - Navigate to 'https://nlrisqitww-chaca.savviihq.com/privacybeleid/' successfully

2023-12-18 12:45:30 - [TEST_STEP][PASSED] - mouseOver(findTestObject("MenuTopbar/btn_Menu_Diensten")): Object: 'Object Repository/MenuTopbar/btn_Menu_Diensten' is hovered

2023-12-18 12:45:31 - [MESSAGE][PASSED] - Object: 'Object Repository/MenuTopbar/btn_Menu_Diensten' is hovered

2023-12-18 12:45:31 - [TEST_STEP][PASSED] - click(findTestObject("MenuTopbar/btn_Menu_Diensten_SHT")): Object: 'Object Repository/MenuTopbar/btn_Menu_Diensten_SHT' is clicked on

2023-12-18 12:45:32 - [MESSAGE][PASSED] - Object: 'Object Repository/MenuTopbar/btn_Menu_Diensten_SHT' is clicked on

2023-12-18 12:45:32 - [TEST_STEP][PASSED] - verifyElementText(findTestObject("Page_Security en HackersTest (SHT) - RisQIT/h1_Security en HackersTest (SHT)"), "Security En HackersTest (SHT)"): Actual text and expected text of test object 'Object Repository/Page_Security en HackersTest (SHT) - RisQIT/h1_Security en HackersTest (SHT)' are matched.

2023-12-18 12:45:32 - [MESSAGE][PASSED] - Actual text and expected text of test object 'Object Repository/Page_Security en HackersTest (SHT) - RisQIT/h1_Security en HackersTest (SHT)' are matched.

2023-12-18 12:45:32 - [TEST_STEP][PASSED] - navigateToUrl(URL + PRIVACYBELEID): Navigate to 'https://nlrisqitww-chaca.savviihq.com/privacybeleid/' successfully

2023-12-18 12:45:32 - [MESSAGE][PASSED] - Navigate to 'https://nlrisqitww-chaca.savviihq.com/privacybeleid/' successfully

2023-12-18 12:45:32 - [TEST_STEP][PASSED] - mouseOver(findTestObject("MenuTopbar/btn_Menu_Diensten")): Object: 'Object Repository/MenuTopbar/btn_Menu_Diensten' is hovered

2023-12-18 12:45:33 - [MESSAGE][PASSED] - Object: 'Object Repository/MenuTopbar/btn_Menu_Diensten' is hovered

2023-12-18 12:45:33 - [TEST_STEP][PASSED] - click(findTestObject("MenuTopbar/btn_Menu_Diensten_UXLab")): Object: 'Object Repository/MenuTopbar/btn_Menu_Diensten_UXLab' is clicked on

2023-12-18 12:45:34 - [MESSAGE][PASSED] - Object: 'Object Repository/MenuTopbar/btn_Menu_Diensten_UXLab' is clicked on

2023-12-18 12:45:34 - [TEST_STEP][PASSED] - verifyElementText(findTestObject("Object Repository/Page_UX Lab - RisQIT/h1_UX Lab"), "UX Lab"): Actual text and expected text of test object 'Object Repository/Page_UX Lab - RisQIT/h1_UX Lab' are matched.

2023-12-18 12:45:34 - [MESSAGE][PASSED] - Actual text and expected text of test object 'Object Repository/Page_UX Lab - RisQIT/h1_UX Lab' are matched.

2023-12-18 12:45:34 - [TEST_STEP][PASSED] - navigateToUrl(URL + PRIVACYBELEID): Navigate to 'https://nlrisqitww-chaca.savviihq.com/privacybeleid/' successfully

2023-12-18 12:45:34 - [MESSAGE][PASSED] - Navigate to 'https://nlrisqitww-chaca.savviihq.com/privacybeleid/' successfully

2023-12-18 12:45:34 - [TEST_STEP][PASSED] - click(findTestObject("MenuTopbar/btn_Menu_OverOns")): Object: 'Object Repository/MenuTopbar/btn_Menu_OverOns' is clicked on

2023-12-18 12:45:35 - [MESSAGE][PASSED] - Object: 'Object Repository/MenuTopbar/btn_Menu_OverOns' is clicked on

2023-12-18 12:45:35 - [TEST_STEP][PASSED] - verifyElementText(findTestObject("Object Repository/Page_Over ons - RisQIT/h1_Over ons"), "Over Ons"): Actual text and expected text of test object 'Object Repository/Page_Over ons - RisQIT/h1_Over ons' are matched.

2023-12-18 12:45:35 - [MESSAGE][PASSED] - Actual text and expected text of test object 'Object Repository/Page_Over ons - RisQIT/h1_Over ons' are matched.

2023-12-18 12:45:35 - [TEST_STEP][PASSED] - navigateToUrl(URL + PRIVACYBELEID): Navigate to 'https://nlrisqitww-chaca.savviihq.com/privacybeleid/' successfully

2023-12-18 12:45:35 - [MESSAGE][PASSED] - Navigate to 'https://nlrisqitww-chaca.savviihq.com/privacybeleid/' successfully

2023-12-18 12:45:35 - [TEST_STEP][PASSED] - mouseOver(findTestObject("MenuTopbar/btn_Menu_OverOns")): Object: 'Object Repository/MenuTopbar/btn_Menu_OverOns' is hovered

2023-12-18 12:45:36 - [MESSAGE][PASSED] - Object: 'Object Repository/MenuTopbar/btn_Menu_OverOns' is hovered

2023-12-18 12:45:36 - [TEST_STEP][PASSED] - click(findTestObject("MenuTopbar/btn_Menu_OverOns_MissieVisie")): Object: 'Object Repository/MenuTopbar/btn_Menu_OverOns_MissieVisie' is clicked on

2023-12-18 12:45:37 - [MESSAGE][PASSED] - Object: 'Object Repository/MenuTopbar/btn_Menu_OverOns_MissieVisie' is clicked on

2023-12-18 12:45:37 - [TEST_STEP][PASSED] - verifyElementText(findTestObject("Object Repository/Page_Missie  Visie - RisQIT/h1_Missie  Visie"), "Missie & Visie"): Actual text and expected text of test object 'Object Repository/Page_Missie  Visie - RisQIT/h1_Missie  Visie' are matched.

2023-12-18 12:45:37 - [MESSAGE][PASSED] - Actual text and expected text of test object 'Object Repository/Page_Missie  Visie - RisQIT/h1_Missie  Visie' are matched.

2023-12-18 12:45:37 - [TEST_STEP][PASSED] - navigateToUrl(URL + PRIVACYBELEID): Navigate to 'https://nlrisqitww-chaca.savviihq.com/privacybeleid/' successfully

2023-12-18 12:45:37 - [MESSAGE][PASSED] - Navigate to 'https://nlrisqitww-chaca.savviihq.com/privacybeleid/' successfully

2023-12-18 12:45:37 - [TEST_STEP][PASSED] - mouseOver(findTestObject("MenuTopbar/btn_Menu_OverOns")): Object: 'Object Repository/MenuTopbar/btn_Menu_OverOns' is hovered

2023-12-18 12:45:38 - [MESSAGE][PASSED] - Object: 'Object Repository/MenuTopbar/btn_Menu_OverOns' is hovered

2023-12-18 12:45:38 - [TEST_STEP][PASSED] - click(findTestObject("MenuTopbar/btn_Menu_OverOns_HetGilde")): Object: 'Object Repository/MenuTopbar/btn_Menu_OverOns_HetGilde' is clicked on

2023-12-18 12:45:39 - [MESSAGE][PASSED] - Object: 'Object Repository/MenuTopbar/btn_Menu_OverOns_HetGilde' is clicked on

2023-12-18 12:45:39 - [TEST_STEP][PASSED] - verifyElementText(findTestObject("Object Repository/Page_Het Gilde - RisQIT/h1_Het Gilde"), "Het Gilde"): Actual text and expected text of test object 'Object Repository/Page_Het Gilde - RisQIT/h1_Het Gilde' are matched.

2023-12-18 12:45:39 - [MESSAGE][PASSED] - Actual text and expected text of test object 'Object Repository/Page_Het Gilde - RisQIT/h1_Het Gilde' are matched.

2023-12-18 12:45:39 - [TEST_STEP][PASSED] - navigateToUrl(URL + PRIVACYBELEID): Navigate to 'https://nlrisqitww-chaca.savviihq.com/privacybeleid/' successfully

2023-12-18 12:45:39 - [MESSAGE][PASSED] - Navigate to 'https://nlrisqitww-chaca.savviihq.com/privacybeleid/' successfully

2023-12-18 12:45:39 - [TEST_STEP][PASSED] - mouseOver(findTestObject("MenuTopbar/btn_Menu_OverOns")): Object: 'Object Repository/MenuTopbar/btn_Menu_OverOns' is hovered

2023-12-18 12:45:40 - [MESSAGE][PASSED] - Object: 'Object Repository/MenuTopbar/btn_Menu_OverOns' is hovered

2023-12-18 12:45:40 - [TEST_STEP][PASSED] - click(findTestObject("MenuTopbar/btn_Menu_OverOns_SuperTester")): Object: 'Object Repository/MenuTopbar/btn_Menu_OverOns_SuperTester' is clicked on

2023-12-18 12:45:40 - [MESSAGE][PASSED] - Object: 'Object Repository/MenuTopbar/btn_Menu_OverOns_SuperTester' is clicked on

2023-12-18 12:45:40 - [TEST_STEP][PASSED] - verifyElementText(findTestObject("Object Repository/Page_SuperTester - RisQIT/h1_Whitepaper SuperTester"), "Whitepaper SuperTester"): Actual text and expected text of test object 'Object Repository/Page_SuperTester - RisQIT/h1_Whitepaper SuperTester' are matched.

2023-12-18 12:45:41 - [MESSAGE][PASSED] - Actual text and expected text of test object 'Object Repository/Page_SuperTester - RisQIT/h1_Whitepaper SuperTester' are matched.

2023-12-18 12:45:41 - [TEST_STEP][PASSED] - navigateToUrl(URL + PRIVACYBELEID): Navigate to 'https://nlrisqitww-chaca.savviihq.com/privacybeleid/' successfully

2023-12-18 12:45:41 - [MESSAGE][PASSED] - Navigate to 'https://nlrisqitww-chaca.savviihq.com/privacybeleid/' successfully

2023-12-18 12:45:41 - [TEST_STEP][PASSED] - click(findTestObject("MenuTopbar/btn_Menu_Blog")): Object: 'Object Repository/MenuTopbar/btn_Menu_Blog' is clicked on

2023-12-18 12:45:42 - [MESSAGE][PASSED] - Object: 'Object Repository/MenuTopbar/btn_Menu_Blog' is clicked on

2023-12-18 12:45:42 - [TEST_STEP][PASSED] - verifyElementText(findTestObject("Object Repository/Page_Blog - RisQIT/h1_Blog"), "Blog"): Actual text and expected text of test object 'Object Repository/Page_Blog - RisQIT/h1_Blog' are matched.

2023-12-18 12:45:42 - [MESSAGE][PASSED] - Actual text and expected text of test object 'Object Repository/Page_Blog - RisQIT/h1_Blog' are matched.

2023-12-18 12:45:42 - [TEST_STEP][PASSED] - click(findTestObject("MenuTopbar/btn_Menu_Vacatures")): Object: 'Object Repository/MenuTopbar/btn_Menu_Vacatures' is clicked on

2023-12-18 12:45:43 - [MESSAGE][PASSED] - Object: 'Object Repository/MenuTopbar/btn_Menu_Vacatures' is clicked on

2023-12-18 12:45:43 - [TEST_STEP][PASSED] - verifyElementText(findTestObject("Object Repository/Page_Vacatures - RisQIT/h1_Vacatures"), "Vacatures"): Actual text and expected text of test object 'Object Repository/Page_Vacatures - RisQIT/h1_Vacatures' are matched.

2023-12-18 12:45:43 - [MESSAGE][PASSED] - Actual text and expected text of test object 'Object Repository/Page_Vacatures - RisQIT/h1_Vacatures' are matched.

2023-12-18 12:45:43 - [TEST_STEP][PASSED] - navigateToUrl(URL + PRIVACYBELEID): Navigate to 'https://nlrisqitww-chaca.savviihq.com/privacybeleid/' successfully

2023-12-18 12:45:43 - [MESSAGE][PASSED] - Navigate to 'https://nlrisqitww-chaca.savviihq.com/privacybeleid/' successfully

2023-12-18 12:45:43 - [TEST_STEP][PASSED] - click(findTestObject("Object Repository/MenuTopbar/Page_Vacatures - RisQIT/div_Contact opnemen")): Object: 'Object Repository/MenuTopbar/Page_Vacatures - RisQIT/div_Contact opnemen' is clicked on

2023-12-18 12:45:44 - [MESSAGE][PASSED] - Object: 'Object Repository/MenuTopbar/Page_Vacatures - RisQIT/div_Contact opnemen' is clicked on

2023-12-18 12:45:44 - [TEST_STEP][PASSED] - verifyElementText(findTestObject("Object Repository/Page_Contact - RisQIT/h1_Contact"), "Contact"): Actual text and expected text of test object 'Object Repository/Page_Contact - RisQIT/h1_Contact' are matched.

2023-12-18 12:45:45 - [MESSAGE][PASSED] - Actual text and expected text of test object 'Object Repository/Page_Contact - RisQIT/h1_Contact' are matched.

2023-12-18 12:45:45 - [TEST_STEP][PASSED] - click(findTestObject("MenuTopbar/img_Logo")): Object: 'Object Repository/MenuTopbar/img_Logo' is clicked on

2023-12-18 12:45:45 - [MESSAGE][PASSED] - Object: 'Object Repository/MenuTopbar/img_Logo' is clicked on

2023-12-18 12:45:45 - [TEST_STEP][PASSED] - verifyElementText(findTestObject("Object Repository/Page_Home - RisQIT/h1_Ga voor duurzaamheid en vertrouwen, same_4bc4a8"), "Ga voor duurzaamheid en vertrouwen, samen met ons!"): Actual text and expected text of test object 'Object Repository/Page_Home - RisQIT/h1_Ga voor duurzaamheid en vertrouwen, same_4bc4a8' are matched.

2023-12-18 12:45:46 - [MESSAGE][PASSED] - Actual text and expected text of test object 'Object Repository/Page_Home - RisQIT/h1_Ga voor duurzaamheid en vertrouwen, same_4bc4a8' are matched.

2023-12-18 12:45:46 - [TEST_STEP][PASSED] - closeBrowser(): Browser is closed

2023-12-18 12:45:46 - [MESSAGE][PASSED] - Browser is closed]]></system-out>
         <system-err><![CDATA[]]></system-err>
      </testcase>
      <system-out><![CDATA[2023-12-18 12:41:32 - [TEST_SUITE][FAILED] - TS01 MenuCheck: Test Cases/Menu/RT008 MenuClicks - SuperTester FAILED.
Reason:
com.kms.katalon.core.exception.StepFailedException: Unable to move mouse over object 'Object Repository/MenuTopbar/btn_Menu_Diensten'
	at com.kms.katalon.core.webui.keyword.internal.WebUIKeywordMain.stepFailed(WebUIKeywordMain.groovy:64)
	at com.kms.katalon.core.webui.keyword.internal.WebUIKeywordMain.runKeyword(WebUIKeywordMain.groovy:26)
	at com.kms.katalon.core.webui.keyword.builtin.MouseOverKeyword.mouseOver(MouseOverKeyword.groovy:66)
	at com.kms.katalon.core.webui.keyword.builtin.MouseOverKeyword.execute(MouseOverKeyword.groovy:40)
	at com.kms.katalon.core.keyword.internal.KeywordExecutor.executeKeywordForPlatform(KeywordExecutor.groovy:74)
	at com.kms.katalon.core.webui.keyword.WebUiBuiltInKeywords.mouseOver(WebUiBuiltInKeywords.groovy:806)
	at RT008 MenuClicks - SuperTester.run(RT008 MenuClicks - SuperTester:26)
	at com.kms.katalon.core.main.ScriptEngine.run(ScriptEngine.java:194)
	at com.kms.katalon.core.main.ScriptEngine.runScriptAsRawText(ScriptEngine.java:119)
	at com.kms.katalon.core.main.TestCaseExecutor.runScript(TestCaseExecutor.java:448)
	at com.kms.katalon.core.main.TestCaseExecutor.doExecute(TestCaseExecutor.java:439)
	at com.kms.katalon.core.main.TestCaseExecutor.processExecutionPhase(TestCaseExecutor.java:418)
	at com.kms.katalon.core.main.TestCaseExecutor.accessMainPhase(TestCaseExecutor.java:410)
	at com.kms.katalon.core.main.TestCaseExecutor.execute(TestCaseExecutor.java:285)
	at com.kms.katalon.core.common.CommonExecutor.accessTestCaseMainPhase(CommonExecutor.java:65)
	at com.kms.katalon.core.main.TestSuiteExecutor.accessTestSuiteMainPhase(TestSuiteExecutor.java:148)
	at com.kms.katalon.core.main.TestSuiteExecutor.execute(TestSuiteExecutor.java:106)
	at com.kms.katalon.core.main.TestCaseMain.startTestSuite(TestCaseMain.java:187)
	at TempTestSuite1702899685497.run(TempTestSuite1702899685497.groovy:36)
	at java.base/jdk.internal.reflect.NativeMethodAccessorImpl.invoke0(Native Method)
	at java.base/jdk.internal.reflect.NativeMethodAccessorImpl.invoke(NativeMethodAccessorImpl.java:77)
	at java.base/jdk.internal.reflect.DelegatingMethodAccessorImpl.invoke(DelegatingMethodAccessorImpl.java:43)
Caused by: org.openqa.selenium.TimeoutException: Expected condition failed: waiting for element to be clickable: [[CChromeDriver: chrome on WINDOWS (8ac1db62937cc686b8faaf064e6fcdb5)] -> xpath: //li[@id='menu-item-25842']/a] (tried for 30 second(s) with 500 milliseconds interval)
Build info: version: '3.141.59', revision: 'e82be7d358', time: '2018-11-14T08:25:53'
System info: host: 'BERGTOP', ip: '192.168.1.100', os.name: 'Windows 11', os.arch: 'amd64', os.version: '10.0', java.version: '17.0.7'
Driver info: com.kms.katalon.core.webui.driver.SmartWaitWebDriver
Capabilities {acceptInsecureCerts: false, browserName: chrome, browserVersion: 120.0.6099.72, chrome: {chromedriverVersion: 119.0.6045.105 (38c72552c5e..., userDataDir: C:\Users\maart\AppData\Loca...}, fedcm:accounts: true, goog:chromeOptions: {debuggerAddress: localhost:54043}, javascriptEnabled: true, networkConnectionEnabled: false, pageLoadStrategy: normal, platform: WINDOWS, platformName: WINDOWS, proxy: Proxy(), setWindowRect: true, strictFileInteractability: false, timeouts: {implicit: 0, pageLoad: 300000, script: 30000}, unhandledPromptBehavior: dismiss and notify, webauthn:extension:credBlob: true, webauthn:extension:largeBlob: true, webauthn:extension:minPinLength: true, webauthn:extension:prf: true, webauthn:virtualAuthenticators: true}
Session ID: 8ac1db62937cc686b8faaf064e6fcdb5
	at org.openqa.selenium.support.ui.WebDriverWait.timeoutException(WebDriverWait.java:95)
	at org.openqa.selenium.support.ui.FluentWait.until(FluentWait.java:272)
	at com.kms.katalon.core.webui.keyword.builtin.MouseOverKeyword$_mouseOver_closure1.doCall(MouseOverKeyword.groovy:56)
	at com.kms.katalon.core.webui.keyword.builtin.MouseOverKeyword$_mouseOver_closure1.call(MouseOverKeyword.groovy)
	at com.kms.katalon.core.webui.keyword.internal.WebUIKeywordMain.runKeyword(WebUIKeywordMain.groovy:20)
	... 20 more]]></system-out>
      <system-err><![CDATA[2023-12-18 12:41:32 - [TEST_SUITE][FAILED] - TS01 MenuCheck: Test Cases/Menu/RT008 MenuClicks - SuperTester FAILED.
Reason:
com.kms.katalon.core.exception.StepFailedException: Unable to move mouse over object 'Object Repository/MenuTopbar/btn_Menu_Diensten'
	at com.kms.katalon.core.webui.keyword.internal.WebUIKeywordMain.stepFailed(WebUIKeywordMain.groovy:64)
	at com.kms.katalon.core.webui.keyword.internal.WebUIKeywordMain.runKeyword(WebUIKeywordMain.groovy:26)
	at com.kms.katalon.core.webui.keyword.builtin.MouseOverKeyword.mouseOver(MouseOverKeyword.groovy:66)
	at com.kms.katalon.core.webui.keyword.builtin.MouseOverKeyword.execute(MouseOverKeyword.groovy:40)
	at com.kms.katalon.core.keyword.internal.KeywordExecutor.executeKeywordForPlatform(KeywordExecutor.groovy:74)
	at com.kms.katalon.core.webui.keyword.WebUiBuiltInKeywords.mouseOver(WebUiBuiltInKeywords.groovy:806)
	at RT008 MenuClicks - SuperTester.run(RT008 MenuClicks - SuperTester:26)
	at com.kms.katalon.core.main.ScriptEngine.run(ScriptEngine.java:194)
	at com.kms.katalon.core.main.ScriptEngine.runScriptAsRawText(ScriptEngine.java:119)
	at com.kms.katalon.core.main.TestCaseExecutor.runScript(TestCaseExecutor.java:448)
	at com.kms.katalon.core.main.TestCaseExecutor.doExecute(TestCaseExecutor.java:439)
	at com.kms.katalon.core.main.TestCaseExecutor.processExecutionPhase(TestCaseExecutor.java:418)
	at com.kms.katalon.core.main.TestCaseExecutor.accessMainPhase(TestCaseExecutor.java:410)
	at com.kms.katalon.core.main.TestCaseExecutor.execute(TestCaseExecutor.java:285)
	at com.kms.katalon.core.common.CommonExecutor.accessTestCaseMainPhase(CommonExecutor.java:65)
	at com.kms.katalon.core.main.TestSuiteExecutor.accessTestSuiteMainPhase(TestSuiteExecutor.java:148)
	at com.kms.katalon.core.main.TestSuiteExecutor.execute(TestSuiteExecutor.java:106)
	at com.kms.katalon.core.main.TestCaseMain.startTestSuite(TestCaseMain.java:187)
	at TempTestSuite1702899685497.run(TempTestSuite1702899685497.groovy:36)
	at java.base/jdk.internal.reflect.NativeMethodAccessorImpl.invoke0(Native Method)
	at java.base/jdk.internal.reflect.NativeMethodAccessorImpl.invoke(NativeMethodAccessorImpl.java:77)
	at java.base/jdk.internal.reflect.DelegatingMethodAccessorImpl.invoke(DelegatingMethodAccessorImpl.java:43)
Caused by: org.openqa.selenium.TimeoutException: Expected condition failed: waiting for element to be clickable: [[CChromeDriver: chrome on WINDOWS (8ac1db62937cc686b8faaf064e6fcdb5)] -> xpath: //li[@id='menu-item-25842']/a] (tried for 30 second(s) with 500 milliseconds interval)
Build info: version: '3.141.59', revision: 'e82be7d358', time: '2018-11-14T08:25:53'
System info: host: 'BERGTOP', ip: '192.168.1.100', os.name: 'Windows 11', os.arch: 'amd64', os.version: '10.0', java.version: '17.0.7'
Driver info: com.kms.katalon.core.webui.driver.SmartWaitWebDriver
Capabilities {acceptInsecureCerts: false, browserName: chrome, browserVersion: 120.0.6099.72, chrome: {chromedriverVersion: 119.0.6045.105 (38c72552c5e..., userDataDir: C:\Users\maart\AppData\Loca...}, fedcm:accounts: true, goog:chromeOptions: {debuggerAddress: localhost:54043}, javascriptEnabled: true, networkConnectionEnabled: false, pageLoadStrategy: normal, platform: WINDOWS, platformName: WINDOWS, proxy: Proxy(), setWindowRect: true, strictFileInteractability: false, timeouts: {implicit: 0, pageLoad: 300000, script: 30000}, unhandledPromptBehavior: dismiss and notify, webauthn:extension:credBlob: true, webauthn:extension:largeBlob: true, webauthn:extension:minPinLength: true, webauthn:extension:prf: true, webauthn:virtualAuthenticators: true}
Session ID: 8ac1db62937cc686b8faaf064e6fcdb5
	at org.openqa.selenium.support.ui.WebDriverWait.timeoutException(WebDriverWait.java:95)
	at org.openqa.selenium.support.ui.FluentWait.until(FluentWait.java:272)
	at com.kms.katalon.core.webui.keyword.builtin.MouseOverKeyword$_mouseOver_closure1.doCall(MouseOverKeyword.groovy:56)
	at com.kms.katalon.core.webui.keyword.builtin.MouseOverKeyword$_mouseOver_closure1.call(MouseOverKeyword.groovy)
	at com.kms.katalon.core.webui.keyword.internal.WebUIKeywordMain.runKeyword(WebUIKeywordMain.groovy:20)
	... 20 more]]></system-err>
   </testsuite>
</testsuites>
